#
# There is insufficient memory for the Java Runtime Environment to continue.
# Native memory allocation (malloc) failed to allocate 32744 bytes for ChunkPool::allocate
# Possible reasons:
#   The system is out of physical RAM or swap space
#   The process is running with CompressedOops enabled, and the Java Heap may be blocking the growth of the native heap
# Possible solutions:
#   Reduce memory load on the system
#   Increase physical memory or swap space
#   Check if swap backing store is full
#   Decrease Java heap size (-Xmx/-Xms)
#   Decrease number of Java threads
#   Decrease Java thread stack sizes (-Xss)
#   Set larger code cache with -XX:ReservedCodeCacheSize=
#   JVM is running with Unscaled Compressed Oops mode in which the Java heap is
#     placed in the first 4GB address space. The Java Heap base address is the
#     maximum limit for the native heap growth. Please use -XX:HeapBaseMinAddress
#     to set the Java Heap base and to place the Java Heap above 4GB virtual address.
# This output file may be truncated or incomplete.
#
#  Out of Memory Error (arena.cpp:78), pid=10220, tid=8076
#
# JRE version: OpenJDK Runtime Environment Temurin-17.0.6+10 (17.0.6+10) (build 17.0.6+10)
# Java VM: OpenJDK 64-Bit Server VM Temurin-17.0.6+10 (17.0.6+10, mixed mode, sharing, tiered, compressed oops, compressed class ptrs, g1 gc, windows-amd64)
# No core dump will be written. Minidumps are not enabled by default on client versions of Windows
#

---------------  S U M M A R Y ------------

Command Line: -Xmx64m -Xms64m -Dorg.gradle.appname=gradlew org.gradle.wrapper.GradleWrapperMain app:installDebug -PreactNativeDevServerPort=8081

Host: Intel(R) Core(TM) i7-7500U CPU @ 2.70GHz, 4 cores, 7G,  Windows 10 , 64 bit Build 19041 (10.0.19041.3031)
Time: Mon Jun 26 14:11:17 2023 South Africa Standard Time elapsed time: 81.241444 seconds (0d 0h 1m 21s)

---------------  T H R E A D  ---------------

Current thread (0x00000173f3d50f60):  JavaThread "C2 CompilerThread0" daemon [_thread_in_native, id=8076, stack(0x0000001c00f00000,0x0000001c01000000)]


Current CompileTask:
C2:  81241 1689       4       java.lang.AbstractStringBuilder::append (45 bytes)

Stack: [0x0000001c00f00000,0x0000001c01000000]
Native frames: (J=compiled Java code, j=interpreted, Vv=VM code, C=native code)
V  [jvm.dll+0x67741a]
V  [jvm.dll+0x834434]
V  [jvm.dll+0x835bde]
V  [jvm.dll+0x836243]
V  [jvm.dll+0x2457b5]
V  [jvm.dll+0xabd1c]
V  [jvm.dll+0xac0cc]
V  [jvm.dll+0xabc0b]
V  [jvm.dll+0x6548cc]
V  [jvm.dll+0x607e67]
V  [jvm.dll+0x218468]
V  [jvm.dll+0x217a11]
V  [jvm.dll+0x1a3d0d]
V  [jvm.dll+0x22742a]
V  [jvm.dll+0x225565]
V  [jvm.dll+0x7ea2cb]
V  [jvm.dll+0x7e483a]
V  [jvm.dll+0x6762c5]
C  [ucrtbase.dll+0x21bb2]
C  [KERNEL32.DLL+0x17614]
C  [ntdll.dll+0x526f1]


---------------  P R O C E S S  ---------------

Threads class SMR info:
_java_thread_list=0x00000173f5409750, length=14, elements={
0x00000173dac177f0, 0x00000173f3d2a9d0, 0x00000173f3d2b640, 0x00000173f3d43420,
0x00000173f3d43ce0, 0x00000173f3d445a0, 0x00000173f3d44e60, 0x00000173f3d50f60,
0x00000173f3d51860, 0x00000173f3d54560, 0x00000173f4843780, 0x00000173f484d4e0,
0x00000173f572e2e0, 0x00000173f55cc500
}

Java Threads: ( => current thread )
  0x00000173dac177f0 JavaThread "main" [_thread_blocked, id=18084, stack(0x0000001c00200000,0x0000001c00300000)]
  0x00000173f3d2a9d0 JavaThread "Reference Handler" daemon [_thread_blocked, id=13132, stack(0x0000001c00900000,0x0000001c00a00000)]
  0x00000173f3d2b640 JavaThread "Finalizer" daemon [_thread_blocked, id=17864, stack(0x0000001c00a00000,0x0000001c00b00000)]
  0x00000173f3d43420 JavaThread "Signal Dispatcher" daemon [_thread_blocked, id=16092, stack(0x0000001c00b00000,0x0000001c00c00000)]
  0x00000173f3d43ce0 JavaThread "Attach Listener" daemon [_thread_blocked, id=14208, stack(0x0000001c00c00000,0x0000001c00d00000)]
  0x00000173f3d445a0 JavaThread "Service Thread" daemon [_thread_blocked, id=10460, stack(0x0000001c00d00000,0x0000001c00e00000)]
  0x00000173f3d44e60 JavaThread "Monitor Deflation Thread" daemon [_thread_blocked, id=9792, stack(0x0000001c00e00000,0x0000001c00f00000)]
=>0x00000173f3d50f60 JavaThread "C2 CompilerThread0" daemon [_thread_in_native, id=8076, stack(0x0000001c00f00000,0x0000001c01000000)]
  0x00000173f3d51860 JavaThread "C1 CompilerThread0" daemon [_thread_in_native, id=14528, stack(0x0000001c01000000,0x0000001c01100000)]
  0x00000173f3d54560 JavaThread "Sweeper thread" daemon [_thread_blocked, id=18116, stack(0x0000001c01100000,0x0000001c01200000)]
  0x00000173f4843780 JavaThread "Notification Thread" daemon [_thread_blocked, id=18288, stack(0x0000001c01200000,0x0000001c01300000)]
  0x00000173f484d4e0 JavaThread "Common-Cleaner" daemon [_thread_blocked, id=5196, stack(0x0000001c01400000,0x0000001c01500000)]
  0x00000173f572e2e0 JavaThread "DisconnectableInputStream source reader" daemon [_thread_in_native, id=1828, stack(0x0000001c01b00000,0x0000001c01c00000)]
  0x00000173f55cc500 JavaThread "Logging-Cleaner" [_thread_new, id=2516, stack(0x0000000000000000,0x0000000000000000)]

Other Threads:
  0x00000173f3d26610 VMThread "VM Thread" [stack: 0x0000001c00800000,0x0000001c00900000] [id=6460]
  0x00000173f4845c60 WatcherThread [stack: 0x0000001c01300000,0x0000001c01400000] [id=10168]
  0x00000173dac388f0 GCTaskThread "GC Thread#0" [stack: 0x0000001c00300000,0x0000001c00400000] [id=17228]
  0x00000173f4be0800 GCTaskThread "GC Thread#1" [stack: 0x0000001c01500000,0x0000001c01600000] [id=18376]
  0x00000173f4bdf7e0 GCTaskThread "GC Thread#2" [stack: 0x0000001c01600000,0x0000001c01700000] [id=16400]
  0x00000173f4bdf280 GCTaskThread "GC Thread#3" [stack: 0x0000001c01700000,0x0000001c01800000] [id=7144]
  0x00000173dac39f30 ConcurrentGCThread "G1 Main Marker" [stack: 0x0000001c00400000,0x0000001c00500000] [id=15072]
  0x00000173dac3afe0 ConcurrentGCThread "G1 Conc#0" [stack: 0x0000001c00500000,0x0000001c00600000] [id=4688]
  0x00000173dac8e560 ConcurrentGCThread "G1 Refine#0" [stack: 0x0000001c00600000,0x0000001c00700000] [id=16696]
  0x00000173dac8ee80 ConcurrentGCThread "G1 Service" [stack: 0x0000001c00700000,0x0000001c00800000] [id=13420]

Threads with active compile tasks:
C2 CompilerThread0    81272 1689       4       java.lang.AbstractStringBuilder::append (45 bytes)
C1 CompilerThread0    81272 1701       3       java.lang.Class::descriptorString (170 bytes)

VM state: not at safepoint (normal execution)

VM Mutex/Monitor currently owned by a thread: None

Heap address: 0x00000000fc000000, size: 64 MB, Compressed Oops mode: 32-bit

CDS archive(s) mapped at: [0x0000000800000000-0x0000000800bc0000-0x0000000800bc0000), size 12320768, SharedBaseAddress: 0x0000000800000000, ArchiveRelocationMode: 0.
Compressed class space mapped at: 0x0000000800c00000-0x0000000840c00000, reserved size: 1073741824
Narrow klass base: 0x0000000800000000, Narrow klass shift: 0, Narrow klass range: 0x100000000

GC Precious Log:
 CPUs: 4 total, 4 available
 Memory: 8089M
 Large Page Support: Disabled
 NUMA Support: Disabled
 Compressed Oops: Enabled (32-bit)
 Heap Region Size: 1M
 Heap Min Capacity: 64M
 Heap Initial Capacity: 64M
 Heap Max Capacity: 64M
 Pre-touch: Disabled
 Parallel Workers: 4
 Concurrent Workers: 1
 Concurrent Refinement Workers: 4
 Periodic GC: Disabled

Heap:
 garbage-first heap   total 65536K, used 23974K [0x00000000fc000000, 0x0000000100000000)
  region size 1024K, 18 young (18432K), 3 survivors (3072K)
 Metaspace       used 9289K, committed 9536K, reserved 1064960K
  class space    used 1214K, committed 1344K, reserved 1048576K

Heap Regions: E=young(eden), S=young(survivor), O=old, HS=humongous(starts), HC=humongous(continues), CS=collection set, F=free, OA=open archive, CA=closed archive, TAMS=top-at-mark-start (previous, next)
|   0|0x00000000fc000000, 0x00000000fc100000, 0x00000000fc100000|100%|HS|  |TAMS 0x00000000fc000000, 0x00000000fc000000| Complete 
|   1|0x00000000fc100000, 0x00000000fc200000, 0x00000000fc200000|100%|HC|  |TAMS 0x00000000fc100000, 0x00000000fc100000| Complete 
|   2|0x00000000fc200000, 0x00000000fc300000, 0x00000000fc300000|100%|HC|  |TAMS 0x00000000fc200000, 0x00000000fc200000| Complete 
|   3|0x00000000fc300000, 0x00000000fc400000, 0x00000000fc400000|100%| O|  |TAMS 0x00000000fc300000, 0x00000000fc300000| Untracked 
|   4|0x00000000fc400000, 0x00000000fc500000, 0x00000000fc500000|100%| O|  |TAMS 0x00000000fc400000, 0x00000000fc400000| Untracked 
|   5|0x00000000fc500000, 0x00000000fc600000, 0x00000000fc600000|100%| O|  |TAMS 0x00000000fc500000, 0x00000000fc500000| Untracked 
|   6|0x00000000fc600000, 0x00000000fc669a00, 0x00000000fc700000| 41%| O|  |TAMS 0x00000000fc600000, 0x00000000fc600000| Untracked 
|   7|0x00000000fc700000, 0x00000000fc700000, 0x00000000fc800000|  0%| F|  |TAMS 0x00000000fc700000, 0x00000000fc700000| Untracked 
|   8|0x00000000fc800000, 0x00000000fc800000, 0x00000000fc900000|  0%| F|  |TAMS 0x00000000fc800000, 0x00000000fc800000| Untracked 
|   9|0x00000000fc900000, 0x00000000fc900000, 0x00000000fca00000|  0%| F|  |TAMS 0x00000000fc900000, 0x00000000fc900000| Untracked 
|  10|0x00000000fca00000, 0x00000000fca00000, 0x00000000fcb00000|  0%| F|  |TAMS 0x00000000fca00000, 0x00000000fca00000| Untracked 
|  11|0x00000000fcb00000, 0x00000000fcb00000, 0x00000000fcc00000|  0%| F|  |TAMS 0x00000000fcb00000, 0x00000000fcb00000| Untracked 
|  12|0x00000000fcc00000, 0x00000000fcc00000, 0x00000000fcd00000|  0%| F|  |TAMS 0x00000000fcc00000, 0x00000000fcc00000| Untracked 
|  13|0x00000000fcd00000, 0x00000000fcd00000, 0x00000000fce00000|  0%| F|  |TAMS 0x00000000fcd00000, 0x00000000fcd00000| Untracked 
|  14|0x00000000fce00000, 0x00000000fce00000, 0x00000000fcf00000|  0%| F|  |TAMS 0x00000000fce00000, 0x00000000fce00000| Untracked 
|  15|0x00000000fcf00000, 0x00000000fcf00000, 0x00000000fd000000|  0%| F|  |TAMS 0x00000000fcf00000, 0x00000000fcf00000| Untracked 
|  16|0x00000000fd000000, 0x00000000fd000000, 0x00000000fd100000|  0%| F|  |TAMS 0x00000000fd000000, 0x00000000fd000000| Untracked 
|  17|0x00000000fd100000, 0x00000000fd100000, 0x00000000fd200000|  0%| F|  |TAMS 0x00000000fd100000, 0x00000000fd100000| Untracked 
|  18|0x00000000fd200000, 0x00000000fd200000, 0x00000000fd300000|  0%| F|  |TAMS 0x00000000fd200000, 0x00000000fd200000| Untracked 
|  19|0x00000000fd300000, 0x00000000fd300000, 0x00000000fd400000|  0%| F|  |TAMS 0x00000000fd300000, 0x00000000fd300000| Untracked 
|  20|0x00000000fd400000, 0x00000000fd400000, 0x00000000fd500000|  0%| F|  |TAMS 0x00000000fd400000, 0x00000000fd400000| Untracked 
|  21|0x00000000fd500000, 0x00000000fd500000, 0x00000000fd600000|  0%| F|  |TAMS 0x00000000fd500000, 0x00000000fd500000| Untracked 
|  22|0x00000000fd600000, 0x00000000fd600000, 0x00000000fd700000|  0%| F|  |TAMS 0x00000000fd600000, 0x00000000fd600000| Untracked 
|  23|0x00000000fd700000, 0x00000000fd700000, 0x00000000fd800000|  0%| F|  |TAMS 0x00000000fd700000, 0x00000000fd700000| Untracked 
|  24|0x00000000fd800000, 0x00000000fd800000, 0x00000000fd900000|  0%| F|  |TAMS 0x00000000fd800000, 0x00000000fd800000| Untracked 
|  25|0x00000000fd900000, 0x00000000fd900000, 0x00000000fda00000|  0%| F|  |TAMS 0x00000000fd900000, 0x00000000fd900000| Untracked 
|  26|0x00000000fda00000, 0x00000000fda00000, 0x00000000fdb00000|  0%| F|  |TAMS 0x00000000fda00000, 0x00000000fda00000| Untracked 
|  27|0x00000000fdb00000, 0x00000000fdb00000, 0x00000000fdc00000|  0%| F|  |TAMS 0x00000000fdb00000, 0x00000000fdb00000| Untracked 
|  28|0x00000000fdc00000, 0x00000000fdc00000, 0x00000000fdd00000|  0%| F|  |TAMS 0x00000000fdc00000, 0x00000000fdc00000| Untracked 
|  29|0x00000000fdd00000, 0x00000000fdd00000, 0x00000000fde00000|  0%| F|  |TAMS 0x00000000fdd00000, 0x00000000fdd00000| Untracked 
|  30|0x00000000fde00000, 0x00000000fde00000, 0x00000000fdf00000|  0%| F|  |TAMS 0x00000000fde00000, 0x00000000fde00000| Untracked 
|  31|0x00000000fdf00000, 0x00000000fdf00000, 0x00000000fe000000|  0%| F|  |TAMS 0x00000000fdf00000, 0x00000000fdf00000| Untracked 
|  32|0x00000000fe000000, 0x00000000fe000000, 0x00000000fe100000|  0%| F|  |TAMS 0x00000000fe000000, 0x00000000fe000000| Untracked 
|  33|0x00000000fe100000, 0x00000000fe100000, 0x00000000fe200000|  0%| F|  |TAMS 0x00000000fe100000, 0x00000000fe100000| Untracked 
|  34|0x00000000fe200000, 0x00000000fe200000, 0x00000000fe300000|  0%| F|  |TAMS 0x00000000fe200000, 0x00000000fe200000| Untracked 
|  35|0x00000000fe300000, 0x00000000fe300000, 0x00000000fe400000|  0%| F|  |TAMS 0x00000000fe300000, 0x00000000fe300000| Untracked 
|  36|0x00000000fe400000, 0x00000000fe400000, 0x00000000fe500000|  0%| F|  |TAMS 0x00000000fe400000, 0x00000000fe400000| Untracked 
|  37|0x00000000fe500000, 0x00000000fe500000, 0x00000000fe600000|  0%| F|  |TAMS 0x00000000fe500000, 0x00000000fe500000| Untracked 
|  38|0x00000000fe600000, 0x00000000fe600000, 0x00000000fe700000|  0%| F|  |TAMS 0x00000000fe600000, 0x00000000fe600000| Untracked 
|  39|0x00000000fe700000, 0x00000000fe700000, 0x00000000fe800000|  0%| F|  |TAMS 0x00000000fe700000, 0x00000000fe700000| Untracked 
|  40|0x00000000fe800000, 0x00000000fe800000, 0x00000000fe900000|  0%| F|  |TAMS 0x00000000fe800000, 0x00000000fe800000| Untracked 
|  41|0x00000000fe900000, 0x00000000fe900000, 0x00000000fea00000|  0%| F|  |TAMS 0x00000000fe900000, 0x00000000fe900000| Untracked 
|  42|0x00000000fea00000, 0x00000000fea00000, 0x00000000feb00000|  0%| F|  |TAMS 0x00000000fea00000, 0x00000000fea00000| Untracked 
|  43|0x00000000feb00000, 0x00000000fec00000, 0x00000000fec00000|100%| S|CS|TAMS 0x00000000feb00000, 0x00000000feb00000| Complete 
|  44|0x00000000fec00000, 0x00000000fed00000, 0x00000000fed00000|100%| S|CS|TAMS 0x00000000fec00000, 0x00000000fec00000| Complete 
|  45|0x00000000fed00000, 0x00000000fee00000, 0x00000000fee00000|100%| S|CS|TAMS 0x00000000fed00000, 0x00000000fed00000| Complete 
|  46|0x00000000fee00000, 0x00000000fee00000, 0x00000000fef00000|  0%| F|  |TAMS 0x00000000fee00000, 0x00000000fee00000| Untracked 
|  47|0x00000000fef00000, 0x00000000fef00000, 0x00000000ff000000|  0%| F|  |TAMS 0x00000000fef00000, 0x00000000fef00000| Untracked 
|  48|0x00000000ff000000, 0x00000000ff000000, 0x00000000ff100000|  0%| F|  |TAMS 0x00000000ff000000, 0x00000000ff000000| Untracked 
|  49|0x00000000ff100000, 0x00000000ff200000, 0x00000000ff200000|100%| E|  |TAMS 0x00000000ff100000, 0x00000000ff100000| Complete 
|  50|0x00000000ff200000, 0x00000000ff300000, 0x00000000ff300000|100%| E|CS|TAMS 0x00000000ff200000, 0x00000000ff200000| Complete 
|  51|0x00000000ff300000, 0x00000000ff400000, 0x00000000ff400000|100%| E|CS|TAMS 0x00000000ff300000, 0x00000000ff300000| Complete 
|  52|0x00000000ff400000, 0x00000000ff500000, 0x00000000ff500000|100%| E|CS|TAMS 0x00000000ff400000, 0x00000000ff400000| Complete 
|  53|0x00000000ff500000, 0x00000000ff600000, 0x00000000ff600000|100%| E|CS|TAMS 0x00000000ff500000, 0x00000000ff500000| Complete 
|  54|0x00000000ff600000, 0x00000000ff700000, 0x00000000ff700000|100%| E|CS|TAMS 0x00000000ff600000, 0x00000000ff600000| Complete 
|  55|0x00000000ff700000, 0x00000000ff800000, 0x00000000ff800000|100%| E|CS|TAMS 0x00000000ff700000, 0x00000000ff700000| Complete 
|  56|0x00000000ff800000, 0x00000000ff900000, 0x00000000ff900000|100%| E|CS|TAMS 0x00000000ff800000, 0x00000000ff800000| Complete 
|  57|0x00000000ff900000, 0x00000000ffa00000, 0x00000000ffa00000|100%| E|CS|TAMS 0x00000000ff900000, 0x00000000ff900000| Complete 
|  58|0x00000000ffa00000, 0x00000000ffb00000, 0x00000000ffb00000|100%| E|CS|TAMS 0x00000000ffa00000, 0x00000000ffa00000| Complete 
|  59|0x00000000ffb00000, 0x00000000ffc00000, 0x00000000ffc00000|100%| E|CS|TAMS 0x00000000ffb00000, 0x00000000ffb00000| Complete 
|  60|0x00000000ffc00000, 0x00000000ffd00000, 0x00000000ffd00000|100%| E|CS|TAMS 0x00000000ffc00000, 0x00000000ffc00000| Complete 
|  61|0x00000000ffd00000, 0x00000000ffe00000, 0x00000000ffe00000|100%| E|CS|TAMS 0x00000000ffd00000, 0x00000000ffd00000| Complete 
|  62|0x00000000ffe00000, 0x00000000fff00000, 0x00000000fff00000|100%| E|CS|TAMS 0x00000000ffe00000, 0x00000000ffe00000| Complete 
|  63|0x00000000fff00000, 0x0000000100000000, 0x0000000100000000|100%| E|CS|TAMS 0x00000000fff00000, 0x00000000fff00000| Complete 

Card table byte_map: [0x00000173d8d60000,0x00000173d8d80000] _byte_map_base: 0x00000173d8580000

Marking Bits (Prev, Next): (CMBitMap*) 0x00000173dac38e00, (CMBitMap*) 0x00000173dac38e40
 Prev Bits: [0x00000173daa00000, 0x00000173dab00000)
 Next Bits: [0x00000173f1700000, 0x00000173f1800000)

Polling page: 0x00000173d8a80000

Metaspace:

Usage:
  Non-class:      7.89 MB used.
      Class:      1.19 MB used.
       Both:      9.07 MB used.

Virtual space:
  Non-class space:       16.00 MB reserved,       8.00 MB ( 50%) committed,  2 nodes.
      Class space:        1.00 GB reserved,       1.31 MB ( <1%) committed,  1 nodes.
             Both:        1.02 GB reserved,       9.31 MB ( <1%) committed. 

Chunk freelists:
   Non-Class:  3.95 MB
       Class:  2.61 MB
        Both:  6.56 MB

MaxMetaspaceSize: unlimited
CompressedClassSpaceSize: 1.00 GB
Initial GC threshold: 21.00 MB
Current GC threshold: 21.00 MB
CDS: on
MetaspaceReclaimPolicy: balanced
 - commit_granule_bytes: 65536.
 - commit_granule_words: 8192.
 - virtual_space_node_default_size: 1048576.
 - enlarge_chunks_in_place: 1.
 - new_chunks_are_fully_committed: 0.
 - uncommit_free_chunks: 1.
 - use_allocation_guard: 0.
 - handle_deallocations: 1.


Internal statistics:

num_allocs_failed_limit: 0.
num_arena_births: 94.
num_arena_deaths: 0.
num_vsnodes_births: 3.
num_vsnodes_deaths: 0.
num_space_committed: 149.
num_space_uncommitted: 0.
num_chunks_returned_to_freelist: 0.
num_chunks_taken_from_freelist: 336.
num_chunk_merges: 0.
num_chunk_splits: 215.
num_chunks_enlarged: 175.
num_purges: 0.
num_inconsistent_stats: 0.

CodeHeap 'non-profiled nmethods': size=120000Kb used=665Kb max_used=665Kb free=119334Kb
 bounds [0x00000173ea1d0000, 0x00000173ea440000, 0x00000173f1700000]
CodeHeap 'profiled nmethods': size=120000Kb used=3303Kb max_used=3303Kb free=116696Kb
 bounds [0x00000173e2700000, 0x00000173e2a40000, 0x00000173e9c30000]
CodeHeap 'non-nmethods': size=5760Kb used=1177Kb max_used=1208Kb free=4582Kb
 bounds [0x00000173e9c30000, 0x00000173e9ea0000, 0x00000173ea1d0000]
 total_blobs=2173 nmethods=1697 adapters=389
 compilation: enabled
              stopped_count=0, restarted_count=0
 full_count=0

Compilation events (20 events):
Event: 80.708 Thread 0x00000173f3d51860 1681   !   3       jdk.internal.reflect.GeneratedMethodAccessor1::invoke (68 bytes)
Event: 80.709 Thread 0x00000173f3d51860 nmethod 1681 0x00000173e2a32a10 code [0x00000173e2a32c40, 0x00000173e2a33458]
Event: 80.709 Thread 0x00000173f3d51860 1679       3       java.nio.channels.spi.AbstractSelectableChannel::isBlocking (13 bytes)
Event: 80.709 Thread 0x00000173f3d51860 nmethod 1679 0x00000173e2a33790 code [0x00000173e2a33920, 0x00000173e2a33a98]
Event: 81.017 Thread 0x00000173f3d51860 1682   !   3       jdk.internal.misc.ScopedMemoryAccess::copyMemory (31 bytes)
Event: 81.018 Thread 0x00000173f3d51860 nmethod 1682 0x00000173e2a33b10 code [0x00000173e2a33d20, 0x00000173e2a343d8]
Event: 81.018 Thread 0x00000173f3d51860 1683   !   3       jdk.internal.misc.ScopedMemoryAccess::copyMemoryInternal (60 bytes)
Event: 81.018 Thread 0x00000173f3d51860 nmethod 1683 0x00000173e2a34790 code [0x00000173e2a34980, 0x00000173e2a34ec8]
Event: 81.018 Thread 0x00000173f3d51860 1684   !   3       sun.nio.ch.SocketChannelImpl::endRead (46 bytes)
Event: 81.018 Thread 0x00000173f3d51860 nmethod 1684 0x00000173e2a35210 code [0x00000173e2a353e0, 0x00000173e2a35778]
Event: 81.018 Thread 0x00000173f3d51860 1685       3       sun.nio.ch.SelectorImpl::ensureOpen (16 bytes)
Event: 81.019 Thread 0x00000173f3d51860 nmethod 1685 0x00000173e2a35910 code [0x00000173e2a35ac0, 0x00000173e2a35da8]
Event: 81.019 Thread 0x00000173f3d51860 1686       3       java.nio.MappedByteBuffer::clear (5 bytes)
Event: 81.019 Thread 0x00000173f3d51860 nmethod 1686 0x00000173e2a35e90 code [0x00000173e2a36040, 0x00000173e2a36278]
Event: 81.056 Thread 0x00000173f3d51860 1687       1       org.gradle.internal.operations.BuildOperationCategory::isGrouped (5 bytes)
Event: 81.056 Thread 0x00000173f3d51860 nmethod 1687 0x00000173ea275910 code [0x00000173ea275aa0, 0x00000173ea275b78]
Event: 81.235 Thread 0x00000173f3d51860 1688       1       java.util.LinkedList::size (5 bytes)
Event: 81.235 Thread 0x00000173f3d51860 nmethod 1688 0x00000173ea275c10 code [0x00000173ea275da0, 0x00000173ea275e78]
Event: 81.236 Thread 0x00000173f3d50f60 1689       4       java.lang.AbstractStringBuilder::append (45 bytes)
Event: 81.239 Thread 0x00000173f3d51860 1691       3       jdk.internal.org.objectweb.asm.Type::getDescriptor (93 bytes)

GC Heap History (4 events):
Event: 0.522 GC heap before
{Heap before GC invocations=0 (full 0):
 garbage-first heap   total 65536K, used 15360K [0x00000000fc000000, 0x0000000100000000)
  region size 1024K, 13 young (13312K), 0 survivors (0K)
 Metaspace       used 1767K, committed 1920K, reserved 1056768K
  class space    used 160K, committed 192K, reserved 1048576K
}
Event: 0.541 GC heap after
{Heap after GC invocations=1 (full 0):
 garbage-first heap   total 65536K, used 3428K [0x00000000fc000000, 0x0000000100000000)
  region size 1024K, 2 young (2048K), 2 survivors (2048K)
 Metaspace       used 1767K, committed 1920K, reserved 1056768K
  class space    used 160K, committed 192K, reserved 1048576K
}
Event: 1.022 GC heap before
{Heap before GC invocations=1 (full 0):
 garbage-first heap   total 65536K, used 22884K [0x00000000fc000000, 0x0000000100000000)
  region size 1024K, 18 young (18432K), 2 survivors (2048K)
 Metaspace       used 5513K, committed 5632K, reserved 1056768K
  class space    used 762K, committed 832K, reserved 1048576K
}
Event: 1.025 GC heap after
{Heap after GC invocations=2 (full 0):
 garbage-first heap   total 65536K, used 9638K [0x00000000fc000000, 0x0000000100000000)
  region size 1024K, 3 young (3072K), 3 survivors (3072K)
 Metaspace       used 5513K, committed 5632K, reserved 1056768K
  class space    used 762K, committed 832K, reserved 1048576K
}

Dll operation events (11 events):
Event: 0.008 Loaded shared library C:\Program Files\Eclipse Adoptium\jdk-17.0.6.10-hotspot\bin\java.dll
Event: 0.021 Loaded shared library C:\Program Files\Eclipse Adoptium\jdk-17.0.6.10-hotspot\bin\jsvml.dll
Event: 0.062 Loaded shared library C:\Program Files\Eclipse Adoptium\jdk-17.0.6.10-hotspot\bin\net.dll
Event: 0.066 Loaded shared library C:\Program Files\Eclipse Adoptium\jdk-17.0.6.10-hotspot\bin\nio.dll
Event: 0.069 Loaded shared library C:\Program Files\Eclipse Adoptium\jdk-17.0.6.10-hotspot\bin\zip.dll
Event: 0.436 Loaded shared library C:\Program Files\Eclipse Adoptium\jdk-17.0.6.10-hotspot\bin\jimage.dll
Event: 0.570 Loaded shared library C:\Program Files\Eclipse Adoptium\jdk-17.0.6.10-hotspot\bin\verify.dll
Event: 0.851 Loaded shared library C:\Users\songe\.gradle\native\e1d6ef7f7dcc3fd88c89a11ec53ec762bb8ba0a96d01ffa2cd45eb1d1d8dd5c5\windows-amd64\native-platform.dll
Event: 0.993 Loaded shared library C:\Program Files\Eclipse Adoptium\jdk-17.0.6.10-hotspot\bin\management.dll
Event: 0.996 Loaded shared library C:\Program Files\Eclipse Adoptium\jdk-17.0.6.10-hotspot\bin\management_ext.dll
Event: 4.083 Loaded shared library C:\Program Files\Eclipse Adoptium\jdk-17.0.6.10-hotspot\bin\sunmscapi.dll

Deoptimization events (20 events):
Event: 1.655 Thread 0x00000173f56f6bd0 Uncommon trap: trap_request=0xffffff45 fr.pc=0x00000173ea2221c8 relative=0x0000000000000048
Event: 1.655 Thread 0x00000173f56f6bd0 Uncommon trap: reason=unstable_if action=reinterpret pc=0x00000173ea2221c8 method=java.lang.CharacterData.of(I)Ljava/lang/CharacterData; @ 4 c2
Event: 1.655 Thread 0x00000173f56f6bd0 DEOPT PACKING pc=0x00000173ea2221c8 sp=0x0000001c01bfe3d0
Event: 1.655 Thread 0x00000173f56f6bd0 DEOPT UNPACKING pc=0x00000173e9c869a3 sp=0x0000001c01bfe368 mode 2
Event: 1.657 Thread 0x00000173f56f6bd0 Uncommon trap: trap_request=0xffffff45 fr.pc=0x00000173ea20b3d4 relative=0x0000000000000134
Event: 1.657 Thread 0x00000173f56f6bd0 Uncommon trap: reason=unstable_if action=reinterpret pc=0x00000173ea20b3d4 method=java.lang.AbstractStringBuilder.putStringAt(ILjava/lang/String;II)V @ 8 c2
Event: 1.657 Thread 0x00000173f56f6bd0 DEOPT PACKING pc=0x00000173ea20b3d4 sp=0x0000001c01bfec10
Event: 1.657 Thread 0x00000173f56f6bd0 DEOPT UNPACKING pc=0x00000173e9c869a3 sp=0x0000001c01bfeb40 mode 2
Event: 1.657 Thread 0x00000173f56f6bd0 Uncommon trap: trap_request=0xffffff45 fr.pc=0x00000173ea23ae20 relative=0x0000000000000400
Event: 1.657 Thread 0x00000173f56f6bd0 Uncommon trap: reason=unstable_if action=reinterpret pc=0x00000173ea23ae20 method=java.lang.AbstractStringBuilder.isLatin1()Z @ 10 c2
Event: 1.657 Thread 0x00000173f56f6bd0 DEOPT PACKING pc=0x00000173ea23ae20 sp=0x0000001c01bfecc0
Event: 1.657 Thread 0x00000173f56f6bd0 DEOPT UNPACKING pc=0x00000173e9c869a3 sp=0x0000001c01bfec40 mode 2
Event: 3.933 Thread 0x00000173f56f6bd0 Uncommon trap: trap_request=0xffffff45 fr.pc=0x00000173ea1ddc84 relative=0x0000000000000084
Event: 3.933 Thread 0x00000173f56f6bd0 Uncommon trap: reason=unstable_if action=reinterpret pc=0x00000173ea1ddc84 method=java.lang.String.codePointAt(I)I @ 4 c2
Event: 3.933 Thread 0x00000173f56f6bd0 DEOPT PACKING pc=0x00000173ea1ddc84 sp=0x0000001c01bfec50
Event: 3.933 Thread 0x00000173f56f6bd0 DEOPT UNPACKING pc=0x00000173e9c869a3 sp=0x0000001c01bfebe8 mode 2
Event: 3.935 Thread 0x00000173f5738f30 Uncommon trap: trap_request=0xffffff45 fr.pc=0x00000173ea2273d8 relative=0x0000000000000f18
Event: 3.935 Thread 0x00000173f5738f30 Uncommon trap: reason=unstable_if action=reinterpret pc=0x00000173ea2273d8 method=java.util.concurrent.ConcurrentHashMap.putVal(Ljava/lang/Object;Ljava/lang/Object;Z)Ljava/lang/Object; @ 97 c2
Event: 3.935 Thread 0x00000173f5738f30 DEOPT PACKING pc=0x00000173ea2273d8 sp=0x0000001c01dfdf90
Event: 3.935 Thread 0x00000173f5738f30 DEOPT UNPACKING pc=0x00000173e9c869a3 sp=0x0000001c01dfdf18 mode 2

Classes unloaded (0 events):
No events

Classes redefined (0 events):
No events

Internal exceptions (20 events):
Event: 0.817 Thread 0x00000173dac177f0 Exception <a 'java/lang/NoSuchMethodError'{0x00000000ff659d38}: 'int java.lang.invoke.DirectMethodHandle$Holder.invokeSpecial(java.lang.Object, java.lang.Object, java.lang.Object)'> (0x00000000ff659d38) 
thrown [s\src\hotspot\share\interpreter\linkResolver.cpp, line 759]
Event: 0.824 Thread 0x00000173dac177f0 Exception <a 'java/lang/NoSuchMethodError'{0x00000000ff66ce80}: 'java.lang.Object java.lang.invoke.Invokers$Holder.invokeExact_MT(java.lang.Object, java.lang.Object, java.lang.Object, java.lang.Object)'> (0x00000000ff66ce80) 
thrown [s\src\hotspot\share\interpreter\linkResolver.cpp, line 759]
Event: 0.952 Thread 0x00000173dac177f0 Exception <a 'java/lang/NoSuchMethodError'{0x00000000ff04c3d8}: 'java.lang.Object java.lang.invoke.DirectMethodHandle$Holder.invokeInterface(java.lang.Object, java.lang.Object, java.lang.Object)'> (0x00000000ff04c3d8) 
thrown [s\src\hotspot\share\interpreter\linkResolver.cpp, line 759]
Event: 0.956 Thread 0x00000173dac177f0 Exception <a 'java/lang/NoSuchMethodError'{0x00000000ff06e0e8}: 'void java.lang.invoke.DirectMethodHandle$Holder.invokeSpecial(java.lang.Object, java.lang.Object, java.lang.Object)'> (0x00000000ff06e0e8) 
thrown [s\src\hotspot\share\interpreter\linkResolver.cpp, line 759]
Event: 0.972 Thread 0x00000173dac177f0 Implicit null exception at 0x00000173ea21c011 to 0x00000173ea21c47c
Event: 0.972 Thread 0x00000173dac177f0 Implicit null exception at 0x00000173ea20c111 to 0x00000173ea20c548
Event: 0.992 Thread 0x00000173dac177f0 Exception <a 'java/lang/NoSuchMethodError'{0x00000000fee08040}: 'java.lang.Object java.lang.invoke.DirectMethodHandle$Holder.invokeStaticInit(java.lang.Object)'> (0x00000000fee08040) 
thrown [s\src\hotspot\share\interpreter\linkResolver.cpp, line 759]
Event: 1.104 Thread 0x00000173dac177f0 Exception <a 'java/lang/NoSuchMethodError'{0x00000000ffc26950}: 'java.lang.Object java.lang.invoke.DirectMethodHandle$Holder.invokeStaticInit(java.lang.Object, int, int, int, int)'> (0x00000000ffc26950) 
thrown [s\src\hotspot\share\interpreter\linkResolver.cpp, line 759]
Event: 1.164 Thread 0x00000173dac177f0 Exception <a 'java/lang/NoSuchMethodError'{0x00000000ffc7d890}: 'java.lang.Object java.lang.invoke.DirectMethodHandle$Holder.invokeStaticInit(java.lang.Object, java.lang.Object, int, int, int, int)'> (0x00000000ffc7d890) 
thrown [s\src\hotspot\share\interpreter\linkResolver.cpp, line 759]
Event: 1.290 Thread 0x00000173dac177f0 Exception <a 'java/lang/NoSuchMethodError'{0x00000000ffcaab30}: 'void java.lang.invoke.DirectMethodHandle$Holder.invokeStatic(java.lang.Object, java.lang.Object, java.lang.Object)'> (0x00000000ffcaab30) 
thrown [s\src\hotspot\share\interpreter\linkResolver.cpp, line 759]
Event: 1.310 Thread 0x00000173dac177f0 Implicit null exception at 0x00000173ea2095f2 to 0x00000173ea209c0c
Event: 1.310 Thread 0x00000173dac177f0 Implicit null exception at 0x00000173ea20a272 to 0x00000173ea20a88c
Event: 1.322 Thread 0x00000173dac177f0 Exception <a 'java/net/ConnectException'{0x00000000ffb88278}: Connection refused: no further information> (0x00000000ffb88278) 
thrown [s\src\hotspot\share\prims\jni.cpp, line 535]
Event: 1.637 Thread 0x00000173f56f6bd0 Exception <a 'java/lang/NoSuchMethodError'{0x00000000ff492558}: 'void java.lang.invoke.DirectMethodHandle$Holder.invokeStatic(java.lang.Object, long)'> (0x00000000ff492558) 
thrown [s\src\hotspot\share\interpreter\linkResolver.cpp, line 759]
Event: 1.638 Thread 0x00000173f56f6bd0 Exception <a 'java/lang/NoSuchMethodError'{0x00000000ff497c08}: 'java.lang.Object java.lang.invoke.DirectMethodHandle$Holder.newInvokeSpecial(java.lang.Object, long)'> (0x00000000ff497c08) 
thrown [s\src\hotspot\share\interpreter\linkResolver.cpp, line 759]
Event: 1.640 Thread 0x00000173f56f6bd0 Exception <a 'java/lang/NoSuchMethodError'{0x00000000ff4a27b0}: 'java.lang.Object java.lang.invoke.DirectMethodHandle$Holder.invokeStaticInit(java.lang.Object, java.lang.Object, long, java.lang.Object)'> (0x00000000ff4a27b0) 
thrown [s\src\hotspot\share\interpreter\linkResolver.cpp, line 759]
Event: 1.640 Thread 0x00000173f56f6bd0 Exception <a 'java/lang/NoSuchMethodError'{0x00000000ff4a8e38}: 'java.lang.Object java.lang.invoke.DirectMethodHandle$Holder.newInvokeSpecial(java.lang.Object, java.lang.Object, long)'> (0x00000000ff4a8e38) 
thrown [s\src\hotspot\share\interpreter\linkResolver.cpp, line 759]
Event: 1.641 Thread 0x00000173f56f6bd0 Exception <a 'java/lang/NoSuchMethodError'{0x00000000ff4ad128}: 'java.lang.Object java.lang.invoke.Invokers$Holder.linkToTargetMethod(java.lang.Object, long, java.lang.Object)'> (0x00000000ff4ad128) 
thrown [s\src\hotspot\share\interpreter\linkResolver.cpp, line 759]
Event: 81.229 Thread 0x00000173dac177f0 Exception <a 'sun/net/ConnectionResetException'{0x00000000ff171688}: Connection reset> (0x00000000ff171688) 
thrown [s\src\hotspot\share\prims\jni.cpp, line 535]
Event: 81.238 Thread 0x00000173dac177f0 Exception <a 'java/lang/NoSuchMethodError'{0x00000000ff1a2e50}: 'int java.lang.invoke.DirectMethodHandle$Holder.invokeVirtual(java.lang.Object, java.lang.Object)'> (0x00000000ff1a2e50) 
thrown [s\src\hotspot\share\interpreter\linkResolver.cpp, line 759]

VM Operations (20 events):
Event: 27.159 Executing VM operation: Cleanup
Event: 27.159 Executing VM operation: Cleanup done
Event: 37.238 Executing VM operation: Cleanup
Event: 37.239 Executing VM operation: Cleanup done
Event: 38.253 Executing VM operation: Cleanup
Event: 38.253 Executing VM operation: Cleanup done
Event: 50.357 Executing VM operation: Cleanup
Event: 50.357 Executing VM operation: Cleanup done
Event: 61.405 Executing VM operation: Cleanup
Event: 61.405 Executing VM operation: Cleanup done
Event: 63.418 Executing VM operation: Cleanup
Event: 63.418 Executing VM operation: Cleanup done
Event: 65.445 Executing VM operation: Cleanup
Event: 65.445 Executing VM operation: Cleanup done
Event: 69.466 Executing VM operation: Cleanup
Event: 69.466 Executing VM operation: Cleanup done
Event: 76.513 Executing VM operation: Cleanup
Event: 76.513 Executing VM operation: Cleanup done
Event: 80.539 Executing VM operation: Cleanup
Event: 80.539 Executing VM operation: Cleanup done

Events (20 events):
Event: 30.500 loading class jdk/internal/reflect/ByteVector done
Event: 30.500 loading class jdk/internal/reflect/ByteVectorImpl done
Event: 30.500 loading class jdk/internal/reflect/ClassFileAssembler
Event: 30.500 loading class jdk/internal/reflect/ClassFileAssembler done
Event: 30.500 loading class jdk/internal/reflect/UTF8
Event: 30.500 loading class jdk/internal/reflect/UTF8 done
Event: 30.501 loading class jdk/internal/reflect/Label
Event: 30.501 loading class jdk/internal/reflect/Label done
Event: 30.501 loading class jdk/internal/reflect/Label$PatchInfo
Event: 30.501 loading class jdk/internal/reflect/Label$PatchInfo done
Event: 30.502 loading class jdk/internal/reflect/MethodAccessorGenerator$1
Event: 30.502 loading class jdk/internal/reflect/MethodAccessorGenerator$1 done
Event: 30.502 loading class jdk/internal/reflect/ClassDefiner
Event: 30.502 loading class jdk/internal/reflect/ClassDefiner done
Event: 30.502 loading class jdk/internal/reflect/ClassDefiner$1
Event: 30.502 loading class jdk/internal/reflect/ClassDefiner$1 done
Event: 80.536 loading class jdk/internal/misc/ScopedMemoryAccess$Scope
Event: 80.536 loading class jdk/internal/misc/ScopedMemoryAccess$Scope done
Event: 81.228 loading class sun/net/ConnectionResetException
Event: 81.229 loading class sun/net/ConnectionResetException done


Dynamic libraries:
0x00007ff654210000 - 0x00007ff65421e000 	C:\Program Files\Eclipse Adoptium\jdk-17.0.6.10-hotspot\bin\java.exe
0x00007ffdc46b0000 - 0x00007ffdc48a8000 	C:\WINDOWS\SYSTEM32\ntdll.dll
0x00007ffdc3c80000 - 0x00007ffdc3d3f000 	C:\WINDOWS\System32\KERNEL32.DLL
0x00007ffdc2410000 - 0x00007ffdc2706000 	C:\WINDOWS\System32\KERNELBASE.dll
0x00007ffdc2020000 - 0x00007ffdc2120000 	C:\WINDOWS\System32\ucrtbase.dll
0x00007ffdbc260000 - 0x00007ffdbc277000 	C:\Program Files\Eclipse Adoptium\jdk-17.0.6.10-hotspot\bin\jli.dll
0x00007ffdb2cb0000 - 0x00007ffdb2cc9000 	C:\Program Files\Eclipse Adoptium\jdk-17.0.6.10-hotspot\bin\VCRUNTIME140.dll
0x00007ffdc2cb0000 - 0x00007ffdc2e4d000 	C:\WINDOWS\System32\USER32.dll
0x00007ffdc23e0000 - 0x00007ffdc2402000 	C:\WINDOWS\System32\win32u.dll
0x00007ffdadb50000 - 0x00007ffdaddea000 	C:\WINDOWS\WinSxS\amd64_microsoft.windows.common-controls_6595b64144ccf1df_6.0.19041.1110_none_60b5254171f9507e\COMCTL32.dll
0x00007ffdc2ed0000 - 0x00007ffdc2efc000 	C:\WINDOWS\System32\GDI32.dll
0x00007ffdc3be0000 - 0x00007ffdc3c7e000 	C:\WINDOWS\System32\msvcrt.dll
0x00007ffdc22c0000 - 0x00007ffdc23d5000 	C:\WINDOWS\System32\gdi32full.dll
0x00007ffdc1ef0000 - 0x00007ffdc1f8d000 	C:\WINDOWS\System32\msvcp_win.dll
0x00007ffdc27f0000 - 0x00007ffdc2820000 	C:\WINDOWS\System32\IMM32.DLL
0x00007ffdbe520000 - 0x00007ffdbe52c000 	C:\Program Files\Eclipse Adoptium\jdk-17.0.6.10-hotspot\bin\vcruntime140_1.dll
0x00007ffd9a410000 - 0x00007ffd9a4a1000 	C:\Program Files\Eclipse Adoptium\jdk-17.0.6.10-hotspot\bin\msvcp140.dll
0x00007ffd805f0000 - 0x00007ffd81237000 	C:\Program Files\Eclipse Adoptium\jdk-17.0.6.10-hotspot\bin\server\jvm.dll
0x00007ffdc2c00000 - 0x00007ffdc2caf000 	C:\WINDOWS\System32\ADVAPI32.dll
0x00007ffdc4390000 - 0x00007ffdc442c000 	C:\WINDOWS\System32\sechost.dll
0x00007ffdc2820000 - 0x00007ffdc2946000 	C:\WINDOWS\System32\RPCRT4.dll
0x00007ffdaddf0000 - 0x00007ffdade17000 	C:\WINDOWS\SYSTEM32\WINMM.dll
0x00007ffdba310000 - 0x00007ffdba31a000 	C:\WINDOWS\SYSTEM32\VERSION.dll
0x00007ffda7ff0000 - 0x00007ffda7ff9000 	C:\WINDOWS\SYSTEM32\WSOCK32.dll
0x00007ffdc4600000 - 0x00007ffdc466b000 	C:\WINDOWS\System32\WS2_32.dll
0x00007ffdc05b0000 - 0x00007ffdc05c2000 	C:\WINDOWS\SYSTEM32\kernel.appcore.dll
0x00007ffdb2d30000 - 0x00007ffdb2d3a000 	C:\Program Files\Eclipse Adoptium\jdk-17.0.6.10-hotspot\bin\jimage.dll
0x00007ffdc02c0000 - 0x00007ffdc04a4000 	C:\WINDOWS\SYSTEM32\DBGHELP.DLL
0x00007ffdabcf0000 - 0x00007ffdabd24000 	C:\WINDOWS\SYSTEM32\dbgcore.DLL
0x00007ffdc1f90000 - 0x00007ffdc2012000 	C:\WINDOWS\System32\bcryptPrimitives.dll
0x00007ffda9580000 - 0x00007ffda95a5000 	C:\Program Files\Eclipse Adoptium\jdk-17.0.6.10-hotspot\bin\java.dll
0x00007ffd973a0000 - 0x00007ffd97476000 	C:\Program Files\Eclipse Adoptium\jdk-17.0.6.10-hotspot\bin\jsvml.dll
0x00007ffdc2fa0000 - 0x00007ffdc36e4000 	C:\WINDOWS\System32\SHELL32.dll
0x00007ffdbfa50000 - 0x00007ffdc01e3000 	C:\WINDOWS\SYSTEM32\windows.storage.dll
0x00007ffdc3750000 - 0x00007ffdc3aa4000 	C:\WINDOWS\System32\combase.dll
0x00007ffdc17e0000 - 0x00007ffdc180e000 	C:\WINDOWS\SYSTEM32\Wldp.dll
0x00007ffdc4540000 - 0x00007ffdc45ed000 	C:\WINDOWS\System32\SHCORE.dll
0x00007ffdc4330000 - 0x00007ffdc4385000 	C:\WINDOWS\System32\shlwapi.dll
0x00007ffdc1cd0000 - 0x00007ffdc1cef000 	C:\WINDOWS\SYSTEM32\profapi.dll
0x00007ffdb1480000 - 0x00007ffdb1499000 	C:\Program Files\Eclipse Adoptium\jdk-17.0.6.10-hotspot\bin\net.dll
0x00007ffdaf9c0000 - 0x00007ffdafaca000 	C:\WINDOWS\SYSTEM32\WINHTTP.dll
0x00007ffdc1540000 - 0x00007ffdc15aa000 	C:\WINDOWS\system32\mswsock.dll
0x00007ffdab0b0000 - 0x00007ffdab0c5000 	C:\Program Files\Eclipse Adoptium\jdk-17.0.6.10-hotspot\bin\nio.dll
0x00007ffdaaa00000 - 0x00007ffdaaa18000 	C:\Program Files\Eclipse Adoptium\jdk-17.0.6.10-hotspot\bin\zip.dll
0x00007ffdbb140000 - 0x00007ffdbb150000 	C:\Program Files\Eclipse Adoptium\jdk-17.0.6.10-hotspot\bin\verify.dll
0x00007ffda8560000 - 0x00007ffda8587000 	C:\Users\songe\.gradle\native\e1d6ef7f7dcc3fd88c89a11ec53ec762bb8ba0a96d01ffa2cd45eb1d1d8dd5c5\windows-amd64\native-platform.dll
0x00007ffda8920000 - 0x00007ffda8929000 	C:\Program Files\Eclipse Adoptium\jdk-17.0.6.10-hotspot\bin\management.dll
0x00007ffda8590000 - 0x00007ffda859b000 	C:\Program Files\Eclipse Adoptium\jdk-17.0.6.10-hotspot\bin\management_ext.dll
0x00007ffdc45f0000 - 0x00007ffdc45f8000 	C:\WINDOWS\System32\PSAPI.DLL
0x00007ffdc1740000 - 0x00007ffdc1758000 	C:\WINDOWS\SYSTEM32\CRYPTSP.dll
0x00007ffdc0df0000 - 0x00007ffdc0e24000 	C:\WINDOWS\system32\rsaenh.dll
0x00007ffdc2120000 - 0x00007ffdc2147000 	C:\WINDOWS\System32\bcrypt.dll
0x00007ffdc1c90000 - 0x00007ffdc1cbe000 	C:\WINDOWS\SYSTEM32\USERENV.dll
0x00007ffdc1730000 - 0x00007ffdc173c000 	C:\WINDOWS\SYSTEM32\CRYPTBASE.dll
0x00007ffdc11e0000 - 0x00007ffdc121c000 	C:\WINDOWS\SYSTEM32\IPHLPAPI.DLL
0x00007ffdc2f00000 - 0x00007ffdc2f08000 	C:\WINDOWS\System32\NSI.dll
0x00007ffdaf4d0000 - 0x00007ffdaf4e7000 	C:\WINDOWS\SYSTEM32\dhcpcsvc6.DLL
0x00007ffdafb10000 - 0x00007ffdafb2d000 	C:\WINDOWS\SYSTEM32\dhcpcsvc.DLL
0x00007ffdc1230000 - 0x00007ffdc12fa000 	C:\WINDOWS\SYSTEM32\DNSAPI.dll
0x00007ffda84f0000 - 0x00007ffda84fe000 	C:\Program Files\Eclipse Adoptium\jdk-17.0.6.10-hotspot\bin\sunmscapi.dll
0x00007ffdc1d90000 - 0x00007ffdc1eee000 	C:\WINDOWS\System32\CRYPT32.dll
0x00007ffdc1850000 - 0x00007ffdc1878000 	C:\WINDOWS\SYSTEM32\ncrypt.dll
0x00007ffdc1810000 - 0x00007ffdc184b000 	C:\WINDOWS\SYSTEM32\NTASN1.dll
0x00007ffdaa9f0000 - 0x00007ffdaa9f7000 	C:\WINDOWS\system32\wshunix.dll

dbghelp: loaded successfully - version: 4.0.5 - missing functions: none
symbol engine: initialized successfully - sym options: 0x614 - pdb path: .;C:\Program Files\Eclipse Adoptium\jdk-17.0.6.10-hotspot\bin;C:\WINDOWS\SYSTEM32;C:\WINDOWS\WinSxS\amd64_microsoft.windows.common-controls_6595b64144ccf1df_6.0.19041.1110_none_60b5254171f9507e;C:\Program Files\Eclipse Adoptium\jdk-17.0.6.10-hotspot\bin\server;C:\Users\songe\.gradle\native\e1d6ef7f7dcc3fd88c89a11ec53ec762bb8ba0a96d01ffa2cd45eb1d1d8dd5c5\windows-amd64

VM Arguments:
jvm_args: -Xmx64m -Xms64m -Dorg.gradle.appname=gradlew 
java_command: org.gradle.wrapper.GradleWrapperMain app:installDebug -PreactNativeDevServerPort=8081
java_class_path (initial): C:\Users\songe\source\repos\SAMSV2\android\\gradle\wrapper\gradle-wrapper.jar
Launcher Type: SUN_STANDARD

[Global flags]
     intx CICompilerCount                          = 3                                         {product} {ergonomic}
     uint ConcGCThreads                            = 1                                         {product} {ergonomic}
     uint G1ConcRefinementThreads                  = 4                                         {product} {ergonomic}
   size_t G1HeapRegionSize                         = 1048576                                   {product} {ergonomic}
    uintx GCDrainStackTargetSize                   = 64                                        {product} {ergonomic}
   size_t InitialHeapSize                          = 67108864                                  {product} {command line}
   size_t MarkStackSize                            = 4194304                                   {product} {ergonomic}
   size_t MaxHeapSize                              = 67108864                                  {product} {command line}
   size_t MaxNewSize                               = 39845888                                  {product} {ergonomic}
   size_t MinHeapDeltaBytes                        = 1048576                                   {product} {ergonomic}
   size_t MinHeapSize                              = 67108864                                  {product} {command line}
    uintx NonNMethodCodeHeapSize                   = 5832780                                {pd product} {ergonomic}
    uintx NonProfiledCodeHeapSize                  = 122912730                              {pd product} {ergonomic}
    uintx ProfiledCodeHeapSize                     = 122912730                              {pd product} {ergonomic}
    uintx ReservedCodeCacheSize                    = 251658240                              {pd product} {ergonomic}
     bool SegmentedCodeCache                       = true                                      {product} {ergonomic}
   size_t SoftMaxHeapSize                          = 67108864                               {manageable} {ergonomic}
     bool UseCompressedClassPointers               = true                           {product lp64_product} {ergonomic}
     bool UseCompressedOops                        = true                           {product lp64_product} {ergonomic}
     bool UseG1GC                                  = true                                      {product} {ergonomic}
     bool UseLargePagesIndividualAllocation        = false                                  {pd product} {ergonomic}

Logging:
Log output configuration:
 #0: stdout all=warning uptime,level,tags
 #1: stderr all=off uptime,level,tags

Environment Variables:
JAVA_HOME=C:\Program Files\Eclipse Adoptium\jdk-17.0.6.10-hotspot
CLASSPATH=C:\Users\songe\source\repos\SAMSV2\android\\gradle\wrapper\gradle-wrapper.jar
PATH=C:\Users\songe\source\repos\SAMSV2\android\node_modules\.bin;C:\Users\songe\source\repos\SAMSV2\node_modules\.bin;C:\Users\songe\source\repos\node_modules\.bin;C:\Users\songe\source\node_modules\.bin;C:\Users\songe\node_modules\.bin;C:\Users\node_modules\.bin;C:\node_modules\.bin;C:\Program Files\nodejs;C:\Users\songe\source\repos\SAMSV2\node_modules\.bin;C:\Users\songe\source\repos\SAMSV2\node_modules\.bin;C:\Users\songe\source\repos\node_modules\.bin;C:\Users\songe\source\node_modules\.bin;C:\Users\songe\node_modules\.bin;C:\Users\node_modules\.bin;C:\node_modules\.bin;C:\Users\songe\source\repos\SAMSV2\node_modules\npm\node_modules\@npmcli\run-script\lib\node-gyp-bin;C:\Users\songe\source\repos\SAMSV2\node_modules\.bin;C:\Users\songe\source\repos\node_modules\.bin;C:\Users\songe\source\node_modules\.bin;C:\Users\songe\node_modules\.bin;C:\Users\node_modules\.bin;C:\node_modules\.bin;C:\Program Files\nodejs;C:\Users\songe\source\repos\SAMSV2\node_modules\.bin;C:\Users\songe\source\repos\node_modules\.bin;C:\Users\songe\source\node_modules\.bin;C:\Users\songe\node_modules\.bin;C:\Users\node_modules\.bin;C:\node_modules\.bin;C:\Program Files\nodejs\node_modules\npm\node_modules\@npmcli\run-script\lib\node-gyp-bin;C:\Users\songe\bin;C:\Program Files\Git\mingw64\bin;C:\Program Files\Git\usr\local\bin;C:\Program Files\Git\usr\bin;C:\Program Files\Git\usr\bin;C:\Program Files\Git\mingw64\bin;C:\Program Files\Git\usr\bin;C:\Users\songe\bin;C:\Program Files\Eclipse Adoptium\jdk-17.0.6.10-hotspot\bin;C:\Program Files (x86)\Intel\Intel(R) Management Engine Components\iCLS;C:\Program Files\Intel\Intel(R) Management Engine Components\iCLS;C:\Windows\system32;C:\Windows;C:\Windows\System32\Wbem;C:\Windows\System32\WindowsPowerShell\v1.0;C:\Program Files (x86)\NVIDIA Corporation\PhysX\Common;C:\Program Files (x86)\Intel\Intel(R) Management Engine Components\DAL;C:\Program Files\Intel\Intel(R) Management Engine Components\DAL;C:\Program Files (x86)\Intel\Intel(R) Management En
USERNAME=songe
SHELL=C:\Program Files\Git\usr\bin\bash.exe
DISPLAY=needs-to-be-defined
LANG=en_US.UTF-8
TERM=xterm-256color
TMPDIR=C:\Users\songe\AppData\Local\Temp
OS=Windows_NT
PROCESSOR_IDENTIFIER=Intel64 Family 6 Model 142 Stepping 9, GenuineIntel
TMP=C:\Users\songe\AppData\Local\Temp
TEMP=C:\Users\songe\AppData\Local\Temp



---------------  S Y S T E M  ---------------

OS:
 Windows 10 , 64 bit Build 19041 (10.0.19041.3031)
OS uptime: 0 days 7:48 hours

CPU: total 4 (initial active 4) (2 cores per cpu, 2 threads per core) family 6 model 142 stepping 9 microcode 0xf0, cx8, cmov, fxsr, ht, mmx, 3dnowpref, sse, sse2, sse3, ssse3, sse4.1, sse4.2, popcnt, lzcnt, tsc, tscinvbit, avx, avx2, aes, erms, clmul, bmi1, bmi2, adx, fma, vzeroupper, clflush, clflushopt

Memory: 4k page, system-wide physical 8089M (353M free)
TotalPageFile size 11089M (AvailPageFile size 0M)
current process WorkingSet (physical memory assigned to process): 83M, peak: 89M
current process commit charge ("private bytes"): 154M, peak: 161M

vm_info: OpenJDK 64-Bit Server VM (17.0.6+10) for windows-amd64 JRE (17.0.6+10), built on Jan 18 2023 10:08:59 by "temurin" with MS VC++ 16.7 (VS2019)

END.
