#
# There is insufficient memory for the Java Runtime Environment to continue.
# Native memory allocation (mmap) failed to map 134217728 bytes for Failed to commit area from 0x0000000081800000 to 0x0000000089800000 of length 134217728.
# Possible reasons:
#   The system is out of physical RAM or swap space
#   The process is running with CompressedOops enabled, and the Java Heap may be blocking the growth of the native heap
# Possible solutions:
#   Reduce memory load on the system
#   Increase physical memory or swap space
#   Check if swap backing store is full
#   Decrease Java heap size (-Xmx/-Xms)
#   Decrease number of Java threads
#   Decrease Java thread stack sizes (-Xss)
#   Set larger code cache with -XX:ReservedCodeCacheSize=
# This output file may be truncated or incomplete.
#
#  Out of Memory Error (src/hotspot/os/windows/os_windows.cpp:3627), pid=7220, tid=2656
#
# JRE version:  (11.0.15) (build )
# Java VM: OpenJDK 64-Bit Server VM (11.0.15+0-b2043.56-9505619, mixed mode, sharing, tiered, compressed oops, g1 gc, windows-amd64)
# No core dump will be written. Minidumps are not enabled by default on client versions of Windows
#

---------------  S U M M A R Y ------------

Command Line: org.jetbrains.kotlin.cli.jvm.K2JVMCompiler @C:\Users\songe\source\repos\SAMSV2\node_modules\react-native-safe-area-context\android\build\20230703_13005450250774194150.compiler.options

Host: Intel(R) Core(TM) i7-7500U CPU @ 2.70GHz, 4 cores, 7G,  Windows 10 , 64 bit Build 19041 (10.0.19041.3155)
Time: Mon Jul  3 20:19:00 2023 South Africa Standard Time elapsed time: 0.014935 seconds (0d 0h 0m 0s)

---------------  T H R E A D  ---------------

Current thread (0x000001970c7c1000):  JavaThread "Unknown thread" [_thread_in_vm, id=2656, stack(0x0000000da6500000,0x0000000da6600000)]

Stack: [0x0000000da6500000,0x0000000da6600000]
Native frames: (J=compiled Java code, j=interpreted, Vv=VM code, C=native code)
V  [jvm.dll+0x64135a]
V  [jvm.dll+0x7d39f9]
V  [jvm.dll+0x7d51b9]
V  [jvm.dll+0x7d58a3]
V  [jvm.dll+0x2691c5]
V  [jvm.dll+0x63e4e9]
V  [jvm.dll+0x632985]
V  [jvm.dll+0x3231ac]
V  [jvm.dll+0x323032]
V  [jvm.dll+0x327c06]
V  [jvm.dll+0x36ffa2]
V  [jvm.dll+0x36fa01]
V  [jvm.dll+0x2fea28]
V  [jvm.dll+0x2ffb25]
V  [jvm.dll+0x7accd7]
V  [jvm.dll+0x7ae49f]
V  [jvm.dll+0x37d299]
V  [jvm.dll+0x78ef9f]
V  [jvm.dll+0x3ec847]
V  [jvm.dll+0x3eed31]
C  [jli.dll+0x52cb]
C  [ucrtbase.dll+0x21bb2]
C  [KERNEL32.DLL+0x17614]
C  [ntdll.dll+0x526b1]


---------------  P R O C E S S  ---------------

Threads class SMR info:
_java_thread_list=0x000001970a5f4410, length=0, elements={
}

Java Threads: ( => current thread )

Other Threads:
  0x000001970c7d9800 GCTaskThread "GC Thread#0" [stack: 0x0000000da6600000,0x0000000da6700000] [id=7040]
  0x000001970c80c000 ConcurrentGCThread "G1 Main Marker" [stack: 0x0000000da6700000,0x0000000da6800000] [id=18256]
  0x000001970c80e800 ConcurrentGCThread "G1 Conc#0" [stack: 0x0000000da6800000,0x0000000da6900000] [id=6484]

[error occurred during error reporting (printing all threads), id 0xc0000005, EXCEPTION_ACCESS_VIOLATION (0xc0000005) at pc=0x00007ffb24e5f3e7]

VM state:not at safepoint (not fully initialized)

VM Mutex/Monitor currently owned by a thread:  ([mutex/lock_event])
[0x000001970c7bca50] Heap_lock - owner thread: 0x000001970c7c1000

Heap address: 0x0000000081800000, size: 2024 MB, Compressed Oops mode: Non-zero based: 0x0000000081800000
Narrow klass base: 0x0000000000000000, Narrow klass shift: 0

GC Heap History (0 events):
No events

Deoptimization events (0 events):
No events

Classes redefined (0 events):
No events

Internal exceptions (0 events):
No events

Events (1 events):
Event: 0.010 Loaded shared library C:\Program Files\Android\Android Studio\jbr\bin\zip.dll


Dynamic libraries:
0x00007ff616dd0000 - 0x00007ff616dda000 	C:\Program Files\Android\Android Studio\jbr\bin\java.exe
0x00007ffb6d4f0000 - 0x00007ffb6d6e8000 	C:\WINDOWS\SYSTEM32\ntdll.dll
0x00007ffb6b550000 - 0x00007ffb6b60f000 	C:\WINDOWS\System32\KERNEL32.DLL
0x00007ffb6adc0000 - 0x00007ffb6b0b6000 	C:\WINDOWS\System32\KERNELBASE.dll
0x00007ffb6b120000 - 0x00007ffb6b220000 	C:\WINDOWS\System32\ucrtbase.dll
0x00007ffb40ed0000 - 0x00007ffb40ee7000 	C:\Program Files\Android\Android Studio\jbr\bin\jli.dll
0x00007ffb4d480000 - 0x00007ffb4d49b000 	C:\Program Files\Android\Android Studio\jbr\bin\VCRUNTIME140.dll
0x00007ffb6d0a0000 - 0x00007ffb6d23d000 	C:\WINDOWS\System32\USER32.dll
0x00007ffb6b0f0000 - 0x00007ffb6b112000 	C:\WINDOWS\System32\win32u.dll
0x00007ffb54040000 - 0x00007ffb542da000 	C:\WINDOWS\WinSxS\amd64_microsoft.windows.common-controls_6595b64144ccf1df_6.0.19041.1110_none_60b5254171f9507e\COMCTL32.dll
0x00007ffb6d480000 - 0x00007ffb6d4ac000 	C:\WINDOWS\System32\GDI32.dll
0x00007ffb6d3e0000 - 0x00007ffb6d47e000 	C:\WINDOWS\System32\msvcrt.dll
0x00007ffb6b380000 - 0x00007ffb6b495000 	C:\WINDOWS\System32\gdi32full.dll
0x00007ffb6ad20000 - 0x00007ffb6adbd000 	C:\WINDOWS\System32\msvcp_win.dll
0x00007ffb6ccb0000 - 0x00007ffb6cce0000 	C:\WINDOWS\System32\IMM32.DLL
0x00007ffb5b230000 - 0x00007ffb5b23c000 	C:\Program Files\Android\Android Studio\jbr\bin\vcruntime140_1.dll
0x00007ffb392c0000 - 0x00007ffb3934d000 	C:\Program Files\Android\Android Studio\jbr\bin\msvcp140.dll
0x00007ffb24b50000 - 0x00007ffb2570c000 	C:\Program Files\Android\Android Studio\jbr\bin\server\jvm.dll
0x00007ffb6b970000 - 0x00007ffb6ba1f000 	C:\WINDOWS\System32\ADVAPI32.dll
0x00007ffb6c2b0000 - 0x00007ffb6c34c000 	C:\WINDOWS\System32\sechost.dll
0x00007ffb6cce0000 - 0x00007ffb6ce06000 	C:\WINDOWS\System32\RPCRT4.dll
0x00007ffb6cbb0000 - 0x00007ffb6cbb8000 	C:\WINDOWS\System32\PSAPI.DLL
0x00007ffb4f210000 - 0x00007ffb4f219000 	C:\WINDOWS\SYSTEM32\WSOCK32.dll
0x00007ffb55250000 - 0x00007ffb55277000 	C:\WINDOWS\SYSTEM32\WINMM.dll
0x00007ffb6ba80000 - 0x00007ffb6baeb000 	C:\WINDOWS\System32\WS2_32.dll
0x00007ffb672e0000 - 0x00007ffb672ea000 	C:\WINDOWS\SYSTEM32\VERSION.dll
0x00007ffb693e0000 - 0x00007ffb693f2000 	C:\WINDOWS\SYSTEM32\kernel.appcore.dll
0x00007ffb67250000 - 0x00007ffb67260000 	C:\Program Files\Android\Android Studio\jbr\bin\verify.dll
0x00007ffb68940000 - 0x00007ffb68b24000 	C:\WINDOWS\SYSTEM32\DBGHELP.DLL
0x00007ffb4bd80000 - 0x00007ffb4bdb4000 	C:\WINDOWS\SYSTEM32\dbgcore.DLL
0x00007ffb6ac90000 - 0x00007ffb6ad12000 	C:\WINDOWS\System32\bcryptPrimitives.dll
0x00007ffb60d20000 - 0x00007ffb60d48000 	C:\Program Files\Android\Android Studio\jbr\bin\java.dll
0x00007ffb67240000 - 0x00007ffb6724a000 	C:\Program Files\Android\Android Studio\jbr\bin\jimage.dll
0x00007ffb54310000 - 0x00007ffb54328000 	C:\Program Files\Android\Android Studio\jbr\bin\zip.dll

dbghelp: loaded successfully - version: 4.0.5 - missing functions: none
symbol engine: initialized successfully - sym options: 0x614 - pdb path: .;C:\Program Files\Android\Android Studio\jbr\bin;C:\WINDOWS\SYSTEM32;C:\WINDOWS\WinSxS\amd64_microsoft.windows.common-controls_6595b64144ccf1df_6.0.19041.1110_none_60b5254171f9507e;C:\Program Files\Android\Android Studio\jbr\bin\server

VM Arguments:
java_command: org.jetbrains.kotlin.cli.jvm.K2JVMCompiler @C:\Users\songe\source\repos\SAMSV2\node_modules\react-native-safe-area-context\android\build\20230703_13005450250774194150.compiler.options
java_class_path (initial): C:\Users\songe\.gradle\caches\modules-2\files-2.1\org.jetbrains.kotlin\kotlin-compiler-embeddable\1.6.20\18f66cca4301c12893ebe4ef47d65c3d9d2bff9b\kotlin-compiler-embeddable-1.6.20.jar;C:\Users\songe\.gradle\caches\modules-2\files-2.1\org.jetbrains.kotlin\kotlin-reflect\1.6.20\669965154723f1a712e8677af0cc5470dfdab81c\kotlin-reflect-1.6.20.jar;C:\Users\songe\.gradle\caches\modules-2\files-2.1\org.jetbrains.kotlin\kotlin-stdlib\1.6.20\6cedc143badbb4f1c6b7f5a340b04edff1743208\kotlin-stdlib-1.6.20.jar;C:\Users\songe\.gradle\caches\modules-2\files-2.1\org.jetbrains.kotlin\kotlin-script-runtime\1.6.20\a115c367e0fd9c8909293b208689afca0c88a6f1\kotlin-script-runtime-1.6.20.jar;C:\Users\songe\.gradle\caches\modules-2\files-2.1\org.jetbrains.kotlin\kotlin-daemon-embeddable\1.6.20\d4cac343029f48f106c57f457384771165d7deb5\kotlin-daemon-embeddable-1.6.20.jar;C:\Users\songe\.gradle\caches\modules-2\files-2.1\org.jetbrains.intellij.deps\trove4j\1.0.20200330\3afb14d5f9ceb459d724e907a21145e8ff394f02\trove4j-1.0.20200330.jar;C:\Users\songe\.gradle\caches\modules-2\files-2.1\net.java.dev.jna\jna\5.6.0\330f2244e9030119ab3030fc3fededc86713d9cc\jna-5.6.0.jar;C:\Users\songe\.gradle\caches\modules-2\files-2.1\org.jetbrains.kotlin\kotlin-stdlib-common\1.6.20\27b4562b6713d70f458c6d7ea39aadacb8e6a92b\kotlin-stdlib-common-1.6.20.jar;C:\Users\songe\.gradle\caches\modules-2\files-2.1\org.jetbrains\annotations\13.0\919f0dfe192fb4e063e7dacadee7f8bb9a2672a9\annotations-13.0.jar
Launcher Type: SUN_STANDARD

[Global flags]
     intx CICompilerCount                          = 3                                         {product} {ergonomic}
     uint ConcGCThreads                            = 1                                         {product} {ergonomic}
     uint G1ConcRefinementThreads                  = 4                                         {product} {ergonomic}
   size_t G1HeapRegionSize                         = 1048576                                   {product} {ergonomic}
    uintx GCDrainStackTargetSize                   = 64                                        {product} {ergonomic}
   size_t InitialHeapSize                          = 134217728                                 {product} {ergonomic}
   size_t MarkStackSize                            = 4194304                                   {product} {ergonomic}
   size_t MaxHeapSize                              = 2122317824                                {product} {ergonomic}
   size_t MinHeapDeltaBytes                        = 1048576                                   {product} {ergonomic}
    uintx NonNMethodCodeHeapSize                   = 5830732                                {pd product} {ergonomic}
    uintx NonProfiledCodeHeapSize                  = 122913754                              {pd product} {ergonomic}
    uintx ProfiledCodeHeapSize                     = 122913754                              {pd product} {ergonomic}
    uintx ReservedCodeCacheSize                    = 251658240                              {pd product} {ergonomic}
     bool SegmentedCodeCache                       = true                                      {product} {ergonomic}
     bool UseCompressedClassPointers               = true                                 {lp64_product} {ergonomic}
     bool UseCompressedOops                        = true                                 {lp64_product} {ergonomic}
     bool UseG1GC                                  = true                                      {product} {ergonomic}
     bool UseLargePagesIndividualAllocation        = false                                  {pd product} {ergonomic}

Logging:
Log output configuration:
 #0: stdout all=warning uptime,level,tags
 #1: stderr all=off uptime,level,tags

Environment Variables:
JAVA_HOME=C:\Program Files\Eclipse Adoptium\jdk-17.0.6.10-hotspot
PATH=C:\Program Files\Eclipse Adoptium\jdk-17.0.6.10-hotspot\bin;C:\Program Files (x86)\Intel\Intel(R) Management Engine Components\iCLS\;C:\Program Files\Intel\Intel(R) Management Engine Components\iCLS\;C:\Windows\system32;C:\Windows;C:\Windows\System32\Wbem;C:\Windows\System32\WindowsPowerShell\v1.0\;C:\Program Files (x86)\NVIDIA Corporation\PhysX\Common;C:\Program Files (x86)\Intel\Intel(R) Management Engine Components\DAL;C:\Program Files\Intel\Intel(R) Management Engine Components\DAL;C:\Program Files (x86)\Intel\Intel(R) Management Engine Components\IPT;C:\Program Files\Intel\Intel(R) Management Engine Components\IPT;C:\Program Files\Intel\WiFi\bin\;C:\Program Files\Common Files\Intel\WirelessCommon\;C:\WINDOWS\system32;C:\WINDOWS;C:\WINDOWS\System32\Wbem;C:\WINDOWS\System32\WindowsPowerShell\v1.0\;C:\WINDOWS\System32\OpenSSH\;C:\Program Files\Microsoft SQL Server\150\Tools\Binn\;C:\Program Files\Microsoft SQL Server\Client SDK\ODBC\170\Tools\Binn\;C:\Program Files\dotnet\;C:\ProgramData\chocolatey\bin;C:\Program Files\nodejs\;C:\Program Files\NVIDIA Corporation\NVIDIA NvDLISR;C:\Users\songe\AppData\Local\Microsoft\WindowsApps;C:\Users\songe\AppData\Local\Programs\Microsoft VS Code\bin;C:\Users\songe\.dotnet\tools;C:\Users\songe\AppData\Local\GitHubDesktop\bin;C:\Users\songe\AppData\Roaming\npm;C:\Users\songe\AppData\Local\Android\Sdk\platform-tools;C:\Users\songe\AppData\Local\Android\Sdk\platform-tools;
USERNAME=songe
OS=Windows_NT
PROCESSOR_IDENTIFIER=Intel64 Family 6 Model 142 Stepping 9, GenuineIntel



---------------  S Y S T E M  ---------------

OS: Windows 10 , 64 bit Build 19041 (10.0.19041.3155)
OS uptime: 0 days 2:13 hours

CPU:total 4 (initial active 4) (2 cores per cpu, 2 threads per core) family 6 model 142 stepping 9 microcode 0xf0, cmov, cx8, fxsr, mmx, sse, sse2, sse3, ssse3, sse4.1, sse4.2, popcnt, avx, avx2, aes, clmul, erms, 3dnowpref, lzcnt, ht, tsc, tscinvbit, bmi1, bmi2, adx, fma

Memory: 4k page, system-wide physical 8089M (395M free)
TotalPageFile size 11089M (AvailPageFile size 10M)
current process WorkingSet (physical memory assigned to process): 10M, peak: 10M
current process commit charge ("private bytes"): 51M, peak: 179M

vm_info: OpenJDK 64-Bit Server VM (11.0.15+0-b2043.56-9505619) for windows-amd64 JRE (11.0.15+0-b2043.56-9505619), built on Jan 19 2023 02:48:00 by "builduser" with unknown MS VC++:1929

END.
