#
# There is insufficient memory for the Java Runtime Environment to continue.
# Native memory allocation (mmap) failed to map 119537664 bytes for G1 virtual space
# Possible reasons:
#   The system is out of physical RAM or swap space
#   The process is running with CompressedOops enabled, and the Java Heap may be blocking the growth of the native heap
# Possible solutions:
#   Reduce memory load on the system
#   Increase physical memory or swap space
#   Check if swap backing store is full
#   Decrease Java heap size (-Xmx/-Xms)
#   Decrease number of Java threads
#   Decrease Java thread stack sizes (-Xss)
#   Set larger code cache with -XX:ReservedCodeCacheSize=
#   JVM is running with Unscaled Compressed Oops mode in which the Java heap is
#     placed in the first 4GB address space. The Java Heap base address is the
#     maximum limit for the native heap growth. Please use -XX:HeapBaseMinAddress
#     to set the Java Heap base and to place the Java Heap above 4GB virtual address.
# This output file may be truncated or incomplete.
#
#  Out of Memory Error (os_windows.cpp:3557), pid=1072, tid=11972
#
# JRE version: OpenJDK Runtime Environment Temurin-17.0.6+10 (17.0.6+10) (build 17.0.6+10)
# Java VM: OpenJDK 64-Bit Server VM Temurin-17.0.6+10 (17.0.6+10, mixed mode, sharing, tiered, compressed oops, compressed class ptrs, g1 gc, windows-amd64)
# No core dump will be written. Minidumps are not enabled by default on client versions of Windows
#

---------------  S U M M A R Y ------------

Command Line: -XX:MaxMetaspaceSize=512m --add-opens=java.base/java.util=ALL-UNNAMED --add-opens=java.base/java.lang=ALL-UNNAMED --add-opens=java.base/java.lang.invoke=ALL-UNNAMED --add-opens=java.base/java.util=ALL-UNNAMED --add-opens=java.prefs/java.util.prefs=ALL-UNNAMED --add-opens=java.prefs/java.util.prefs=ALL-UNNAMED --add-opens=java.base/java.nio.charset=ALL-UNNAMED --add-opens=java.base/java.net=ALL-UNNAMED --add-opens=java.base/java.util.concurrent.atomic=ALL-UNNAMED -Xmx2048m -Dfile.encoding=windows-1252 -Duser.country=ZA -Duser.language=en -Duser.variant org.gradle.launcher.daemon.bootstrap.GradleDaemon 7.5.1

Host: Intel(R) Core(TM) i7-7500U CPU @ 2.70GHz, 4 cores, 7G,  Windows 10 , 64 bit Build 19041 (10.0.19041.3155)
Time: Wed Jul  5 12:16:38 2023 South Africa Standard Time elapsed time: 160.313172 seconds (0d 0h 2m 40s)

---------------  T H R E A D  ---------------

Current thread (0x0000021dfe632e60):  VMThread "VM Thread" [stack: 0x000000671ac00000,0x000000671ad00000] [id=11972]

Stack: [0x000000671ac00000,0x000000671ad00000]
Native frames: (J=compiled Java code, j=interpreted, Vv=VM code, C=native code)
V  [jvm.dll+0x67741a]
V  [jvm.dll+0x834434]
V  [jvm.dll+0x835bde]
V  [jvm.dll+0x836243]
V  [jvm.dll+0x2457b5]
V  [jvm.dll+0x674329]
V  [jvm.dll+0x6689da]
V  [jvm.dll+0x30489b]
V  [jvm.dll+0x30bd96]
V  [jvm.dll+0x35b57e]
V  [jvm.dll+0x35b7af]
V  [jvm.dll+0x2db778]
V  [jvm.dll+0x2d9a2c]
V  [jvm.dll+0x2d8ffc]
V  [jvm.dll+0x31cdcb]
V  [jvm.dll+0x83a6eb]
V  [jvm.dll+0x83b424]
V  [jvm.dll+0x83b93c]
V  [jvm.dll+0x83bd14]
V  [jvm.dll+0x83bde0]
V  [jvm.dll+0x7e483a]
V  [jvm.dll+0x6762c5]
C  [ucrtbase.dll+0x21bb2]
C  [KERNEL32.DLL+0x17614]
C  [ntdll.dll+0x526b1]

VM_Operation (0x000000671c2f8840): G1CollectForAllocation, mode: safepoint, requested by thread 0x0000021dff1ce660


---------------  P R O C E S S  ---------------

Threads class SMR info:
_java_thread_list=0x0000021d849e4510, length=89, elements={
0x0000021de0ab4ca0, 0x0000021dfe638730, 0x0000021dfe6395a0, 0x0000021dfe654530,
0x0000021dfe654ee0, 0x0000021dfe655890, 0x0000021dfe656240, 0x0000021dfe656fd0,
0x0000021dfe65aa90, 0x0000021dff008070, 0x0000021dff0ca670, 0x0000021dff0ced80,
0x0000021d801f1480, 0x0000021d80368060, 0x0000021d8064c020, 0x0000021dff80d430,
0x0000021d812ebcb0, 0x0000021d80352860, 0x0000021dff1ce660, 0x0000021d8008ee30,
0x0000021d8008e490, 0x0000021d8008cc80, 0x0000021d8008d150, 0x0000021d8008c2e0,
0x0000021d8008e960, 0x0000021d8008f300, 0x0000021d8008fca0, 0x0000021d8008c7b0,
0x0000021d8008d620, 0x0000021d8008f7d0, 0x0000021d8008daf0, 0x0000021d8008dfc0,
0x0000021d82037560, 0x0000021d82037090, 0x0000021d82037f00, 0x0000021d8203a580,
0x0000021d8203af20, 0x0000021d82034070, 0x0000021d8203b3f0, 0x0000021d82035d50,
0x0000021d820388a0, 0x0000021d82039240, 0x0000021d82034540, 0x0000021d82034ee0,
0x0000021d82036220, 0x0000021d820353b0, 0x0000021d820366f0, 0x0000021d8203a0b0,
0x0000021d82038d70, 0x0000021d82039710, 0x0000021d82036bc0, 0x0000021d82039be0,
0x0000021d817229f0, 0x0000021d81722050, 0x0000021d81725540, 0x0000021d81725a10,
0x0000021d81722520, 0x0000021d81722ec0, 0x0000021d81723390, 0x0000021d81723860,
0x0000021d81724200, 0x0000021d81723d30, 0x0000021d817246d0, 0x0000021d81724ba0,
0x0000021d81725070, 0x0000021d81f5ed40, 0x0000021d81f60a20, 0x0000021d81f60ef0,
0x0000021d81f630a0, 0x0000021d81f5f210, 0x0000021d81f62230, 0x0000021d81f5e3a0,
0x0000021d81f648b0, 0x0000021d81f62700, 0x0000021d81f5d060, 0x0000021d81f613c0,
0x0000021d81f5fbb0, 0x0000021d81f63570, 0x0000021d81f61890, 0x0000021d81f60080,
0x0000021d81f5e870, 0x0000021d81f61d60, 0x0000021d81f63a40, 0x0000021d81f643e0,
0x0000021d81f60550, 0x0000021d81f5da00, 0x0000021d81f5ded0, 0x0000021d81f5f6e0,
0x0000021d84aedc00
}

Java Threads: ( => current thread )
  0x0000021de0ab4ca0 JavaThread "main" [_thread_blocked, id=10432, stack(0x000000671a600000,0x000000671a700000)]
  0x0000021dfe638730 JavaThread "Reference Handler" daemon [_thread_blocked, id=6736, stack(0x000000671ad00000,0x000000671ae00000)]
  0x0000021dfe6395a0 JavaThread "Finalizer" daemon [_thread_blocked, id=16424, stack(0x000000671ae00000,0x000000671af00000)]
  0x0000021dfe654530 JavaThread "Signal Dispatcher" daemon [_thread_blocked, id=16184, stack(0x000000671af00000,0x000000671b000000)]
  0x0000021dfe654ee0 JavaThread "Attach Listener" daemon [_thread_blocked, id=11832, stack(0x000000671b000000,0x000000671b100000)]
  0x0000021dfe655890 JavaThread "Service Thread" daemon [_thread_blocked, id=12900, stack(0x000000671b100000,0x000000671b200000)]
  0x0000021dfe656240 JavaThread "Monitor Deflation Thread" daemon [_thread_blocked, id=1776, stack(0x000000671b200000,0x000000671b300000)]
  0x0000021dfe656fd0 JavaThread "C2 CompilerThread0" daemon [_thread_blocked, id=3352, stack(0x000000671b300000,0x000000671b400000)]
  0x0000021dfe65aa90 JavaThread "C1 CompilerThread0" daemon [_thread_blocked, id=16484, stack(0x000000671b400000,0x000000671b500000)]
  0x0000021dff008070 JavaThread "Sweeper thread" daemon [_thread_blocked, id=16964, stack(0x000000671b500000,0x000000671b600000)]
  0x0000021dff0ca670 JavaThread "Common-Cleaner" daemon [_thread_blocked, id=11088, stack(0x000000671b600000,0x000000671b700000)]
  0x0000021dff0ced80 JavaThread "Notification Thread" daemon [_thread_blocked, id=19072, stack(0x000000671b700000,0x000000671b800000)]
  0x0000021d801f1480 JavaThread "Daemon health stats" [_thread_blocked, id=16100, stack(0x000000671bc00000,0x000000671bd00000)]
  0x0000021d80368060 JavaThread "Incoming local TCP Connector on port 50382" [_thread_in_native, id=15220, stack(0x000000671bd00000,0x000000671be00000)]
  0x0000021d8064c020 JavaThread "Daemon periodic checks" [_thread_blocked, id=11648, stack(0x000000671be00000,0x000000671bf00000)]
  0x0000021dff80d430 JavaThread "Daemon" [_thread_blocked, id=4932, stack(0x000000671bf00000,0x000000671c000000)]
  0x0000021d812ebcb0 JavaThread "Handler for socket connection from /127.0.0.1:50382 to /127.0.0.1:50383" [_thread_in_native, id=18636, stack(0x000000671c000000,0x000000671c100000)]
  0x0000021d80352860 JavaThread "Cancel handler" [_thread_blocked, id=3768, stack(0x000000671c100000,0x000000671c200000)]
  0x0000021dff1ce660 JavaThread "Daemon worker" [_thread_blocked, id=2272, stack(0x000000671c200000,0x000000671c300000)]
  0x0000021d8008ee30 JavaThread "Asynchronous log dispatcher for DefaultDaemonConnection: socket connection from /127.0.0.1:50382 to /127.0.0.1:50383" [_thread_blocked, id=6792, stack(0x000000671c300000,0x000000671c400000)]
  0x0000021d8008e490 JavaThread "Stdin handler" [_thread_blocked, id=5976, stack(0x000000671c400000,0x000000671c500000)]
  0x0000021d8008cc80 JavaThread "Daemon client event forwarder" [_thread_blocked, id=9244, stack(0x000000671c500000,0x000000671c600000)]
  0x0000021d8008d150 JavaThread "Cache worker for journal cache (C:\Users\songe\.gradle\caches\journal-1)" [_thread_blocked, id=7468, stack(0x000000671c600000,0x000000671c700000)]
  0x0000021d8008c2e0 JavaThread "File lock request listener" [_thread_in_native, id=17844, stack(0x000000671c700000,0x000000671c800000)]
  0x0000021d8008e960 JavaThread "Cache worker for file hash cache (C:\Users\songe\.gradle\caches\7.5.1\fileHashes)" [_thread_blocked, id=15792, stack(0x000000671c800000,0x000000671c900000)]
  0x0000021d8008f300 JavaThread "File watcher server" daemon [_thread_in_native, id=10336, stack(0x000000671c900000,0x000000671ca00000)]
  0x0000021d8008fca0 JavaThread "File watcher consumer" daemon [_thread_blocked, id=16284, stack(0x000000671ca00000,0x000000671cb00000)]
  0x0000021d8008c7b0 JavaThread "Cache worker for checksums cache (C:\Users\songe\source\repos\SAMSV2\android\.gradle\7.5.1\checksums)" [_thread_blocked, id=15920, stack(0x000000671cb00000,0x000000671cc00000)]
  0x0000021d8008d620 JavaThread "Cache worker for cache directory md-rule (C:\Users\songe\.gradle\caches\7.5.1\md-rule)" [_thread_blocked, id=8256, stack(0x000000671cc00000,0x000000671cd00000)]
  0x0000021d8008f7d0 JavaThread "Cache worker for file content cache (C:\Users\songe\.gradle\caches\7.5.1\fileContent)" [_thread_blocked, id=18928, stack(0x000000671cd00000,0x000000671ce00000)]
  0x0000021d8008daf0 JavaThread "Cache worker for file hash cache (C:\Users\songe\source\repos\SAMSV2\android\.gradle\7.5.1\fileHashes)" [_thread_blocked, id=18368, stack(0x000000671ce00000,0x000000671cf00000)]
  0x0000021d8008dfc0 JavaThread "Cache worker for cache directory md-supplier (C:\Users\songe\.gradle\caches\7.5.1\md-supplier)" [_thread_blocked, id=11020, stack(0x000000671cf00000,0x000000671d000000)]
  0x0000021d82037560 JavaThread "Cache worker for execution history cache (C:\Users\songe\.gradle\caches\7.5.1\executionHistory)" [_thread_blocked, id=16024, stack(0x000000671d100000,0x000000671d200000)]
  0x0000021d82037090 JavaThread "jar transforms" [_thread_blocked, id=1160, stack(0x000000671d200000,0x000000671d300000)]
  0x0000021d82037f00 JavaThread "jar transforms Thread 2" [_thread_blocked, id=19404, stack(0x000000671d300000,0x000000671d400000)]
  0x0000021d8203a580 JavaThread "jar transforms Thread 3" [_thread_blocked, id=8956, stack(0x000000671d000000,0x000000671d100000)]
  0x0000021d8203af20 JavaThread "jar transforms Thread 4" [_thread_blocked, id=8768, stack(0x000000671d400000,0x000000671d500000)]
  0x0000021d82034070 JavaThread "File lock release action executor" [_thread_blocked, id=6020, stack(0x000000671d700000,0x000000671d800000)]
  0x0000021d8203b3f0 JavaThread "Cache worker for kotlin-dsl (C:\Users\songe\.gradle\caches\7.5.1\kotlin-dsl)" [_thread_blocked, id=18072, stack(0x000000671a400000,0x000000671a500000)]
  0x0000021d82035d50 JavaThread "Cache worker for dependencies-accessors (C:\Users\songe\source\repos\SAMSV2\android\.gradle\7.5.1\dependencies-accessors)" [_thread_blocked, id=7436, stack(0x000000671a500000,0x000000671a600000)]
  0x0000021d820388a0 JavaThread "Cache worker for Build Output Cleanup Cache (C:\Users\songe\source\repos\SAMSV2\node_modules\react-native-gradle-plugin\.gradle\buildOutputCleanup)" [_thread_blocked, id=10712, stack(0x000000671d800000,0x000000671d900000)]
  0x0000021d82039240 JavaThread "Unconstrained build operations" [_thread_blocked, id=16908, stack(0x000000671d900000,0x000000671da00000)]
  0x0000021d82034540 JavaThread "Unconstrained build operations Thread 2" [_thread_blocked, id=10392, stack(0x000000671da00000,0x000000671db00000)]
  0x0000021d82034ee0 JavaThread "Unconstrained build operations Thread 3" [_thread_blocked, id=5728, stack(0x000000671db00000,0x000000671dc00000)]
  0x0000021d82036220 JavaThread "Unconstrained build operations Thread 4" [_thread_blocked, id=14388, stack(0x000000671dc00000,0x000000671dd00000)]
  0x0000021d820353b0 JavaThread "Unconstrained build operations Thread 5" [_thread_blocked, id=18912, stack(0x000000671dd00000,0x000000671de00000)]
  0x0000021d820366f0 JavaThread "Unconstrained build operations Thread 6" [_thread_blocked, id=6268, stack(0x000000671de00000,0x000000671df00000)]
  0x0000021d8203a0b0 JavaThread "Unconstrained build operations Thread 7" [_thread_blocked, id=7424, stack(0x000000671df00000,0x000000671e000000)]
  0x0000021d82038d70 JavaThread "Unconstrained build operations Thread 8" [_thread_blocked, id=13400, stack(0x000000671e000000,0x000000671e100000)]
  0x0000021d82039710 JavaThread "Unconstrained build operations Thread 9" [_thread_blocked, id=17080, stack(0x000000671e100000,0x000000671e200000)]
  0x0000021d82036bc0 JavaThread "Unconstrained build operations Thread 10" [_thread_blocked, id=7688, stack(0x000000671e200000,0x000000671e300000)]
  0x0000021d82039be0 JavaThread "Unconstrained build operations Thread 11" [_thread_blocked, id=8580, stack(0x000000671e300000,0x000000671e400000)]
  0x0000021d817229f0 JavaThread "Unconstrained build operations Thread 12" [_thread_blocked, id=13096, stack(0x000000671e400000,0x000000671e500000)]
  0x0000021d81722050 JavaThread "Unconstrained build operations Thread 13" [_thread_blocked, id=13576, stack(0x000000671e500000,0x000000671e600000)]
  0x0000021d81725540 JavaThread "Unconstrained build operations Thread 14" [_thread_blocked, id=9148, stack(0x000000671e600000,0x000000671e700000)]
  0x0000021d81725a10 JavaThread "Unconstrained build operations Thread 15" [_thread_blocked, id=17664, stack(0x000000671e700000,0x000000671e800000)]
  0x0000021d81722520 JavaThread "Unconstrained build operations Thread 16" [_thread_blocked, id=18692, stack(0x000000671e800000,0x000000671e900000)]
  0x0000021d81722ec0 JavaThread "Unconstrained build operations Thread 17" [_thread_blocked, id=13288, stack(0x000000671e900000,0x000000671ea00000)]
  0x0000021d81723390 JavaThread "Unconstrained build operations Thread 18" [_thread_blocked, id=18672, stack(0x000000671ea00000,0x000000671eb00000)]
  0x0000021d81723860 JavaThread "Unconstrained build operations Thread 19" [_thread_blocked, id=5888, stack(0x000000671eb00000,0x000000671ec00000)]
  0x0000021d81724200 JavaThread "Unconstrained build operations Thread 20" [_thread_blocked, id=9164, stack(0x000000671ec00000,0x000000671ed00000)]
  0x0000021d81723d30 JavaThread "Unconstrained build operations Thread 21" [_thread_blocked, id=12176, stack(0x000000671ed00000,0x000000671ee00000)]
  0x0000021d817246d0 JavaThread "Unconstrained build operations Thread 22" [_thread_blocked, id=14776, stack(0x000000671ee00000,0x000000671ef00000)]
  0x0000021d81724ba0 JavaThread "Unconstrained build operations Thread 23" [_thread_blocked, id=18252, stack(0x000000671ef00000,0x000000671f000000)]
  0x0000021d81725070 JavaThread "Unconstrained build operations Thread 24" [_thread_blocked, id=6692, stack(0x000000671f000000,0x000000671f100000)]
  0x0000021d81f5ed40 JavaThread "Unconstrained build operations Thread 25" [_thread_blocked, id=15980, stack(0x000000671f100000,0x000000671f200000)]
  0x0000021d81f60a20 JavaThread "Unconstrained build operations Thread 26" [_thread_blocked, id=17272, stack(0x000000671f200000,0x000000671f300000)]
  0x0000021d81f60ef0 JavaThread "Unconstrained build operations Thread 27" [_thread_blocked, id=19112, stack(0x000000671f300000,0x000000671f400000)]
  0x0000021d81f630a0 JavaThread "Unconstrained build operations Thread 28" [_thread_blocked, id=17764, stack(0x000000671f400000,0x000000671f500000)]
  0x0000021d81f5f210 JavaThread "Unconstrained build operations Thread 29" [_thread_blocked, id=16840, stack(0x000000671f500000,0x000000671f600000)]
  0x0000021d81f62230 JavaThread "Unconstrained build operations Thread 30" [_thread_blocked, id=10028, stack(0x000000671f600000,0x000000671f700000)]
  0x0000021d81f5e3a0 JavaThread "Unconstrained build operations Thread 31" [_thread_blocked, id=13424, stack(0x000000671f700000,0x000000671f800000)]
  0x0000021d81f648b0 JavaThread "Unconstrained build operations Thread 32" [_thread_blocked, id=528, stack(0x000000671f800000,0x000000671f900000)]
  0x0000021d81f62700 JavaThread "Unconstrained build operations Thread 33" [_thread_blocked, id=18076, stack(0x000000671f900000,0x000000671fa00000)]
  0x0000021d81f5d060 JavaThread "build event listener" [_thread_blocked, id=18488, stack(0x000000671fa00000,0x000000671fb00000)]
  0x0000021d81f613c0 JavaThread "Memory manager" [_thread_blocked, id=2480, stack(0x000000671fb00000,0x000000671fc00000)]
  0x0000021d81f5fbb0 JavaThread "Cache worker for Build Output Cleanup Cache (C:\Users\songe\source\repos\SAMSV2\android\.gradle\buildOutputCleanup)" [_thread_blocked, id=9816, stack(0x000000671fc00000,0x000000671fd00000)]
  0x0000021d81f63570 JavaThread "included builds" [_thread_blocked, id=17580, stack(0x000000671fd00000,0x000000671fe00000)]
  0x0000021d81f61890 JavaThread "Execution worker" [_thread_blocked, id=10492, stack(0x000000671fe00000,0x000000671ff00000)]
  0x0000021d81f60080 JavaThread "Execution worker Thread 2" [_thread_blocked, id=2232, stack(0x000000671ff00000,0x0000006720000000)]
  0x0000021d81f5e870 JavaThread "Execution worker Thread 3" [_thread_blocked, id=14868, stack(0x0000006720000000,0x0000006720100000)]
  0x0000021d81f61d60 JavaThread "Cache worker for execution history cache (C:\Users\songe\source\repos\SAMSV2\node_modules\react-native-gradle-plugin\.gradle\7.5.1\executionHistory)" [_thread_blocked, id=11864, stack(0x0000006720100000,0x0000006720200000)]
  0x0000021d81f63a40 JavaThread "Unconstrained build operations Thread 34" [_thread_blocked, id=6048, stack(0x0000006720200000,0x0000006720300000)]
  0x0000021d81f643e0 JavaThread "Unconstrained build operations Thread 35" [_thread_blocked, id=17400, stack(0x0000006720300000,0x0000006720400000)]
  0x0000021d81f60550 JavaThread "Unconstrained build operations Thread 36" [_thread_blocked, id=2448, stack(0x0000006720400000,0x0000006720500000)]
  0x0000021d81f5da00 JavaThread "Unconstrained build operations Thread 37" [_thread_blocked, id=17860, stack(0x0000006720500000,0x0000006720600000)]
  0x0000021d81f5ded0 JavaThread "Unconstrained build operations Thread 38" [_thread_blocked, id=15392, stack(0x0000006720600000,0x0000006720700000)]
  0x0000021d81f5f6e0 JavaThread "Unconstrained build operations Thread 39" [_thread_blocked, id=10344, stack(0x0000006720700000,0x0000006720800000)]
  0x0000021d84aedc00 JavaThread "Unconstrained build operations Thread 40" [_thread_blocked, id=3164, stack(0x0000006720800000,0x0000006720900000)]

Other Threads:
=>0x0000021dfe632e60 VMThread "VM Thread" [stack: 0x000000671ac00000,0x000000671ad00000] [id=11972]
  0x0000021dff0cf250 WatcherThread [stack: 0x000000671b800000,0x000000671b900000] [id=8864]
  0x0000021de0b10fc0 GCTaskThread "GC Thread#0" [stack: 0x000000671a700000,0x000000671a800000] [id=11604]
  0x0000021dff242e70 GCTaskThread "GC Thread#1" [stack: 0x000000671b900000,0x000000671ba00000] [id=3128]
  0x0000021dff112e00 GCTaskThread "GC Thread#2" [stack: 0x000000671ba00000,0x000000671bb00000] [id=17908]
  0x0000021dffb0cf70 GCTaskThread "GC Thread#3" [stack: 0x000000671bb00000,0x000000671bc00000] [id=1180]
  0x0000021de0b21f00 ConcurrentGCThread "G1 Main Marker" [stack: 0x000000671a800000,0x000000671a900000] [id=644]
  0x0000021de0b22910 ConcurrentGCThread "G1 Conc#0" [stack: 0x000000671a900000,0x000000671aa00000] [id=19056]
  0x0000021de0b77880 ConcurrentGCThread "G1 Refine#0" [stack: 0x000000671aa00000,0x000000671ab00000] [id=6876]
  0x0000021dfe4f03f0 ConcurrentGCThread "G1 Service" [stack: 0x000000671ab00000,0x000000671ac00000] [id=18132]

Threads with active compile tasks:
C2 CompilerThread0   160374 12220       4       java.lang.StringBuilder::append (6 bytes)

VM state: at safepoint (normal execution)

VM Mutex/Monitor currently owned by a thread:  ([mutex/lock_event])
[0x0000021de0ab09d0] Threads_lock - owner thread: 0x0000021dfe632e60
[0x0000021de0ab1bd0] Heap_lock - owner thread: 0x0000021dff1ce660

Heap address: 0x0000000080000000, size: 2048 MB, Compressed Oops mode: 32-bit

CDS archive(s) mapped at: [0x0000000800000000-0x0000000800bc0000-0x0000000800bc0000), size 12320768, SharedBaseAddress: 0x0000000800000000, ArchiveRelocationMode: 0.
Compressed class space mapped at: 0x0000000800c00000-0x000000081a800000, reserved size: 432013312
Narrow klass base: 0x0000000800000000, Narrow klass shift: 0, Narrow klass range: 0x100000000

GC Precious Log:
 CPUs: 4 total, 4 available
 Memory: 8089M
 Large Page Support: Disabled
 NUMA Support: Disabled
 Compressed Oops: Enabled (32-bit)
 Heap Region Size: 1M
 Heap Min Capacity: 8M
 Heap Initial Capacity: 128M
 Heap Max Capacity: 2G
 Pre-touch: Disabled
 Parallel Workers: 4
 Concurrent Workers: 1
 Concurrent Refinement Workers: 4
 Periodic GC: Disabled

Heap:
 garbage-first heap   total 239616K, used 136707K [0x0000000080000000, 0x0000000100000000)
  region size 1024K, 1 young (1024K), 1 survivors (1024K)
 Metaspace       used 88082K, committed 89088K, reserved 503808K
  class space    used 12189K, committed 12672K, reserved 421888K

Heap Regions: E=young(eden), S=young(survivor), O=old, HS=humongous(starts), HC=humongous(continues), CS=collection set, F=free, OA=open archive, CA=closed archive, TAMS=top-at-mark-start (previous, next)
|   0|0x0000000080000000, 0x0000000080100000, 0x0000000080100000|100%|HS|  |TAMS 0x0000000080100000, 0x0000000080000000| Complete 
|   1|0x0000000080100000, 0x0000000080200000, 0x0000000080200000|100%|HC|  |TAMS 0x0000000080200000, 0x0000000080100000| Complete 
|   2|0x0000000080200000, 0x0000000080300000, 0x0000000080300000|100%|HC|  |TAMS 0x0000000080300000, 0x0000000080200000| Complete 
|   3|0x0000000080300000, 0x0000000080400000, 0x0000000080400000|100%| O|  |TAMS 0x0000000080400000, 0x0000000080300000| Untracked 
|   4|0x0000000080400000, 0x0000000080500000, 0x0000000080500000|100%| O|  |TAMS 0x0000000080500000, 0x0000000080400000| Untracked 
|   5|0x0000000080500000, 0x0000000080600000, 0x0000000080600000|100%| O|  |TAMS 0x0000000080600000, 0x0000000080500000| Untracked 
|   6|0x0000000080600000, 0x0000000080700000, 0x0000000080700000|100%| O|  |TAMS 0x0000000080700000, 0x0000000080600000| Untracked 
|   7|0x0000000080700000, 0x0000000080800000, 0x0000000080800000|100%| O|  |TAMS 0x0000000080800000, 0x0000000080700000| Untracked 
|   8|0x0000000080800000, 0x0000000080900000, 0x0000000080900000|100%| O|  |TAMS 0x0000000080900000, 0x0000000080800000| Untracked 
|   9|0x0000000080900000, 0x0000000080a00000, 0x0000000080a00000|100%| O|  |TAMS 0x0000000080a00000, 0x0000000080900000| Untracked 
|  10|0x0000000080a00000, 0x0000000080b00000, 0x0000000080b00000|100%| O|  |TAMS 0x0000000080b00000, 0x0000000080a00000| Untracked 
|  11|0x0000000080b00000, 0x0000000080b00000, 0x0000000080c00000|  0%| F|  |TAMS 0x0000000080b00000, 0x0000000080b00000| Untracked 
|  12|0x0000000080c00000, 0x0000000080d00000, 0x0000000080d00000|100%| O|  |TAMS 0x0000000080d00000, 0x0000000080c00000| Untracked 
|  13|0x0000000080d00000, 0x0000000080e00000, 0x0000000080e00000|100%| O|  |TAMS 0x0000000080e00000, 0x0000000080d00000| Untracked 
|  14|0x0000000080e00000, 0x0000000080f00000, 0x0000000080f00000|100%| O|  |TAMS 0x0000000080f00000, 0x0000000080e00000| Untracked 
|  15|0x0000000080f00000, 0x0000000081000000, 0x0000000081000000|100%| O|  |TAMS 0x0000000081000000, 0x0000000080f00000| Untracked 
|  16|0x0000000081000000, 0x0000000081100000, 0x0000000081100000|100%| O|  |TAMS 0x0000000081100000, 0x0000000081000000| Untracked 
|  17|0x0000000081100000, 0x0000000081200000, 0x0000000081200000|100%| O|  |TAMS 0x0000000081200000, 0x0000000081100000| Untracked 
|  18|0x0000000081200000, 0x0000000081300000, 0x0000000081300000|100%| O|  |TAMS 0x0000000081300000, 0x0000000081200000| Untracked 
|  19|0x0000000081300000, 0x0000000081400000, 0x0000000081400000|100%| O|  |TAMS 0x0000000081400000, 0x0000000081300000| Untracked 
|  20|0x0000000081400000, 0x0000000081500000, 0x0000000081500000|100%| O|  |TAMS 0x0000000081500000, 0x0000000081400000| Untracked 
|  21|0x0000000081500000, 0x0000000081600000, 0x0000000081600000|100%| O|  |TAMS 0x0000000081600000, 0x0000000081500000| Untracked 
|  22|0x0000000081600000, 0x0000000081700000, 0x0000000081700000|100%| O|  |TAMS 0x0000000081700000, 0x0000000081600000| Untracked 
|  23|0x0000000081700000, 0x0000000081800000, 0x0000000081800000|100%| O|  |TAMS 0x0000000081800000, 0x0000000081700000| Untracked 
|  24|0x0000000081800000, 0x0000000081900000, 0x0000000081900000|100%| O|  |TAMS 0x0000000081900000, 0x0000000081800000| Untracked 
|  25|0x0000000081900000, 0x0000000081a00000, 0x0000000081a00000|100%| O|  |TAMS 0x0000000081a00000, 0x0000000081900000| Untracked 
|  26|0x0000000081a00000, 0x0000000081b00000, 0x0000000081b00000|100%| O|  |TAMS 0x0000000081b00000, 0x0000000081a00000| Untracked 
|  27|0x0000000081b00000, 0x0000000081c00000, 0x0000000081c00000|100%|HS|  |TAMS 0x0000000081c00000, 0x0000000081b00000| Complete 
|  28|0x0000000081c00000, 0x0000000081c00000, 0x0000000081d00000|  0%| F|  |TAMS 0x0000000081c00000, 0x0000000081c00000| Untracked 
|  29|0x0000000081d00000, 0x0000000081e00000, 0x0000000081e00000|100%| O|  |TAMS 0x0000000081e00000, 0x0000000081d00000| Untracked 
|  30|0x0000000081e00000, 0x0000000081f00000, 0x0000000081f00000|100%| O|  |TAMS 0x0000000081f00000, 0x0000000081e00000| Untracked 
|  31|0x0000000081f00000, 0x0000000082000000, 0x0000000082000000|100%| O|  |TAMS 0x0000000082000000, 0x0000000081f00000| Untracked 
|  32|0x0000000082000000, 0x0000000082100000, 0x0000000082100000|100%| O|  |TAMS 0x0000000082100000, 0x0000000082000000| Untracked 
|  33|0x0000000082100000, 0x0000000082200000, 0x0000000082200000|100%| O|  |TAMS 0x0000000082200000, 0x0000000082100000| Untracked 
|  34|0x0000000082200000, 0x0000000082300000, 0x0000000082300000|100%| O|  |TAMS 0x0000000082300000, 0x0000000082200000| Untracked 
|  35|0x0000000082300000, 0x0000000082400000, 0x0000000082400000|100%| O|  |TAMS 0x0000000082400000, 0x0000000082300000| Untracked 
|  36|0x0000000082400000, 0x0000000082500000, 0x0000000082500000|100%| O|  |TAMS 0x0000000082500000, 0x0000000082400000| Untracked 
|  37|0x0000000082500000, 0x0000000082600000, 0x0000000082600000|100%| O|  |TAMS 0x0000000082600000, 0x0000000082500000| Untracked 
|  38|0x0000000082600000, 0x0000000082700000, 0x0000000082700000|100%|HS|  |TAMS 0x0000000082700000, 0x0000000082600000| Complete 
|  39|0x0000000082700000, 0x0000000082800000, 0x0000000082800000|100%|HC|  |TAMS 0x0000000082800000, 0x0000000082700000| Complete 
|  40|0x0000000082800000, 0x0000000082900000, 0x0000000082900000|100%|HC|  |TAMS 0x0000000082900000, 0x0000000082800000| Complete 
|  41|0x0000000082900000, 0x0000000082a00000, 0x0000000082a00000|100%| O|  |TAMS 0x0000000082a00000, 0x0000000082900000| Untracked 
|  42|0x0000000082a00000, 0x0000000082b00000, 0x0000000082b00000|100%| O|  |TAMS 0x0000000082b00000, 0x0000000082a00000| Untracked 
|  43|0x0000000082b00000, 0x0000000082c00000, 0x0000000082c00000|100%| O|  |TAMS 0x0000000082c00000, 0x0000000082b00000| Untracked 
|  44|0x0000000082c00000, 0x0000000082d00000, 0x0000000082d00000|100%| O|  |TAMS 0x0000000082d00000, 0x0000000082c00000| Untracked 
|  45|0x0000000082d00000, 0x0000000082e00000, 0x0000000082e00000|100%| O|  |TAMS 0x0000000082e00000, 0x0000000082d00000| Untracked 
|  46|0x0000000082e00000, 0x0000000082f00000, 0x0000000082f00000|100%| O|  |TAMS 0x0000000082f00000, 0x0000000082e00000| Untracked 
|  47|0x0000000082f00000, 0x0000000083000000, 0x0000000083000000|100%| O|  |TAMS 0x0000000083000000, 0x0000000082f00000| Untracked 
|  48|0x0000000083000000, 0x0000000083100000, 0x0000000083100000|100%| O|  |TAMS 0x0000000083100000, 0x0000000083000000| Untracked 
|  49|0x0000000083100000, 0x0000000083200000, 0x0000000083200000|100%| O|  |TAMS 0x0000000083200000, 0x0000000083100000| Untracked 
|  50|0x0000000083200000, 0x0000000083300000, 0x0000000083300000|100%| O|  |TAMS 0x0000000083300000, 0x0000000083200000| Untracked 
|  51|0x0000000083300000, 0x0000000083400000, 0x0000000083400000|100%| O|  |TAMS 0x0000000083400000, 0x0000000083300000| Untracked 
|  52|0x0000000083400000, 0x0000000083500000, 0x0000000083500000|100%| O|  |TAMS 0x0000000083500000, 0x0000000083400000| Untracked 
|  53|0x0000000083500000, 0x0000000083600000, 0x0000000083600000|100%| O|  |TAMS 0x0000000083600000, 0x0000000083500000| Untracked 
|  54|0x0000000083600000, 0x0000000083700000, 0x0000000083700000|100%|HS|  |TAMS 0x0000000083700000, 0x0000000083600000| Complete 
|  55|0x0000000083700000, 0x0000000083800000, 0x0000000083800000|100%| O|  |TAMS 0x0000000083800000, 0x0000000083700000| Untracked 
|  56|0x0000000083800000, 0x0000000083900000, 0x0000000083900000|100%| O|  |TAMS 0x0000000083900000, 0x0000000083800000| Untracked 
|  57|0x0000000083900000, 0x0000000083a00000, 0x0000000083a00000|100%|HS|  |TAMS 0x0000000083a00000, 0x0000000083900000| Complete 
|  58|0x0000000083a00000, 0x0000000083b00000, 0x0000000083b00000|100%| O|  |TAMS 0x0000000083b00000, 0x0000000083a00000| Untracked 
|  59|0x0000000083b00000, 0x0000000083c00000, 0x0000000083c00000|100%| O|  |TAMS 0x0000000083c00000, 0x0000000083b00000| Untracked 
|  60|0x0000000083c00000, 0x0000000083d00000, 0x0000000083d00000|100%| O|  |TAMS 0x0000000083d00000, 0x0000000083c00000| Untracked 
|  61|0x0000000083d00000, 0x0000000083e00000, 0x0000000083e00000|100%| O|  |TAMS 0x0000000083e00000, 0x0000000083d00000| Untracked 
|  62|0x0000000083e00000, 0x0000000083f00000, 0x0000000083f00000|100%|HS|  |TAMS 0x0000000083f00000, 0x0000000083e00000| Complete 
|  63|0x0000000083f00000, 0x0000000084000000, 0x0000000084000000|100%|HC|  |TAMS 0x0000000084000000, 0x0000000083f00000| Complete 
|  64|0x0000000084000000, 0x0000000084100000, 0x0000000084100000|100%| O|  |TAMS 0x0000000084100000, 0x0000000084000000| Untracked 
|  65|0x0000000084100000, 0x0000000084200000, 0x0000000084200000|100%| O|  |TAMS 0x0000000084200000, 0x0000000084100000| Untracked 
|  66|0x0000000084200000, 0x0000000084300000, 0x0000000084300000|100%| O|  |TAMS 0x0000000084300000, 0x0000000084200000| Untracked 
|  67|0x0000000084300000, 0x0000000084400000, 0x0000000084400000|100%| O|  |TAMS 0x0000000084400000, 0x0000000084300000| Untracked 
|  68|0x0000000084400000, 0x0000000084500000, 0x0000000084500000|100%| O|  |TAMS 0x0000000084500000, 0x0000000084400000| Untracked 
|  69|0x0000000084500000, 0x0000000084600000, 0x0000000084600000|100%| O|  |TAMS 0x0000000084600000, 0x0000000084500000| Untracked 
|  70|0x0000000084600000, 0x0000000084700000, 0x0000000084700000|100%| O|  |TAMS 0x0000000084700000, 0x0000000084600000| Untracked 
|  71|0x0000000084700000, 0x0000000084800000, 0x0000000084800000|100%| O|  |TAMS 0x0000000084800000, 0x0000000084700000| Untracked 
|  72|0x0000000084800000, 0x0000000084900000, 0x0000000084900000|100%| O|  |TAMS 0x0000000084900000, 0x0000000084800000| Untracked 
|  73|0x0000000084900000, 0x0000000084a00000, 0x0000000084a00000|100%| O|  |TAMS 0x0000000084a00000, 0x0000000084900000| Untracked 
|  74|0x0000000084a00000, 0x0000000084b00000, 0x0000000084b00000|100%| O|  |TAMS 0x0000000084b00000, 0x0000000084a00000| Untracked 
|  75|0x0000000084b00000, 0x0000000084c00000, 0x0000000084c00000|100%| O|  |TAMS 0x0000000084c00000, 0x0000000084b00000| Untracked 
|  76|0x0000000084c00000, 0x0000000084d00000, 0x0000000084d00000|100%| O|  |TAMS 0x0000000084d00000, 0x0000000084c00000| Untracked 
|  77|0x0000000084d00000, 0x0000000084e00000, 0x0000000084e00000|100%| O|  |TAMS 0x0000000084e00000, 0x0000000084d00000| Untracked 
|  78|0x0000000084e00000, 0x0000000084f00000, 0x0000000084f00000|100%| O|  |TAMS 0x0000000084f00000, 0x0000000084e00000| Untracked 
|  79|0x0000000084f00000, 0x0000000085000000, 0x0000000085000000|100%| O|  |TAMS 0x0000000085000000, 0x0000000084f00000| Untracked 
|  80|0x0000000085000000, 0x0000000085100000, 0x0000000085100000|100%| O|  |TAMS 0x0000000085100000, 0x0000000085000000| Untracked 
|  81|0x0000000085100000, 0x0000000085200000, 0x0000000085200000|100%| O|  |TAMS 0x0000000085200000, 0x0000000085100000| Untracked 
|  82|0x0000000085200000, 0x0000000085300000, 0x0000000085300000|100%| O|  |TAMS 0x0000000085300000, 0x0000000085200000| Untracked 
|  83|0x0000000085300000, 0x0000000085400000, 0x0000000085400000|100%| O|  |TAMS 0x0000000085400000, 0x0000000085300000| Untracked 
|  84|0x0000000085400000, 0x0000000085500000, 0x0000000085500000|100%| O|  |TAMS 0x0000000085500000, 0x0000000085400000| Untracked 
|  85|0x0000000085500000, 0x0000000085600000, 0x0000000085600000|100%| O|  |TAMS 0x0000000085600000, 0x0000000085500000| Untracked 
|  86|0x0000000085600000, 0x0000000085700000, 0x0000000085700000|100%| O|  |TAMS 0x0000000085700000, 0x0000000085600000| Untracked 
|  87|0x0000000085700000, 0x0000000085800000, 0x0000000085800000|100%| O|  |TAMS 0x0000000085800000, 0x0000000085700000| Untracked 
|  88|0x0000000085800000, 0x0000000085900000, 0x0000000085900000|100%| O|  |TAMS 0x0000000085900000, 0x0000000085800000| Untracked 
|  89|0x0000000085900000, 0x0000000085a00000, 0x0000000085a00000|100%| O|  |TAMS 0x0000000085a00000, 0x0000000085900000| Untracked 
|  90|0x0000000085a00000, 0x0000000085b00000, 0x0000000085b00000|100%| O|  |TAMS 0x0000000085b00000, 0x0000000085a00000| Untracked 
|  91|0x0000000085b00000, 0x0000000085c00000, 0x0000000085c00000|100%| O|  |TAMS 0x0000000085c00000, 0x0000000085b00000| Untracked 
|  92|0x0000000085c00000, 0x0000000085d00000, 0x0000000085d00000|100%| O|  |TAMS 0x0000000085d00000, 0x0000000085c00000| Untracked 
|  93|0x0000000085d00000, 0x0000000085e00000, 0x0000000085e00000|100%| O|  |TAMS 0x0000000085d00000, 0x0000000085d00000| Untracked 
|  94|0x0000000085e00000, 0x0000000085f00000, 0x0000000085f00000|100%| O|  |TAMS 0x0000000085e00000, 0x0000000085e00000| Untracked 
|  95|0x0000000085f00000, 0x0000000086000000, 0x0000000086000000|100%| O|  |TAMS 0x0000000086000000, 0x0000000085f00000| Untracked 
|  96|0x0000000086000000, 0x0000000086100000, 0x0000000086100000|100%| O|  |TAMS 0x0000000086100000, 0x0000000086000000| Untracked 
|  97|0x0000000086100000, 0x0000000086200000, 0x0000000086200000|100%| O|  |TAMS 0x0000000086200000, 0x0000000086100000| Untracked 
|  98|0x0000000086200000, 0x0000000086300000, 0x0000000086300000|100%| O|  |TAMS 0x0000000086300000, 0x0000000086200000| Untracked 
|  99|0x0000000086300000, 0x0000000086400000, 0x0000000086400000|100%| O|  |TAMS 0x0000000086400000, 0x0000000086300000| Untracked 
| 100|0x0000000086400000, 0x0000000086500000, 0x0000000086500000|100%| O|  |TAMS 0x0000000086500000, 0x0000000086400000| Untracked 
| 101|0x0000000086500000, 0x0000000086600000, 0x0000000086600000|100%|HS|  |TAMS 0x0000000086600000, 0x0000000086500000| Complete 
| 102|0x0000000086600000, 0x0000000086700000, 0x0000000086700000|100%|HS|  |TAMS 0x0000000086700000, 0x0000000086600000| Complete 
| 103|0x0000000086700000, 0x0000000086800000, 0x0000000086800000|100%|HS|  |TAMS 0x0000000086800000, 0x0000000086700000| Complete 
| 104|0x0000000086800000, 0x0000000086900000, 0x0000000086900000|100%|HS|  |TAMS 0x0000000086900000, 0x0000000086800000| Complete 
| 105|0x0000000086900000, 0x0000000086a00000, 0x0000000086a00000|100%|HC|  |TAMS 0x0000000086a00000, 0x0000000086900000| Complete 
| 106|0x0000000086a00000, 0x0000000086b00000, 0x0000000086b00000|100%|HC|  |TAMS 0x0000000086b00000, 0x0000000086a00000| Complete 
| 107|0x0000000086b00000, 0x0000000086c00000, 0x0000000086c00000|100%| O|  |TAMS 0x0000000086c00000, 0x0000000086b00000| Untracked 
| 108|0x0000000086c00000, 0x0000000086d00000, 0x0000000086d00000|100%| O|  |TAMS 0x0000000086d00000, 0x0000000086c00000| Untracked 
| 109|0x0000000086d00000, 0x0000000086e00000, 0x0000000086e00000|100%| O|  |TAMS 0x0000000086e00000, 0x0000000086d00000| Untracked 
| 110|0x0000000086e00000, 0x0000000086f00000, 0x0000000086f00000|100%| O|  |TAMS 0x0000000086f00000, 0x0000000086e00000| Untracked 
| 111|0x0000000086f00000, 0x0000000087000000, 0x0000000087000000|100%| O|  |TAMS 0x0000000087000000, 0x0000000086f00000| Untracked 
| 112|0x0000000087000000, 0x0000000087100000, 0x0000000087100000|100%| O|  |TAMS 0x0000000087100000, 0x0000000087000000| Untracked 
| 113|0x0000000087100000, 0x0000000087200000, 0x0000000087200000|100%| O|  |TAMS 0x0000000087200000, 0x0000000087100000| Untracked 
| 114|0x0000000087200000, 0x0000000087300000, 0x0000000087300000|100%| O|  |TAMS 0x0000000087300000, 0x0000000087200000| Untracked 
| 115|0x0000000087300000, 0x0000000087400000, 0x0000000087400000|100%| O|  |TAMS 0x0000000087370400, 0x0000000087300000| Untracked 
| 116|0x0000000087400000, 0x0000000087500000, 0x0000000087500000|100%| O|  |TAMS 0x0000000087400000, 0x0000000087400000| Untracked 
| 117|0x0000000087500000, 0x0000000087600000, 0x0000000087600000|100%|HS|  |TAMS 0x0000000087500000, 0x0000000087500000| Complete 
| 118|0x0000000087600000, 0x0000000087700000, 0x0000000087700000|100%|HS|  |TAMS 0x0000000087600000, 0x0000000087600000| Complete 
| 119|0x0000000087700000, 0x0000000087800000, 0x0000000087800000|100%|HS|  |TAMS 0x0000000087700000, 0x0000000087700000| Complete 
| 120|0x0000000087800000, 0x0000000087900000, 0x0000000087900000|100%|HC|  |TAMS 0x0000000087800000, 0x0000000087800000| Complete 
| 121|0x0000000087900000, 0x0000000087a00000, 0x0000000087a00000|100%|HC|  |TAMS 0x0000000087900000, 0x0000000087900000| Complete 
| 122|0x0000000087a00000, 0x0000000087b00000, 0x0000000087b00000|100%| O|  |TAMS 0x0000000087a00000, 0x0000000087a00000| Untracked 
| 123|0x0000000087b00000, 0x0000000087c00000, 0x0000000087c00000|100%| O|  |TAMS 0x0000000087b00000, 0x0000000087b00000| Untracked 
| 124|0x0000000087c00000, 0x0000000087d00000, 0x0000000087d00000|100%| O|  |TAMS 0x0000000087c00000, 0x0000000087c00000| Untracked 
| 125|0x0000000087d00000, 0x0000000087e00000, 0x0000000087e00000|100%| O|  |TAMS 0x0000000087d00000, 0x0000000087d00000| Untracked 
| 126|0x0000000087e00000, 0x0000000087f00000, 0x0000000087f00000|100%| O|  |TAMS 0x0000000087e00000, 0x0000000087e00000| Untracked 
| 127|0x0000000087f00000, 0x0000000088000000, 0x0000000088000000|100%| O|  |TAMS 0x0000000087f00000, 0x0000000087f00000| Untracked 
| 128|0x0000000088000000, 0x0000000088100000, 0x0000000088100000|100%| O|  |TAMS 0x0000000088000000, 0x0000000088000000| Untracked 
| 129|0x0000000088100000, 0x0000000088200000, 0x0000000088200000|100%| O|  |TAMS 0x0000000088100000, 0x0000000088100000| Untracked 
| 130|0x0000000088200000, 0x0000000088300000, 0x0000000088300000|100%| O|  |TAMS 0x0000000088200000, 0x0000000088200000| Untracked 
| 131|0x0000000088300000, 0x0000000088400000, 0x0000000088400000|100%| O|  |TAMS 0x0000000088300000, 0x0000000088300000| Untracked 
| 132|0x0000000088400000, 0x0000000088500000, 0x0000000088500000|100%| O|  |TAMS 0x0000000088400000, 0x0000000088400000| Untracked 
| 133|0x0000000088500000, 0x0000000088600000, 0x0000000088600000|100%| O|  |TAMS 0x0000000088500000, 0x0000000088500000| Untracked 
| 134|0x0000000088600000, 0x0000000088680c00, 0x0000000088700000| 50%| O|  |TAMS 0x0000000088600000, 0x0000000088600000| Untracked 
| 135|0x0000000088700000, 0x0000000088700000, 0x0000000088800000|  0%| F|  |TAMS 0x0000000088700000, 0x0000000088700000| Untracked 
| 136|0x0000000088800000, 0x0000000088800000, 0x0000000088900000|  0%| F|  |TAMS 0x0000000088800000, 0x0000000088800000| Untracked 
| 137|0x0000000088900000, 0x0000000088900000, 0x0000000088a00000|  0%| F|  |TAMS 0x0000000088900000, 0x0000000088900000| Untracked 
| 138|0x0000000088a00000, 0x0000000088a00000, 0x0000000088b00000|  0%| F|  |TAMS 0x0000000088a00000, 0x0000000088a00000| Untracked 
| 139|0x0000000088b00000, 0x0000000088b00000, 0x0000000088c00000|  0%| F|  |TAMS 0x0000000088b00000, 0x0000000088b00000| Untracked 
| 140|0x0000000088c00000, 0x0000000088c00000, 0x0000000088d00000|  0%| F|  |TAMS 0x0000000088c00000, 0x0000000088c00000| Untracked 
| 141|0x0000000088d00000, 0x0000000088d00000, 0x0000000088e00000|  0%| F|  |TAMS 0x0000000088d00000, 0x0000000088d00000| Untracked 
| 142|0x0000000088e00000, 0x0000000088e00000, 0x0000000088f00000|  0%| F|  |TAMS 0x0000000088e00000, 0x0000000088e00000| Untracked 
| 143|0x0000000088f00000, 0x0000000088f00000, 0x0000000089000000|  0%| F|  |TAMS 0x0000000088f00000, 0x0000000088f00000| Untracked 
| 144|0x0000000089000000, 0x0000000089000000, 0x0000000089100000|  0%| F|  |TAMS 0x0000000089000000, 0x0000000089000000| Untracked 
| 145|0x0000000089100000, 0x0000000089100000, 0x0000000089200000|  0%| F|  |TAMS 0x0000000089100000, 0x0000000089100000| Untracked 
| 146|0x0000000089200000, 0x0000000089200000, 0x0000000089300000|  0%| F|  |TAMS 0x0000000089200000, 0x0000000089200000| Untracked 
| 147|0x0000000089300000, 0x0000000089300000, 0x0000000089400000|  0%| F|  |TAMS 0x0000000089300000, 0x0000000089300000| Untracked 
| 148|0x0000000089400000, 0x0000000089400000, 0x0000000089500000|  0%| F|  |TAMS 0x0000000089400000, 0x0000000089400000| Untracked 
| 149|0x0000000089500000, 0x0000000089500000, 0x0000000089600000|  0%| F|  |TAMS 0x0000000089500000, 0x0000000089500000| Untracked 
| 150|0x0000000089600000, 0x0000000089600000, 0x0000000089700000|  0%| F|  |TAMS 0x0000000089600000, 0x0000000089600000| Untracked 
| 151|0x0000000089700000, 0x0000000089700000, 0x0000000089800000|  0%| F|  |TAMS 0x0000000089700000, 0x0000000089700000| Untracked 
| 152|0x0000000089800000, 0x0000000089800000, 0x0000000089900000|  0%| F|  |TAMS 0x0000000089800000, 0x0000000089800000| Untracked 
| 153|0x0000000089900000, 0x0000000089900000, 0x0000000089a00000|  0%| F|  |TAMS 0x0000000089900000, 0x0000000089900000| Untracked 
| 154|0x0000000089a00000, 0x0000000089a00000, 0x0000000089b00000|  0%| F|  |TAMS 0x0000000089a00000, 0x0000000089a00000| Untracked 
| 155|0x0000000089b00000, 0x0000000089b00000, 0x0000000089c00000|  0%| F|  |TAMS 0x0000000089b00000, 0x0000000089b00000| Untracked 
| 156|0x0000000089c00000, 0x0000000089c00000, 0x0000000089d00000|  0%| F|  |TAMS 0x0000000089c00000, 0x0000000089c00000| Untracked 
| 157|0x0000000089d00000, 0x0000000089d00000, 0x0000000089e00000|  0%| F|  |TAMS 0x0000000089d00000, 0x0000000089d00000| Untracked 
| 158|0x0000000089e00000, 0x0000000089e00000, 0x0000000089f00000|  0%| F|  |TAMS 0x0000000089e00000, 0x0000000089e00000| Untracked 
| 159|0x0000000089f00000, 0x0000000089f00000, 0x000000008a000000|  0%| F|  |TAMS 0x0000000089f00000, 0x0000000089f00000| Untracked 
| 160|0x000000008a000000, 0x000000008a000000, 0x000000008a100000|  0%| F|  |TAMS 0x000000008a000000, 0x000000008a000000| Untracked 
| 161|0x000000008a100000, 0x000000008a100000, 0x000000008a200000|  0%| F|  |TAMS 0x000000008a100000, 0x000000008a100000| Untracked 
| 162|0x000000008a200000, 0x000000008a200000, 0x000000008a300000|  0%| F|  |TAMS 0x000000008a200000, 0x000000008a200000| Untracked 
| 163|0x000000008a300000, 0x000000008a300000, 0x000000008a400000|  0%| F|  |TAMS 0x000000008a300000, 0x000000008a300000| Untracked 
| 164|0x000000008a400000, 0x000000008a400000, 0x000000008a500000|  0%| F|  |TAMS 0x000000008a400000, 0x000000008a400000| Untracked 
| 165|0x000000008a500000, 0x000000008a500000, 0x000000008a600000|  0%| F|  |TAMS 0x000000008a500000, 0x000000008a500000| Untracked 
| 166|0x000000008a600000, 0x000000008a600000, 0x000000008a700000|  0%| F|  |TAMS 0x000000008a600000, 0x000000008a600000| Untracked 
| 167|0x000000008a700000, 0x000000008a700000, 0x000000008a800000|  0%| F|  |TAMS 0x000000008a700000, 0x000000008a700000| Untracked 
| 168|0x000000008a800000, 0x000000008a800000, 0x000000008a900000|  0%| F|  |TAMS 0x000000008a800000, 0x000000008a800000| Untracked 
| 169|0x000000008a900000, 0x000000008a900000, 0x000000008aa00000|  0%| F|  |TAMS 0x000000008a900000, 0x000000008a900000| Untracked 
| 170|0x000000008aa00000, 0x000000008aa00000, 0x000000008ab00000|  0%| F|  |TAMS 0x000000008aa00000, 0x000000008aa00000| Untracked 
| 171|0x000000008ab00000, 0x000000008ab00000, 0x000000008ac00000|  0%| F|  |TAMS 0x000000008ab00000, 0x000000008ab00000| Untracked 
| 172|0x000000008ac00000, 0x000000008ac00000, 0x000000008ad00000|  0%| F|  |TAMS 0x000000008ac00000, 0x000000008ac00000| Untracked 
| 173|0x000000008ad00000, 0x000000008ad00000, 0x000000008ae00000|  0%| F|  |TAMS 0x000000008ad00000, 0x000000008ad00000| Untracked 
| 174|0x000000008ae00000, 0x000000008ae00000, 0x000000008af00000|  0%| F|  |TAMS 0x000000008ae00000, 0x000000008ae00000| Untracked 
| 175|0x000000008af00000, 0x000000008af00000, 0x000000008b000000|  0%| F|  |TAMS 0x000000008af00000, 0x000000008af00000| Untracked 
| 176|0x000000008b000000, 0x000000008b000000, 0x000000008b100000|  0%| F|  |TAMS 0x000000008b000000, 0x000000008b000000| Untracked 
| 177|0x000000008b100000, 0x000000008b100000, 0x000000008b200000|  0%| F|  |TAMS 0x000000008b100000, 0x000000008b100000| Untracked 
| 178|0x000000008b200000, 0x000000008b200000, 0x000000008b300000|  0%| F|  |TAMS 0x000000008b200000, 0x000000008b200000| Untracked 
| 179|0x000000008b300000, 0x000000008b300000, 0x000000008b400000|  0%| F|  |TAMS 0x000000008b300000, 0x000000008b300000| Untracked 
| 180|0x000000008b400000, 0x000000008b400000, 0x000000008b500000|  0%| F|  |TAMS 0x000000008b400000, 0x000000008b400000| Untracked 
| 181|0x000000008b500000, 0x000000008b500000, 0x000000008b600000|  0%| F|  |TAMS 0x000000008b500000, 0x000000008b500000| Untracked 
| 182|0x000000008b600000, 0x000000008b600000, 0x000000008b700000|  0%| F|  |TAMS 0x000000008b600000, 0x000000008b600000| Untracked 
| 183|0x000000008b700000, 0x000000008b700000, 0x000000008b800000|  0%| F|  |TAMS 0x000000008b700000, 0x000000008b700000| Untracked 
| 184|0x000000008b800000, 0x000000008b800000, 0x000000008b900000|  0%| F|  |TAMS 0x000000008b800000, 0x000000008b800000| Untracked 
| 185|0x000000008b900000, 0x000000008b900000, 0x000000008ba00000|  0%| F|  |TAMS 0x000000008b900000, 0x000000008b900000| Untracked 
| 186|0x000000008ba00000, 0x000000008ba00000, 0x000000008bb00000|  0%| F|  |TAMS 0x000000008ba00000, 0x000000008ba00000| Untracked 
| 187|0x000000008bb00000, 0x000000008bb00000, 0x000000008bc00000|  0%| F|  |TAMS 0x000000008bb00000, 0x000000008bb00000| Untracked 
| 188|0x000000008bc00000, 0x000000008bc00000, 0x000000008bd00000|  0%| F|  |TAMS 0x000000008bc00000, 0x000000008bc00000| Untracked 
| 189|0x000000008bd00000, 0x000000008bd00000, 0x000000008be00000|  0%| F|  |TAMS 0x000000008bd00000, 0x000000008bd00000| Untracked 
| 190|0x000000008be00000, 0x000000008be00000, 0x000000008bf00000|  0%| F|  |TAMS 0x000000008be00000, 0x000000008be00000| Untracked 
| 191|0x000000008bf00000, 0x000000008bf00000, 0x000000008c000000|  0%| F|  |TAMS 0x000000008bf00000, 0x000000008bf00000| Untracked 
| 192|0x000000008c000000, 0x000000008c000000, 0x000000008c100000|  0%| F|  |TAMS 0x000000008c000000, 0x000000008c000000| Untracked 
| 193|0x000000008c100000, 0x000000008c100000, 0x000000008c200000|  0%| F|  |TAMS 0x000000008c100000, 0x000000008c100000| Untracked 
| 194|0x000000008c200000, 0x000000008c200000, 0x000000008c300000|  0%| F|  |TAMS 0x000000008c200000, 0x000000008c200000| Untracked 
| 195|0x000000008c300000, 0x000000008c300000, 0x000000008c400000|  0%| F|  |TAMS 0x000000008c300000, 0x000000008c300000| Untracked 
| 196|0x000000008c400000, 0x000000008c400000, 0x000000008c500000|  0%| F|  |TAMS 0x000000008c400000, 0x000000008c400000| Untracked 
| 197|0x000000008c500000, 0x000000008c500000, 0x000000008c600000|  0%| F|  |TAMS 0x000000008c500000, 0x000000008c500000| Untracked 
| 198|0x000000008c600000, 0x000000008c600000, 0x000000008c700000|  0%| F|  |TAMS 0x000000008c600000, 0x000000008c600000| Untracked 
| 199|0x000000008c700000, 0x000000008c700000, 0x000000008c800000|  0%| F|  |TAMS 0x000000008c700000, 0x000000008c700000| Untracked 
| 200|0x000000008c800000, 0x000000008c800000, 0x000000008c900000|  0%| F|  |TAMS 0x000000008c800000, 0x000000008c800000| Untracked 
| 201|0x000000008c900000, 0x000000008c900000, 0x000000008ca00000|  0%| F|  |TAMS 0x000000008c900000, 0x000000008c900000| Untracked 
| 202|0x000000008ca00000, 0x000000008ca00000, 0x000000008cb00000|  0%| F|  |TAMS 0x000000008ca00000, 0x000000008ca00000| Untracked 
| 203|0x000000008cb00000, 0x000000008cb00000, 0x000000008cc00000|  0%| F|  |TAMS 0x000000008cb00000, 0x000000008cb00000| Untracked 
| 204|0x000000008cc00000, 0x000000008cc00000, 0x000000008cd00000|  0%| F|  |TAMS 0x000000008cc00000, 0x000000008cc00000| Untracked 
| 205|0x000000008cd00000, 0x000000008cd00000, 0x000000008ce00000|  0%| F|  |TAMS 0x000000008cd00000, 0x000000008cd00000| Untracked 
| 206|0x000000008ce00000, 0x000000008ce00000, 0x000000008cf00000|  0%| F|  |TAMS 0x000000008ce00000, 0x000000008ce00000| Untracked 
| 207|0x000000008cf00000, 0x000000008cf00000, 0x000000008d000000|  0%| F|  |TAMS 0x000000008cf00000, 0x000000008cf00000| Untracked 
| 208|0x000000008d000000, 0x000000008d000000, 0x000000008d100000|  0%| F|  |TAMS 0x000000008d000000, 0x000000008d000000| Untracked 
| 209|0x000000008d100000, 0x000000008d100000, 0x000000008d200000|  0%| F|  |TAMS 0x000000008d100000, 0x000000008d100000| Untracked 
| 210|0x000000008d200000, 0x000000008d200000, 0x000000008d300000|  0%| F|  |TAMS 0x000000008d200000, 0x000000008d200000| Untracked 
| 211|0x000000008d300000, 0x000000008d300000, 0x000000008d400000|  0%| F|  |TAMS 0x000000008d300000, 0x000000008d300000| Untracked 
| 212|0x000000008d400000, 0x000000008d400000, 0x000000008d500000|  0%| F|  |TAMS 0x000000008d400000, 0x000000008d400000| Untracked 
| 213|0x000000008d500000, 0x000000008d500000, 0x000000008d600000|  0%| F|  |TAMS 0x000000008d500000, 0x000000008d500000| Untracked 
| 214|0x000000008d600000, 0x000000008d600000, 0x000000008d700000|  0%| F|  |TAMS 0x000000008d600000, 0x000000008d600000| Untracked 
| 215|0x000000008d700000, 0x000000008d700000, 0x000000008d800000|  0%| F|  |TAMS 0x000000008d700000, 0x000000008d700000| Untracked 
| 216|0x000000008d800000, 0x000000008d800000, 0x000000008d900000|  0%| F|  |TAMS 0x000000008d800000, 0x000000008d800000| Untracked 
| 217|0x000000008d900000, 0x000000008d900000, 0x000000008da00000|  0%| F|  |TAMS 0x000000008d900000, 0x000000008d900000| Untracked 
| 218|0x000000008da00000, 0x000000008da00000, 0x000000008db00000|  0%| F|  |TAMS 0x000000008da00000, 0x000000008da00000| Untracked 
| 219|0x000000008db00000, 0x000000008db00000, 0x000000008dc00000|  0%| F|  |TAMS 0x000000008db00000, 0x000000008db00000| Untracked 
| 220|0x000000008dc00000, 0x000000008dc00000, 0x000000008dd00000|  0%| F|  |TAMS 0x000000008dc00000, 0x000000008dc00000| Untracked 
| 221|0x000000008dd00000, 0x000000008dd00000, 0x000000008de00000|  0%| F|  |TAMS 0x000000008dd00000, 0x000000008dd00000| Untracked 
| 222|0x000000008de00000, 0x000000008de00000, 0x000000008df00000|  0%| F|  |TAMS 0x000000008de00000, 0x000000008de00000| Untracked 
| 223|0x000000008df00000, 0x000000008df00000, 0x000000008e000000|  0%| F|  |TAMS 0x000000008df00000, 0x000000008df00000| Untracked 
| 224|0x000000008e000000, 0x000000008e000000, 0x000000008e100000|  0%| F|  |TAMS 0x000000008e000000, 0x000000008e000000| Untracked 
| 225|0x000000008e100000, 0x000000008e100000, 0x000000008e200000|  0%| F|  |TAMS 0x000000008e100000, 0x000000008e100000| Untracked 
| 226|0x000000008e200000, 0x000000008e200000, 0x000000008e300000|  0%| F|  |TAMS 0x000000008e200000, 0x000000008e200000| Untracked 
| 227|0x000000008e300000, 0x000000008e400000, 0x000000008e400000|100%| S|CS|TAMS 0x000000008e300000, 0x000000008e300000| Complete 
| 228|0x000000008e400000, 0x000000008e400000, 0x000000008e500000|  0%| F|  |TAMS 0x000000008e400000, 0x000000008e400000| Untracked 
| 229|0x000000008e500000, 0x000000008e500000, 0x000000008e600000|  0%| F|  |TAMS 0x000000008e500000, 0x000000008e500000| Untracked 
| 230|0x000000008e600000, 0x000000008e600000, 0x000000008e700000|  0%| F|  |TAMS 0x000000008e600000, 0x000000008e600000| Untracked 
| 231|0x000000008e700000, 0x000000008e700000, 0x000000008e800000|  0%| F|  |TAMS 0x000000008e700000, 0x000000008e700000| Untracked 
| 232|0x000000008e800000, 0x000000008e800000, 0x000000008e900000|  0%| F|  |TAMS 0x000000008e800000, 0x000000008e800000| Untracked 
| 233|0x000000008e900000, 0x000000008e900000, 0x000000008ea00000|  0%| F|  |TAMS 0x000000008e900000, 0x000000008e900000| Untracked 

Card table byte_map: [0x0000021df79a0000,0x0000021df7da0000] _byte_map_base: 0x0000021df75a0000

Marking Bits (Prev, Next): (CMBitMap*) 0x0000021de0b115d0, (CMBitMap*) 0x0000021de0b11610
 Prev Bits: [0x0000021df81a0000, 0x0000021dfa1a0000)
 Next Bits: [0x0000021dfa1a0000, 0x0000021dfc1a0000)

Polling page: 0x0000021ddea30000

Metaspace:

Usage:
  Non-class:     74.11 MB used.
      Class:     11.90 MB used.
       Both:     86.02 MB used.

Virtual space:
  Non-class space:       80.00 MB reserved,      74.62 MB ( 93%) committed,  10 nodes.
      Class space:      412.00 MB reserved,      12.38 MB (  3%) committed,  1 nodes.
             Both:      492.00 MB reserved,      87.00 MB ( 18%) committed. 

Chunk freelists:
   Non-Class:  1.12 MB
       Class:  3.64 MB
        Both:  4.77 MB

MaxMetaspaceSize: 512.00 MB
CompressedClassSpaceSize: 412.00 MB
Initial GC threshold: 21.00 MB
Current GC threshold: 141.81 MB
CDS: on
MetaspaceReclaimPolicy: balanced
 - commit_granule_bytes: 65536.
 - commit_granule_words: 8192.
 - virtual_space_node_default_size: 1048576.
 - enlarge_chunks_in_place: 1.
 - new_chunks_are_fully_committed: 0.
 - uncommit_free_chunks: 1.
 - use_allocation_guard: 0.
 - handle_deallocations: 1.


Internal statistics:

num_allocs_failed_limit: 6.
num_arena_births: 1148.
num_arena_deaths: 0.
num_vsnodes_births: 11.
num_vsnodes_deaths: 0.
num_space_committed: 1392.
num_space_uncommitted: 0.
num_chunks_returned_to_freelist: 6.
num_chunks_taken_from_freelist: 4939.
num_chunk_merges: 6.
num_chunk_splits: 3249.
num_chunks_enlarged: 2114.
num_purges: 0.
num_inconsistent_stats: 0.

CodeHeap 'non-profiled nmethods': size=120000Kb used=6413Kb max_used=6413Kb free=113586Kb
 bounds [0x0000021df0070000, 0x0000021df06c0000, 0x0000021df75a0000]
CodeHeap 'profiled nmethods': size=120000Kb used=22388Kb max_used=22388Kb free=97612Kb
 bounds [0x0000021de85a0000, 0x0000021de9b80000, 0x0000021defad0000]
CodeHeap 'non-nmethods': size=5760Kb used=2400Kb max_used=2504Kb free=3359Kb
 bounds [0x0000021defad0000, 0x0000021defd50000, 0x0000021df0070000]
 total_blobs=11698 nmethods=10759 adapters=850
 compilation: enabled
              stopped_count=0, restarted_count=0
 full_count=0

Compilation events (20 events):
Event: 160.281 Thread 0x0000021dfe65aa90 12231       3       kotlin.internal.ProgressionUtilKt::getProgressionLastElement (61 bytes)
Event: 160.281 Thread 0x0000021dfe65aa90 nmethod 12231 0x0000021de9b7b390 code [0x0000021de9b7b5a0, 0x0000021de9b7be48]
Event: 160.282 Thread 0x0000021dfe65aa90 12232       3       kotlin.ranges.IntRange::<init> (8 bytes)
Event: 160.282 Thread 0x0000021dfe65aa90 nmethod 12232 0x0000021de9b7c190 code [0x0000021de9b7c320, 0x0000021de9b7c468]
Event: 160.282 Thread 0x0000021dfe65aa90 12233       3       kotlin.ranges.IntProgression::<init> (57 bytes)
Event: 160.282 Thread 0x0000021dfe65aa90 nmethod 12233 0x0000021de9b7c510 code [0x0000021de9b7c6e0, 0x0000021de9b7caa8]
Event: 160.287 Thread 0x0000021dfe65aa90 12235       3       org.gradle.api.internal.DefaultDomainObjectSet::<init> (19 bytes)
Event: 160.287 Thread 0x0000021dfe65aa90 nmethod 12235 0x0000021de9b7cc10 code [0x0000021de9b7ce20, 0x0000021de9b7d6b8]
Event: 160.287 Thread 0x0000021dfe65aa90 12236       3       org.gradle.api.internal.DefaultDomainObjectSet::<init> (15 bytes)
Event: 160.287 Thread 0x0000021dfe65aa90 nmethod 12236 0x0000021de9b7da10 code [0x0000021de9b7dbc0, 0x0000021de9b7de28]
Event: 160.287 Thread 0x0000021dfe65aa90 12237       3       org.gradle.api.internal.DefaultDomainObjectSet::matching (10 bytes)
Event: 160.288 Thread 0x0000021dfe65aa90 nmethod 12237 0x0000021de9b7df90 code [0x0000021de9b7e140, 0x0000021de9b7e3d8]
Event: 160.288 Thread 0x0000021dfe65aa90 12238       1       org.jetbrains.kotlin.gradle.plugin.mpp.AbstractKotlinCompilationToRunnableFiles::getCompilationDetails$kotlin_gradle_plugin_common (5 bytes)
Event: 160.288 Thread 0x0000021dfe65aa90 nmethod 12238 0x0000021df06b2c90 code [0x0000021df06b2e20, 0x0000021df06b2ef8]
Event: 160.289 Thread 0x0000021dfe65aa90 12240       1       org.jetbrains.kotlin.gradle.plugin.mpp.AbstractKotlinTarget::getProject (5 bytes)
Event: 160.289 Thread 0x0000021dfe65aa90 nmethod 12240 0x0000021df06b2f90 code [0x0000021df06b3120, 0x0000021df06b31f8]
Event: 160.289 Thread 0x0000021dfe65aa90 12241       1       com.android.build.gradle.internal.variant.BaseVariantData::getTaskContainer (5 bytes)
Event: 160.289 Thread 0x0000021dfe65aa90 nmethod 12241 0x0000021df06b3290 code [0x0000021df06b3420, 0x0000021df06b34f8]
Event: 160.290 Thread 0x0000021dfe65aa90 12242       3       org.gradle.api.internal.collections.SortedSetElementSource::estimatedSize (18 bytes)
Event: 160.290 Thread 0x0000021dfe65aa90 nmethod 12242 0x0000021de9b7e490 code [0x0000021de9b7e660, 0x0000021de9b7e998]

GC Heap History (20 events):
Event: 154.739 GC heap after
{Heap after GC invocations=50 (full 0):
 garbage-first heap   total 138240K, used 89742K [0x0000000080000000, 0x0000000100000000)
  region size 1024K, 4 young (4096K), 4 survivors (4096K)
 Metaspace       used 81873K, committed 82688K, reserved 495616K
  class space    used 11397K, committed 11776K, reserved 421888K
}
Event: 156.549 GC heap before
{Heap before GC invocations=50 (full 0):
 garbage-first heap   total 138240K, used 112270K [0x0000000080000000, 0x0000000100000000)
  region size 1024K, 26 young (26624K), 4 survivors (4096K)
 Metaspace       used 82732K, committed 83648K, reserved 495616K
  class space    used 11531K, committed 11968K, reserved 421888K
}
Event: 156.560 GC heap after
{Heap after GC invocations=51 (full 0):
 garbage-first heap   total 138240K, used 95454K [0x0000000080000000, 0x0000000100000000)
  region size 1024K, 4 young (4096K), 4 survivors (4096K)
 Metaspace       used 82732K, committed 83648K, reserved 495616K
  class space    used 11531K, committed 11968K, reserved 421888K
}
Event: 157.318 GC heap before
{Heap before GC invocations=51 (full 0):
 garbage-first heap   total 138240K, used 112862K [0x0000000080000000, 0x0000000100000000)
  region size 1024K, 21 young (21504K), 4 survivors (4096K)
 Metaspace       used 83118K, committed 84032K, reserved 495616K
  class space    used 11561K, committed 11968K, reserved 421888K
}
Event: 157.331 GC heap after
{Heap after GC invocations=52 (full 0):
 garbage-first heap   total 138240K, used 100352K [0x0000000080000000, 0x0000000100000000)
  region size 1024K, 3 young (3072K), 3 survivors (3072K)
 Metaspace       used 83118K, committed 84032K, reserved 495616K
  class space    used 11561K, committed 11968K, reserved 421888K
}
Event: 157.637 GC heap before
{Heap before GC invocations=52 (full 0):
 garbage-first heap   total 138240K, used 113664K [0x0000000080000000, 0x0000000100000000)
  region size 1024K, 17 young (17408K), 3 survivors (3072K)
 Metaspace       used 83264K, committed 84160K, reserved 495616K
  class space    used 11564K, committed 11968K, reserved 421888K
}
Event: 157.646 GC heap after
{Heap after GC invocations=53 (full 0):
 garbage-first heap   total 138240K, used 102645K [0x0000000080000000, 0x0000000100000000)
  region size 1024K, 2 young (2048K), 2 survivors (2048K)
 Metaspace       used 83264K, committed 84160K, reserved 495616K
  class space    used 11564K, committed 11968K, reserved 421888K
}
Event: 157.747 GC heap before
{Heap before GC invocations=53 (full 0):
 garbage-first heap   total 138240K, used 107765K [0x0000000080000000, 0x0000000100000000)
  region size 1024K, 8 young (8192K), 2 survivors (2048K)
 Metaspace       used 83306K, committed 84160K, reserved 495616K
  class space    used 11568K, committed 11968K, reserved 421888K
}
Event: 157.755 GC heap after
{Heap after GC invocations=54 (full 0):
 garbage-first heap   total 165888K, used 103716K [0x0000000080000000, 0x0000000100000000)
  region size 1024K, 1 young (1024K), 1 survivors (1024K)
 Metaspace       used 83306K, committed 84160K, reserved 495616K
  class space    used 11568K, committed 11968K, reserved 421888K
}
Event: 157.764 GC heap before
{Heap before GC invocations=54 (full 0):
 garbage-first heap   total 165888K, used 104740K [0x0000000080000000, 0x0000000100000000)
  region size 1024K, 2 young (2048K), 1 survivors (1024K)
 Metaspace       used 83306K, committed 84160K, reserved 495616K
  class space    used 11568K, committed 11968K, reserved 421888K
}
Event: 157.766 GC heap after
{Heap after GC invocations=55 (full 0):
 garbage-first heap   total 165888K, used 104779K [0x0000000080000000, 0x0000000100000000)
  region size 1024K, 1 young (1024K), 1 survivors (1024K)
 Metaspace       used 83306K, committed 84160K, reserved 495616K
  class space    used 11568K, committed 11968K, reserved 421888K
}
Event: 158.437 GC heap before
{Heap before GC invocations=56 (full 0):
 garbage-first heap   total 196608K, used 137547K [0x0000000080000000, 0x0000000100000000)
  region size 1024K, 29 young (29696K), 1 survivors (1024K)
 Metaspace       used 84816K, committed 85824K, reserved 503808K
  class space    used 11776K, committed 12224K, reserved 421888K
}
Event: 158.443 GC heap after
{Heap after GC invocations=57 (full 0):
 garbage-first heap   total 196608K, used 117531K [0x0000000080000000, 0x0000000100000000)
  region size 1024K, 4 young (4096K), 4 survivors (4096K)
 Metaspace       used 84816K, committed 85824K, reserved 503808K
  class space    used 11776K, committed 12224K, reserved 421888K
}
Event: 158.503 GC heap before
{Heap before GC invocations=57 (full 0):
 garbage-first heap   total 196608K, used 122651K [0x0000000080000000, 0x0000000100000000)
  region size 1024K, 9 young (9216K), 4 survivors (4096K)
 Metaspace       used 84926K, committed 85952K, reserved 503808K
  class space    used 11793K, committed 12224K, reserved 421888K
}
Event: 158.508 GC heap after
{Heap after GC invocations=58 (full 0):
 garbage-first heap   total 196608K, used 117052K [0x0000000080000000, 0x0000000100000000)
  region size 1024K, 1 young (1024K), 1 survivors (1024K)
 Metaspace       used 84926K, committed 85952K, reserved 503808K
  class space    used 11793K, committed 12224K, reserved 421888K
}
Event: 159.266 GC heap before
{Heap before GC invocations=58 (full 0):
 garbage-first heap   total 196608K, used 150844K [0x0000000080000000, 0x0000000100000000)
  region size 1024K, 35 young (35840K), 1 survivors (1024K)
 Metaspace       used 86039K, committed 87104K, reserved 503808K
  class space    used 11922K, committed 12416K, reserved 421888K
}
Event: 159.280 GC heap after
{Heap after GC invocations=59 (full 0):
 garbage-first heap   total 196608K, used 124259K [0x0000000080000000, 0x0000000100000000)
  region size 1024K, 5 young (5120K), 5 survivors (5120K)
 Metaspace       used 86039K, committed 87104K, reserved 503808K
  class space    used 11922K, committed 12416K, reserved 421888K
}
Event: 160.143 GC heap before
{Heap before GC invocations=60 (full 0):
 garbage-first heap   total 239616K, used 157027K [0x0000000080000000, 0x0000000100000000)
  region size 1024K, 33 young (33792K), 5 survivors (5120K)
 Metaspace       used 87568K, committed 88576K, reserved 503808K
  class space    used 12124K, committed 12608K, reserved 421888K
}
Event: 160.164 GC heap after
{Heap after GC invocations=61 (full 0):
 garbage-first heap   total 239616K, used 135997K [0x0000000080000000, 0x0000000100000000)
  region size 1024K, 5 young (5120K), 5 survivors (5120K)
 Metaspace       used 87568K, committed 88576K, reserved 503808K
  class space    used 12124K, committed 12608K, reserved 421888K
}
Event: 160.291 GC heap before
{Heap before GC invocations=61 (full 0):
 garbage-first heap   total 239616K, used 142141K [0x0000000080000000, 0x0000000100000000)
  region size 1024K, 11 young (11264K), 5 survivors (5120K)
 Metaspace       used 88082K, committed 89088K, reserved 503808K
  class space    used 12189K, committed 12672K, reserved 421888K
}

Dll operation events (12 events):
Event: 0.010 Loaded shared library C:\Program Files\Eclipse Adoptium\jdk-17.0.6.10-hotspot\bin\java.dll
Event: 0.103 Loaded shared library C:\Program Files\Eclipse Adoptium\jdk-17.0.6.10-hotspot\bin\jsvml.dll
Event: 0.475 Loaded shared library C:\Program Files\Eclipse Adoptium\jdk-17.0.6.10-hotspot\bin\net.dll
Event: 0.496 Loaded shared library C:\Program Files\Eclipse Adoptium\jdk-17.0.6.10-hotspot\bin\nio.dll
Event: 0.507 Loaded shared library C:\Program Files\Eclipse Adoptium\jdk-17.0.6.10-hotspot\bin\zip.dll
Event: 1.195 Loaded shared library C:\Program Files\Eclipse Adoptium\jdk-17.0.6.10-hotspot\bin\jimage.dll
Event: 1.471 Loaded shared library C:\Program Files\Eclipse Adoptium\jdk-17.0.6.10-hotspot\bin\verify.dll
Event: 1.965 Loaded shared library C:\Users\songe\.gradle\native\e1d6ef7f7dcc3fd88c89a11ec53ec762bb8ba0a96d01ffa2cd45eb1d1d8dd5c5\windows-amd64\native-platform.dll
Event: 1.985 Loaded shared library C:\Users\songe\.gradle\native\0d407fdbe67a94daf76414ababcb853783967236a71b16ec16e742cd7a986fd3\windows-amd64\native-platform-file-events.dll
Event: 16.816 Loaded shared library C:\Program Files\Eclipse Adoptium\jdk-17.0.6.10-hotspot\bin\management.dll
Event: 16.819 Loaded shared library C:\Program Files\Eclipse Adoptium\jdk-17.0.6.10-hotspot\bin\management_ext.dll
Event: 18.863 Loaded shared library C:\Program Files\Eclipse Adoptium\jdk-17.0.6.10-hotspot\bin\sunmscapi.dll

Deoptimization events (20 events):
Event: 158.669 Thread 0x0000021dff1ce660 DEOPT PACKING pc=0x0000021df049cea0 sp=0x000000671c2f8d60
Event: 158.669 Thread 0x0000021dff1ce660 DEOPT UNPACKING pc=0x0000021defb269a3 sp=0x000000671c2f8cd8 mode 2
Event: 158.669 Thread 0x0000021dff1ce660 Uncommon trap: trap_request=0xffffff45 fr.pc=0x0000021df0156258 relative=0x0000000000000498
Event: 158.669 Thread 0x0000021dff1ce660 Uncommon trap: reason=unstable_if action=reinterpret pc=0x0000021df0156258 method=java.lang.StringLatin1.regionMatchesCI([BI[BII)Z @ 72 c2
Event: 158.669 Thread 0x0000021dff1ce660 DEOPT PACKING pc=0x0000021df0156258 sp=0x000000671c2f8c80
Event: 158.669 Thread 0x0000021dff1ce660 DEOPT UNPACKING pc=0x0000021defb269a3 sp=0x000000671c2f8c10 mode 2
Event: 158.836 Thread 0x0000021dff1ce660 DEOPT PACKING pc=0x0000021de9709913 sp=0x000000671c2f9210
Event: 158.836 Thread 0x0000021dff1ce660 DEOPT UNPACKING pc=0x0000021defb27143 sp=0x000000671c2f86c0 mode 0
Event: 159.206 Thread 0x0000021dff1ce660 Uncommon trap: trap_request=0xffffff45 fr.pc=0x0000021df060c6a4 relative=0x0000000000000204
Event: 159.206 Thread 0x0000021dff1ce660 Uncommon trap: reason=unstable_if action=reinterpret pc=0x0000021df060c6a4 method=java.lang.StringLatin1.lastIndexOf([BI[BII)I @ 111 c2
Event: 159.206 Thread 0x0000021dff1ce660 DEOPT PACKING pc=0x0000021df060c6a4 sp=0x000000671c2f87a0
Event: 159.206 Thread 0x0000021dff1ce660 DEOPT UNPACKING pc=0x0000021defb269a3 sp=0x000000671c2f86f8 mode 2
Event: 159.378 Thread 0x0000021dff1ce660 DEOPT PACKING pc=0x0000021de9709913 sp=0x000000671c2f9200
Event: 159.378 Thread 0x0000021dff1ce660 DEOPT UNPACKING pc=0x0000021defb27143 sp=0x000000671c2f86b0 mode 0
Event: 159.557 Thread 0x0000021dff1ce660 Uncommon trap: trap_request=0xffffff45 fr.pc=0x0000021df00afce0 relative=0x00000000000008c0
Event: 159.557 Thread 0x0000021dff1ce660 Uncommon trap: reason=unstable_if action=reinterpret pc=0x0000021df00afce0 method=java.util.jar.JarFile.match([B[B[B[B)I @ 52 c2
Event: 159.557 Thread 0x0000021dff1ce660 DEOPT PACKING pc=0x0000021df00afce0 sp=0x000000671c2f8d20
Event: 159.557 Thread 0x0000021dff1ce660 DEOPT UNPACKING pc=0x0000021defb269a3 sp=0x000000671c2f8c18 mode 2
Event: 159.572 Thread 0x0000021dff1ce660 DEOPT PACKING pc=0x0000021de8bad431 sp=0x000000671c2f9230
Event: 159.572 Thread 0x0000021dff1ce660 DEOPT UNPACKING pc=0x0000021defb27143 sp=0x000000671c2f8720 mode 0

Classes unloaded (0 events):
No events

Classes redefined (0 events):
No events

Internal exceptions (20 events):
Event: 159.020 Thread 0x0000021dff1ce660 Exception <a 'java/lang/ClassNotFoundException'{0x000000008a6fe580}: build_68rw7q5ywvd691jo021wp34reBeanInfo> (0x000000008a6fe580) 
thrown [s\src\hotspot\share\classfile\systemDictionary.cpp, line 256]
Event: 159.021 Thread 0x0000021dff1ce660 Exception <a 'java/lang/ClassNotFoundException'{0x000000008a521968}: build_68rw7q5ywvd691jo021wp34reCustomizer> (0x000000008a521968) 
thrown [s\src\hotspot\share\classfile\systemDictionary.cpp, line 256]
Event: 159.379 Thread 0x0000021dff1ce660 Exception <a 'java/lang/ClassNotFoundException'{0x000000008b928b88}: build_68rw7q5ywvd691jo021wp34reBeanInfo> (0x000000008b928b88) 
thrown [s\src\hotspot\share\classfile\systemDictionary.cpp, line 256]
Event: 159.379 Thread 0x0000021dff1ce660 Exception <a 'java/lang/ClassNotFoundException'{0x000000008b92f3a8}: build_68rw7q5ywvd691jo021wp34reCustomizer> (0x000000008b92f3a8) 
thrown [s\src\hotspot\share\classfile\systemDictionary.cpp, line 256]
Event: 160.038 Thread 0x0000021dff1ce660 Exception <a 'java/lang/ClassNotFoundException'{0x000000008de52508}: org/jetbrains/kotlin/gradle/targets/js/npm/DefaultNpmDependencyExtensionBeanInfo> (0x000000008de52508) 
thrown [s\src\hotspot\share\classfile\systemDictionary.cpp, line 256]
Event: 160.038 Thread 0x0000021dff1ce660 Exception <a 'java/lang/ClassNotFoundException'{0x000000008de5cd18}: org/jetbrains/kotlin/gradle/targets/js/npm/DefaultNpmDependencyExtensionCustomizer> (0x000000008de5cd18) 
thrown [s\src\hotspot\share\classfile\systemDictionary.cpp, line 256]
Event: 160.046 Thread 0x0000021dff1ce660 Exception <a 'java/lang/ClassNotFoundException'{0x000000008dec3798}: org/jetbrains/kotlin/gradle/targets/js/npm/NpmDependencyExtensionKt$defaultNpmDependencyDelegate$1BeanInfo> (0x000000008dec3798) 
thrown [s\src\hotspot\share\classfile\systemDictionary.cpp, line 256]
Event: 160.047 Thread 0x0000021dff1ce660 Exception <a 'java/lang/ClassNotFoundException'{0x000000008decefe0}: org/jetbrains/kotlin/gradle/targets/js/npm/NpmDependencyExtensionDelegateBeanInfo> (0x000000008decefe0) 
thrown [s\src\hotspot\share\classfile\systemDictionary.cpp, line 256]
Event: 160.047 Thread 0x0000021dff1ce660 Exception <a 'java/lang/ClassNotFoundException'{0x000000008dedaaa8}: org/jetbrains/kotlin/gradle/targets/js/npm/NpmDependencyExtensionDelegateCustomizer> (0x000000008dedaaa8) 
thrown [s\src\hotspot\share\classfile\systemDictionary.cpp, line 256]
Event: 160.049 Thread 0x0000021dff1ce660 Exception <a 'java/lang/ClassNotFoundException'{0x000000008defc0c8}: org/jetbrains/kotlin/gradle/targets/js/npm/NpmDependencyExtensionKt$defaultNpmDependencyDelegate$1Customizer> (0x000000008defc0c8) 
thrown [s\src\hotspot\share\classfile\systemDictionary.cpp, line 256]
Event: 160.052 Thread 0x0000021dff1ce660 Exception <a 'java/lang/ClassNotFoundException'{0x000000008dd2f248}: org/jetbrains/kotlin/gradle/targets/js/npm/DefaultDevNpmDependencyExtensionBeanInfo> (0x000000008dd2f248) 
thrown [s\src\hotspot\share\classfile\systemDictionary.cpp, line 256]
Event: 160.053 Thread 0x0000021dff1ce660 Exception <a 'java/lang/ClassNotFoundException'{0x000000008dd39a78}: org/jetbrains/kotlin/gradle/targets/js/npm/DefaultDevNpmDependencyExtensionCustomizer> (0x000000008dd39a78) 
thrown [s\src\hotspot\share\classfile\systemDictionary.cpp, line 256]
Event: 160.057 Thread 0x0000021dff1ce660 Exception <a 'java/lang/ClassNotFoundException'{0x000000008dd71038}: org/jetbrains/kotlin/gradle/targets/js/npm/DefaultPeerNpmDependencyExtensionBeanInfo> (0x000000008dd71038) 
thrown [s\src\hotspot\share\classfile\systemDictionary.cpp, line 256]
Event: 160.057 Thread 0x0000021dff1ce660 Exception <a 'java/lang/ClassNotFoundException'{0x000000008dd7b890}: org/jetbrains/kotlin/gradle/targets/js/npm/DefaultPeerNpmDependencyExtensionCustomizer> (0x000000008dd7b890) 
thrown [s\src\hotspot\share\classfile\systemDictionary.cpp, line 256]
Event: 160.062 Thread 0x0000021dff1ce660 Exception <a 'java/lang/ClassNotFoundException'{0x000000008ddb94f8}: org/jetbrains/kotlin/gradle/targets/js/npm/DefaultPeerNpmDependencyExtension$delegate$1BeanInfo> (0x000000008ddb94f8) 
thrown [s\src\hotspot\share\classfile\systemDictionary.cpp, line 256]
Event: 160.062 Thread 0x0000021dff1ce660 Exception <a 'java/lang/ClassNotFoundException'{0x000000008ddc3fb8}: org/jetbrains/kotlin/gradle/targets/js/npm/DefaultPeerNpmDependencyExtension$delegate$1Customizer> (0x000000008ddc3fb8) 
thrown [s\src\hotspot\share\classfile\systemDictionary.cpp, line 256]
Event: 160.085 Thread 0x0000021dff1ce660 Exception <a 'java/lang/ClassNotFoundException'{0x000000008dc4e4c0}: build_68rw7q5ywvd691jo021wp34re$_run_closure1BeanInfo> (0x000000008dc4e4c0) 
thrown [s\src\hotspot\share\classfile\systemDictionary.cpp, line 256]
Event: 160.085 Thread 0x0000021dff1ce660 Exception <a 'java/lang/ClassNotFoundException'{0x000000008dc58c70}: build_68rw7q5ywvd691jo021wp34re$_run_closure1Customizer> (0x000000008dc58c70) 
thrown [s\src\hotspot\share\classfile\systemDictionary.cpp, line 256]
Event: 160.097 Thread 0x0000021dff1ce660 Exception <a 'java/lang/ClassNotFoundException'{0x000000008dccf4d0}: org/jetbrains/kotlin/gradle/plugin/sources/DefaultKotlinSourceSetBeanInfo> (0x000000008dccf4d0) 
thrown [s\src\hotspot\share\classfile\systemDictionary.cpp, line 256]
Event: 160.098 Thread 0x0000021dff1ce660 Exception <a 'java/lang/ClassNotFoundException'{0x000000008dcdd370}: org/jetbrains/kotlin/gradle/plugin/sources/DefaultKotlinSourceSetCustomizer> (0x000000008dcdd370) 
thrown [s\src\hotspot\share\classfile\systemDictionary.cpp, line 256]

VM Operations (20 events):
Event: 158.006 Executing VM operation: G1Concurrent done
Event: 158.132 Executing VM operation: G1Concurrent
Event: 158.132 Executing VM operation: G1Concurrent done
Event: 158.436 Executing VM operation: G1CollectForAllocation
Event: 158.443 Executing VM operation: G1CollectForAllocation done
Event: 158.503 Executing VM operation: G1CollectForAllocation
Event: 158.508 Executing VM operation: G1CollectForAllocation done
Event: 158.941 Executing VM operation: HandshakeAllThreads
Event: 158.942 Executing VM operation: HandshakeAllThreads done
Event: 159.135 Executing VM operation: ICBufferFull
Event: 159.135 Executing VM operation: ICBufferFull done
Event: 159.266 Executing VM operation: G1CollectForAllocation
Event: 159.280 Executing VM operation: G1CollectForAllocation done
Event: 159.561 Executing VM operation: G1Concurrent
Event: 159.569 Executing VM operation: G1Concurrent done
Event: 159.699 Executing VM operation: G1Concurrent
Event: 159.699 Executing VM operation: G1Concurrent done
Event: 160.143 Executing VM operation: G1CollectForAllocation
Event: 160.164 Executing VM operation: G1CollectForAllocation done
Event: 160.291 Executing VM operation: G1CollectForAllocation

Events (20 events):
Event: 158.383 loading class java/util/PropertiesCustomizer
Event: 158.383 loading class java/util/PropertiesCustomizer done
Event: 158.489 loading class java/util/TreeSetBeanInfo
Event: 158.489 loading class java/util/TreeSetBeanInfo done
Event: 158.490 loading class java/util/TreeSetBeanInfo
Event: 158.490 loading class java/util/TreeSetBeanInfo done
Event: 158.490 loading class java/util/AbstractSetBeanInfo
Event: 158.490 loading class java/util/AbstractSetBeanInfo done
Event: 158.491 loading class java/util/AbstractSetBeanInfo
Event: 158.491 loading class java/util/AbstractSetBeanInfo done
Event: 158.491 loading class java/util/AbstractSetCustomizer
Event: 158.491 loading class java/util/AbstractSetCustomizer done
Event: 158.494 loading class java/util/AbstractSetCustomizer
Event: 158.494 loading class java/util/AbstractSetCustomizer done
Event: 158.494 loading class java/util/TreeSetCustomizer
Event: 158.494 loading class java/util/TreeSetCustomizer done
Event: 158.495 loading class java/util/TreeSetCustomizer
Event: 158.495 loading class java/util/TreeSetCustomizer done
Event: 158.949 Thread 0x0000021dff008070 flushing nmethod 0x0000021de8b2f190
Event: 158.950 Thread 0x0000021dff008070 flushing nmethod 0x0000021de8c6e590


Dynamic libraries:
0x00007ff6535d0000 - 0x00007ff6535de000 	C:\Program Files\Eclipse Adoptium\jdk-17.0.6.10-hotspot\bin\java.exe
0x00007ffaf3ed0000 - 0x00007ffaf40c8000 	C:\WINDOWS\SYSTEM32\ntdll.dll
0x00007ffaf1f30000 - 0x00007ffaf1fef000 	C:\WINDOWS\System32\KERNEL32.DLL
0x00007ffaf1720000 - 0x00007ffaf1a16000 	C:\WINDOWS\System32\KERNELBASE.dll
0x00007ffaf1620000 - 0x00007ffaf1720000 	C:\WINDOWS\System32\ucrtbase.dll
0x00007ffad6190000 - 0x00007ffad61a7000 	C:\Program Files\Eclipse Adoptium\jdk-17.0.6.10-hotspot\bin\jli.dll
0x00007ffaf25f0000 - 0x00007ffaf278d000 	C:\WINDOWS\System32\USER32.dll
0x00007ffaf1a20000 - 0x00007ffaf1a42000 	C:\WINDOWS\System32\win32u.dll
0x00007ffaf2e50000 - 0x00007ffaf2e7c000 	C:\WINDOWS\System32\GDI32.dll
0x00007ffaf1e10000 - 0x00007ffaf1f25000 	C:\WINDOWS\System32\gdi32full.dll
0x00007ffaf1ae0000 - 0x00007ffaf1b7d000 	C:\WINDOWS\System32\msvcp_win.dll
0x00007ffac74d0000 - 0x00007ffac74e9000 	C:\Program Files\Eclipse Adoptium\jdk-17.0.6.10-hotspot\bin\VCRUNTIME140.dll
0x00007ffada9e0000 - 0x00007ffadac7a000 	C:\WINDOWS\WinSxS\amd64_microsoft.windows.common-controls_6595b64144ccf1df_6.0.19041.1110_none_60b5254171f9507e\COMCTL32.dll
0x00007ffaf2db0000 - 0x00007ffaf2e4e000 	C:\WINDOWS\System32\msvcrt.dll
0x00007ffaf2550000 - 0x00007ffaf2580000 	C:\WINDOWS\System32\IMM32.DLL
0x00007ffad9b70000 - 0x00007ffad9b7c000 	C:\Program Files\Eclipse Adoptium\jdk-17.0.6.10-hotspot\bin\vcruntime140_1.dll
0x00007ffaaf310000 - 0x00007ffaaf3a1000 	C:\Program Files\Eclipse Adoptium\jdk-17.0.6.10-hotspot\bin\msvcp140.dll
0x00007ffa873f0000 - 0x00007ffa88037000 	C:\Program Files\Eclipse Adoptium\jdk-17.0.6.10-hotspot\bin\server\jvm.dll
0x00007ffaf2e80000 - 0x00007ffaf2f2f000 	C:\WINDOWS\System32\ADVAPI32.dll
0x00007ffaf2790000 - 0x00007ffaf282c000 	C:\WINDOWS\System32\sechost.dll
0x00007ffaf2420000 - 0x00007ffaf2546000 	C:\WINDOWS\System32\RPCRT4.dll
0x00007ffad5cc0000 - 0x00007ffad5cc9000 	C:\WINDOWS\SYSTEM32\WSOCK32.dll
0x00007ffaf29e0000 - 0x00007ffaf2a4b000 	C:\WINDOWS\System32\WS2_32.dll
0x00007ffadba00000 - 0x00007ffadba27000 	C:\WINDOWS\SYSTEM32\WINMM.dll
0x00007ffaedcc0000 - 0x00007ffaedcca000 	C:\WINDOWS\SYSTEM32\VERSION.dll
0x00007ffaefdc0000 - 0x00007ffaefdd2000 	C:\WINDOWS\SYSTEM32\kernel.appcore.dll
0x00007ffad98d0000 - 0x00007ffad98da000 	C:\Program Files\Eclipse Adoptium\jdk-17.0.6.10-hotspot\bin\jimage.dll
0x00007ffaef320000 - 0x00007ffaef504000 	C:\WINDOWS\SYSTEM32\DBGHELP.DLL
0x00007ffad2b30000 - 0x00007ffad2b64000 	C:\WINDOWS\SYSTEM32\dbgcore.DLL
0x00007ffaf1a50000 - 0x00007ffaf1ad2000 	C:\WINDOWS\System32\bcryptPrimitives.dll
0x00007ffabff70000 - 0x00007ffabff95000 	C:\Program Files\Eclipse Adoptium\jdk-17.0.6.10-hotspot\bin\java.dll
0x00007ffaad4b0000 - 0x00007ffaad586000 	C:\Program Files\Eclipse Adoptium\jdk-17.0.6.10-hotspot\bin\jsvml.dll
0x00007ffaf2f30000 - 0x00007ffaf3674000 	C:\WINDOWS\System32\SHELL32.dll
0x00007ffaef510000 - 0x00007ffaefca4000 	C:\WINDOWS\SYSTEM32\windows.storage.dll
0x00007ffaf2a50000 - 0x00007ffaf2da4000 	C:\WINDOWS\System32\combase.dll
0x00007ffaf0fe0000 - 0x00007ffaf100e000 	C:\WINDOWS\SYSTEM32\Wldp.dll
0x00007ffaf37d0000 - 0x00007ffaf387d000 	C:\WINDOWS\System32\SHCORE.dll
0x00007ffaf3770000 - 0x00007ffaf37c5000 	C:\WINDOWS\System32\shlwapi.dll
0x00007ffaf14e0000 - 0x00007ffaf1505000 	C:\WINDOWS\SYSTEM32\profapi.dll
0x00007ffac7210000 - 0x00007ffac7229000 	C:\Program Files\Eclipse Adoptium\jdk-17.0.6.10-hotspot\bin\net.dll
0x00007ffae0f60000 - 0x00007ffae106a000 	C:\WINDOWS\SYSTEM32\WINHTTP.dll
0x00007ffaf0d40000 - 0x00007ffaf0daa000 	C:\WINDOWS\system32\mswsock.dll
0x00007ffac7160000 - 0x00007ffac7175000 	C:\Program Files\Eclipse Adoptium\jdk-17.0.6.10-hotspot\bin\nio.dll
0x00007ffac5a00000 - 0x00007ffac5a18000 	C:\Program Files\Eclipse Adoptium\jdk-17.0.6.10-hotspot\bin\zip.dll
0x00007ffaeca40000 - 0x00007ffaeca50000 	C:\Program Files\Eclipse Adoptium\jdk-17.0.6.10-hotspot\bin\verify.dll
0x00007ffabfee0000 - 0x00007ffabff07000 	C:\Users\songe\.gradle\native\e1d6ef7f7dcc3fd88c89a11ec53ec762bb8ba0a96d01ffa2cd45eb1d1d8dd5c5\windows-amd64\native-platform.dll
0x00007ffab0ab0000 - 0x00007ffab0bf4000 	C:\Users\songe\.gradle\native\0d407fdbe67a94daf76414ababcb853783967236a71b16ec16e742cd7a986fd3\windows-amd64\native-platform-file-events.dll
0x00007ffac5170000 - 0x00007ffac5179000 	C:\Program Files\Eclipse Adoptium\jdk-17.0.6.10-hotspot\bin\management.dll
0x00007ffac50c0000 - 0x00007ffac50cb000 	C:\Program Files\Eclipse Adoptium\jdk-17.0.6.10-hotspot\bin\management_ext.dll
0x00007ffaf2580000 - 0x00007ffaf2588000 	C:\WINDOWS\System32\PSAPI.DLL
0x00007ffaf0f40000 - 0x00007ffaf0f58000 	C:\WINDOWS\SYSTEM32\CRYPTSP.dll
0x00007ffaf05f0000 - 0x00007ffaf0624000 	C:\WINDOWS\system32\rsaenh.dll
0x00007ffaf1ce0000 - 0x00007ffaf1d07000 	C:\WINDOWS\System32\bcrypt.dll
0x00007ffaf14a0000 - 0x00007ffaf14ce000 	C:\WINDOWS\SYSTEM32\USERENV.dll
0x00007ffaf0f30000 - 0x00007ffaf0f3c000 	C:\WINDOWS\SYSTEM32\CRYPTBASE.dll
0x00007ffaf09e0000 - 0x00007ffaf0a1c000 	C:\WINDOWS\SYSTEM32\IPHLPAPI.DLL
0x00007ffaf3760000 - 0x00007ffaf3768000 	C:\WINDOWS\System32\NSI.dll
0x00007ffae60e0000 - 0x00007ffae60f7000 	C:\WINDOWS\SYSTEM32\dhcpcsvc6.DLL
0x00007ffae6b30000 - 0x00007ffae6b4d000 	C:\WINDOWS\SYSTEM32\dhcpcsvc.DLL
0x00007ffaf0a20000 - 0x00007ffaf0aea000 	C:\WINDOWS\SYSTEM32\DNSAPI.dll
0x00007ffac29c0000 - 0x00007ffac29ce000 	C:\Program Files\Eclipse Adoptium\jdk-17.0.6.10-hotspot\bin\sunmscapi.dll
0x00007ffaf1b80000 - 0x00007ffaf1cde000 	C:\WINDOWS\System32\CRYPT32.dll
0x00007ffaf1050000 - 0x00007ffaf1078000 	C:\WINDOWS\SYSTEM32\ncrypt.dll
0x00007ffaf1010000 - 0x00007ffaf104b000 	C:\WINDOWS\SYSTEM32\NTASN1.dll
0x00007ffae45e0000 - 0x00007ffae45e7000 	C:\WINDOWS\system32\wshunix.dll

dbghelp: loaded successfully - version: 4.0.5 - missing functions: none
symbol engine: initialized successfully - sym options: 0x614 - pdb path: .;C:\Program Files\Eclipse Adoptium\jdk-17.0.6.10-hotspot\bin;C:\WINDOWS\SYSTEM32;C:\WINDOWS\WinSxS\amd64_microsoft.windows.common-controls_6595b64144ccf1df_6.0.19041.1110_none_60b5254171f9507e;C:\Program Files\Eclipse Adoptium\jdk-17.0.6.10-hotspot\bin\server;C:\Users\songe\.gradle\native\e1d6ef7f7dcc3fd88c89a11ec53ec762bb8ba0a96d01ffa2cd45eb1d1d8dd5c5\windows-amd64;C:\Users\songe\.gradle\native\0d407fdbe67a94daf76414ababcb853783967236a71b16ec16e742cd7a986fd3\windows-amd64

VM Arguments:
jvm_args: -XX:MaxMetaspaceSize=512m --add-opens=java.base/java.util=ALL-UNNAMED --add-opens=java.base/java.lang=ALL-UNNAMED --add-opens=java.base/java.lang.invoke=ALL-UNNAMED --add-opens=java.base/java.util=ALL-UNNAMED --add-opens=java.prefs/java.util.prefs=ALL-UNNAMED --add-opens=java.prefs/java.util.prefs=ALL-UNNAMED --add-opens=java.base/java.nio.charset=ALL-UNNAMED --add-opens=java.base/java.net=ALL-UNNAMED --add-opens=java.base/java.util.concurrent.atomic=ALL-UNNAMED -Xmx2048m -Dfile.encoding=windows-1252 -Duser.country=ZA -Duser.language=en -Duser.variant 
java_command: org.gradle.launcher.daemon.bootstrap.GradleDaemon 7.5.1
java_class_path (initial): C:\Users\songe\.gradle\wrapper\dists\gradle-7.5.1-all\1ehga6e77gqps5uk2kc5kf1vc\gradle-7.5.1\lib\gradle-launcher-7.5.1.jar
Launcher Type: SUN_STANDARD

[Global flags]
     intx CICompilerCount                          = 3                                         {product} {ergonomic}
   size_t CompressedClassSpaceSize                 = 432013312                                 {product} {ergonomic}
     uint ConcGCThreads                            = 1                                         {product} {ergonomic}
     uint G1ConcRefinementThreads                  = 4                                         {product} {ergonomic}
   size_t G1HeapRegionSize                         = 1048576                                   {product} {ergonomic}
    uintx GCDrainStackTargetSize                   = 64                                        {product} {ergonomic}
   size_t InitialHeapSize                          = 134217728                                 {product} {ergonomic}
   size_t MarkStackSize                            = 4194304                                   {product} {ergonomic}
   size_t MaxHeapSize                              = 2147483648                                {product} {command line}
   size_t MaxMetaspaceSize                         = 536870912                                 {product} {command line}
   size_t MaxNewSize                               = 1287651328                                {product} {ergonomic}
   size_t MinHeapDeltaBytes                        = 1048576                                   {product} {ergonomic}
   size_t MinHeapSize                              = 8388608                                   {product} {ergonomic}
    uintx NonNMethodCodeHeapSize                   = 5832780                                {pd product} {ergonomic}
    uintx NonProfiledCodeHeapSize                  = 122912730                              {pd product} {ergonomic}
    uintx ProfiledCodeHeapSize                     = 122912730                              {pd product} {ergonomic}
    uintx ReservedCodeCacheSize                    = 251658240                              {pd product} {ergonomic}
     bool SegmentedCodeCache                       = true                                      {product} {ergonomic}
   size_t SoftMaxHeapSize                          = 2147483648                             {manageable} {ergonomic}
     bool UseCompressedClassPointers               = true                           {product lp64_product} {ergonomic}
     bool UseCompressedOops                        = true                           {product lp64_product} {ergonomic}
     bool UseG1GC                                  = true                                      {product} {ergonomic}
     bool UseLargePagesIndividualAllocation        = false                                  {pd product} {ergonomic}

Logging:
Log output configuration:
 #0: stdout all=warning uptime,level,tags
 #1: stderr all=off uptime,level,tags

Environment Variables:
JAVA_HOME=C:\Program Files\Eclipse Adoptium\jdk-17.0.6.10-hotspot
CLASSPATH=C:\Users\songe\source\repos\SAMSV2\android\\gradle\wrapper\gradle-wrapper.jar
PATH=C:\Users\songe\source\repos\SAMSV2\android\node_modules\.bin;C:\Users\songe\source\repos\SAMSV2\node_modules\.bin;C:\Users\songe\source\repos\node_modules\.bin;C:\Users\songe\source\node_modules\.bin;C:\Users\songe\node_modules\.bin;C:\Users\node_modules\.bin;C:\node_modules\.bin;C:\Program Files\nodejs;C:\Users\songe\source\repos\SAMSV2\node_modules\.bin;C:\Users\songe\source\repos\SAMSV2\node_modules\.bin;C:\Users\songe\source\repos\node_modules\.bin;C:\Users\songe\source\node_modules\.bin;C:\Users\songe\node_modules\.bin;C:\Users\node_modules\.bin;C:\node_modules\.bin;C:\Users\songe\source\repos\SAMSV2\node_modules\npm\node_modules\@npmcli\run-script\lib\node-gyp-bin;C:\Users\songe\source\repos\SAMSV2\node_modules\.bin;C:\Users\songe\source\repos\node_modules\.bin;C:\Users\songe\source\node_modules\.bin;C:\Users\songe\node_modules\.bin;C:\Users\node_modules\.bin;C:\node_modules\.bin;C:\Program Files\nodejs;C:\Users\songe\source\repos\SAMSV2\node_modules\.bin;C:\Users\songe\source\repos\node_modules\.bin;C:\Users\songe\source\node_modules\.bin;C:\Users\songe\node_modules\.bin;C:\Users\node_modules\.bin;C:\node_modules\.bin;C:\Program Files\nodejs\node_modules\npm\node_modules\@npmcli\run-script\lib\node-gyp-bin;C:\Users\songe\bin;C:\Program Files\Git\mingw64\bin;C:\Program Files\Git\usr\local\bin;C:\Program Files\Git\usr\bin;C:\Program Files\Git\usr\bin;C:\Program Files\Git\mingw64\bin;C:\Program Files\Git\usr\bin;C:\Users\songe\bin;C:\Program Files\Eclipse Adoptium\jdk-17.0.6.10-hotspot\bin;C:\Program Files (x86)\Intel\Intel(R) Management Engine Components\iCLS;C:\Program Files\Intel\Intel(R) Management Engine Components\iCLS;C:\Windows\system32;C:\Windows;C:\Windows\System32\Wbem;C:\Windows\System32\WindowsPowerShell\v1.0;C:\Program Files (x86)\NVIDIA Corporation\PhysX\Common;C:\Program Files (x86)\Intel\Intel(R) Management Engine Components\DAL;C:\Program Files\Intel\Intel(R) Management Engine Components\DAL;C:\Program Files (x86)\Intel\Intel(R) Management En
USERNAME=songe
SHELL=C:\Program Files\Git\usr\bin\bash.exe
DISPLAY=needs-to-be-defined
LANG=en_US.UTF-8
TERM=xterm-256color
TMPDIR=C:\Users\songe\AppData\Local\Temp
OS=Windows_NT
PROCESSOR_IDENTIFIER=Intel64 Family 6 Model 142 Stepping 9, GenuineIntel
TMP=C:\Users\songe\AppData\Local\Temp
TEMP=C:\Users\songe\AppData\Local\Temp



---------------  S Y S T E M  ---------------

OS:
 Windows 10 , 64 bit Build 19041 (10.0.19041.3155)
OS uptime: 0 days 18:08 hours

CPU: total 4 (initial active 4) (2 cores per cpu, 2 threads per core) family 6 model 142 stepping 9 microcode 0xf0, cx8, cmov, fxsr, ht, mmx, 3dnowpref, sse, sse2, sse3, ssse3, sse4.1, sse4.2, popcnt, lzcnt, tsc, tscinvbit, avx, avx2, aes, erms, clmul, bmi1, bmi2, adx, fma, vzeroupper, clflush, clflushopt

Memory: 4k page, system-wide physical 8089M (302M free)
TotalPageFile size 11089M (AvailPageFile size 16M)
current process WorkingSet (physical memory assigned to process): 402M, peak: 403M
current process commit charge ("private bytes"): 528M, peak: 642M

vm_info: OpenJDK 64-Bit Server VM (17.0.6+10) for windows-amd64 JRE (17.0.6+10), built on Jan 18 2023 10:08:59 by "temurin" with MS VC++ 16.7 (VS2019)

END.
