#
# There is insufficient memory for the Java Runtime Environment to continue.
# Native memory allocation (mmap) failed to map 3145728 bytes for G1 virtual space
# Possible reasons:
#   The system is out of physical RAM or swap space
#   The process is running with CompressedOops enabled, and the Java Heap may be blocking the growth of the native heap
# Possible solutions:
#   Reduce memory load on the system
#   Increase physical memory or swap space
#   Check if swap backing store is full
#   Decrease Java heap size (-Xmx/-Xms)
#   Decrease number of Java threads
#   Decrease Java thread stack sizes (-Xss)
#   Set larger code cache with -XX:ReservedCodeCacheSize=
#   JVM is running with Unscaled Compressed Oops mode in which the Java heap is
#     placed in the first 4GB address space. The Java Heap base address is the
#     maximum limit for the native heap growth. Please use -XX:HeapBaseMinAddress
#     to set the Java Heap base and to place the Java Heap above 4GB virtual address.
# This output file may be truncated or incomplete.
#
#  Out of Memory Error (os_windows.cpp:3557), pid=16280, tid=3352
#
# JRE version: OpenJDK Runtime Environment Temurin-17.0.6+10 (17.0.6+10) (build 17.0.6+10)
# Java VM: OpenJDK 64-Bit Server VM Temurin-17.0.6+10 (17.0.6+10, mixed mode, sharing, tiered, compressed oops, compressed class ptrs, g1 gc, windows-amd64)
# No core dump will be written. Minidumps are not enabled by default on client versions of Windows
#

---------------  S U M M A R Y ------------

Command Line: -XX:MaxMetaspaceSize=512m --add-opens=java.base/java.util=ALL-UNNAMED --add-opens=java.base/java.lang=ALL-UNNAMED --add-opens=java.base/java.lang.invoke=ALL-UNNAMED --add-opens=java.base/java.util=ALL-UNNAMED --add-opens=java.prefs/java.util.prefs=ALL-UNNAMED --add-opens=java.prefs/java.util.prefs=ALL-UNNAMED --add-opens=java.base/java.nio.charset=ALL-UNNAMED --add-opens=java.base/java.net=ALL-UNNAMED --add-opens=java.base/java.util.concurrent.atomic=ALL-UNNAMED -Xmx2048m -Dfile.encoding=windows-1252 -Duser.country=ZA -Duser.language=en -Duser.variant org.gradle.launcher.daemon.bootstrap.GradleDaemon 7.5.1

Host: Intel(R) Core(TM) i7-7500U CPU @ 2.70GHz, 4 cores, 7G,  Windows 10 , 64 bit Build 19041 (10.0.19041.3155)
Time: Wed Jul  5 12:19:13 2023 South Africa Standard Time elapsed time: 19.352944 seconds (0d 0h 0m 19s)

---------------  T H R E A D  ---------------

Current thread (0x0000020bfeea5c20):  VMThread "VM Thread" [stack: 0x000000e5daa00000,0x000000e5dab00000] [id=3352]

Stack: [0x000000e5daa00000,0x000000e5dab00000]
Native frames: (J=compiled Java code, j=interpreted, Vv=VM code, C=native code)
V  [jvm.dll+0x67741a]
V  [jvm.dll+0x834434]
V  [jvm.dll+0x835bde]
V  [jvm.dll+0x836243]
V  [jvm.dll+0x2457b5]
V  [jvm.dll+0x674329]
V  [jvm.dll+0x6689da]
V  [jvm.dll+0x30489b]
V  [jvm.dll+0x30bd96]
V  [jvm.dll+0x35b57e]
V  [jvm.dll+0x35b7af]
V  [jvm.dll+0x2db778]
V  [jvm.dll+0x2de806]
V  [jvm.dll+0x2e8ea8]
V  [jvm.dll+0x31cfe0]
V  [jvm.dll+0x83a6eb]
V  [jvm.dll+0x83b424]
V  [jvm.dll+0x83b93c]
V  [jvm.dll+0x83bd14]
V  [jvm.dll+0x83bde0]
V  [jvm.dll+0x7e483a]
V  [jvm.dll+0x6762c5]
C  [ucrtbase.dll+0x21bb2]
C  [KERNEL32.DLL+0x17614]
C  [ntdll.dll+0x526b1]

VM_Operation (0x000000e5da6ff690): G1Concurrent, mode: safepoint, requested by thread 0x0000020bf4394b60


---------------  P R O C E S S  ---------------

Threads class SMR info:
_java_thread_list=0x0000020b94640610, length=88, elements={
0x0000020bf4324ca0, 0x0000020bfeeaafd0, 0x0000020bfeeac5e0, 0x0000020bfeec4a60,
0x0000020bfeec7420, 0x0000020bfeeca5b0, 0x0000020bfeecb700, 0x0000020bfeec96d0,
0x0000020bfeece330, 0x0000020bfeefb1e0, 0x0000020bff9f3d10, 0x0000020bff9f7450,
0x0000020b94bcea30, 0x0000020b94850e80, 0x0000020b93eb03e0, 0x0000020b94eba850,
0x0000020b9508c650, 0x0000020b949a06e0, 0x0000020b9441c970, 0x0000020b9480afc0,
0x0000020b94808e10, 0x0000020b948092e0, 0x0000020b9480b960, 0x0000020b94808470,
0x0000020b94808940, 0x0000020b94809c80, 0x0000020b948097b0, 0x0000020b9480be30,
0x0000020b9480a150, 0x0000020b9480a620, 0x0000020b9480b490, 0x0000020b9480aaf0,
0x0000020b9701f570, 0x0000020b9701c080, 0x0000020b9701fa40, 0x0000020b9701ad40,
0x0000020b9701c550, 0x0000020b9701b210, 0x0000020b9701dd60, 0x0000020b9701ca20,
0x0000020b97019060, 0x0000020b97019530, 0x0000020b9701b6e0, 0x0000020b9701e230,
0x0000020b9701ff10, 0x0000020b97019ed0, 0x0000020b9701cef0, 0x0000020b9701d3c0,
0x0000020b970208b0, 0x0000020b97019a00, 0x0000020b9701e700, 0x0000020b9701d890,
0x0000020b9701ebd0, 0x0000020b9701f0a0, 0x0000020b9701bbb0, 0x0000020b9530f0a0,
0x0000020b9530ca20, 0x0000020b95312a60, 0x0000020b9530bbb0, 0x0000020b9530f570,
0x0000020b953103e0, 0x0000020b9530fa40, 0x0000020b95312f30, 0x0000020b95313400,
0x0000020b9530c080, 0x0000020b9530ff10, 0x0000020b9530c550, 0x0000020b953108b0,
0x0000020b95312590, 0x0000020b95310d80, 0x0000020b95311250, 0x0000020b9530dd60,
0x0000020b9530cef0, 0x0000020b95311720, 0x0000020b95311bf0, 0x0000020b9530ebd0,
0x0000020b982cd3e0, 0x0000020b982c9550, 0x0000020b982cad60, 0x0000020b982c86e0,
0x0000020b982cc0a0, 0x0000020b982cbbd0, 0x0000020b982c9080, 0x0000020b982c6060,
0x0000020b982c6530, 0x0000020b982c8bb0, 0x0000020b982c6a00, 0x0000020b982cca40
}

Java Threads: ( => current thread )
  0x0000020bf4324ca0 JavaThread "main" [_thread_blocked, id=11632, stack(0x000000e5da400000,0x000000e5da500000)]
  0x0000020bfeeaafd0 JavaThread "Reference Handler" daemon [_thread_blocked, id=18368, stack(0x000000e5dab00000,0x000000e5dac00000)]
  0x0000020bfeeac5e0 JavaThread "Finalizer" daemon [_thread_blocked, id=19404, stack(0x000000e5dac00000,0x000000e5dad00000)]
  0x0000020bfeec4a60 JavaThread "Signal Dispatcher" daemon [_thread_blocked, id=6792, stack(0x000000e5dad00000,0x000000e5dae00000)]
  0x0000020bfeec7420 JavaThread "Attach Listener" daemon [_thread_blocked, id=16024, stack(0x000000e5dae00000,0x000000e5daf00000)]
  0x0000020bfeeca5b0 JavaThread "Service Thread" daemon [_thread_blocked, id=10336, stack(0x000000e5daf00000,0x000000e5db000000)]
  0x0000020bfeecb700 JavaThread "Monitor Deflation Thread" daemon [_thread_blocked, id=18928, stack(0x000000e5db000000,0x000000e5db100000)]
  0x0000020bfeec96d0 JavaThread "C2 CompilerThread0" daemon [_thread_blocked, id=1796, stack(0x000000e5db100000,0x000000e5db200000)]
  0x0000020bfeece330 JavaThread "C1 CompilerThread0" daemon [_thread_blocked, id=12068, stack(0x000000e5db200000,0x000000e5db300000)]
  0x0000020bfeefb1e0 JavaThread "Sweeper thread" daemon [_thread_blocked, id=9644, stack(0x000000e5db300000,0x000000e5db400000)]
  0x0000020bff9f3d10 JavaThread "Common-Cleaner" daemon [_thread_blocked, id=8088, stack(0x000000e5db400000,0x000000e5db500000)]
  0x0000020bff9f7450 JavaThread "Notification Thread" daemon [_thread_blocked, id=15232, stack(0x000000e5db500000,0x000000e5db600000)]
  0x0000020b94bcea30 JavaThread "Daemon health stats" [_thread_blocked, id=15504, stack(0x000000e5dbb00000,0x000000e5dbc00000)]
  0x0000020b94850e80 JavaThread "Incoming local TCP Connector on port 50469" [_thread_in_native, id=16712, stack(0x000000e5dbc00000,0x000000e5dbd00000)]
  0x0000020b93eb03e0 JavaThread "Daemon periodic checks" [_thread_blocked, id=18492, stack(0x000000e5dbd00000,0x000000e5dbe00000)]
  0x0000020b94eba850 JavaThread "Daemon" [_thread_blocked, id=10276, stack(0x000000e5dbe00000,0x000000e5dbf00000)]
  0x0000020b9508c650 JavaThread "Handler for socket connection from /127.0.0.1:50469 to /127.0.0.1:50470" [_thread_in_native, id=7288, stack(0x000000e5dbf00000,0x000000e5dc000000)]
  0x0000020b949a06e0 JavaThread "Cancel handler" [_thread_blocked, id=17952, stack(0x000000e5dc000000,0x000000e5dc100000)]
  0x0000020b9441c970 JavaThread "Daemon worker" [_thread_blocked, id=1456, stack(0x000000e5dc100000,0x000000e5dc200000)]
  0x0000020b9480afc0 JavaThread "Asynchronous log dispatcher for DefaultDaemonConnection: socket connection from /127.0.0.1:50469 to /127.0.0.1:50470" [_thread_blocked, id=16184, stack(0x000000e5dc200000,0x000000e5dc300000)]
  0x0000020b94808e10 JavaThread "Stdin handler" [_thread_blocked, id=9232, stack(0x000000e5dc300000,0x000000e5dc400000)]
  0x0000020b948092e0 JavaThread "Daemon client event forwarder" [_thread_blocked, id=5800, stack(0x000000e5dc400000,0x000000e5dc500000)]
  0x0000020b9480b960 JavaThread "Cache worker for journal cache (C:\Users\songe\.gradle\caches\journal-1)" [_thread_blocked, id=9044, stack(0x000000e5dc500000,0x000000e5dc600000)]
  0x0000020b94808470 JavaThread "File lock request listener" [_thread_in_native, id=6912, stack(0x000000e5dc600000,0x000000e5dc700000)]
  0x0000020b94808940 JavaThread "Cache worker for file hash cache (C:\Users\songe\.gradle\caches\7.5.1\fileHashes)" [_thread_blocked, id=18556, stack(0x000000e5dc700000,0x000000e5dc800000)]
  0x0000020b94809c80 JavaThread "File watcher server" daemon [_thread_in_native, id=8588, stack(0x000000e5dc800000,0x000000e5dc900000)]
  0x0000020b948097b0 JavaThread "File watcher consumer" daemon [_thread_blocked, id=18508, stack(0x000000e5dc900000,0x000000e5dca00000)]
  0x0000020b9480be30 JavaThread "Cache worker for checksums cache (C:\Users\songe\source\repos\SAMSV2\android\.gradle\7.5.1\checksums)" [_thread_blocked, id=14232, stack(0x000000e5dca00000,0x000000e5dcb00000)]
  0x0000020b9480a150 JavaThread "Cache worker for cache directory md-rule (C:\Users\songe\.gradle\caches\7.5.1\md-rule)" [_thread_blocked, id=10912, stack(0x000000e5dcb00000,0x000000e5dcc00000)]
  0x0000020b9480a620 JavaThread "Cache worker for file content cache (C:\Users\songe\.gradle\caches\7.5.1\fileContent)" [_thread_blocked, id=13236, stack(0x000000e5dcc00000,0x000000e5dcd00000)]
  0x0000020b9480b490 JavaThread "Cache worker for file hash cache (C:\Users\songe\source\repos\SAMSV2\android\.gradle\7.5.1\fileHashes)" [_thread_blocked, id=3908, stack(0x000000e5dcd00000,0x000000e5dce00000)]
  0x0000020b9480aaf0 JavaThread "Cache worker for cache directory md-supplier (C:\Users\songe\.gradle\caches\7.5.1\md-supplier)" [_thread_blocked, id=17584, stack(0x000000e5dce00000,0x000000e5dcf00000)]
  0x0000020b9701f570 JavaThread "Cache worker for execution history cache (C:\Users\songe\.gradle\caches\7.5.1\executionHistory)" [_thread_blocked, id=8220, stack(0x000000e5dd000000,0x000000e5dd100000)]
  0x0000020b9701c080 JavaThread "jar transforms" [_thread_blocked, id=7032, stack(0x000000e5dd100000,0x000000e5dd200000)]
  0x0000020b9701fa40 JavaThread "jar transforms Thread 2" [_thread_blocked, id=8692, stack(0x000000e5dd200000,0x000000e5dd300000)]
  0x0000020b9701ad40 JavaThread "jar transforms Thread 3" [_thread_blocked, id=11748, stack(0x000000e5dd300000,0x000000e5dd400000)]
  0x0000020b9701c550 JavaThread "jar transforms Thread 4" [_thread_blocked, id=5828, stack(0x000000e5dd400000,0x000000e5dd500000)]
  0x0000020b9701b210 JavaThread "Cache worker for kotlin-dsl (C:\Users\songe\.gradle\caches\7.5.1\kotlin-dsl)" [_thread_blocked, id=14164, stack(0x000000e5dd500000,0x000000e5dd600000)]
  0x0000020b9701dd60 JavaThread "Cache worker for dependencies-accessors (C:\Users\songe\source\repos\SAMSV2\android\.gradle\7.5.1\dependencies-accessors)" [_thread_blocked, id=19304, stack(0x000000e5dd600000,0x000000e5dd700000)]
  0x0000020b9701ca20 JavaThread "Cache worker for Build Output Cleanup Cache (C:\Users\songe\source\repos\SAMSV2\node_modules\react-native-gradle-plugin\.gradle\buildOutputCleanup)" [_thread_blocked, id=13096, stack(0x000000e5dd700000,0x000000e5dd800000)]
  0x0000020b97019060 JavaThread "Unconstrained build operations" [_thread_blocked, id=15568, stack(0x000000e5dd800000,0x000000e5dd900000)]
  0x0000020b97019530 JavaThread "Unconstrained build operations Thread 2" [_thread_blocked, id=16296, stack(0x000000e5dd900000,0x000000e5dda00000)]
  0x0000020b9701b6e0 JavaThread "Unconstrained build operations Thread 3" [_thread_blocked, id=1048, stack(0x000000e5dda00000,0x000000e5ddb00000)]
  0x0000020b9701e230 JavaThread "Unconstrained build operations Thread 4" [_thread_blocked, id=15784, stack(0x000000e5ddb00000,0x000000e5ddc00000)]
  0x0000020b9701ff10 JavaThread "Unconstrained build operations Thread 5" [_thread_blocked, id=8268, stack(0x000000e5ddc00000,0x000000e5ddd00000)]
  0x0000020b97019ed0 JavaThread "Unconstrained build operations Thread 6" [_thread_blocked, id=17608, stack(0x000000e5ddd00000,0x000000e5dde00000)]
  0x0000020b9701cef0 JavaThread "Unconstrained build operations Thread 7" [_thread_blocked, id=13984, stack(0x000000e5dde00000,0x000000e5ddf00000)]
  0x0000020b9701d3c0 JavaThread "Unconstrained build operations Thread 8" [_thread_blocked, id=3412, stack(0x000000e5ddf00000,0x000000e5de000000)]
  0x0000020b970208b0 JavaThread "Unconstrained build operations Thread 9" [_thread_blocked, id=12948, stack(0x000000e5de000000,0x000000e5de100000)]
  0x0000020b97019a00 JavaThread "Unconstrained build operations Thread 10" [_thread_blocked, id=18336, stack(0x000000e5de100000,0x000000e5de200000)]
  0x0000020b9701e700 JavaThread "Unconstrained build operations Thread 11" [_thread_blocked, id=11832, stack(0x000000e5de200000,0x000000e5de300000)]
  0x0000020b9701d890 JavaThread "Unconstrained build operations Thread 12" [_thread_blocked, id=13576, stack(0x000000e5de300000,0x000000e5de400000)]
  0x0000020b9701ebd0 JavaThread "Unconstrained build operations Thread 13" [_thread_blocked, id=19264, stack(0x000000e5de400000,0x000000e5de500000)]
  0x0000020b9701f0a0 JavaThread "Unconstrained build operations Thread 14" [_thread_blocked, id=17664, stack(0x000000e5de500000,0x000000e5de600000)]
  0x0000020b9701bbb0 JavaThread "Unconstrained build operations Thread 15" [_thread_blocked, id=1180, stack(0x000000e5de600000,0x000000e5de700000)]
  0x0000020b9530f0a0 JavaThread "Unconstrained build operations Thread 16" [_thread_blocked, id=16920, stack(0x000000e5de700000,0x000000e5de800000)]
  0x0000020b9530ca20 JavaThread "Unconstrained build operations Thread 17" [_thread_blocked, id=19060, stack(0x000000e5de800000,0x000000e5de900000)]
  0x0000020b95312a60 JavaThread "Unconstrained build operations Thread 18" [_thread_blocked, id=13900, stack(0x000000e5de900000,0x000000e5dea00000)]
  0x0000020b9530bbb0 JavaThread "Unconstrained build operations Thread 19" [_thread_blocked, id=16968, stack(0x000000e5dea00000,0x000000e5deb00000)]
  0x0000020b9530f570 JavaThread "Unconstrained build operations Thread 20" [_thread_blocked, id=16424, stack(0x000000e5deb00000,0x000000e5dec00000)]
  0x0000020b953103e0 JavaThread "Unconstrained build operations Thread 21" [_thread_blocked, id=15852, stack(0x000000e5dec00000,0x000000e5ded00000)]
  0x0000020b9530fa40 JavaThread "Unconstrained build operations Thread 22" [_thread_blocked, id=15624, stack(0x000000e5ded00000,0x000000e5dee00000)]
  0x0000020b95312f30 JavaThread "Unconstrained build operations Thread 23" [_thread_blocked, id=1336, stack(0x000000e5dee00000,0x000000e5def00000)]
  0x0000020b95313400 JavaThread "Unconstrained build operations Thread 24" [_thread_blocked, id=19388, stack(0x000000e5def00000,0x000000e5df000000)]
  0x0000020b9530c080 JavaThread "Unconstrained build operations Thread 25" [_thread_blocked, id=15152, stack(0x000000e5df000000,0x000000e5df100000)]
  0x0000020b9530ff10 JavaThread "Unconstrained build operations Thread 26" [_thread_blocked, id=17532, stack(0x000000e5df100000,0x000000e5df200000)]
  0x0000020b9530c550 JavaThread "Unconstrained build operations Thread 27" [_thread_blocked, id=2960, stack(0x000000e5df200000,0x000000e5df300000)]
  0x0000020b953108b0 JavaThread "Unconstrained build operations Thread 28" [_thread_blocked, id=18636, stack(0x000000e5df300000,0x000000e5df400000)]
  0x0000020b95312590 JavaThread "Unconstrained build operations Thread 29" [_thread_blocked, id=17364, stack(0x000000e5df400000,0x000000e5df500000)]
  0x0000020b95310d80 JavaThread "Unconstrained build operations Thread 30" [_thread_blocked, id=1832, stack(0x000000e5df500000,0x000000e5df600000)]
  0x0000020b95311250 JavaThread "Unconstrained build operations Thread 31" [_thread_blocked, id=13784, stack(0x000000e5df600000,0x000000e5df700000)]
  0x0000020b9530dd60 JavaThread "Unconstrained build operations Thread 32" [_thread_blocked, id=14100, stack(0x000000e5df700000,0x000000e5df800000)]
  0x0000020b9530cef0 JavaThread "Unconstrained build operations Thread 33" [_thread_blocked, id=17920, stack(0x000000e5df800000,0x000000e5df900000)]
  0x0000020b95311720 JavaThread "build event listener" [_thread_blocked, id=7792, stack(0x000000e5df900000,0x000000e5dfa00000)]
  0x0000020b95311bf0 JavaThread "Memory manager" [_thread_blocked, id=14868, stack(0x000000e5dfa00000,0x000000e5dfb00000)]
  0x0000020b9530ebd0 JavaThread "Cache worker for Build Output Cleanup Cache (C:\Users\songe\source\repos\SAMSV2\android\.gradle\buildOutputCleanup)" [_thread_blocked, id=7436, stack(0x000000e5dfb00000,0x000000e5dfc00000)]
  0x0000020b982cd3e0 JavaThread "included builds" [_thread_blocked, id=13980, stack(0x000000e5dfc00000,0x000000e5dfd00000)]
  0x0000020b982c9550 JavaThread "Execution worker" [_thread_blocked, id=19244, stack(0x000000e5dfd00000,0x000000e5dfe00000)]
  0x0000020b982cad60 JavaThread "Execution worker Thread 2" [_thread_blocked, id=10168, stack(0x000000e5dfe00000,0x000000e5dff00000)]
  0x0000020b982c86e0 JavaThread "Execution worker Thread 3" [_thread_blocked, id=18044, stack(0x000000e5dff00000,0x000000e5e0000000)]
  0x0000020b982cc0a0 JavaThread "Cache worker for execution history cache (C:\Users\songe\source\repos\SAMSV2\node_modules\react-native-gradle-plugin\.gradle\7.5.1\executionHistory)" [_thread_blocked, id=15752, stack(0x000000e5e0000000,0x000000e5e0100000)]
  0x0000020b982cbbd0 JavaThread "Unconstrained build operations Thread 34" [_thread_blocked, id=9848, stack(0x000000e5e0100000,0x000000e5e0200000)]
  0x0000020b982c9080 JavaThread "Unconstrained build operations Thread 35" [_thread_blocked, id=19280, stack(0x000000e5e0200000,0x000000e5e0300000)]
  0x0000020b982c6060 JavaThread "Unconstrained build operations Thread 36" [_thread_blocked, id=11128, stack(0x000000e5e0300000,0x000000e5e0400000)]
  0x0000020b982c6530 JavaThread "Unconstrained build operations Thread 37" [_thread_blocked, id=13976, stack(0x000000e5e0400000,0x000000e5e0500000)]
  0x0000020b982c8bb0 JavaThread "Unconstrained build operations Thread 38" [_thread_blocked, id=15708, stack(0x000000e5e0500000,0x000000e5e0600000)]
  0x0000020b982c6a00 JavaThread "Unconstrained build operations Thread 39" [_thread_blocked, id=6676, stack(0x000000e5e0600000,0x000000e5e0700000)]
  0x0000020b982cca40 JavaThread "Unconstrained build operations Thread 40" [_thread_blocked, id=16876, stack(0x000000e5e0700000,0x000000e5e0800000)]

Other Threads:
=>0x0000020bfeea5c20 VMThread "VM Thread" [stack: 0x000000e5daa00000,0x000000e5dab00000] [id=3352]
  0x0000020bf43a5a90 WatcherThread [stack: 0x000000e5db600000,0x000000e5db700000] [id=13616]
  0x0000020bf4383c20 GCTaskThread "GC Thread#0" [stack: 0x000000e5da500000,0x000000e5da600000] [id=16908]
  0x0000020b934a5e50 GCTaskThread "GC Thread#1" [stack: 0x000000e5db800000,0x000000e5db900000] [id=18596]
  0x0000020b9356d480 GCTaskThread "GC Thread#2" [stack: 0x000000e5db900000,0x000000e5dba00000] [id=11984]
  0x0000020b93dc5a70 GCTaskThread "GC Thread#3" [stack: 0x000000e5dba00000,0x000000e5dbb00000] [id=18452]
  0x0000020bf4394b60 ConcurrentGCThread "G1 Main Marker" [stack: 0x000000e5da600000,0x000000e5da700000] [id=10432]
  0x0000020bf4395d10 ConcurrentGCThread "G1 Conc#0" [stack: 0x000000e5da700000,0x000000e5da800000] [id=11388]
  0x0000020bf43ee5b0 ConcurrentGCThread "G1 Refine#0" [stack: 0x000000e5da800000,0x000000e5da900000] [id=18728]
  0x0000020b94fbc6f0 ConcurrentGCThread "G1 Refine#1" [stack: 0x000000e5dcf00000,0x000000e5dd000000] [id=9008]
  0x0000020bfed600a0 ConcurrentGCThread "G1 Service" [stack: 0x000000e5da900000,0x000000e5daa00000] [id=1160]

Threads with active compile tasks:
C2 CompilerThread0    19388 8389       4       org.objectweb.asm.MethodVisitor::visitMethodInsn (80 bytes)

VM state: at safepoint (normal execution)

VM Mutex/Monitor currently owned by a thread:  ([mutex/lock_event])
[0x0000020bf4321630] Threads_lock - owner thread: 0x0000020bfeea5c20
[0x0000020bf43213f0] Heap_lock - owner thread: 0x0000020bf4394b60

Heap address: 0x0000000080000000, size: 2048 MB, Compressed Oops mode: 32-bit

CDS archive(s) mapped at: [0x0000000800000000-0x0000000800bc0000-0x0000000800bc0000), size 12320768, SharedBaseAddress: 0x0000000800000000, ArchiveRelocationMode: 0.
Compressed class space mapped at: 0x0000000800c00000-0x000000081a800000, reserved size: 432013312
Narrow klass base: 0x0000000800000000, Narrow klass shift: 0, Narrow klass range: 0x100000000

GC Precious Log:
 CPUs: 4 total, 4 available
 Memory: 8089M
 Large Page Support: Disabled
 NUMA Support: Disabled
 Compressed Oops: Enabled (32-bit)
 Heap Region Size: 1M
 Heap Min Capacity: 8M
 Heap Initial Capacity: 128M
 Heap Max Capacity: 2G
 Pre-touch: Disabled
 Parallel Workers: 4
 Concurrent Workers: 1
 Concurrent Refinement Workers: 4
 Periodic GC: Disabled

Heap:
 garbage-first heap   total 104448K, used 61061K [0x0000000080000000, 0x0000000100000000)
  region size 1024K, 8 young (8192K), 2 survivors (2048K)
 Metaspace       used 60820K, committed 61440K, reserved 479232K
  class space    used 8539K, committed 8832K, reserved 421888K

Heap Regions: E=young(eden), S=young(survivor), O=old, HS=humongous(starts), HC=humongous(continues), CS=collection set, F=free, OA=open archive, CA=closed archive, TAMS=top-at-mark-start (previous, next)
|   0|0x0000000080000000, 0x0000000080100000, 0x0000000080100000|100%|HS|  |TAMS 0x0000000080100000, 0x0000000080000000| Complete 
|   1|0x0000000080100000, 0x0000000080200000, 0x0000000080200000|100%|HC|  |TAMS 0x0000000080200000, 0x0000000080100000| Complete 
|   2|0x0000000080200000, 0x0000000080300000, 0x0000000080300000|100%|HC|  |TAMS 0x0000000080300000, 0x0000000080200000| Complete 
|   3|0x0000000080300000, 0x0000000080400000, 0x0000000080400000|100%| O|  |TAMS 0x0000000080400000, 0x0000000080300000| Untracked 
|   4|0x0000000080400000, 0x0000000080500000, 0x0000000080500000|100%| O|  |TAMS 0x0000000080500000, 0x0000000080400000| Untracked 
|   5|0x0000000080500000, 0x0000000080600000, 0x0000000080600000|100%| O|  |TAMS 0x0000000080600000, 0x0000000080500000| Untracked 
|   6|0x0000000080600000, 0x0000000080700000, 0x0000000080700000|100%| O|  |TAMS 0x0000000080700000, 0x0000000080600000| Updating 
|   7|0x0000000080700000, 0x0000000080800000, 0x0000000080800000|100%| O|  |TAMS 0x0000000080800000, 0x0000000080700000| Updating 
|   8|0x0000000080800000, 0x0000000080900000, 0x0000000080900000|100%| O|  |TAMS 0x0000000080900000, 0x0000000080800000| Untracked 
|   9|0x0000000080900000, 0x0000000080a00000, 0x0000000080a00000|100%| O|  |TAMS 0x0000000080a00000, 0x0000000080900000| Untracked 
|  10|0x0000000080a00000, 0x0000000080b00000, 0x0000000080b00000|100%| O|  |TAMS 0x0000000080b00000, 0x0000000080a00000| Untracked 
|  11|0x0000000080b00000, 0x0000000080c00000, 0x0000000080c00000|100%| O|  |TAMS 0x0000000080c00000, 0x0000000080b00000| Untracked 
|  12|0x0000000080c00000, 0x0000000080d00000, 0x0000000080d00000|100%| O|  |TAMS 0x0000000080d00000, 0x0000000080c00000| Untracked 
|  13|0x0000000080d00000, 0x0000000080e00000, 0x0000000080e00000|100%| O|  |TAMS 0x0000000080e00000, 0x0000000080d00000| Untracked 
|  14|0x0000000080e00000, 0x0000000080f00000, 0x0000000080f00000|100%| O|  |TAMS 0x0000000080f00000, 0x0000000080e00000| Untracked 
|  15|0x0000000080f00000, 0x0000000081000000, 0x0000000081000000|100%| O|  |TAMS 0x0000000081000000, 0x0000000080f00000| Untracked 
|  16|0x0000000081000000, 0x0000000081100000, 0x0000000081100000|100%| O|  |TAMS 0x0000000081100000, 0x0000000081000000| Untracked 
|  17|0x0000000081100000, 0x0000000081200000, 0x0000000081200000|100%| O|  |TAMS 0x0000000081200000, 0x0000000081100000| Untracked 
|  18|0x0000000081200000, 0x0000000081300000, 0x0000000081300000|100%| O|  |TAMS 0x0000000081300000, 0x0000000081200000| Untracked 
|  19|0x0000000081300000, 0x0000000081346200, 0x0000000081400000| 27%| O|  |TAMS 0x0000000081346200, 0x0000000081300000| Updating 
|  20|0x0000000081400000, 0x0000000081500000, 0x0000000081500000|100%| O|  |TAMS 0x0000000081500000, 0x0000000081400000| Updating 
|  21|0x0000000081500000, 0x0000000081600000, 0x0000000081600000|100%| O|  |TAMS 0x0000000081600000, 0x0000000081500000| Untracked 
|  22|0x0000000081600000, 0x0000000081700000, 0x0000000081700000|100%| O|  |TAMS 0x0000000081700000, 0x0000000081600000| Untracked 
|  23|0x0000000081700000, 0x0000000081800000, 0x0000000081800000|100%| O|  |TAMS 0x0000000081800000, 0x0000000081700000| Updating 
|  24|0x0000000081800000, 0x0000000081900000, 0x0000000081900000|100%| O|  |TAMS 0x0000000081900000, 0x0000000081800000| Untracked 
|  25|0x0000000081900000, 0x0000000081a00000, 0x0000000081a00000|100%| O|  |TAMS 0x0000000081a00000, 0x0000000081900000| Updating 
|  26|0x0000000081a00000, 0x0000000081b00000, 0x0000000081b00000|100%| O|  |TAMS 0x0000000081b00000, 0x0000000081a00000| Updating 
|  27|0x0000000081b00000, 0x0000000081c00000, 0x0000000081c00000|100%|HS|  |TAMS 0x0000000081c00000, 0x0000000081b00000| Complete 
|  28|0x0000000081c00000, 0x0000000081d00000, 0x0000000081d00000|100%| O|  |TAMS 0x0000000081d00000, 0x0000000081c00000| Untracked 
|  29|0x0000000081d00000, 0x0000000081e00000, 0x0000000081e00000|100%| O|  |TAMS 0x0000000081e00000, 0x0000000081d00000| Untracked 
|  30|0x0000000081e00000, 0x0000000081f00000, 0x0000000081f00000|100%| O|  |TAMS 0x0000000081f00000, 0x0000000081e00000| Updating 
|  31|0x0000000081f00000, 0x0000000082000000, 0x0000000082000000|100%| O|  |TAMS 0x0000000082000000, 0x0000000081f00000| Untracked 
|  32|0x0000000082000000, 0x0000000082100000, 0x0000000082100000|100%| O|  |TAMS 0x0000000082100000, 0x0000000082000000| Untracked 
|  33|0x0000000082100000, 0x0000000082200000, 0x0000000082200000|100%| O|  |TAMS 0x0000000082200000, 0x0000000082100000| Untracked 
|  34|0x0000000082200000, 0x0000000082300000, 0x0000000082300000|100%| O|  |TAMS 0x0000000082300000, 0x0000000082200000| Untracked 
|  35|0x0000000082300000, 0x0000000082400000, 0x0000000082400000|100%|HS|  |TAMS 0x0000000082400000, 0x0000000082300000| Complete 
|  36|0x0000000082400000, 0x0000000082500000, 0x0000000082500000|100%|HC|  |TAMS 0x0000000082500000, 0x0000000082400000| Complete 
|  37|0x0000000082500000, 0x0000000082600000, 0x0000000082600000|100%|HC|  |TAMS 0x0000000082600000, 0x0000000082500000| Complete 
|  38|0x0000000082600000, 0x0000000082700000, 0x0000000082700000|100%| O|  |TAMS 0x0000000082700000, 0x0000000082600000| Untracked 
|  39|0x0000000082700000, 0x0000000082800000, 0x0000000082800000|100%| O|  |TAMS 0x0000000082800000, 0x0000000082700000| Untracked 
|  40|0x0000000082800000, 0x0000000082900000, 0x0000000082900000|100%| O|  |TAMS 0x0000000082900000, 0x0000000082800000| Untracked 
|  41|0x0000000082900000, 0x0000000082a00000, 0x0000000082a00000|100%| O|  |TAMS 0x0000000082a00000, 0x0000000082900000| Untracked 
|  42|0x0000000082a00000, 0x0000000082b00000, 0x0000000082b00000|100%| O|  |TAMS 0x0000000082b00000, 0x0000000082a00000| Untracked 
|  43|0x0000000082b00000, 0x0000000082c00000, 0x0000000082c00000|100%| O|  |TAMS 0x0000000082c00000, 0x0000000082b00000| Untracked 
|  44|0x0000000082c00000, 0x0000000082d00000, 0x0000000082d00000|100%| O|  |TAMS 0x0000000082d00000, 0x0000000082c00000| Updating 
|  45|0x0000000082d00000, 0x0000000082e00000, 0x0000000082e00000|100%| O|  |TAMS 0x0000000082e00000, 0x0000000082d00000| Untracked 
|  46|0x0000000082e00000, 0x0000000082f00000, 0x0000000082f00000|100%| O|  |TAMS 0x0000000082f00000, 0x0000000082e00000| Untracked 
|  47|0x0000000082f00000, 0x0000000083000000, 0x0000000083000000|100%| O|  |TAMS 0x0000000083000000, 0x0000000082f00000| Untracked 
|  48|0x0000000083000000, 0x0000000083100000, 0x0000000083100000|100%| O|  |TAMS 0x0000000083100000, 0x0000000083000000| Untracked 
|  49|0x0000000083100000, 0x0000000083200000, 0x0000000083200000|100%| O|  |TAMS 0x0000000083200000, 0x0000000083100000| Updating 
|  50|0x0000000083200000, 0x0000000083300000, 0x0000000083300000|100%| O|  |TAMS 0x0000000083300000, 0x0000000083200000| Untracked 
|  51|0x0000000083300000, 0x0000000083400000, 0x0000000083400000|100%| O|  |TAMS 0x000000008338d000, 0x0000000083300000| Updating 
|  52|0x0000000083400000, 0x0000000083500000, 0x0000000083500000|100%| O|  |TAMS 0x0000000083400000, 0x0000000083400000| Untracked 
|  53|0x0000000083500000, 0x0000000083600000, 0x0000000083600000|100%| O|  |TAMS 0x0000000083500000, 0x0000000083500000| Untracked 
|  54|0x0000000083600000, 0x000000008366f400, 0x0000000083700000| 43%| O|  |TAMS 0x0000000083600000, 0x0000000083600000| Updating 
|  55|0x0000000083700000, 0x0000000083700000, 0x0000000083800000|  0%| F|  |TAMS 0x0000000083700000, 0x0000000083700000| Untracked 
|  56|0x0000000083800000, 0x0000000083800000, 0x0000000083900000|  0%| F|  |TAMS 0x0000000083800000, 0x0000000083800000| Untracked 
|  57|0x0000000083900000, 0x0000000083900000, 0x0000000083a00000|  0%| F|  |TAMS 0x0000000083900000, 0x0000000083900000| Untracked 
|  58|0x0000000083a00000, 0x0000000083a00000, 0x0000000083b00000|  0%| F|  |TAMS 0x0000000083a00000, 0x0000000083a00000| Untracked 
|  59|0x0000000083b00000, 0x0000000083b00000, 0x0000000083c00000|  0%| F|  |TAMS 0x0000000083b00000, 0x0000000083b00000| Untracked 
|  60|0x0000000083c00000, 0x0000000083c00000, 0x0000000083d00000|  0%| F|  |TAMS 0x0000000083c00000, 0x0000000083c00000| Untracked 
|  61|0x0000000083d00000, 0x0000000083d00000, 0x0000000083e00000|  0%| F|  |TAMS 0x0000000083d00000, 0x0000000083d00000| Untracked 
|  62|0x0000000083e00000, 0x0000000083e00000, 0x0000000083f00000|  0%| F|  |TAMS 0x0000000083e00000, 0x0000000083e00000| Untracked 
|  63|0x0000000083f00000, 0x0000000083f00000, 0x0000000084000000|  0%| F|  |TAMS 0x0000000083f00000, 0x0000000083f00000| Untracked 
|  64|0x0000000084000000, 0x0000000084000000, 0x0000000084100000|  0%| F|  |TAMS 0x0000000084000000, 0x0000000084000000| Untracked 
|  65|0x0000000084100000, 0x0000000084100000, 0x0000000084200000|  0%| F|  |TAMS 0x0000000084100000, 0x0000000084100000| Untracked 
|  66|0x0000000084200000, 0x0000000084200000, 0x0000000084300000|  0%| F|  |TAMS 0x0000000084200000, 0x0000000084200000| Untracked 
|  67|0x0000000084300000, 0x00000000843ebe88, 0x0000000084400000| 92%| S|CS|TAMS 0x0000000084300000, 0x0000000084300000| Complete 
|  68|0x0000000084400000, 0x0000000084400000, 0x0000000084500000|  0%| F|  |TAMS 0x0000000084400000, 0x0000000084400000| Untracked 
|  69|0x0000000084500000, 0x0000000084500000, 0x0000000084600000|  0%| F|  |TAMS 0x0000000084500000, 0x0000000084500000| Untracked 
|  70|0x0000000084600000, 0x0000000084600000, 0x0000000084700000|  0%| F|  |TAMS 0x0000000084600000, 0x0000000084600000| Untracked 
|  71|0x0000000084700000, 0x0000000084800000, 0x0000000084800000|100%| S|CS|TAMS 0x0000000084700000, 0x0000000084700000| Complete 
|  72|0x0000000084800000, 0x0000000084800000, 0x0000000084900000|  0%| F|  |TAMS 0x0000000084800000, 0x0000000084800000| Untracked 
|  73|0x0000000084900000, 0x0000000084900000, 0x0000000084a00000|  0%| F|  |TAMS 0x0000000084900000, 0x0000000084900000| Untracked 
|  74|0x0000000084a00000, 0x0000000084a00000, 0x0000000084b00000|  0%| F|  |TAMS 0x0000000084a00000, 0x0000000084a00000| Untracked 
|  75|0x0000000084b00000, 0x0000000084b00000, 0x0000000084c00000|  0%| F|  |TAMS 0x0000000084b00000, 0x0000000084b00000| Untracked 
|  76|0x0000000084c00000, 0x0000000084c00000, 0x0000000084d00000|  0%| F|  |TAMS 0x0000000084c00000, 0x0000000084c00000| Untracked 
|  77|0x0000000084d00000, 0x0000000084d00000, 0x0000000084e00000|  0%| F|  |TAMS 0x0000000084d00000, 0x0000000084d00000| Untracked 
|  78|0x0000000084e00000, 0x0000000084e00000, 0x0000000084f00000|  0%| F|  |TAMS 0x0000000084e00000, 0x0000000084e00000| Untracked 
|  79|0x0000000084f00000, 0x0000000084f00000, 0x0000000085000000|  0%| F|  |TAMS 0x0000000084f00000, 0x0000000084f00000| Untracked 
|  80|0x0000000085000000, 0x0000000085000000, 0x0000000085100000|  0%| F|  |TAMS 0x0000000085000000, 0x0000000085000000| Untracked 
|  81|0x0000000085100000, 0x0000000085100000, 0x0000000085200000|  0%| F|  |TAMS 0x0000000085100000, 0x0000000085100000| Untracked 
|  82|0x0000000085200000, 0x0000000085200000, 0x0000000085300000|  0%| F|  |TAMS 0x0000000085200000, 0x0000000085200000| Untracked 
|  83|0x0000000085300000, 0x0000000085300000, 0x0000000085400000|  0%| F|  |TAMS 0x0000000085300000, 0x0000000085300000| Untracked 
|  84|0x0000000085400000, 0x0000000085400000, 0x0000000085500000|  0%| F|  |TAMS 0x0000000085400000, 0x0000000085400000| Untracked 
|  85|0x0000000085500000, 0x0000000085500000, 0x0000000085600000|  0%| F|  |TAMS 0x0000000085500000, 0x0000000085500000| Untracked 
|  86|0x0000000085600000, 0x0000000085600000, 0x0000000085700000|  0%| F|  |TAMS 0x0000000085600000, 0x0000000085600000| Untracked 
|  87|0x0000000085700000, 0x0000000085700000, 0x0000000085800000|  0%| F|  |TAMS 0x0000000085700000, 0x0000000085700000| Untracked 
|  88|0x0000000085800000, 0x0000000085800000, 0x0000000085900000|  0%| F|  |TAMS 0x0000000085800000, 0x0000000085800000| Untracked 
|  89|0x0000000085900000, 0x000000008593e288, 0x0000000085a00000| 24%| E|  |TAMS 0x0000000085900000, 0x0000000085900000| Complete 
|  90|0x0000000085a00000, 0x0000000085b00000, 0x0000000085b00000|100%| E|CS|TAMS 0x0000000085a00000, 0x0000000085a00000| Complete 
|  91|0x0000000085b00000, 0x0000000085c00000, 0x0000000085c00000|100%| E|  |TAMS 0x0000000085b00000, 0x0000000085b00000| Complete 
|  92|0x0000000085c00000, 0x0000000085c00000, 0x0000000085d00000|  0%| F|  |TAMS 0x0000000085c00000, 0x0000000085c00000| Untracked 
|  93|0x0000000085d00000, 0x0000000085d00000, 0x0000000085e00000|  0%| F|  |TAMS 0x0000000085d00000, 0x0000000085d00000| Untracked 
|  94|0x0000000085e00000, 0x0000000085e00000, 0x0000000085f00000|  0%| F|  |TAMS 0x0000000085e00000, 0x0000000085e00000| Untracked 
|  95|0x0000000085f00000, 0x0000000085f00000, 0x0000000086000000|  0%| F|  |TAMS 0x0000000085f00000, 0x0000000085f00000| Untracked 
|  96|0x0000000086000000, 0x0000000086000000, 0x0000000086100000|  0%| F|  |TAMS 0x0000000086000000, 0x0000000086000000| Untracked 
|  97|0x0000000086100000, 0x0000000086100000, 0x0000000086200000|  0%| F|  |TAMS 0x0000000086100000, 0x0000000086100000| Untracked 
|  98|0x0000000086200000, 0x0000000086200000, 0x0000000086300000|  0%| F|  |TAMS 0x0000000086200000, 0x0000000086200000| Untracked 
|  99|0x0000000086300000, 0x0000000086400000, 0x0000000086400000|100%| E|CS|TAMS 0x0000000086300000, 0x0000000086300000| Complete 
| 100|0x0000000086400000, 0x0000000086500000, 0x0000000086500000|100%| E|CS|TAMS 0x0000000086400000, 0x0000000086400000| Complete 
| 127|0x0000000087f00000, 0x0000000088000000, 0x0000000088000000|100%| E|CS|TAMS 0x0000000087f00000, 0x0000000087f00000| Complete 

Card table byte_map: [0x0000020bfc210000,0x0000020bfc610000] _byte_map_base: 0x0000020bfbe10000

Marking Bits (Prev, Next): (CMBitMap*) 0x0000020bf4384270, (CMBitMap*) 0x0000020bf4384230
 Prev Bits: [0x0000020b8f000000, 0x0000020b91000000)
 Next Bits: [0x0000020bfca10000, 0x0000020bfea10000)

Polling page: 0x0000020bf22f0000

Metaspace:

Usage:
  Non-class:     51.06 MB used.
      Class:      8.34 MB used.
       Both:     59.40 MB used.

Virtual space:
  Non-class space:       56.00 MB reserved,      51.38 MB ( 92%) committed,  7 nodes.
      Class space:      412.00 MB reserved,       8.62 MB (  2%) committed,  1 nodes.
             Both:      468.00 MB reserved,      60.00 MB ( 13%) committed. 

Chunk freelists:
   Non-Class:  512.00 KB
       Class:  3.41 MB
        Both:  3.91 MB

MaxMetaspaceSize: 512.00 MB
CompressedClassSpaceSize: 412.00 MB
Initial GC threshold: 21.00 MB
Current GC threshold: 93.25 MB
CDS: on
MetaspaceReclaimPolicy: balanced
 - commit_granule_bytes: 65536.
 - commit_granule_words: 8192.
 - virtual_space_node_default_size: 1048576.
 - enlarge_chunks_in_place: 1.
 - new_chunks_are_fully_committed: 0.
 - uncommit_free_chunks: 1.
 - use_allocation_guard: 0.
 - handle_deallocations: 1.


Internal statistics:

num_allocs_failed_limit: 6.
num_arena_births: 728.
num_arena_deaths: 0.
num_vsnodes_births: 8.
num_vsnodes_deaths: 0.
num_space_committed: 960.
num_space_uncommitted: 0.
num_chunks_returned_to_freelist: 6.
num_chunks_taken_from_freelist: 3199.
num_chunk_merges: 6.
num_chunk_splits: 2103.
num_chunks_enlarged: 1411.
num_purges: 0.
num_inconsistent_stats: 0.

CodeHeap 'non-profiled nmethods': size=120000Kb used=3867Kb max_used=3867Kb free=116132Kb
 bounds [0x0000020b87ad0000, 0x0000020b87ea0000, 0x0000020b8f000000]
CodeHeap 'profiled nmethods': size=120000Kb used=15073Kb max_used=15073Kb free=104926Kb
 bounds [0x0000020b80000000, 0x0000020b80ec0000, 0x0000020b87530000]
CodeHeap 'non-nmethods': size=5760Kb used=2369Kb max_used=2446Kb free=3390Kb
 bounds [0x0000020b87530000, 0x0000020b877a0000, 0x0000020b87ad0000]
 total_blobs=8505 nmethods=7609 adapters=807
 compilation: enabled
              stopped_count=0, restarted_count=0
 full_count=0

Compilation events (20 events):
Event: 19.335 Thread 0x0000020bfeece330 8486       3       org.gradle.internal.operations.BuildOperationDescriptor::<init> (18 bytes)
Event: 19.336 Thread 0x0000020bfeece330 nmethod 8486 0x0000020b80eb1b90 code [0x0000020b80eb1d20, 0x0000020b80eb1e88]
Event: 19.336 Thread 0x0000020bfeece330 8479       3       org.gradle.internal.logging.progress.DefaultProgressLoggerFactory::newOperation (107 bytes)
Event: 19.336 Thread 0x0000020bfeece330 nmethod 8479 0x0000020b80eb1f90 code [0x0000020b80eb2180, 0x0000020b80eb2768]
Event: 19.336 Thread 0x0000020bfeece330 8480       3       org.gradle.internal.logging.progress.DefaultProgressLoggerFactory$ProgressLoggerImpl::<init> (69 bytes)
Event: 19.336 Thread 0x0000020bfeece330 nmethod 8480 0x0000020b80eb2910 code [0x0000020b80eb2ae0, 0x0000020b80eb3018]
Event: 19.336 Thread 0x0000020bfeece330 8481       3       org.gradle.internal.logging.progress.DefaultProgressLoggerFactory$ProgressLoggerImpl::access$002 (7 bytes)
Event: 19.336 Thread 0x0000020bfeece330 nmethod 8481 0x0000020b80eb3110 code [0x0000020b80eb32a0, 0x0000020b80eb3398]
Event: 19.336 Thread 0x0000020bfeece330 8482       3       org.gradle.internal.logging.progress.DefaultProgressLoggerFactory$ProgressLoggerImpl::assertCanConfigure (32 bytes)
Event: 19.337 Thread 0x0000020bfeece330 nmethod 8482 0x0000020b80eb3490 code [0x0000020b80eb3700, 0x0000020b80eb4278]
Event: 19.337 Thread 0x0000020bfeece330 8483       3       org.gradle.internal.logging.progress.DefaultProgressLoggerFactory$ProgressLoggerImpl::started (191 bytes)
Event: 19.338 Thread 0x0000020bfeece330 nmethod 8483 0x0000020b80eb4610 code [0x0000020b80eb4880, 0x0000020b80eb54a8]
Event: 19.338 Thread 0x0000020bfeece330 8484       3       org.gradle.internal.logging.progress.DefaultProgressLoggerFactory$ProgressLoggerImpl::assertNotStarted (63 bytes)
Event: 19.339 Thread 0x0000020bfeece330 nmethod 8484 0x0000020b80eb5910 code [0x0000020b80eb5c60, 0x0000020b80eb7238]
Event: 19.339 Thread 0x0000020bfeece330 8485       3       org.gradle.internal.logging.services.ProgressLoggingBridge::started (11 bytes)
Event: 19.339 Thread 0x0000020bfeece330 nmethod 8485 0x0000020b80eb7910 code [0x0000020b80eb7ac0, 0x0000020b80eb7c88]
Event: 19.339 Thread 0x0000020bfeece330 8487       3       org.gradle.internal.operations.DefaultBuildOperationExecutor$ListenerAdapter::close (1 bytes)
Event: 19.339 Thread 0x0000020bfeece330 nmethod 8487 0x0000020b80eb7d90 code [0x0000020b80eb7f20, 0x0000020b80eb8038]
Event: 19.343 Thread 0x0000020bfeece330 8488       3       java.util.stream.AbstractPipeline::close (48 bytes)
Event: 19.343 Thread 0x0000020bfeece330 nmethod 8488 0x0000020b80eb8110 code [0x0000020b80eb82c0, 0x0000020b80eb8568]

GC Heap History (20 events):
Event: 13.826 GC heap before
{Heap before GC invocations=9 (full 0):
 garbage-first heap   total 78848K, used 55776K [0x0000000080000000, 0x0000000100000000)
  region size 1024K, 27 young (27648K), 2 survivors (2048K)
 Metaspace       used 35651K, committed 36096K, reserved 454656K
  class space    used 4919K, committed 5120K, reserved 421888K
}
Event: 13.832 GC heap after
{Heap after GC invocations=10 (full 0):
 garbage-first heap   total 78848K, used 32779K [0x0000000080000000, 0x0000000100000000)
  region size 1024K, 4 young (4096K), 4 survivors (4096K)
 Metaspace       used 35651K, committed 36096K, reserved 454656K
  class space    used 4919K, committed 5120K, reserved 421888K
}
Event: 14.455 GC heap before
{Heap before GC invocations=11 (full 0):
 garbage-first heap   total 78848K, used 60427K [0x0000000080000000, 0x0000000100000000)
  region size 1024K, 31 young (31744K), 4 survivors (4096K)
 Metaspace       used 38855K, committed 39360K, reserved 462848K
  class space    used 5433K, committed 5632K, reserved 421888K
}
Event: 14.463 GC heap after
{Heap after GC invocations=12 (full 0):
 garbage-first heap   total 78848K, used 34653K [0x0000000080000000, 0x0000000100000000)
  region size 1024K, 4 young (4096K), 4 survivors (4096K)
 Metaspace       used 38855K, committed 39360K, reserved 462848K
  class space    used 5433K, committed 5632K, reserved 421888K
}
Event: 15.023 GC heap before
{Heap before GC invocations=12 (full 0):
 garbage-first heap   total 78848K, used 60253K [0x0000000080000000, 0x0000000100000000)
  region size 1024K, 29 young (29696K), 4 survivors (4096K)
 Metaspace       used 41009K, committed 41536K, reserved 462848K
  class space    used 5727K, committed 5952K, reserved 421888K
}
Event: 15.031 GC heap after
{Heap after GC invocations=13 (full 0):
 garbage-first heap   total 95232K, used 38389K [0x0000000080000000, 0x0000000100000000)
  region size 1024K, 4 young (4096K), 4 survivors (4096K)
 Metaspace       used 41009K, committed 41536K, reserved 462848K
  class space    used 5727K, committed 5952K, reserved 421888K
}
Event: 15.995 GC heap before
{Heap before GC invocations=13 (full 0):
 garbage-first heap   total 95232K, used 77301K [0x0000000080000000, 0x0000000100000000)
  region size 1024K, 39 young (39936K), 4 survivors (4096K)
 Metaspace       used 45966K, committed 46528K, reserved 462848K
  class space    used 6461K, committed 6720K, reserved 421888K
}
Event: 16.004 GC heap after
{Heap after GC invocations=14 (full 0):
 garbage-first heap   total 95232K, used 44591K [0x0000000080000000, 0x0000000100000000)
  region size 1024K, 5 young (5120K), 5 survivors (5120K)
 Metaspace       used 45966K, committed 46528K, reserved 462848K
  class space    used 6461K, committed 6720K, reserved 421888K
}
Event: 16.617 GC heap before
{Heap before GC invocations=14 (full 0):
 garbage-first heap   total 95232K, used 75311K [0x0000000080000000, 0x0000000100000000)
  region size 1024K, 35 young (35840K), 5 survivors (5120K)
 Metaspace       used 49464K, committed 50048K, reserved 471040K
  class space    used 6962K, committed 7232K, reserved 421888K
}
Event: 16.623 GC heap after
{Heap after GC invocations=15 (full 0):
 garbage-first heap   total 95232K, used 46852K [0x0000000080000000, 0x0000000100000000)
  region size 1024K, 2 young (2048K), 2 survivors (2048K)
 Metaspace       used 49464K, committed 50048K, reserved 471040K
  class space    used 6962K, committed 7232K, reserved 421888K
}
Event: 17.006 GC heap before
{Heap before GC invocations=15 (full 0):
 garbage-first heap   total 95232K, used 75524K [0x0000000080000000, 0x0000000100000000)
  region size 1024K, 31 young (31744K), 2 survivors (2048K)
 Metaspace       used 52523K, committed 53120K, reserved 471040K
  class space    used 7327K, committed 7616K, reserved 421888K
}
Event: 17.012 GC heap after
{Heap after GC invocations=16 (full 0):
 garbage-first heap   total 95232K, used 48201K [0x0000000080000000, 0x0000000100000000)
  region size 1024K, 4 young (4096K), 4 survivors (4096K)
 Metaspace       used 52523K, committed 53120K, reserved 471040K
  class space    used 7327K, committed 7616K, reserved 421888K
}
Event: 17.455 GC heap before
{Heap before GC invocations=17 (full 0):
 garbage-first heap   total 95232K, used 74825K [0x0000000080000000, 0x0000000100000000)
  region size 1024K, 31 young (31744K), 4 survivors (4096K)
 Metaspace       used 54628K, committed 55168K, reserved 471040K
  class space    used 7682K, committed 7936K, reserved 421888K
}
Event: 17.462 GC heap after
{Heap after GC invocations=18 (full 0):
 garbage-first heap   total 95232K, used 50172K [0x0000000080000000, 0x0000000100000000)
  region size 1024K, 4 young (4096K), 4 survivors (4096K)
 Metaspace       used 54628K, committed 55168K, reserved 471040K
  class space    used 7682K, committed 7936K, reserved 421888K
}
Event: 18.051 GC heap before
{Heap before GC invocations=18 (full 0):
 garbage-first heap   total 95232K, used 76796K [0x0000000080000000, 0x0000000100000000)
  region size 1024K, 30 young (30720K), 4 survivors (4096K)
 Metaspace       used 56289K, committed 56896K, reserved 471040K
  class space    used 7892K, committed 8192K, reserved 421888K
}
Event: 18.060 GC heap after
{Heap after GC invocations=19 (full 0):
 garbage-first heap   total 95232K, used 52240K [0x0000000080000000, 0x0000000100000000)
  region size 1024K, 3 young (3072K), 3 survivors (3072K)
 Metaspace       used 56289K, committed 56896K, reserved 471040K
  class space    used 7892K, committed 8192K, reserved 421888K
}
Event: 18.508 GC heap before
{Heap before GC invocations=20 (full 0):
 garbage-first heap   total 97280K, used 75792K [0x0000000080000000, 0x0000000100000000)
  region size 1024K, 27 young (27648K), 3 survivors (3072K)
 Metaspace       used 58923K, committed 59584K, reserved 479232K
  class space    used 8266K, committed 8576K, reserved 421888K
}
Event: 18.515 GC heap after
{Heap after GC invocations=21 (full 0):
 garbage-first heap   total 97280K, used 55053K [0x0000000080000000, 0x0000000100000000)
  region size 1024K, 3 young (3072K), 3 survivors (3072K)
 Metaspace       used 58923K, committed 59584K, reserved 479232K
  class space    used 8266K, committed 8576K, reserved 421888K
}
Event: 19.227 GC heap before
{Heap before GC invocations=21 (full 0):
 garbage-first heap   total 97280K, used 77581K [0x0000000080000000, 0x0000000100000000)
  region size 1024K, 26 young (26624K), 3 survivors (3072K)
 Metaspace       used 60743K, committed 61376K, reserved 479232K
  class space    used 8538K, committed 8832K, reserved 421888K
}
Event: 19.234 GC heap after
{Heap after GC invocations=22 (full 0):
 garbage-first heap   total 97280K, used 56965K [0x0000000080000000, 0x0000000100000000)
  region size 1024K, 2 young (2048K), 2 survivors (2048K)
 Metaspace       used 60743K, committed 61376K, reserved 479232K
  class space    used 8538K, committed 8832K, reserved 421888K
}

Dll operation events (12 events):
Event: 0.007 Loaded shared library C:\Program Files\Eclipse Adoptium\jdk-17.0.6.10-hotspot\bin\java.dll
Event: 0.016 Loaded shared library C:\Program Files\Eclipse Adoptium\jdk-17.0.6.10-hotspot\bin\jsvml.dll
Event: 0.055 Loaded shared library C:\Program Files\Eclipse Adoptium\jdk-17.0.6.10-hotspot\bin\net.dll
Event: 0.056 Loaded shared library C:\Program Files\Eclipse Adoptium\jdk-17.0.6.10-hotspot\bin\nio.dll
Event: 0.059 Loaded shared library C:\Program Files\Eclipse Adoptium\jdk-17.0.6.10-hotspot\bin\zip.dll
Event: 0.270 Loaded shared library C:\Program Files\Eclipse Adoptium\jdk-17.0.6.10-hotspot\bin\jimage.dll
Event: 0.371 Loaded shared library C:\Program Files\Eclipse Adoptium\jdk-17.0.6.10-hotspot\bin\verify.dll
Event: 0.514 Loaded shared library C:\Users\songe\.gradle\native\e1d6ef7f7dcc3fd88c89a11ec53ec762bb8ba0a96d01ffa2cd45eb1d1d8dd5c5\windows-amd64\native-platform.dll
Event: 0.519 Loaded shared library C:\Users\songe\.gradle\native\0d407fdbe67a94daf76414ababcb853783967236a71b16ec16e742cd7a986fd3\windows-amd64\native-platform-file-events.dll
Event: 1.233 Loaded shared library C:\Program Files\Eclipse Adoptium\jdk-17.0.6.10-hotspot\bin\management.dll
Event: 1.238 Loaded shared library C:\Program Files\Eclipse Adoptium\jdk-17.0.6.10-hotspot\bin\management_ext.dll
Event: 1.752 Loaded shared library C:\Program Files\Eclipse Adoptium\jdk-17.0.6.10-hotspot\bin\sunmscapi.dll

Deoptimization events (20 events):
Event: 19.206 Thread 0x0000020b9701fa40 Uncommon trap: trap_request=0xffffffde fr.pc=0x0000020b87b5e61c relative=0x000000000000025c
Event: 19.206 Thread 0x0000020b9701fa40 Uncommon trap: reason=class_check action=maybe_recompile pc=0x0000020b87b5e61c method=org.objectweb.asm.MethodVisitor.visitVarInsn(II)V @ 13 c2
Event: 19.206 Thread 0x0000020b9701fa40 DEOPT PACKING pc=0x0000020b87b5e61c sp=0x000000e5dd2fe040
Event: 19.206 Thread 0x0000020b9701fa40 DEOPT UNPACKING pc=0x0000020b875869a3 sp=0x000000e5dd2fdf80 mode 2
Event: 19.206 Thread 0x0000020b9701fa40 Uncommon trap: trap_request=0xffffffde fr.pc=0x0000020b87b5e61c relative=0x000000000000025c
Event: 19.206 Thread 0x0000020b9701fa40 Uncommon trap: reason=class_check action=maybe_recompile pc=0x0000020b87b5e61c method=org.objectweb.asm.MethodVisitor.visitVarInsn(II)V @ 13 c2
Event: 19.206 Thread 0x0000020b9701fa40 DEOPT PACKING pc=0x0000020b87b5e61c sp=0x000000e5dd2fe040
Event: 19.206 Thread 0x0000020b9701fa40 DEOPT UNPACKING pc=0x0000020b875869a3 sp=0x000000e5dd2fdf80 mode 2
Event: 19.206 Thread 0x0000020b9701fa40 Uncommon trap: trap_request=0xffffffde fr.pc=0x0000020b87b5e61c relative=0x000000000000025c
Event: 19.206 Thread 0x0000020b9701fa40 Uncommon trap: reason=class_check action=maybe_recompile pc=0x0000020b87b5e61c method=org.objectweb.asm.MethodVisitor.visitVarInsn(II)V @ 13 c2
Event: 19.206 Thread 0x0000020b9701fa40 DEOPT PACKING pc=0x0000020b87b5e61c sp=0x000000e5dd2fe040
Event: 19.206 Thread 0x0000020b9701fa40 DEOPT UNPACKING pc=0x0000020b875869a3 sp=0x000000e5dd2fdf80 mode 2
Event: 19.206 Thread 0x0000020b9701fa40 Uncommon trap: trap_request=0xffffffde fr.pc=0x0000020b87b5e61c relative=0x000000000000025c
Event: 19.206 Thread 0x0000020b9701fa40 Uncommon trap: reason=class_check action=maybe_recompile pc=0x0000020b87b5e61c method=org.objectweb.asm.MethodVisitor.visitVarInsn(II)V @ 13 c2
Event: 19.206 Thread 0x0000020b9701fa40 DEOPT PACKING pc=0x0000020b87b5e61c sp=0x000000e5dd2fe040
Event: 19.206 Thread 0x0000020b9701fa40 DEOPT UNPACKING pc=0x0000020b875869a3 sp=0x000000e5dd2fdf80 mode 2
Event: 19.324 Thread 0x0000020b9441c970 DEOPT PACKING pc=0x0000020b808f7cb3 sp=0x000000e5dc1f93c0
Event: 19.324 Thread 0x0000020b9441c970 DEOPT UNPACKING pc=0x0000020b87587143 sp=0x000000e5dc1f88f8 mode 0
Event: 19.342 Thread 0x0000020b94bcea30 DEOPT PACKING pc=0x0000020b80e4807e sp=0x000000e5dbbfdfe0
Event: 19.342 Thread 0x0000020b94bcea30 DEOPT UNPACKING pc=0x0000020b87587143 sp=0x000000e5dbbfd450 mode 0

Classes unloaded (0 events):
No events

Classes redefined (0 events):
No events

Internal exceptions (20 events):
Event: 17.325 Thread 0x0000020b9441c970 Exception <a 'java/lang/ClassNotFoundException'{0x0000000084b57f60}: org/gradle/api/internal/DefaultDomainObjectCollectionBeanInfo> (0x0000000084b57f60) 
thrown [s\src\hotspot\share\classfile\systemDictionary.cpp, line 256]
Event: 17.325 Thread 0x0000020b9441c970 Exception <a 'java/lang/ClassNotFoundException'{0x0000000084b6bad8}: org/gradle/api/internal/DefaultDomainObjectCollectionCustomizer> (0x0000000084b6bad8) 
thrown [s\src\hotspot\share\classfile\systemDictionary.cpp, line 256]
Event: 17.328 Thread 0x0000020b9441c970 Exception <a 'java/lang/ClassNotFoundException'{0x0000000084b9fcb8}: org/gradle/api/internal/DefaultNamedDomainObjectCollectionCustomizer> (0x0000000084b9fcb8) 
thrown [s\src\hotspot\share\classfile\systemDictionary.cpp, line 256]
Event: 17.330 Thread 0x0000020b9441c970 Exception <a 'java/lang/ClassNotFoundException'{0x0000000084bdafd8}: org/gradle/api/internal/DefaultNamedDomainObjectListCustomizer> (0x0000000084bdafd8) 
thrown [s\src\hotspot\share\classfile\systemDictionary.cpp, line 256]
Event: 17.332 Thread 0x0000020b9441c970 Exception <a 'java/lang/ClassNotFoundException'{0x0000000084a0b4c8}: org/gradle/api/internal/artifacts/DefaultArtifactRepositoryContainerCustomizer> (0x0000000084a0b4c8) 
thrown [s\src\hotspot\share\classfile\systemDictionary.cpp, line 256]
Event: 17.334 Thread 0x0000020b9441c970 Exception <a 'java/lang/ClassNotFoundException'{0x0000000084a32cf0}: org/gradle/api/internal/artifacts/dsl/DefaultRepositoryHandlerCustomizer> (0x0000000084a32cf0) 
thrown [s\src\hotspot\share\classfile\systemDictionary.cpp, line 256]
Event: 17.336 Thread 0x0000020b9441c970 Exception <a 'java/lang/ClassNotFoundException'{0x0000000084a67fb0}: org/gradle/api/internal/artifacts/dsl/DefaultRepositoryHandler_DecoratedCustomizer> (0x0000000084a67fb0) 
thrown [s\src\hotspot\share\classfile\systemDictionary.cpp, line 256]
Event: 17.343 Thread 0x0000020b9441c970 Exception <a 'java/lang/ClassNotFoundException'{0x0000000084aff908}: org/gradle/api/internal/artifacts/dsl/dependencies/DefaultDependencyHandler_DecoratedBeanInfo> (0x0000000084aff908) 
thrown [s\src\hotspot\share\classfile\systemDictionary.cpp, line 256]
Event: 17.344 Thread 0x0000020b9441c970 Exception <a 'java/lang/ClassNotFoundException'{0x0000000084914ed0}: org/gradle/api/internal/artifacts/dsl/dependencies/DefaultDependencyHandlerBeanInfo> (0x0000000084914ed0) 
thrown [s\src\hotspot\share\classfile\systemDictionary.cpp, line 256]
Event: 17.344 Thread 0x0000020b9441c970 Exception <a 'java/lang/ClassNotFoundException'{0x0000000084929f18}: org/gradle/api/internal/artifacts/dsl/dependencies/DefaultDependencyHandlerCustomizer> (0x0000000084929f18) 
thrown [s\src\hotspot\share\classfile\systemDictionary.cpp, line 256]
Event: 17.347 Thread 0x0000020b9441c970 Exception <a 'java/lang/ClassNotFoundException'{0x0000000084967ac8}: org/gradle/api/internal/artifacts/dsl/dependencies/DefaultDependencyHandler_DecoratedCustomizer> (0x0000000084967ac8) 
thrown [s\src\hotspot\share\classfile\systemDictionary.cpp, line 256]
Event: 17.421 Thread 0x0000020b9441c970 Exception <a 'java/lang/NoSuchMethodError'{0x000000008448e9b8}: 'java.lang.Object java.lang.invoke.DirectMethodHandle$Holder.newInvokeSpecial(java.lang.Object, java.lang.Object, int)'> (0x000000008448e9b8) 
thrown [s\src\hotspot\share\interpreter\linkResolver.cpp, line 759]
Event: 18.116 Thread 0x0000020b982cd3e0 Exception <a 'java/lang/NoSuchMethodError'{0x000000008634a340}: 'java.lang.Object java.lang.invoke.Invokers$Holder.linkToTargetMethod(java.lang.Object, java.lang.Object, java.lang.Object, int, java.lang.Object, java.lang.Object)'> (0x000000008634a340) 
thrown [s\src\hotspot\share\interpreter\linkResolver.cpp, line 759]
Event: 18.200 Thread 0x0000020b982cd3e0 Implicit null exception at 0x0000020b87b51357 to 0x0000020b87b514fc
Event: 18.206 Thread 0x0000020b982cd3e0 Exception <a 'java/lang/NoSuchMethodError'{0x0000000085a3a278}: 'int java.lang.invoke.DirectMethodHandle$Holder.invokeSpecial(java.lang.Object, java.lang.Object, java.lang.Object, java.lang.Object, java.lang.Object)'> (0x0000000085a3a278) 
thrown [s\src\hotspot\share\interpreter\linkResolver.cpp, line 759]
Event: 18.719 Thread 0x0000020b982c9550 Exception <a 'java/lang/NoSuchMethodError'{0x00000000857d28f0}: 'void java.lang.invoke.DirectMethodHandle$Holder.invokeInterface(java.lang.Object, java.lang.Object, java.lang.Object, java.lang.Object)'> (0x00000000857d28f0) 
thrown [s\src\hotspot\share\interpreter\linkResolver.cpp, line 759]
Event: 18.729 Thread 0x0000020b982c9550 Exception <a 'java/lang/NoSuchMethodError'{0x000000008561c9a0}: 'void java.lang.invoke.DirectMethodHandle$Holder.invokeVirtual(java.lang.Object, java.lang.Object)'> (0x000000008561c9a0) 
thrown [s\src\hotspot\share\interpreter\linkResolver.cpp, line 759]
Event: 19.157 Thread 0x0000020b9701fa40 Exception <a 'sun/nio/fs/WindowsException'{0x0000000084a5d110}> (0x0000000084a5d110) 
thrown [s\src\hotspot\share\prims\jni.cpp, line 516]
Event: 19.269 Thread 0x0000020b9701fa40 Exception <a 'sun/nio/fs/WindowsException'{0x0000000086488098}> (0x0000000086488098) 
thrown [s\src\hotspot\share\prims\jni.cpp, line 516]
Event: 19.270 Thread 0x0000020b9701fa40 Exception <a 'sun/nio/fs/WindowsException'{0x00000000864882e8}> (0x00000000864882e8) 
thrown [s\src\hotspot\share\prims\jni.cpp, line 516]

VM Operations (20 events):
Event: 18.693 Executing VM operation: HandshakeAllThreads done
Event: 18.702 Executing VM operation: HandshakeAllThreads
Event: 18.703 Executing VM operation: HandshakeAllThreads done
Event: 18.865 Executing VM operation: HandshakeAllThreads
Event: 18.866 Executing VM operation: HandshakeAllThreads done
Event: 18.872 Executing VM operation: ICBufferFull
Event: 18.872 Executing VM operation: ICBufferFull done
Event: 18.917 Executing VM operation: HandshakeAllThreads
Event: 18.917 Executing VM operation: HandshakeAllThreads done
Event: 19.101 Executing VM operation: HandshakeAllThreads
Event: 19.101 Executing VM operation: HandshakeAllThreads done
Event: 19.143 Executing VM operation: HandshakeAllThreads
Event: 19.143 Executing VM operation: HandshakeAllThreads done
Event: 19.145 Executing VM operation: HandshakeAllThreads
Event: 19.145 Executing VM operation: HandshakeAllThreads done
Event: 19.158 Executing VM operation: HandshakeAllThreads
Event: 19.158 Executing VM operation: HandshakeAllThreads done
Event: 19.227 Executing VM operation: G1CollectForAllocation
Event: 19.235 Executing VM operation: G1CollectForAllocation done
Event: 19.343 Executing VM operation: G1Concurrent

Events (20 events):
Event: 18.906 loading class java/util/zip/Deflater
Event: 18.907 loading class java/util/zip/Deflater done
Event: 18.907 loading class java/util/zip/Deflater$DeflaterZStreamRef
Event: 18.907 loading class java/util/zip/Deflater$DeflaterZStreamRef done
Event: 19.035 Thread 0x0000020b9480c430 Thread exited: 0x0000020b9480c430
Event: 19.050 loading class sun/net/ProgressMonitor
Event: 19.051 loading class sun/net/ProgressMonitor done
Event: 19.051 loading class sun/net/DefaultProgressMeteringPolicy
Event: 19.051 loading class sun/net/ProgressMeteringPolicy
Event: 19.051 loading class sun/net/ProgressMeteringPolicy done
Event: 19.051 loading class sun/net/DefaultProgressMeteringPolicy done
Event: 19.066 loading class java/util/concurrent/ConcurrentLinkedQueue$Itr
Event: 19.066 loading class java/util/concurrent/ConcurrentLinkedQueue$Itr done
Event: 19.107 Thread 0x0000020bfeefb1e0 flushing nmethod 0x0000020b80504b10
Event: 19.156 loading class sun/nio/fs/WindowsException
Event: 19.157 loading class sun/nio/fs/WindowsException done
Event: 19.268 loading class java/nio/file/StandardCopyOption
Event: 19.268 loading class java/nio/file/StandardCopyOption done
Event: 19.268 loading class sun/nio/fs/WindowsFileCopy
Event: 19.269 loading class sun/nio/fs/WindowsFileCopy done


Dynamic libraries:
0x00007ff6535d0000 - 0x00007ff6535de000 	C:\Program Files\Eclipse Adoptium\jdk-17.0.6.10-hotspot\bin\java.exe
0x00007ffaf3ed0000 - 0x00007ffaf40c8000 	C:\WINDOWS\SYSTEM32\ntdll.dll
0x00007ffaf1f30000 - 0x00007ffaf1fef000 	C:\WINDOWS\System32\KERNEL32.DLL
0x00007ffaf1720000 - 0x00007ffaf1a16000 	C:\WINDOWS\System32\KERNELBASE.dll
0x00007ffaf1620000 - 0x00007ffaf1720000 	C:\WINDOWS\System32\ucrtbase.dll
0x00007ffad6190000 - 0x00007ffad61a7000 	C:\Program Files\Eclipse Adoptium\jdk-17.0.6.10-hotspot\bin\jli.dll
0x00007ffac74d0000 - 0x00007ffac74e9000 	C:\Program Files\Eclipse Adoptium\jdk-17.0.6.10-hotspot\bin\VCRUNTIME140.dll
0x00007ffaf25f0000 - 0x00007ffaf278d000 	C:\WINDOWS\System32\USER32.dll
0x00007ffaf1a20000 - 0x00007ffaf1a42000 	C:\WINDOWS\System32\win32u.dll
0x00007ffada9e0000 - 0x00007ffadac7a000 	C:\WINDOWS\WinSxS\amd64_microsoft.windows.common-controls_6595b64144ccf1df_6.0.19041.1110_none_60b5254171f9507e\COMCTL32.dll
0x00007ffaf2db0000 - 0x00007ffaf2e4e000 	C:\WINDOWS\System32\msvcrt.dll
0x00007ffaf2e50000 - 0x00007ffaf2e7c000 	C:\WINDOWS\System32\GDI32.dll
0x00007ffaf1e10000 - 0x00007ffaf1f25000 	C:\WINDOWS\System32\gdi32full.dll
0x00007ffaf1ae0000 - 0x00007ffaf1b7d000 	C:\WINDOWS\System32\msvcp_win.dll
0x00007ffaf2550000 - 0x00007ffaf2580000 	C:\WINDOWS\System32\IMM32.DLL
0x00007ffad9b70000 - 0x00007ffad9b7c000 	C:\Program Files\Eclipse Adoptium\jdk-17.0.6.10-hotspot\bin\vcruntime140_1.dll
0x00007ffaaf310000 - 0x00007ffaaf3a1000 	C:\Program Files\Eclipse Adoptium\jdk-17.0.6.10-hotspot\bin\msvcp140.dll
0x00007ffa873f0000 - 0x00007ffa88037000 	C:\Program Files\Eclipse Adoptium\jdk-17.0.6.10-hotspot\bin\server\jvm.dll
0x00007ffaf2e80000 - 0x00007ffaf2f2f000 	C:\WINDOWS\System32\ADVAPI32.dll
0x00007ffaf2790000 - 0x00007ffaf282c000 	C:\WINDOWS\System32\sechost.dll
0x00007ffaf2420000 - 0x00007ffaf2546000 	C:\WINDOWS\System32\RPCRT4.dll
0x00007ffad5cc0000 - 0x00007ffad5cc9000 	C:\WINDOWS\SYSTEM32\WSOCK32.dll
0x00007ffadba00000 - 0x00007ffadba27000 	C:\WINDOWS\SYSTEM32\WINMM.dll
0x00007ffaf29e0000 - 0x00007ffaf2a4b000 	C:\WINDOWS\System32\WS2_32.dll
0x00007ffaedcc0000 - 0x00007ffaedcca000 	C:\WINDOWS\SYSTEM32\VERSION.dll
0x00007ffaefdc0000 - 0x00007ffaefdd2000 	C:\WINDOWS\SYSTEM32\kernel.appcore.dll
0x00007ffad98d0000 - 0x00007ffad98da000 	C:\Program Files\Eclipse Adoptium\jdk-17.0.6.10-hotspot\bin\jimage.dll
0x00007ffaef320000 - 0x00007ffaef504000 	C:\WINDOWS\SYSTEM32\DBGHELP.DLL
0x00007ffad2b30000 - 0x00007ffad2b64000 	C:\WINDOWS\SYSTEM32\dbgcore.DLL
0x00007ffaf1a50000 - 0x00007ffaf1ad2000 	C:\WINDOWS\System32\bcryptPrimitives.dll
0x00007ffabff70000 - 0x00007ffabff95000 	C:\Program Files\Eclipse Adoptium\jdk-17.0.6.10-hotspot\bin\java.dll
0x00007ffaad4b0000 - 0x00007ffaad586000 	C:\Program Files\Eclipse Adoptium\jdk-17.0.6.10-hotspot\bin\jsvml.dll
0x00007ffaf2f30000 - 0x00007ffaf3674000 	C:\WINDOWS\System32\SHELL32.dll
0x00007ffaef510000 - 0x00007ffaefca4000 	C:\WINDOWS\SYSTEM32\windows.storage.dll
0x00007ffaf2a50000 - 0x00007ffaf2da4000 	C:\WINDOWS\System32\combase.dll
0x00007ffaf0fe0000 - 0x00007ffaf100e000 	C:\WINDOWS\SYSTEM32\Wldp.dll
0x00007ffaf37d0000 - 0x00007ffaf387d000 	C:\WINDOWS\System32\SHCORE.dll
0x00007ffaf3770000 - 0x00007ffaf37c5000 	C:\WINDOWS\System32\shlwapi.dll
0x00007ffaf14e0000 - 0x00007ffaf1505000 	C:\WINDOWS\SYSTEM32\profapi.dll
0x00007ffac7210000 - 0x00007ffac7229000 	C:\Program Files\Eclipse Adoptium\jdk-17.0.6.10-hotspot\bin\net.dll
0x00007ffae0f60000 - 0x00007ffae106a000 	C:\WINDOWS\SYSTEM32\WINHTTP.dll
0x00007ffaf0d40000 - 0x00007ffaf0daa000 	C:\WINDOWS\system32\mswsock.dll
0x00007ffac7160000 - 0x00007ffac7175000 	C:\Program Files\Eclipse Adoptium\jdk-17.0.6.10-hotspot\bin\nio.dll
0x00007ffac5a00000 - 0x00007ffac5a18000 	C:\Program Files\Eclipse Adoptium\jdk-17.0.6.10-hotspot\bin\zip.dll
0x00007ffaeca40000 - 0x00007ffaeca50000 	C:\Program Files\Eclipse Adoptium\jdk-17.0.6.10-hotspot\bin\verify.dll
0x00007ffabfee0000 - 0x00007ffabff07000 	C:\Users\songe\.gradle\native\e1d6ef7f7dcc3fd88c89a11ec53ec762bb8ba0a96d01ffa2cd45eb1d1d8dd5c5\windows-amd64\native-platform.dll
0x00007ffab0ab0000 - 0x00007ffab0bf4000 	C:\Users\songe\.gradle\native\0d407fdbe67a94daf76414ababcb853783967236a71b16ec16e742cd7a986fd3\windows-amd64\native-platform-file-events.dll
0x00007ffac5170000 - 0x00007ffac5179000 	C:\Program Files\Eclipse Adoptium\jdk-17.0.6.10-hotspot\bin\management.dll
0x00007ffac50c0000 - 0x00007ffac50cb000 	C:\Program Files\Eclipse Adoptium\jdk-17.0.6.10-hotspot\bin\management_ext.dll
0x00007ffaf2580000 - 0x00007ffaf2588000 	C:\WINDOWS\System32\PSAPI.DLL
0x00007ffaf0f40000 - 0x00007ffaf0f58000 	C:\WINDOWS\SYSTEM32\CRYPTSP.dll
0x00007ffaf05f0000 - 0x00007ffaf0624000 	C:\WINDOWS\system32\rsaenh.dll
0x00007ffaf1ce0000 - 0x00007ffaf1d07000 	C:\WINDOWS\System32\bcrypt.dll
0x00007ffaf14a0000 - 0x00007ffaf14ce000 	C:\WINDOWS\SYSTEM32\USERENV.dll
0x00007ffaf0f30000 - 0x00007ffaf0f3c000 	C:\WINDOWS\SYSTEM32\CRYPTBASE.dll
0x00007ffaf09e0000 - 0x00007ffaf0a1c000 	C:\WINDOWS\SYSTEM32\IPHLPAPI.DLL
0x00007ffaf3760000 - 0x00007ffaf3768000 	C:\WINDOWS\System32\NSI.dll
0x00007ffae60e0000 - 0x00007ffae60f7000 	C:\WINDOWS\SYSTEM32\dhcpcsvc6.DLL
0x00007ffae6b30000 - 0x00007ffae6b4d000 	C:\WINDOWS\SYSTEM32\dhcpcsvc.DLL
0x00007ffaf0a20000 - 0x00007ffaf0aea000 	C:\WINDOWS\SYSTEM32\DNSAPI.dll
0x00007ffac29c0000 - 0x00007ffac29ce000 	C:\Program Files\Eclipse Adoptium\jdk-17.0.6.10-hotspot\bin\sunmscapi.dll
0x00007ffaf1b80000 - 0x00007ffaf1cde000 	C:\WINDOWS\System32\CRYPT32.dll
0x00007ffaf1050000 - 0x00007ffaf1078000 	C:\WINDOWS\SYSTEM32\ncrypt.dll
0x00007ffaf1010000 - 0x00007ffaf104b000 	C:\WINDOWS\SYSTEM32\NTASN1.dll
0x00007ffae45e0000 - 0x00007ffae45e7000 	C:\WINDOWS\system32\wshunix.dll

dbghelp: loaded successfully - version: 4.0.5 - missing functions: none
symbol engine: initialized successfully - sym options: 0x614 - pdb path: .;C:\Program Files\Eclipse Adoptium\jdk-17.0.6.10-hotspot\bin;C:\WINDOWS\SYSTEM32;C:\WINDOWS\WinSxS\amd64_microsoft.windows.common-controls_6595b64144ccf1df_6.0.19041.1110_none_60b5254171f9507e;C:\Program Files\Eclipse Adoptium\jdk-17.0.6.10-hotspot\bin\server;C:\Users\songe\.gradle\native\e1d6ef7f7dcc3fd88c89a11ec53ec762bb8ba0a96d01ffa2cd45eb1d1d8dd5c5\windows-amd64;C:\Users\songe\.gradle\native\0d407fdbe67a94daf76414ababcb853783967236a71b16ec16e742cd7a986fd3\windows-amd64

VM Arguments:
jvm_args: -XX:MaxMetaspaceSize=512m --add-opens=java.base/java.util=ALL-UNNAMED --add-opens=java.base/java.lang=ALL-UNNAMED --add-opens=java.base/java.lang.invoke=ALL-UNNAMED --add-opens=java.base/java.util=ALL-UNNAMED --add-opens=java.prefs/java.util.prefs=ALL-UNNAMED --add-opens=java.prefs/java.util.prefs=ALL-UNNAMED --add-opens=java.base/java.nio.charset=ALL-UNNAMED --add-opens=java.base/java.net=ALL-UNNAMED --add-opens=java.base/java.util.concurrent.atomic=ALL-UNNAMED -Xmx2048m -Dfile.encoding=windows-1252 -Duser.country=ZA -Duser.language=en -Duser.variant 
java_command: org.gradle.launcher.daemon.bootstrap.GradleDaemon 7.5.1
java_class_path (initial): C:\Users\songe\.gradle\wrapper\dists\gradle-7.5.1-all\1ehga6e77gqps5uk2kc5kf1vc\gradle-7.5.1\lib\gradle-launcher-7.5.1.jar
Launcher Type: SUN_STANDARD

[Global flags]
     intx CICompilerCount                          = 3                                         {product} {ergonomic}
   size_t CompressedClassSpaceSize                 = 432013312                                 {product} {ergonomic}
     uint ConcGCThreads                            = 1                                         {product} {ergonomic}
     uint G1ConcRefinementThreads                  = 4                                         {product} {ergonomic}
   size_t G1HeapRegionSize                         = 1048576                                   {product} {ergonomic}
    uintx GCDrainStackTargetSize                   = 64                                        {product} {ergonomic}
   size_t InitialHeapSize                          = 134217728                                 {product} {ergonomic}
   size_t MarkStackSize                            = 4194304                                   {product} {ergonomic}
   size_t MaxHeapSize                              = 2147483648                                {product} {command line}
   size_t MaxMetaspaceSize                         = 536870912                                 {product} {command line}
   size_t MaxNewSize                               = 1287651328                                {product} {ergonomic}
   size_t MinHeapDeltaBytes                        = 1048576                                   {product} {ergonomic}
   size_t MinHeapSize                              = 8388608                                   {product} {ergonomic}
    uintx NonNMethodCodeHeapSize                   = 5832780                                {pd product} {ergonomic}
    uintx NonProfiledCodeHeapSize                  = 122912730                              {pd product} {ergonomic}
    uintx ProfiledCodeHeapSize                     = 122912730                              {pd product} {ergonomic}
    uintx ReservedCodeCacheSize                    = 251658240                              {pd product} {ergonomic}
     bool SegmentedCodeCache                       = true                                      {product} {ergonomic}
   size_t SoftMaxHeapSize                          = 2147483648                             {manageable} {ergonomic}
     bool UseCompressedClassPointers               = true                           {product lp64_product} {ergonomic}
     bool UseCompressedOops                        = true                           {product lp64_product} {ergonomic}
     bool UseG1GC                                  = true                                      {product} {ergonomic}
     bool UseLargePagesIndividualAllocation        = false                                  {pd product} {ergonomic}

Logging:
Log output configuration:
 #0: stdout all=warning uptime,level,tags
 #1: stderr all=off uptime,level,tags

Environment Variables:
JAVA_HOME=C:\Program Files\Eclipse Adoptium\jdk-17.0.6.10-hotspot
CLASSPATH=C:\Users\songe\source\repos\SAMSV2\android\\gradle\wrapper\gradle-wrapper.jar
PATH=C:\Users\songe\source\repos\SAMSV2\android\node_modules\.bin;C:\Users\songe\source\repos\SAMSV2\node_modules\.bin;C:\Users\songe\source\repos\node_modules\.bin;C:\Users\songe\source\node_modules\.bin;C:\Users\songe\node_modules\.bin;C:\Users\node_modules\.bin;C:\node_modules\.bin;C:\Program Files\nodejs;C:\Users\songe\source\repos\SAMSV2\node_modules\.bin;C:\Users\songe\source\repos\SAMSV2\node_modules\.bin;C:\Users\songe\source\repos\node_modules\.bin;C:\Users\songe\source\node_modules\.bin;C:\Users\songe\node_modules\.bin;C:\Users\node_modules\.bin;C:\node_modules\.bin;C:\Users\songe\source\repos\SAMSV2\node_modules\npm\node_modules\@npmcli\run-script\lib\node-gyp-bin;C:\Users\songe\source\repos\SAMSV2\node_modules\.bin;C:\Users\songe\source\repos\node_modules\.bin;C:\Users\songe\source\node_modules\.bin;C:\Users\songe\node_modules\.bin;C:\Users\node_modules\.bin;C:\node_modules\.bin;C:\Program Files\nodejs;C:\Users\songe\source\repos\SAMSV2\node_modules\.bin;C:\Users\songe\source\repos\node_modules\.bin;C:\Users\songe\source\node_modules\.bin;C:\Users\songe\node_modules\.bin;C:\Users\node_modules\.bin;C:\node_modules\.bin;C:\Program Files\nodejs\node_modules\npm\node_modules\@npmcli\run-script\lib\node-gyp-bin;C:\Users\songe\bin;C:\Program Files\Git\mingw64\bin;C:\Program Files\Git\usr\local\bin;C:\Program Files\Git\usr\bin;C:\Program Files\Git\usr\bin;C:\Program Files\Git\mingw64\bin;C:\Program Files\Git\usr\bin;C:\Users\songe\bin;C:\Program Files\Eclipse Adoptium\jdk-17.0.6.10-hotspot\bin;C:\Program Files (x86)\Intel\Intel(R) Management Engine Components\iCLS;C:\Program Files\Intel\Intel(R) Management Engine Components\iCLS;C:\Windows\system32;C:\Windows;C:\Windows\System32\Wbem;C:\Windows\System32\WindowsPowerShell\v1.0;C:\Program Files (x86)\NVIDIA Corporation\PhysX\Common;C:\Program Files (x86)\Intel\Intel(R) Management Engine Components\DAL;C:\Program Files\Intel\Intel(R) Management Engine Components\DAL;C:\Program Files (x86)\Intel\Intel(R) Management En
USERNAME=songe
SHELL=C:\Program Files\Git\usr\bin\bash.exe
DISPLAY=needs-to-be-defined
LANG=en_US.UTF-8
TERM=xterm-256color
TMPDIR=C:\Users\songe\AppData\Local\Temp
OS=Windows_NT
PROCESSOR_IDENTIFIER=Intel64 Family 6 Model 142 Stepping 9, GenuineIntel
TMP=C:\Users\songe\AppData\Local\Temp
TEMP=C:\Users\songe\AppData\Local\Temp



---------------  S Y S T E M  ---------------

OS:
 Windows 10 , 64 bit Build 19041 (10.0.19041.3155)
OS uptime: 0 days 18:11 hours

CPU: total 4 (initial active 4) (2 cores per cpu, 2 threads per core) family 6 model 142 stepping 9 microcode 0xf0, cx8, cmov, fxsr, ht, mmx, 3dnowpref, sse, sse2, sse3, ssse3, sse4.1, sse4.2, popcnt, lzcnt, tsc, tscinvbit, avx, avx2, aes, erms, clmul, bmi1, bmi2, adx, fma, vzeroupper, clflush, clflushopt

Memory: 4k page, system-wide physical 8089M (400M free)
TotalPageFile size 11089M (AvailPageFile size 5M)
current process WorkingSet (physical memory assigned to process): 296M, peak: 296M
current process commit charge ("private bytes"): 335M, peak: 338M

vm_info: OpenJDK 64-Bit Server VM (17.0.6+10) for windows-amd64 JRE (17.0.6+10), built on Jan 18 2023 10:08:59 by "temurin" with MS VC++ 16.7 (VS2019)

END.
