#
# There is insufficient memory for the Java Runtime Environment to continue.
# Native memory allocation (mmap) failed to map 65536 bytes for Failed to commit metaspace.
# Possible reasons:
#   The system is out of physical RAM or swap space
#   The process is running with CompressedOops enabled, and the Java Heap may be blocking the growth of the native heap
# Possible solutions:
#   Reduce memory load on the system
#   Increase physical memory or swap space
#   Check if swap backing store is full
#   Decrease Java heap size (-Xmx/-Xms)
#   Decrease number of Java threads
#   Decrease Java thread stack sizes (-Xss)
#   Set larger code cache with -XX:ReservedCodeCacheSize=
#   JVM is running with Unscaled Compressed Oops mode in which the Java heap is
#     placed in the first 4GB address space. The Java Heap base address is the
#     maximum limit for the native heap growth. Please use -XX:HeapBaseMinAddress
#     to set the Java Heap base and to place the Java Heap above 4GB virtual address.
# This output file may be truncated or incomplete.
#
#  Out of Memory Error (virtualSpaceNode.cpp:110), pid=15944, tid=19108
#
# JRE version: OpenJDK Runtime Environment Temurin-17.0.6+10 (17.0.6+10) (build 17.0.6+10)
# Java VM: OpenJDK 64-Bit Server VM Temurin-17.0.6+10 (17.0.6+10, mixed mode, sharing, tiered, compressed oops, compressed class ptrs, g1 gc, windows-amd64)
# No core dump will be written. Minidumps are not enabled by default on client versions of Windows
#

---------------  S U M M A R Y ------------

Command Line: -Xmx64m -Xms64m -Dorg.gradle.appname=gradlew org.gradle.wrapper.GradleWrapperMain app:installDebug -PreactNativeDevServerPort=8081

Host: Intel(R) Core(TM) i7-7500U CPU @ 2.70GHz, 4 cores, 7G,  Windows 10 , 64 bit Build 19041 (10.0.19041.3155)
Time: Wed Jul  5 12:20:22 2023 South Africa Standard Time elapsed time: 3.258747 seconds (0d 0h 0m 3s)

---------------  T H R E A D  ---------------

Current thread (0x000001f8c18d55d0):  JavaThread "main" [_thread_in_vm, id=19108, stack(0x0000007dd1900000,0x0000007dd1a00000)]

Stack: [0x0000007dd1900000,0x0000007dd1a00000]
Native frames: (J=compiled Java code, j=interpreted, Vv=VM code, C=native code)
V  [jvm.dll+0x67741a]
V  [jvm.dll+0x834434]
V  [jvm.dll+0x835bde]
V  [jvm.dll+0x836243]
V  [jvm.dll+0x2457b5]
V  [jvm.dll+0x8304cb]
V  [jvm.dll+0x61bca6]
V  [jvm.dll+0x1c05fe]
V  [jvm.dll+0x61e5f1]
V  [jvm.dll+0x61c646]
V  [jvm.dll+0x626487]
V  [jvm.dll+0x1ea42b]
V  [jvm.dll+0x1ea965]
V  [jvm.dll+0x1eb39f]
V  [jvm.dll+0x1e0841]
V  [jvm.dll+0x53c6d0]
V  [jvm.dll+0x7af5e8]
V  [jvm.dll+0x7af6d4]
V  [jvm.dll+0x40bc05]
V  [jvm.dll+0x411d58]
C  [java.dll+0x1971]

Java frames: (J=compiled Java code, j=interpreted, Vv=VM code)
j  java.lang.ClassLoader.defineClass2(Ljava/lang/ClassLoader;Ljava/lang/String;Ljava/nio/ByteBuffer;IILjava/security/ProtectionDomain;Ljava/lang/String;)Ljava/lang/Class;+0 java.base@17.0.6
j  java.lang.ClassLoader.defineClass(Ljava/lang/String;Ljava/nio/ByteBuffer;Ljava/security/ProtectionDomain;)Ljava/lang/Class;+93 java.base@17.0.6
j  java.security.SecureClassLoader.defineClass(Ljava/lang/String;Ljava/nio/ByteBuffer;Ljava/security/CodeSource;)Ljava/lang/Class;+8 java.base@17.0.6
j  jdk.internal.loader.BuiltinClassLoader.defineClass(Ljava/lang/String;Ljdk/internal/loader/BuiltinClassLoader$LoadedModule;)Ljava/lang/Class;+127 java.base@17.0.6
J 569 c1 jdk.internal.loader.BuiltinClassLoader.loadClassOrNull(Ljava/lang/String;Z)Ljava/lang/Class; java.base@17.0.6 (143 bytes) @ 0x000001f8c94aa134 [0x000001f8c94a9b40+0x00000000000005f4]
J 588 c1 jdk.internal.loader.BuiltinClassLoader.loadClass(Ljava/lang/String;Z)Ljava/lang/Class; java.base@17.0.6 (22 bytes) @ 0x000001f8c94b454c [0x000001f8c94b4440+0x000000000000010c]
J 587 c1 java.lang.ClassLoader.loadClass(Ljava/lang/String;)Ljava/lang/Class; java.base@17.0.6 (7 bytes) @ 0x000001f8c94b414c [0x000001f8c94b4040+0x000000000000010c]
v  ~StubRoutines::call_stub
j  sun.security.mscapi.SunMSCAPI.<init>()V+13 jdk.crypto.mscapi@17.0.6
v  ~StubRoutines::call_stub
j  jdk.internal.reflect.NativeConstructorAccessorImpl.newInstance0(Ljava/lang/reflect/Constructor;[Ljava/lang/Object;)Ljava/lang/Object;+0 java.base@17.0.6
j  jdk.internal.reflect.NativeConstructorAccessorImpl.newInstance([Ljava/lang/Object;)Ljava/lang/Object;+118 java.base@17.0.6
j  jdk.internal.reflect.DelegatingConstructorAccessorImpl.newInstance([Ljava/lang/Object;)Ljava/lang/Object;+5 java.base@17.0.6
j  java.lang.reflect.Constructor.newInstanceWithCaller([Ljava/lang/Object;ZLjava/lang/Class;)Ljava/lang/Object;+65 java.base@17.0.6
j  java.lang.reflect.Constructor.newInstance([Ljava/lang/Object;)Ljava/lang/Object;+30 java.base@17.0.6
j  java.util.ServiceLoader$ProviderImpl.newInstance()Ljava/lang/Object;+19 java.base@17.0.6
j  java.util.ServiceLoader$ProviderImpl.get()Ljava/lang/Object;+13 java.base@17.0.6
j  java.util.ServiceLoader$3.next()Ljava/lang/Object;+58 java.base@17.0.6
j  sun.security.jca.ProviderConfig$ProviderLoader.load(Ljava/lang/String;)Ljava/security/Provider;+54 java.base@17.0.6
j  sun.security.jca.ProviderConfig$3.run()Ljava/security/Provider;+44 java.base@17.0.6
j  sun.security.jca.ProviderConfig$3.run()Ljava/lang/Object;+1 java.base@17.0.6
j  java.security.AccessController.executePrivileged(Ljava/security/PrivilegedAction;Ljava/security/AccessControlContext;Ljava/lang/Class;)Ljava/lang/Object;+29 java.base@17.0.6
j  java.security.AccessController.doPrivileged(Ljava/security/PrivilegedAction;)Ljava/lang/Object;+5 java.base@17.0.6
j  sun.security.jca.ProviderConfig.doLoadProvider()Ljava/security/Provider;+8 java.base@17.0.6
j  sun.security.jca.ProviderConfig.getProvider()Ljava/security/Provider;+281 java.base@17.0.6
j  sun.security.jca.ProviderList.getProvider(I)Ljava/security/Provider;+6 java.base@17.0.6
j  sun.security.jca.ProviderList.getService(Ljava/lang/String;Ljava/lang/String;)Ljava/security/Provider$Service;+90 java.base@17.0.6
j  sun.security.jca.GetInstance.getInstance(Ljava/lang/String;Ljava/lang/Class;Ljava/lang/String;)Lsun/security/jca/GetInstance$Instance;+7 java.base@17.0.6
j  java.security.SecureRandom.getInstance(Ljava/lang/String;)Ljava/security/SecureRandom;+12 java.base@17.0.6
j  sun.nio.ch.UnixDomainSockets.getRandom()Ljava/util/Random;+2 java.base@17.0.6
j  sun.nio.ch.UnixDomainSockets.<clinit>()V+26 java.base@17.0.6
v  ~StubRoutines::call_stub
j  sun.nio.ch.PipeImpl.createListener(Z)Ljava/nio/channels/ServerSocketChannel;+6 java.base@17.0.6
j  sun.nio.ch.PipeImpl$Initializer$LoopbackConnector.run()V+41 java.base@17.0.6
j  sun.nio.ch.PipeImpl$Initializer.run()Ljava/lang/Void;+10 java.base@17.0.6
j  sun.nio.ch.PipeImpl$Initializer.run()Ljava/lang/Object;+1 java.base@17.0.6
J 607 c1 java.security.AccessController.executePrivileged(Ljava/security/PrivilegedExceptionAction;Ljava/security/AccessControlContext;Ljava/lang/Class;)Ljava/lang/Object; java.base@17.0.6 (65 bytes) @ 0x000001f8c94c3dbc [0x000001f8c94c3c60+0x000000000000015c]
j  java.security.AccessController.doPrivileged(Ljava/security/PrivilegedExceptionAction;)Ljava/lang/Object;+9 java.base@17.0.6
j  sun.nio.ch.PipeImpl.<init>(Ljava/nio/channels/spi/SelectorProvider;ZZ)V+17 java.base@17.0.6
j  sun.nio.ch.WEPollSelectorImpl.<init>(Ljava/nio/channels/spi/SelectorProvider;)V+74 java.base@17.0.6
j  sun.nio.ch.WEPollSelectorProvider.openSelector()Ljava/nio/channels/spi/AbstractSelector;+5 java.base@17.0.6
j  java.nio.channels.Selector.open()Ljava/nio/channels/Selector;+3 java.base@17.0.6
j  org.gradle.internal.remote.internal.inet.SocketConnection$SocketInputStream.<init>(Ljava/nio/channels/SocketChannel;)V+17
j  org.gradle.internal.remote.internal.inet.SocketConnection.<init>(Ljava/nio/channels/SocketChannel;Lorg/gradle/internal/remote/internal/MessageSerializer;Lorg/gradle/internal/serialize/StatefulSerializer;)V+33
j  org.gradle.internal.remote.internal.inet.SocketConnectCompletion.create(Lorg/gradle/internal/serialize/StatefulSerializer;)Lorg/gradle/internal/remote/internal/RemoteConnection;+16
j  org.gradle.launcher.daemon.client.DefaultDaemonConnector.connectToDaemon(Lorg/gradle/launcher/daemon/context/DaemonConnectDetails;Lorg/gradle/launcher/daemon/client/DaemonClientConnection$StaleAddressDetector;)Lorg/gradle/launcher/daemon/client/DaemonClientConnection;+43
j  org.gradle.launcher.daemon.client.DefaultDaemonConnector.findConnection(Ljava/util/List;)Lorg/gradle/launcher/daemon/client/DaemonClientConnection;+38
j  org.gradle.launcher.daemon.client.DefaultDaemonConnector.connectToIdleDaemon(Ljava/util/Collection;Lorg/gradle/api/internal/specs/ExplainingSpec;)Lorg/gradle/launcher/daemon/client/DaemonClientConnection;+9
j  org.gradle.launcher.daemon.client.DefaultDaemonConnector.connect(Lorg/gradle/api/internal/specs/ExplainingSpec;)Lorg/gradle/launcher/daemon/client/DaemonClientConnection;+37
j  org.gradle.launcher.daemon.client.DaemonClient.execute(Lorg/gradle/internal/invocation/BuildAction;Lorg/gradle/launcher/exec/BuildActionParameters;Lorg/gradle/initialization/BuildRequestContext;)Lorg/gradle/launcher/exec/BuildActionResult;+62
j  org.gradle.launcher.daemon.client.DaemonClient.execute(Lorg/gradle/internal/invocation/BuildAction;Ljava/lang/Object;Ljava/lang/Object;)Lorg/gradle/launcher/exec/BuildActionResult;+10
j  org.gradle.launcher.cli.RunBuildAction.run()V+74
j  org.gradle.internal.Actions$RunnableActionAdapter.execute(Ljava/lang/Object;)V+4
j  org.gradle.launcher.cli.DefaultCommandLineActionFactory$ParseAndBuildAction.execute(Lorg/gradle/launcher/bootstrap/ExecutionListener;)V+60
j  org.gradle.launcher.cli.DefaultCommandLineActionFactory$ParseAndBuildAction.execute(Ljava/lang/Object;)V+5
j  org.gradle.launcher.cli.DebugLoggerWarningAction.execute(Lorg/gradle/launcher/bootstrap/ExecutionListener;)V+9
j  org.gradle.launcher.cli.DebugLoggerWarningAction.execute(Ljava/lang/Object;)V+5
j  org.gradle.launcher.cli.WelcomeMessageAction.execute(Lorg/gradle/launcher/bootstrap/ExecutionListener;)V+218
j  org.gradle.launcher.cli.WelcomeMessageAction.execute(Ljava/lang/Object;)V+5
j  org.gradle.launcher.cli.NativeServicesInitializingAction.execute(Lorg/gradle/launcher/bootstrap/ExecutionListener;)V+35
j  org.gradle.launcher.cli.NativeServicesInitializingAction.execute(Ljava/lang/Object;)V+5
j  org.gradle.launcher.cli.ExceptionReportingAction.execute(Lorg/gradle/launcher/bootstrap/ExecutionListener;)V+5
j  org.gradle.launcher.cli.ExceptionReportingAction.execute(Ljava/lang/Object;)V+5
j  org.gradle.launcher.cli.DefaultCommandLineActionFactory$WithLogging.execute(Lorg/gradle/launcher/bootstrap/ExecutionListener;)V+299
j  org.gradle.launcher.Main.doAction([Ljava/lang/String;Lorg/gradle/launcher/bootstrap/ExecutionListener;)V+14
j  org.gradle.launcher.bootstrap.EntryPoint.run([Ljava/lang/String;)V+12
v  ~StubRoutines::call_stub
j  jdk.internal.reflect.NativeMethodAccessorImpl.invoke0(Ljava/lang/reflect/Method;Ljava/lang/Object;[Ljava/lang/Object;)Ljava/lang/Object;+0 java.base@17.0.6
j  jdk.internal.reflect.NativeMethodAccessorImpl.invoke(Ljava/lang/Object;[Ljava/lang/Object;)Ljava/lang/Object;+133 java.base@17.0.6
j  jdk.internal.reflect.DelegatingMethodAccessorImpl.invoke(Ljava/lang/Object;[Ljava/lang/Object;)Ljava/lang/Object;+6 java.base@17.0.6
j  java.lang.reflect.Method.invoke(Ljava/lang/Object;[Ljava/lang/Object;)Ljava/lang/Object;+59 java.base@17.0.6
j  org.gradle.launcher.bootstrap.ProcessBootstrap.runNoExit(Ljava/lang/String;[Ljava/lang/String;)V+159
j  org.gradle.launcher.bootstrap.ProcessBootstrap.run(Ljava/lang/String;[Ljava/lang/String;)V+2
v  ~StubRoutines::call_stub
j  jdk.internal.reflect.NativeMethodAccessorImpl.invoke0(Ljava/lang/reflect/Method;Ljava/lang/Object;[Ljava/lang/Object;)Ljava/lang/Object;+0 java.base@17.0.6
j  jdk.internal.reflect.NativeMethodAccessorImpl.invoke(Ljava/lang/Object;[Ljava/lang/Object;)Ljava/lang/Object;+133 java.base@17.0.6
j  jdk.internal.reflect.DelegatingMethodAccessorImpl.invoke(Ljava/lang/Object;[Ljava/lang/Object;)Ljava/lang/Object;+6 java.base@17.0.6
j  java.lang.reflect.Method.invoke(Ljava/lang/Object;[Ljava/lang/Object;)Ljava/lang/Object;+59 java.base@17.0.6
j  org.gradle.launcher.GradleMain.main([Ljava/lang/String;)V+100
v  ~StubRoutines::call_stub
j  jdk.internal.reflect.NativeMethodAccessorImpl.invoke0(Ljava/lang/reflect/Method;Ljava/lang/Object;[Ljava/lang/Object;)Ljava/lang/Object;+0 java.base@17.0.6
j  jdk.internal.reflect.NativeMethodAccessorImpl.invoke(Ljava/lang/Object;[Ljava/lang/Object;)Ljava/lang/Object;+133 java.base@17.0.6
j  jdk.internal.reflect.DelegatingMethodAccessorImpl.invoke(Ljava/lang/Object;[Ljava/lang/Object;)Ljava/lang/Object;+6 java.base@17.0.6
j  java.lang.reflect.Method.invoke(Ljava/lang/Object;[Ljava/lang/Object;)Ljava/lang/Object;+59 java.base@17.0.6
j  org.gradle.wrapper.BootstrapMainStarter.start([Ljava/lang/String;Ljava/io/File;)V+105
j  org.gradle.wrapper.WrapperExecutor.execute([Ljava/lang/String;Lorg/gradle/wrapper/Install;Lorg/gradle/wrapper/BootstrapMainStarter;)V+14
j  org.gradle.wrapper.GradleWrapperMain.main([Ljava/lang/String;)V+190
v  ~StubRoutines::call_stub

---------------  P R O C E S S  ---------------

Threads class SMR info:
_java_thread_list=0x000001f8dc10fe90, length=14, elements={
0x000001f8c18d55d0, 0x000001f8da9e9fa0, 0x000001f8da9eae10, 0x000001f8daa02f20,
0x000001f8daa039e0, 0x000001f8daa04590, 0x000001f8daa07050, 0x000001f8daa0ca10,
0x000001f8daa0d3c0, 0x000001f8daa184a0, 0x000001f8db444ec0, 0x000001f8db467dd0,
0x000001f8dbe955c0, 0x000001f8dc04d2b0
}

Java Threads: ( => current thread )
=>0x000001f8c18d55d0 JavaThread "main" [_thread_in_vm, id=19108, stack(0x0000007dd1900000,0x0000007dd1a00000)]
  0x000001f8da9e9fa0 JavaThread "Reference Handler" daemon [_thread_blocked, id=17712, stack(0x0000007dd2000000,0x0000007dd2100000)]
  0x000001f8da9eae10 JavaThread "Finalizer" daemon [_thread_blocked, id=14004, stack(0x0000007dd2100000,0x0000007dd2200000)]
  0x000001f8daa02f20 JavaThread "Signal Dispatcher" daemon [_thread_blocked, id=7932, stack(0x0000007dd2200000,0x0000007dd2300000)]
  0x000001f8daa039e0 JavaThread "Attach Listener" daemon [_thread_blocked, id=1920, stack(0x0000007dd2300000,0x0000007dd2400000)]
  0x000001f8daa04590 JavaThread "Service Thread" daemon [_thread_blocked, id=11036, stack(0x0000007dd2400000,0x0000007dd2500000)]
  0x000001f8daa07050 JavaThread "Monitor Deflation Thread" daemon [_thread_blocked, id=10156, stack(0x0000007dd2500000,0x0000007dd2600000)]
  0x000001f8daa0ca10 JavaThread "C2 CompilerThread0" daemon [_thread_blocked, id=9828, stack(0x0000007dd2600000,0x0000007dd2700000)]
  0x000001f8daa0d3c0 JavaThread "C1 CompilerThread0" daemon [_thread_blocked, id=2180, stack(0x0000007dd2700000,0x0000007dd2800000)]
  0x000001f8daa184a0 JavaThread "Sweeper thread" daemon [_thread_blocked, id=13176, stack(0x0000007dd2800000,0x0000007dd2900000)]
  0x000001f8db444ec0 JavaThread "Notification Thread" daemon [_thread_blocked, id=8160, stack(0x0000007dd2900000,0x0000007dd2a00000)]
  0x000001f8db467dd0 JavaThread "Common-Cleaner" daemon [_thread_blocked, id=11980, stack(0x0000007dd2b00000,0x0000007dd2c00000)]
  0x000001f8dbe955c0 JavaThread "C2 CompilerThread1" daemon [_thread_blocked, id=13532, stack(0x0000007dd2c00000,0x0000007dd2d00000)]
  0x000001f8dc04d2b0 JavaThread "pool-1-thread-1" [_thread_blocked, id=9644, stack(0x0000007dd3000000,0x0000007dd3100000)]

Other Threads:
  0x000001f8da9e2580 VMThread "VM Thread" [stack: 0x0000007dd1f00000,0x0000007dd2000000] [id=9972]
  0x000001f8c1900190 WatcherThread [stack: 0x0000007dd2a00000,0x0000007dd2b00000] [id=3768]
  0x000001f8c18f4df0 GCTaskThread "GC Thread#0" [stack: 0x0000007dd1a00000,0x0000007dd1b00000] [id=13540]
  0x000001f8db93a5e0 GCTaskThread "GC Thread#1" [stack: 0x0000007dd2d00000,0x0000007dd2e00000] [id=9164]
  0x000001f8db97cc30 GCTaskThread "GC Thread#2" [stack: 0x0000007dd2e00000,0x0000007dd2f00000] [id=8092]
  0x000001f8db706210 GCTaskThread "GC Thread#3" [stack: 0x0000007dd2f00000,0x0000007dd3000000] [id=12296]
  0x000001f8c18f6530 ConcurrentGCThread "G1 Main Marker" [stack: 0x0000007dd1b00000,0x0000007dd1c00000] [id=8948]
  0x000001f8c18f6f40 ConcurrentGCThread "G1 Conc#0" [stack: 0x0000007dd1c00000,0x0000007dd1d00000] [id=18180]
  0x000001f8c194ac80 ConcurrentGCThread "G1 Refine#0" [stack: 0x0000007dd1d00000,0x0000007dd1e00000] [id=19412]
  0x000001f8c194b6a0 ConcurrentGCThread "G1 Service" [stack: 0x0000007dd1e00000,0x0000007dd1f00000] [id=18008]

Threads with active compile tasks:

VM state: not at safepoint (normal execution)

VM Mutex/Monitor currently owned by a thread:  ([mutex/lock_event])
[0x000001f8c18d3040] Metaspace_lock - owner thread: 0x000001f8c18d55d0

Heap address: 0x00000000fc000000, size: 64 MB, Compressed Oops mode: 32-bit

CDS archive(s) mapped at: [0x0000000800000000-0x0000000800bc0000-0x0000000800bc0000), size 12320768, SharedBaseAddress: 0x0000000800000000, ArchiveRelocationMode: 0.
Compressed class space mapped at: 0x0000000800c00000-0x0000000840c00000, reserved size: 1073741824
Narrow klass base: 0x0000000800000000, Narrow klass shift: 0, Narrow klass range: 0x100000000

GC Precious Log:
 CPUs: 4 total, 4 available
 Memory: 8089M
 Large Page Support: Disabled
 NUMA Support: Disabled
 Compressed Oops: Enabled (32-bit)
 Heap Region Size: 1M
 Heap Min Capacity: 64M
 Heap Initial Capacity: 64M
 Heap Max Capacity: 64M
 Pre-touch: Disabled
 Parallel Workers: 4
 Concurrent Workers: 1
 Concurrent Refinement Workers: 4
 Periodic GC: Disabled

Heap:
 garbage-first heap   total 65536K, used 15095K [0x00000000fc000000, 0x0000000100000000)
  region size 1024K, 9 young (9216K), 3 survivors (3072K)
 Metaspace       used 7330K, committed 7552K, reserved 1056768K
  class space    used 1017K, committed 1152K, reserved 1048576K

Heap Regions: E=young(eden), S=young(survivor), O=old, HS=humongous(starts), HC=humongous(continues), CS=collection set, F=free, OA=open archive, CA=closed archive, TAMS=top-at-mark-start (previous, next)
|   0|0x00000000fc000000, 0x00000000fc100000, 0x00000000fc100000|100%|HS|  |TAMS 0x00000000fc000000, 0x00000000fc000000| Complete 
|   1|0x00000000fc100000, 0x00000000fc200000, 0x00000000fc200000|100%|HC|  |TAMS 0x00000000fc100000, 0x00000000fc100000| Complete 
|   2|0x00000000fc200000, 0x00000000fc300000, 0x00000000fc300000|100%|HC|  |TAMS 0x00000000fc200000, 0x00000000fc200000| Complete 
|   3|0x00000000fc300000, 0x00000000fc400000, 0x00000000fc400000|100%| O|  |TAMS 0x00000000fc300000, 0x00000000fc300000| Untracked 
|   4|0x00000000fc400000, 0x00000000fc500000, 0x00000000fc500000|100%| O|  |TAMS 0x00000000fc400000, 0x00000000fc400000| Untracked 
|   5|0x00000000fc500000, 0x00000000fc600000, 0x00000000fc600000|100%| O|  |TAMS 0x00000000fc500000, 0x00000000fc500000| Untracked 
|   6|0x00000000fc600000, 0x00000000fc6bde00, 0x00000000fc700000| 74%| O|  |TAMS 0x00000000fc600000, 0x00000000fc600000| Untracked 
|   7|0x00000000fc700000, 0x00000000fc700000, 0x00000000fc800000|  0%| F|  |TAMS 0x00000000fc700000, 0x00000000fc700000| Untracked 
|   8|0x00000000fc800000, 0x00000000fc800000, 0x00000000fc900000|  0%| F|  |TAMS 0x00000000fc800000, 0x00000000fc800000| Untracked 
|   9|0x00000000fc900000, 0x00000000fc900000, 0x00000000fca00000|  0%| F|  |TAMS 0x00000000fc900000, 0x00000000fc900000| Untracked 
|  10|0x00000000fca00000, 0x00000000fca00000, 0x00000000fcb00000|  0%| F|  |TAMS 0x00000000fca00000, 0x00000000fca00000| Untracked 
|  11|0x00000000fcb00000, 0x00000000fcb00000, 0x00000000fcc00000|  0%| F|  |TAMS 0x00000000fcb00000, 0x00000000fcb00000| Untracked 
|  12|0x00000000fcc00000, 0x00000000fcc00000, 0x00000000fcd00000|  0%| F|  |TAMS 0x00000000fcc00000, 0x00000000fcc00000| Untracked 
|  13|0x00000000fcd00000, 0x00000000fcd00000, 0x00000000fce00000|  0%| F|  |TAMS 0x00000000fcd00000, 0x00000000fcd00000| Untracked 
|  14|0x00000000fce00000, 0x00000000fce00000, 0x00000000fcf00000|  0%| F|  |TAMS 0x00000000fce00000, 0x00000000fce00000| Untracked 
|  15|0x00000000fcf00000, 0x00000000fcf00000, 0x00000000fd000000|  0%| F|  |TAMS 0x00000000fcf00000, 0x00000000fcf00000| Untracked 
|  16|0x00000000fd000000, 0x00000000fd000000, 0x00000000fd100000|  0%| F|  |TAMS 0x00000000fd000000, 0x00000000fd000000| Untracked 
|  17|0x00000000fd100000, 0x00000000fd100000, 0x00000000fd200000|  0%| F|  |TAMS 0x00000000fd100000, 0x00000000fd100000| Untracked 
|  18|0x00000000fd200000, 0x00000000fd200000, 0x00000000fd300000|  0%| F|  |TAMS 0x00000000fd200000, 0x00000000fd200000| Untracked 
|  19|0x00000000fd300000, 0x00000000fd300000, 0x00000000fd400000|  0%| F|  |TAMS 0x00000000fd300000, 0x00000000fd300000| Untracked 
|  20|0x00000000fd400000, 0x00000000fd400000, 0x00000000fd500000|  0%| F|  |TAMS 0x00000000fd400000, 0x00000000fd400000| Untracked 
|  21|0x00000000fd500000, 0x00000000fd500000, 0x00000000fd600000|  0%| F|  |TAMS 0x00000000fd500000, 0x00000000fd500000| Untracked 
|  22|0x00000000fd600000, 0x00000000fd600000, 0x00000000fd700000|  0%| F|  |TAMS 0x00000000fd600000, 0x00000000fd600000| Untracked 
|  23|0x00000000fd700000, 0x00000000fd700000, 0x00000000fd800000|  0%| F|  |TAMS 0x00000000fd700000, 0x00000000fd700000| Untracked 
|  24|0x00000000fd800000, 0x00000000fd800000, 0x00000000fd900000|  0%| F|  |TAMS 0x00000000fd800000, 0x00000000fd800000| Untracked 
|  25|0x00000000fd900000, 0x00000000fd900000, 0x00000000fda00000|  0%| F|  |TAMS 0x00000000fd900000, 0x00000000fd900000| Untracked 
|  26|0x00000000fda00000, 0x00000000fda00000, 0x00000000fdb00000|  0%| F|  |TAMS 0x00000000fda00000, 0x00000000fda00000| Untracked 
|  27|0x00000000fdb00000, 0x00000000fdb00000, 0x00000000fdc00000|  0%| F|  |TAMS 0x00000000fdb00000, 0x00000000fdb00000| Untracked 
|  28|0x00000000fdc00000, 0x00000000fdc00000, 0x00000000fdd00000|  0%| F|  |TAMS 0x00000000fdc00000, 0x00000000fdc00000| Untracked 
|  29|0x00000000fdd00000, 0x00000000fdd00000, 0x00000000fde00000|  0%| F|  |TAMS 0x00000000fdd00000, 0x00000000fdd00000| Untracked 
|  30|0x00000000fde00000, 0x00000000fde00000, 0x00000000fdf00000|  0%| F|  |TAMS 0x00000000fde00000, 0x00000000fde00000| Untracked 
|  31|0x00000000fdf00000, 0x00000000fdf00000, 0x00000000fe000000|  0%| F|  |TAMS 0x00000000fdf00000, 0x00000000fdf00000| Untracked 
|  32|0x00000000fe000000, 0x00000000fe000000, 0x00000000fe100000|  0%| F|  |TAMS 0x00000000fe000000, 0x00000000fe000000| Untracked 
|  33|0x00000000fe100000, 0x00000000fe100000, 0x00000000fe200000|  0%| F|  |TAMS 0x00000000fe100000, 0x00000000fe100000| Untracked 
|  34|0x00000000fe200000, 0x00000000fe200000, 0x00000000fe300000|  0%| F|  |TAMS 0x00000000fe200000, 0x00000000fe200000| Untracked 
|  35|0x00000000fe300000, 0x00000000fe300000, 0x00000000fe400000|  0%| F|  |TAMS 0x00000000fe300000, 0x00000000fe300000| Untracked 
|  36|0x00000000fe400000, 0x00000000fe400000, 0x00000000fe500000|  0%| F|  |TAMS 0x00000000fe400000, 0x00000000fe400000| Untracked 
|  37|0x00000000fe500000, 0x00000000fe500000, 0x00000000fe600000|  0%| F|  |TAMS 0x00000000fe500000, 0x00000000fe500000| Untracked 
|  38|0x00000000fe600000, 0x00000000fe600000, 0x00000000fe700000|  0%| F|  |TAMS 0x00000000fe600000, 0x00000000fe600000| Untracked 
|  39|0x00000000fe700000, 0x00000000fe700000, 0x00000000fe800000|  0%| F|  |TAMS 0x00000000fe700000, 0x00000000fe700000| Untracked 
|  40|0x00000000fe800000, 0x00000000fe800000, 0x00000000fe900000|  0%| F|  |TAMS 0x00000000fe800000, 0x00000000fe800000| Untracked 
|  41|0x00000000fe900000, 0x00000000fe900000, 0x00000000fea00000|  0%| F|  |TAMS 0x00000000fe900000, 0x00000000fe900000| Untracked 
|  42|0x00000000fea00000, 0x00000000fea00000, 0x00000000feb00000|  0%| F|  |TAMS 0x00000000fea00000, 0x00000000fea00000| Untracked 
|  43|0x00000000feb00000, 0x00000000fec00000, 0x00000000fec00000|100%| S|CS|TAMS 0x00000000feb00000, 0x00000000feb00000| Complete 
|  44|0x00000000fec00000, 0x00000000fed00000, 0x00000000fed00000|100%| S|CS|TAMS 0x00000000fec00000, 0x00000000fec00000| Complete 
|  45|0x00000000fed00000, 0x00000000fee00000, 0x00000000fee00000|100%| S|CS|TAMS 0x00000000fed00000, 0x00000000fed00000| Complete 
|  46|0x00000000fee00000, 0x00000000fee00000, 0x00000000fef00000|  0%| F|  |TAMS 0x00000000fee00000, 0x00000000fee00000| Untracked 
|  47|0x00000000fef00000, 0x00000000fef00000, 0x00000000ff000000|  0%| F|  |TAMS 0x00000000fef00000, 0x00000000fef00000| Untracked 
|  48|0x00000000ff000000, 0x00000000ff000000, 0x00000000ff100000|  0%| F|  |TAMS 0x00000000ff000000, 0x00000000ff000000| Untracked 
|  49|0x00000000ff100000, 0x00000000ff100000, 0x00000000ff200000|  0%| F|  |TAMS 0x00000000ff100000, 0x00000000ff100000| Untracked 
|  50|0x00000000ff200000, 0x00000000ff200000, 0x00000000ff300000|  0%| F|  |TAMS 0x00000000ff200000, 0x00000000ff200000| Untracked 
|  51|0x00000000ff300000, 0x00000000ff300000, 0x00000000ff400000|  0%| F|  |TAMS 0x00000000ff300000, 0x00000000ff300000| Untracked 
|  52|0x00000000ff400000, 0x00000000ff400000, 0x00000000ff500000|  0%| F|  |TAMS 0x00000000ff400000, 0x00000000ff400000| Untracked 
|  53|0x00000000ff500000, 0x00000000ff500000, 0x00000000ff600000|  0%| F|  |TAMS 0x00000000ff500000, 0x00000000ff500000| Untracked 
|  54|0x00000000ff600000, 0x00000000ff600000, 0x00000000ff700000|  0%| F|  |TAMS 0x00000000ff600000, 0x00000000ff600000| Untracked 
|  55|0x00000000ff700000, 0x00000000ff700000, 0x00000000ff800000|  0%| F|  |TAMS 0x00000000ff700000, 0x00000000ff700000| Untracked 
|  56|0x00000000ff800000, 0x00000000ff800000, 0x00000000ff900000|  0%| F|  |TAMS 0x00000000ff800000, 0x00000000ff800000| Untracked 
|  57|0x00000000ff900000, 0x00000000ff900000, 0x00000000ffa00000|  0%| F|  |TAMS 0x00000000ff900000, 0x00000000ff900000| Untracked 
|  58|0x00000000ffa00000, 0x00000000ffa20b60, 0x00000000ffb00000| 12%| E|  |TAMS 0x00000000ffa00000, 0x00000000ffa00000| Complete 
|  59|0x00000000ffb00000, 0x00000000ffc00000, 0x00000000ffc00000|100%| E|CS|TAMS 0x00000000ffb00000, 0x00000000ffb00000| Complete 
|  60|0x00000000ffc00000, 0x00000000ffd00000, 0x00000000ffd00000|100%| E|CS|TAMS 0x00000000ffc00000, 0x00000000ffc00000| Complete 
|  61|0x00000000ffd00000, 0x00000000ffe00000, 0x00000000ffe00000|100%| E|CS|TAMS 0x00000000ffd00000, 0x00000000ffd00000| Complete 
|  62|0x00000000ffe00000, 0x00000000fff00000, 0x00000000fff00000|100%| E|CS|TAMS 0x00000000ffe00000, 0x00000000ffe00000| Complete 
|  63|0x00000000fff00000, 0x0000000100000000, 0x0000000100000000|100%| E|CS|TAMS 0x00000000fff00000, 0x00000000fff00000| Complete 

Card table byte_map: [0x000001f8c16e0000,0x000001f8c1700000] _byte_map_base: 0x000001f8c0f00000

Marking Bits (Prev, Next): (CMBitMap*) 0x000001f8c18f5400, (CMBitMap*) 0x000001f8c18f5440
 Prev Bits: [0x000001f8c1720000, 0x000001f8c1820000)
 Next Bits: [0x000001f8d83c0000, 0x000001f8d84c0000)

Polling page: 0x000001f8bf8b0000

Metaspace:

Usage:
  Non-class:      6.17 MB used.
      Class:   1017.02 KB used.
       Both:      7.16 MB used.

Virtual space:
  Non-class space:        8.00 MB reserved,       6.25 MB ( 78%) committed,  1 nodes.
      Class space:        1.00 GB reserved,       1.12 MB ( <1%) committed,  1 nodes.
             Both:        1.01 GB reserved,       7.38 MB ( <1%) committed. 

Chunk freelists:
   Non-Class:  880.00 KB
       Class:  2.74 MB
        Both:  3.60 MB

MaxMetaspaceSize: unlimited
CompressedClassSpaceSize: 1.00 GB
Initial GC threshold: 21.00 MB
Current GC threshold: 21.00 MB
CDS: on
MetaspaceReclaimPolicy: balanced
 - commit_granule_bytes: 65536.
 - commit_granule_words: 8192.
 - virtual_space_node_default_size: 1048576.
 - enlarge_chunks_in_place: 1.
 - new_chunks_are_fully_committed: 0.
 - uncommit_free_chunks: 1.
 - use_allocation_guard: 0.
 - handle_deallocations: 1.


Internal statistics:

num_allocs_failed_limit: 0.
num_arena_births: 76.
num_arena_deaths: 0.
num_vsnodes_births: 2.
num_vsnodes_deaths: 0.
num_space_committed: 118.
num_space_uncommitted: 0.
num_chunks_returned_to_freelist: 0.
num_chunks_taken_from_freelist: 262.
num_chunk_merges: 0.
num_chunk_splits: 177.
num_chunks_enlarged: 150.
num_purges: 0.
num_inconsistent_stats: 0.

CodeHeap 'non-profiled nmethods': size=120000Kb used=448Kb max_used=448Kb free=119551Kb
 bounds [0x000001f8d0e90000, 0x000001f8d1100000, 0x000001f8d83c0000]
CodeHeap 'profiled nmethods': size=120000Kb used=2199Kb max_used=2199Kb free=117800Kb
 bounds [0x000001f8c93c0000, 0x000001f8c9630000, 0x000001f8d08f0000]
CodeHeap 'non-nmethods': size=5760Kb used=1155Kb max_used=1169Kb free=4604Kb
 bounds [0x000001f8d08f0000, 0x000001f8d0b60000, 0x000001f8d0e90000]
 total_blobs=1595 nmethods=1146 adapters=362
 compilation: enabled
              stopped_count=0, restarted_count=0
 full_count=0

Compilation events (20 events):
Event: 3.248 Thread 0x000001f8dbe955c0 nmethod 1136 0x000001f8d0eff310 code [0x000001f8d0eff480, 0x000001f8d0eff518]
Event: 3.249 Thread 0x000001f8daa0d3c0 1137       1       java.security.Provider$Service::getType (5 bytes)
Event: 3.249 Thread 0x000001f8daa0d3c0 nmethod 1137 0x000001f8d0eff610 code [0x000001f8d0eff7a0, 0x000001f8d0eff878]
Event: 3.249 Thread 0x000001f8daa0d3c0 1138       1       java.security.Provider$Service::getAlgorithm (5 bytes)
Event: 3.249 Thread 0x000001f8daa0d3c0 nmethod 1138 0x000001f8d0eff910 code [0x000001f8d0effaa0, 0x000001f8d0effb78]
Event: 3.249 Thread 0x000001f8daa0d3c0 1140       3       java.security.Provider$ServiceKey::hashCode (19 bytes)
Event: 3.249 Thread 0x000001f8daa0d3c0 nmethod 1140 0x000001f8c95e2d10 code [0x000001f8c95e2ec0, 0x000001f8c95e3058]
Event: 3.249 Thread 0x000001f8daa0d3c0 1139       1       java.security.Provider$Service::getAliases (5 bytes)
Event: 3.249 Thread 0x000001f8daa0d3c0 nmethod 1139 0x000001f8d0effc10 code [0x000001f8d0effda0, 0x000001f8d0effe78]
Event: 3.253 Thread 0x000001f8daa0d3c0 1141       3       java.lang.Integer::valueOf (32 bytes)
Event: 3.253 Thread 0x000001f8daa0d3c0 nmethod 1141 0x000001f8c95e3190 code [0x000001f8c95e3340, 0x000001f8c95e3658]
Event: 3.253 Thread 0x000001f8daa0d3c0 1142       1       sun.security.util.KnownOIDs::value (5 bytes)
Event: 3.254 Thread 0x000001f8daa0d3c0 nmethod 1142 0x000001f8d0efff10 code [0x000001f8d0f000a0, 0x000001f8d0f00178]
Event: 3.254 Thread 0x000001f8daa0d3c0 1143       3       java.lang.Integer::hashCode (8 bytes)
Event: 3.254 Thread 0x000001f8daa0d3c0 nmethod 1143 0x000001f8c95e3790 code [0x000001f8c95e3920, 0x000001f8c95e3a78]
Event: 3.254 Thread 0x000001f8daa0d3c0 1144       3       java.lang.Integer::hashCode (2 bytes)
Event: 3.254 Thread 0x000001f8daa0d3c0 nmethod 1144 0x000001f8c95e3b10 code [0x000001f8c95e3ca0, 0x000001f8c95e3d98]
Event: 3.257 Thread 0x000001f8daa0d3c0 1145       3       java.lang.String::valueOf (15 bytes)
Event: 3.257 Thread 0x000001f8daa0d3c0 nmethod 1145 0x000001f8c95e3e10 code [0x000001f8c95e3fc0, 0x000001f8c95e41c8]
Event: 3.257 Thread 0x000001f8daa0d3c0 1146       3       jdk.internal.jimage.ImageStringsReader::stringFromByteBufferMatches (138 bytes)

GC Heap History (4 events):
Event: 1.199 GC heap before
{Heap before GC invocations=0 (full 0):
 garbage-first heap   total 65536K, used 15360K [0x00000000fc000000, 0x0000000100000000)
  region size 1024K, 13 young (13312K), 0 survivors (0K)
 Metaspace       used 1766K, committed 1920K, reserved 1056768K
  class space    used 159K, committed 192K, reserved 1048576K
}
Event: 1.209 GC heap after
{Heap after GC invocations=1 (full 0):
 garbage-first heap   total 65536K, used 3292K [0x00000000fc000000, 0x0000000100000000)
  region size 1024K, 2 young (2048K), 2 survivors (2048K)
 Metaspace       used 1766K, committed 1920K, reserved 1056768K
  class space    used 159K, committed 192K, reserved 1048576K
}
Event: 2.839 GC heap before
{Heap before GC invocations=1 (full 0):
 garbage-first heap   total 65536K, used 21724K [0x00000000fc000000, 0x0000000100000000)
  region size 1024K, 18 young (18432K), 2 survivors (2048K)
 Metaspace       used 5530K, committed 5696K, reserved 1056768K
  class space    used 763K, committed 832K, reserved 1048576K
}
Event: 2.843 GC heap after
{Heap after GC invocations=2 (full 0):
 garbage-first heap   total 65536K, used 9975K [0x00000000fc000000, 0x0000000100000000)
  region size 1024K, 3 young (3072K), 3 survivors (3072K)
 Metaspace       used 5530K, committed 5696K, reserved 1056768K
  class space    used 763K, committed 832K, reserved 1048576K
}

Dll operation events (11 events):
Event: 0.006 Loaded shared library C:\Program Files\Eclipse Adoptium\jdk-17.0.6.10-hotspot\bin\java.dll
Event: 0.013 Loaded shared library C:\Program Files\Eclipse Adoptium\jdk-17.0.6.10-hotspot\bin\jsvml.dll
Event: 0.051 Loaded shared library C:\Program Files\Eclipse Adoptium\jdk-17.0.6.10-hotspot\bin\net.dll
Event: 0.052 Loaded shared library C:\Program Files\Eclipse Adoptium\jdk-17.0.6.10-hotspot\bin\nio.dll
Event: 0.055 Loaded shared library C:\Program Files\Eclipse Adoptium\jdk-17.0.6.10-hotspot\bin\zip.dll
Event: 1.060 Loaded shared library C:\Program Files\Eclipse Adoptium\jdk-17.0.6.10-hotspot\bin\jimage.dll
Event: 1.260 Loaded shared library C:\Program Files\Eclipse Adoptium\jdk-17.0.6.10-hotspot\bin\verify.dll
Event: 2.504 Loaded shared library C:\Users\songe\.gradle\native\e1d6ef7f7dcc3fd88c89a11ec53ec762bb8ba0a96d01ffa2cd45eb1d1d8dd5c5\windows-amd64\native-platform.dll
Event: 2.799 Loaded shared library C:\Program Files\Eclipse Adoptium\jdk-17.0.6.10-hotspot\bin\management.dll
Event: 2.802 Loaded shared library C:\Program Files\Eclipse Adoptium\jdk-17.0.6.10-hotspot\bin\management_ext.dll
Event: 3.256 Loaded shared library C:\Program Files\Eclipse Adoptium\jdk-17.0.6.10-hotspot\bin\sunmscapi.dll

Deoptimization events (20 events):
Event: 2.808 Thread 0x000001f8c18d55d0 Uncommon trap: trap_request=0xffffff45 fr.pc=0x000001f8d0ec7f30 relative=0x0000000000001090
Event: 2.808 Thread 0x000001f8c18d55d0 Uncommon trap: reason=unstable_if action=reinterpret pc=0x000001f8d0ec7f30 method=java.util.HashMap.putVal(ILjava/lang/Object;Ljava/lang/Object;ZZ)Ljava/lang/Object; @ 236 c2
Event: 2.808 Thread 0x000001f8c18d55d0 DEOPT PACKING pc=0x000001f8d0ec7f30 sp=0x0000007dd19fbda0
Event: 2.808 Thread 0x000001f8c18d55d0 DEOPT UNPACKING pc=0x000001f8d09469a3 sp=0x0000007dd19fbd68 mode 2
Event: 2.904 Thread 0x000001f8c18d55d0 DEOPT PACKING pc=0x000001f8c94b0638 sp=0x0000007dd19f9380
Event: 2.904 Thread 0x000001f8c18d55d0 DEOPT UNPACKING pc=0x000001f8d0947143 sp=0x0000007dd19f8898 mode 0
Event: 2.913 Thread 0x000001f8c18d55d0 DEOPT PACKING pc=0x000001f8c9465d65 sp=0x0000007dd19f9d20
Event: 2.913 Thread 0x000001f8c18d55d0 DEOPT UNPACKING pc=0x000001f8d0947143 sp=0x0000007dd19f9170 mode 0
Event: 2.950 Thread 0x000001f8c18d55d0 Uncommon trap: trap_request=0xffffffc6 fr.pc=0x000001f8d0eef120 relative=0x00000000000005c0
Event: 2.950 Thread 0x000001f8c18d55d0 Uncommon trap: reason=bimorphic_or_optimized_type_check action=maybe_recompile pc=0x000001f8d0eef120 method=java.util.concurrent.ConcurrentHashMap.get(Ljava/lang/Object;)Ljava/lang/Object; @ 149 c2
Event: 2.950 Thread 0x000001f8c18d55d0 DEOPT PACKING pc=0x000001f8d0eef120 sp=0x0000007dd19fb870
Event: 2.950 Thread 0x000001f8c18d55d0 DEOPT UNPACKING pc=0x000001f8d09469a3 sp=0x0000007dd19fb810 mode 2
Event: 3.228 Thread 0x000001f8c18d55d0 Uncommon trap: trap_request=0xffffff45 fr.pc=0x000001f8d0ec94a4 relative=0x0000000000000664
Event: 3.228 Thread 0x000001f8c18d55d0 Uncommon trap: reason=unstable_if action=reinterpret pc=0x000001f8d0ec94a4 method=java.lang.AbstractStringBuilder.append(Ljava/lang/String;)Ljava/lang/AbstractStringBuilder; @ 1 c2
Event: 3.228 Thread 0x000001f8c18d55d0 DEOPT PACKING pc=0x000001f8d0ec94a4 sp=0x0000007dd19fc600
Event: 3.228 Thread 0x000001f8c18d55d0 DEOPT UNPACKING pc=0x000001f8d09469a3 sp=0x0000007dd19fc580 mode 2
Event: 3.228 Thread 0x000001f8c18d55d0 Uncommon trap: trap_request=0xffffff45 fr.pc=0x000001f8d0eca124 relative=0x0000000000000664
Event: 3.228 Thread 0x000001f8c18d55d0 Uncommon trap: reason=unstable_if action=reinterpret pc=0x000001f8d0eca124 method=java.lang.AbstractStringBuilder.append(Ljava/lang/String;)Ljava/lang/AbstractStringBuilder; @ 1 c2
Event: 3.228 Thread 0x000001f8c18d55d0 DEOPT PACKING pc=0x000001f8d0eca124 sp=0x0000007dd19fc5a0
Event: 3.228 Thread 0x000001f8c18d55d0 DEOPT UNPACKING pc=0x000001f8d09469a3 sp=0x0000007dd19fc588 mode 2

Classes unloaded (0 events):
No events

Classes redefined (0 events):
No events

Internal exceptions (19 events):
Event: 0.515 Thread 0x000001f8c18d55d0 Exception <a 'java/lang/NoSuchMethodError'{0x00000000ffc51fa0}: 'int java.lang.invoke.DirectMethodHandle$Holder.invokeStaticInit(java.lang.Object, java.lang.Object)'> (0x00000000ffc51fa0) 
thrown [s\src\hotspot\share\interpreter\linkResolver.cpp, line 759]
Event: 2.262 Thread 0x000001f8c18d55d0 Exception <a 'java/lang/NoSuchMethodError'{0x00000000ff715cb8}: 'void java.lang.invoke.DirectMethodHandle$Holder.invokeStatic(java.lang.Object, java.lang.Object)'> (0x00000000ff715cb8) 
thrown [s\src\hotspot\share\interpreter\linkResolver.cpp, line 759]
Event: 2.324 Thread 0x000001f8c18d55d0 Exception <a 'java/lang/NoClassDefFoundError'{0x00000000ff795e40}: org/slf4j/impl/StaticMarkerBinder> (0x00000000ff795e40) 
thrown [s\src\hotspot\share\classfile\systemDictionary.cpp, line 245]
Event: 2.393 Thread 0x000001f8c18d55d0 Exception <a 'java/lang/NoSuchMethodError'{0x00000000ff631860}: 'java.lang.Object java.lang.invoke.DirectMethodHandle$Holder.invokeVirtual(java.lang.Object, java.lang.Object, java.lang.Object, java.lang.Object, java.lang.Object, java.lang.Object, java.lang.Object)'> (0x00000000ff631860) 
thrown [s\src\hotspot\share\interpreter\linkResolver.cpp, line 759]
Event: 2.440 Thread 0x000001f8c18d55d0 Exception <a 'java/lang/NoSuchMethodError'{0x00000000ff643400}: 'java.lang.Object java.lang.invoke.Invokers$Holder.invoker(java.lang.Object, java.lang.Object, java.lang.Object)'> (0x00000000ff643400) 
thrown [s\src\hotspot\share\interpreter\linkResolver.cpp, line 759]
Event: 2.443 Thread 0x000001f8c18d55d0 Exception <a 'java/lang/NoSuchMethodError'{0x00000000ff64c4d0}: 'java.lang.Object java.lang.invoke.DirectMethodHandle$Holder.invokeStatic(java.lang.Object, java.lang.Object, int)'> (0x00000000ff64c4d0) 
thrown [s\src\hotspot\share\interpreter\linkResolver.cpp, line 759]
Event: 2.454 Thread 0x000001f8c18d55d0 Exception <a 'java/lang/NoSuchMethodError'{0x00000000ff658418}: 'void java.lang.invoke.DelegatingMethodHandle$Holder.delegate(java.lang.Object, java.lang.Object, int, java.lang.Object)'> (0x00000000ff658418) 
thrown [s\src\hotspot\share\interpreter\linkResolver.cpp, line 759]
Event: 2.456 Thread 0x000001f8c18d55d0 Exception <a 'java/lang/NoSuchMethodError'{0x00000000ff65c560}: 'int java.lang.invoke.DirectMethodHandle$Holder.invokeSpecial(java.lang.Object, java.lang.Object, java.lang.Object)'> (0x00000000ff65c560) 
thrown [s\src\hotspot\share\interpreter\linkResolver.cpp, line 759]
Event: 2.461 Thread 0x000001f8c18d55d0 Exception <a 'java/lang/NoSuchMethodError'{0x00000000ff66f6a8}: 'java.lang.Object java.lang.invoke.Invokers$Holder.invokeExact_MT(java.lang.Object, java.lang.Object, java.lang.Object, java.lang.Object)'> (0x00000000ff66f6a8) 
thrown [s\src\hotspot\share\interpreter\linkResolver.cpp, line 759]
Event: 2.739 Thread 0x000001f8c18d55d0 Exception <a 'java/lang/NoSuchMethodError'{0x00000000ff059688}: 'java.lang.Object java.lang.invoke.DirectMethodHandle$Holder.invokeInterface(java.lang.Object, java.lang.Object, java.lang.Object)'> (0x00000000ff059688) 
thrown [s\src\hotspot\share\interpreter\linkResolver.cpp, line 759]
Event: 2.744 Thread 0x000001f8c18d55d0 Exception <a 'java/lang/NoSuchMethodError'{0x00000000ff07b130}: 'void java.lang.invoke.DirectMethodHandle$Holder.invokeSpecial(java.lang.Object, java.lang.Object, java.lang.Object)'> (0x00000000ff07b130) 
thrown [s\src\hotspot\share\interpreter\linkResolver.cpp, line 759]
Event: 2.772 Thread 0x000001f8c18d55d0 Implicit null exception at 0x000001f8d0ee3013 to 0x000001f8d0ee346c
Event: 2.772 Thread 0x000001f8c18d55d0 Implicit null exception at 0x000001f8d0ecd511 to 0x000001f8d0ecd948
Event: 2.797 Thread 0x000001f8c18d55d0 Exception <a 'java/lang/NoSuchMethodError'{0x00000000fee16cd0}: 'java.lang.Object java.lang.invoke.DirectMethodHandle$Holder.invokeStaticInit(java.lang.Object)'> (0x00000000fee16cd0) 
thrown [s\src\hotspot\share\interpreter\linkResolver.cpp, line 759]
Event: 2.945 Thread 0x000001f8c18d55d0 Exception <a 'java/lang/NoSuchMethodError'{0x00000000ffc0b108}: 'java.lang.Object java.lang.invoke.DirectMethodHandle$Holder.invokeStaticInit(java.lang.Object, int, int, int, int)'> (0x00000000ffc0b108) 
thrown [s\src\hotspot\share\interpreter\linkResolver.cpp, line 759]
Event: 3.010 Thread 0x000001f8c18d55d0 Exception <a 'java/lang/NoSuchMethodError'{0x00000000ffc6caa0}: 'java.lang.Object java.lang.invoke.DirectMethodHandle$Holder.invokeStaticInit(java.lang.Object, java.lang.Object, int, int, int, int)'> (0x00000000ffc6caa0) 
thrown [s\src\hotspot\share\interpreter\linkResolver.cpp, line 759]
Event: 3.188 Thread 0x000001f8c18d55d0 Exception <a 'java/lang/NoSuchMethodError'{0x00000000ffc9a938}: 'void java.lang.invoke.DirectMethodHandle$Holder.invokeStatic(java.lang.Object, java.lang.Object, java.lang.Object)'> (0x00000000ffc9a938) 
thrown [s\src\hotspot\share\interpreter\linkResolver.cpp, line 759]
Event: 3.228 Thread 0x000001f8c18d55d0 Implicit null exception at 0x000001f8d0ec8e72 to 0x000001f8d0ec948c
Event: 3.228 Thread 0x000001f8c18d55d0 Implicit null exception at 0x000001f8d0ec9af2 to 0x000001f8d0eca10c

VM Operations (20 events):
Event: 0.055 Executing VM operation: HandshakeAllThreads
Event: 0.055 Executing VM operation: HandshakeAllThreads done
Event: 1.058 Executing VM operation: Cleanup
Event: 1.058 Executing VM operation: Cleanup done
Event: 1.199 Executing VM operation: G1CollectForAllocation
Event: 1.209 Executing VM operation: G1CollectForAllocation done
Event: 1.836 Executing VM operation: HandshakeAllThreads
Event: 1.836 Executing VM operation: HandshakeAllThreads done
Event: 2.320 Executing VM operation: HandshakeAllThreads
Event: 2.320 Executing VM operation: HandshakeAllThreads done
Event: 2.320 Executing VM operation: Cleanup
Event: 2.320 Executing VM operation: Cleanup done
Event: 2.442 Executing VM operation: HandshakeAllThreads
Event: 2.442 Executing VM operation: HandshakeAllThreads done
Event: 2.839 Executing VM operation: G1CollectForAllocation
Event: 2.843 Executing VM operation: G1CollectForAllocation done
Event: 2.890 Executing VM operation: HandshakeAllThreads
Event: 2.890 Executing VM operation: HandshakeAllThreads done
Event: 3.001 Executing VM operation: HandshakeAllThreads
Event: 3.001 Executing VM operation: HandshakeAllThreads done

Events (20 events):
Event: 3.250 loading class java/security/NoSuchAlgorithmException
Event: 3.250 loading class java/security/GeneralSecurityException
Event: 3.250 loading class java/security/GeneralSecurityException done
Event: 3.250 loading class java/security/NoSuchAlgorithmException done
Event: 3.251 loading class java/security/ProviderException
Event: 3.251 loading class java/security/ProviderException done
Event: 3.251 loading class java/security/AuthProvider
Event: 3.251 loading class java/security/AuthProvider done
Event: 3.252 loading class java/security/PrivilegedActionException
Event: 3.252 loading class java/security/PrivilegedActionException done
Event: 3.252 loading class java/security/InvalidParameterException
Event: 3.252 loading class java/security/InvalidParameterException done
Event: 3.252 loading class javax/security/auth/login/LoginException
Event: 3.252 loading class javax/security/auth/login/LoginException done
Event: 3.252 loading class javax/security/auth/login/FailedLoginException
Event: 3.252 loading class javax/security/auth/login/FailedLoginException done
Event: 3.252 loading class javax/security/auth/Subject
Event: 3.253 loading class javax/security/auth/Subject done
Event: 3.253 loading class javax/security/auth/callback/CallbackHandler
Event: 3.253 loading class javax/security/auth/callback/CallbackHandler done


Dynamic libraries:
0x00007ff6535d0000 - 0x00007ff6535de000 	C:\Program Files\Eclipse Adoptium\jdk-17.0.6.10-hotspot\bin\java.exe
0x00007ffaf3ed0000 - 0x00007ffaf40c8000 	C:\WINDOWS\SYSTEM32\ntdll.dll
0x00007ffaf1f30000 - 0x00007ffaf1fef000 	C:\WINDOWS\System32\KERNEL32.DLL
0x00007ffaf1720000 - 0x00007ffaf1a16000 	C:\WINDOWS\System32\KERNELBASE.dll
0x00007ffaf1620000 - 0x00007ffaf1720000 	C:\WINDOWS\System32\ucrtbase.dll
0x00007ffac74d0000 - 0x00007ffac74e9000 	C:\Program Files\Eclipse Adoptium\jdk-17.0.6.10-hotspot\bin\VCRUNTIME140.dll
0x00007ffad6190000 - 0x00007ffad61a7000 	C:\Program Files\Eclipse Adoptium\jdk-17.0.6.10-hotspot\bin\jli.dll
0x00007ffaf25f0000 - 0x00007ffaf278d000 	C:\WINDOWS\System32\USER32.dll
0x00007ffaf1a20000 - 0x00007ffaf1a42000 	C:\WINDOWS\System32\win32u.dll
0x00007ffada9e0000 - 0x00007ffadac7a000 	C:\WINDOWS\WinSxS\amd64_microsoft.windows.common-controls_6595b64144ccf1df_6.0.19041.1110_none_60b5254171f9507e\COMCTL32.dll
0x00007ffaf2e50000 - 0x00007ffaf2e7c000 	C:\WINDOWS\System32\GDI32.dll
0x00007ffaf1e10000 - 0x00007ffaf1f25000 	C:\WINDOWS\System32\gdi32full.dll
0x00007ffaf2db0000 - 0x00007ffaf2e4e000 	C:\WINDOWS\System32\msvcrt.dll
0x00007ffaf1ae0000 - 0x00007ffaf1b7d000 	C:\WINDOWS\System32\msvcp_win.dll
0x00007ffaf2550000 - 0x00007ffaf2580000 	C:\WINDOWS\System32\IMM32.DLL
0x00007ffad9b70000 - 0x00007ffad9b7c000 	C:\Program Files\Eclipse Adoptium\jdk-17.0.6.10-hotspot\bin\vcruntime140_1.dll
0x00007ffaaf310000 - 0x00007ffaaf3a1000 	C:\Program Files\Eclipse Adoptium\jdk-17.0.6.10-hotspot\bin\msvcp140.dll
0x00007ffa873f0000 - 0x00007ffa88037000 	C:\Program Files\Eclipse Adoptium\jdk-17.0.6.10-hotspot\bin\server\jvm.dll
0x00007ffaf2e80000 - 0x00007ffaf2f2f000 	C:\WINDOWS\System32\ADVAPI32.dll
0x00007ffaf2790000 - 0x00007ffaf282c000 	C:\WINDOWS\System32\sechost.dll
0x00007ffaf2420000 - 0x00007ffaf2546000 	C:\WINDOWS\System32\RPCRT4.dll
0x00007ffad5cc0000 - 0x00007ffad5cc9000 	C:\WINDOWS\SYSTEM32\WSOCK32.dll
0x00007ffadba00000 - 0x00007ffadba27000 	C:\WINDOWS\SYSTEM32\WINMM.dll
0x00007ffaf29e0000 - 0x00007ffaf2a4b000 	C:\WINDOWS\System32\WS2_32.dll
0x00007ffaedcc0000 - 0x00007ffaedcca000 	C:\WINDOWS\SYSTEM32\VERSION.dll
0x00007ffaefdc0000 - 0x00007ffaefdd2000 	C:\WINDOWS\SYSTEM32\kernel.appcore.dll
0x00007ffad98d0000 - 0x00007ffad98da000 	C:\Program Files\Eclipse Adoptium\jdk-17.0.6.10-hotspot\bin\jimage.dll
0x00007ffaef320000 - 0x00007ffaef504000 	C:\WINDOWS\SYSTEM32\DBGHELP.DLL
0x00007ffad2b30000 - 0x00007ffad2b64000 	C:\WINDOWS\SYSTEM32\dbgcore.DLL
0x00007ffaf1a50000 - 0x00007ffaf1ad2000 	C:\WINDOWS\System32\bcryptPrimitives.dll
0x00007ffabff70000 - 0x00007ffabff95000 	C:\Program Files\Eclipse Adoptium\jdk-17.0.6.10-hotspot\bin\java.dll
0x00007ffaad4b0000 - 0x00007ffaad586000 	C:\Program Files\Eclipse Adoptium\jdk-17.0.6.10-hotspot\bin\jsvml.dll
0x00007ffaf2f30000 - 0x00007ffaf3674000 	C:\WINDOWS\System32\SHELL32.dll
0x00007ffaef510000 - 0x00007ffaefca4000 	C:\WINDOWS\SYSTEM32\windows.storage.dll
0x00007ffaf2a50000 - 0x00007ffaf2da4000 	C:\WINDOWS\System32\combase.dll
0x00007ffaf0fe0000 - 0x00007ffaf100e000 	C:\WINDOWS\SYSTEM32\Wldp.dll
0x00007ffaf37d0000 - 0x00007ffaf387d000 	C:\WINDOWS\System32\SHCORE.dll
0x00007ffaf3770000 - 0x00007ffaf37c5000 	C:\WINDOWS\System32\shlwapi.dll
0x00007ffaf14e0000 - 0x00007ffaf1505000 	C:\WINDOWS\SYSTEM32\profapi.dll
0x00007ffac7210000 - 0x00007ffac7229000 	C:\Program Files\Eclipse Adoptium\jdk-17.0.6.10-hotspot\bin\net.dll
0x00007ffae0f60000 - 0x00007ffae106a000 	C:\WINDOWS\SYSTEM32\WINHTTP.dll
0x00007ffaf0d40000 - 0x00007ffaf0daa000 	C:\WINDOWS\system32\mswsock.dll
0x00007ffac7160000 - 0x00007ffac7175000 	C:\Program Files\Eclipse Adoptium\jdk-17.0.6.10-hotspot\bin\nio.dll
0x00007ffac5a00000 - 0x00007ffac5a18000 	C:\Program Files\Eclipse Adoptium\jdk-17.0.6.10-hotspot\bin\zip.dll
0x00007ffaeca40000 - 0x00007ffaeca50000 	C:\Program Files\Eclipse Adoptium\jdk-17.0.6.10-hotspot\bin\verify.dll
0x00007ffabfee0000 - 0x00007ffabff07000 	C:\Users\songe\.gradle\native\e1d6ef7f7dcc3fd88c89a11ec53ec762bb8ba0a96d01ffa2cd45eb1d1d8dd5c5\windows-amd64\native-platform.dll
0x00007ffac5170000 - 0x00007ffac5179000 	C:\Program Files\Eclipse Adoptium\jdk-17.0.6.10-hotspot\bin\management.dll
0x00007ffac50c0000 - 0x00007ffac50cb000 	C:\Program Files\Eclipse Adoptium\jdk-17.0.6.10-hotspot\bin\management_ext.dll
0x00007ffaf2580000 - 0x00007ffaf2588000 	C:\WINDOWS\System32\PSAPI.DLL
0x00007ffaf0f40000 - 0x00007ffaf0f58000 	C:\WINDOWS\SYSTEM32\CRYPTSP.dll
0x00007ffaf05f0000 - 0x00007ffaf0624000 	C:\WINDOWS\system32\rsaenh.dll
0x00007ffaf1ce0000 - 0x00007ffaf1d07000 	C:\WINDOWS\System32\bcrypt.dll
0x00007ffaf14a0000 - 0x00007ffaf14ce000 	C:\WINDOWS\SYSTEM32\USERENV.dll
0x00007ffaf0f30000 - 0x00007ffaf0f3c000 	C:\WINDOWS\SYSTEM32\CRYPTBASE.dll
0x00007ffaf09e0000 - 0x00007ffaf0a1c000 	C:\WINDOWS\SYSTEM32\IPHLPAPI.DLL
0x00007ffaf3760000 - 0x00007ffaf3768000 	C:\WINDOWS\System32\NSI.dll
0x00007ffae60e0000 - 0x00007ffae60f7000 	C:\WINDOWS\SYSTEM32\dhcpcsvc6.DLL
0x00007ffae6b30000 - 0x00007ffae6b4d000 	C:\WINDOWS\SYSTEM32\dhcpcsvc.DLL
0x00007ffaf0a20000 - 0x00007ffaf0aea000 	C:\WINDOWS\SYSTEM32\DNSAPI.dll
0x00007ffac29c0000 - 0x00007ffac29ce000 	C:\Program Files\Eclipse Adoptium\jdk-17.0.6.10-hotspot\bin\sunmscapi.dll
0x00007ffaf1b80000 - 0x00007ffaf1cde000 	C:\WINDOWS\System32\CRYPT32.dll
0x00007ffaf1050000 - 0x00007ffaf1078000 	C:\WINDOWS\SYSTEM32\ncrypt.dll
0x00007ffaf1010000 - 0x00007ffaf104b000 	C:\WINDOWS\SYSTEM32\NTASN1.dll

dbghelp: loaded successfully - version: 4.0.5 - missing functions: none
symbol engine: initialized successfully - sym options: 0x614 - pdb path: .;C:\Program Files\Eclipse Adoptium\jdk-17.0.6.10-hotspot\bin;C:\WINDOWS\SYSTEM32;C:\WINDOWS\WinSxS\amd64_microsoft.windows.common-controls_6595b64144ccf1df_6.0.19041.1110_none_60b5254171f9507e;C:\Program Files\Eclipse Adoptium\jdk-17.0.6.10-hotspot\bin\server;C:\Users\songe\.gradle\native\e1d6ef7f7dcc3fd88c89a11ec53ec762bb8ba0a96d01ffa2cd45eb1d1d8dd5c5\windows-amd64

VM Arguments:
jvm_args: -Xmx64m -Xms64m -Dorg.gradle.appname=gradlew 
java_command: org.gradle.wrapper.GradleWrapperMain app:installDebug -PreactNativeDevServerPort=8081
java_class_path (initial): C:\Users\songe\source\repos\SAMSV2\android\\gradle\wrapper\gradle-wrapper.jar
Launcher Type: SUN_STANDARD

[Global flags]
     intx CICompilerCount                          = 3                                         {product} {ergonomic}
     uint ConcGCThreads                            = 1                                         {product} {ergonomic}
     uint G1ConcRefinementThreads                  = 4                                         {product} {ergonomic}
   size_t G1HeapRegionSize                         = 1048576                                   {product} {ergonomic}
    uintx GCDrainStackTargetSize                   = 64                                        {product} {ergonomic}
   size_t InitialHeapSize                          = 67108864                                  {product} {command line}
   size_t MarkStackSize                            = 4194304                                   {product} {ergonomic}
   size_t MaxHeapSize                              = 67108864                                  {product} {command line}
   size_t MaxNewSize                               = 39845888                                  {product} {ergonomic}
   size_t MinHeapDeltaBytes                        = 1048576                                   {product} {ergonomic}
   size_t MinHeapSize                              = 67108864                                  {product} {command line}
    uintx NonNMethodCodeHeapSize                   = 5832780                                {pd product} {ergonomic}
    uintx NonProfiledCodeHeapSize                  = 122912730                              {pd product} {ergonomic}
    uintx ProfiledCodeHeapSize                     = 122912730                              {pd product} {ergonomic}
    uintx ReservedCodeCacheSize                    = 251658240                              {pd product} {ergonomic}
     bool SegmentedCodeCache                       = true                                      {product} {ergonomic}
   size_t SoftMaxHeapSize                          = 67108864                               {manageable} {ergonomic}
     bool UseCompressedClassPointers               = true                           {product lp64_product} {ergonomic}
     bool UseCompressedOops                        = true                           {product lp64_product} {ergonomic}
     bool UseG1GC                                  = true                                      {product} {ergonomic}
     bool UseLargePagesIndividualAllocation        = false                                  {pd product} {ergonomic}

Logging:
Log output configuration:
 #0: stdout all=warning uptime,level,tags
 #1: stderr all=off uptime,level,tags

Environment Variables:
JAVA_HOME=C:\Program Files\Eclipse Adoptium\jdk-17.0.6.10-hotspot
CLASSPATH=C:\Users\songe\source\repos\SAMSV2\android\\gradle\wrapper\gradle-wrapper.jar
PATH=C:\Users\songe\source\repos\SAMSV2\android\node_modules\.bin;C:\Users\songe\source\repos\SAMSV2\node_modules\.bin;C:\Users\songe\source\repos\node_modules\.bin;C:\Users\songe\source\node_modules\.bin;C:\Users\songe\node_modules\.bin;C:\Users\node_modules\.bin;C:\node_modules\.bin;C:\Program Files\nodejs;C:\Users\songe\source\repos\SAMSV2\node_modules\.bin;C:\Users\songe\source\repos\SAMSV2\node_modules\.bin;C:\Users\songe\source\repos\node_modules\.bin;C:\Users\songe\source\node_modules\.bin;C:\Users\songe\node_modules\.bin;C:\Users\node_modules\.bin;C:\node_modules\.bin;C:\Users\songe\source\repos\SAMSV2\node_modules\npm\node_modules\@npmcli\run-script\lib\node-gyp-bin;C:\Users\songe\source\repos\SAMSV2\node_modules\.bin;C:\Users\songe\source\repos\node_modules\.bin;C:\Users\songe\source\node_modules\.bin;C:\Users\songe\node_modules\.bin;C:\Users\node_modules\.bin;C:\node_modules\.bin;C:\Program Files\nodejs;C:\Users\songe\source\repos\SAMSV2\node_modules\.bin;C:\Users\songe\source\repos\node_modules\.bin;C:\Users\songe\source\node_modules\.bin;C:\Users\songe\node_modules\.bin;C:\Users\node_modules\.bin;C:\node_modules\.bin;C:\Program Files\nodejs\node_modules\npm\node_modules\@npmcli\run-script\lib\node-gyp-bin;C:\Users\songe\bin;C:\Program Files\Git\mingw64\bin;C:\Program Files\Git\usr\local\bin;C:\Program Files\Git\usr\bin;C:\Program Files\Git\usr\bin;C:\Program Files\Git\mingw64\bin;C:\Program Files\Git\usr\bin;C:\Users\songe\bin;C:\Program Files\Eclipse Adoptium\jdk-17.0.6.10-hotspot\bin;C:\Program Files (x86)\Intel\Intel(R) Management Engine Components\iCLS;C:\Program Files\Intel\Intel(R) Management Engine Components\iCLS;C:\Windows\system32;C:\Windows;C:\Windows\System32\Wbem;C:\Windows\System32\WindowsPowerShell\v1.0;C:\Program Files (x86)\NVIDIA Corporation\PhysX\Common;C:\Program Files (x86)\Intel\Intel(R) Management Engine Components\DAL;C:\Program Files\Intel\Intel(R) Management Engine Components\DAL;C:\Program Files (x86)\Intel\Intel(R) Management En
USERNAME=songe
SHELL=C:\Program Files\Git\usr\bin\bash.exe
DISPLAY=needs-to-be-defined
LANG=en_US.UTF-8
TERM=xterm-256color
TMPDIR=C:\Users\songe\AppData\Local\Temp
OS=Windows_NT
PROCESSOR_IDENTIFIER=Intel64 Family 6 Model 142 Stepping 9, GenuineIntel
TMP=C:\Users\songe\AppData\Local\Temp
TEMP=C:\Users\songe\AppData\Local\Temp



---------------  S Y S T E M  ---------------

OS:
 Windows 10 , 64 bit Build 19041 (10.0.19041.3155)
OS uptime: 0 days 18:12 hours

CPU: total 4 (initial active 4) (2 cores per cpu, 2 threads per core) family 6 model 142 stepping 9 microcode 0xf0, cx8, cmov, fxsr, ht, mmx, 3dnowpref, sse, sse2, sse3, ssse3, sse4.1, sse4.2, popcnt, lzcnt, tsc, tscinvbit, avx, avx2, aes, erms, clmul, bmi1, bmi2, adx, fma, vzeroupper, clflush, clflushopt

Memory: 4k page, system-wide physical 8089M (438M free)
TotalPageFile size 11089M (AvailPageFile size 9M)
current process WorkingSet (physical memory assigned to process): 81M, peak: 81M
current process commit charge ("private bytes"): 155M, peak: 155M

vm_info: OpenJDK 64-Bit Server VM (17.0.6+10) for windows-amd64 JRE (17.0.6+10), built on Jan 18 2023 10:08:59 by "temurin" with MS VC++ 16.7 (VS2019)

END.
