#
# There is insufficient memory for the Java Runtime Environment to continue.
# Native memory allocation (malloc) failed to allocate 319776 bytes for Chunk::new
# Possible reasons:
#   The system is out of physical RAM or swap space
#   The process is running with CompressedOops enabled, and the Java Heap may be blocking the growth of the native heap
# Possible solutions:
#   Reduce memory load on the system
#   Increase physical memory or swap space
#   Check if swap backing store is full
#   Decrease Java heap size (-Xmx/-Xms)
#   Decrease number of Java threads
#   Decrease Java thread stack sizes (-Xss)
#   Set larger code cache with -XX:ReservedCodeCacheSize=
#   JVM is running with Unscaled Compressed Oops mode in which the Java heap is
#     placed in the first 4GB address space. The Java Heap base address is the
#     maximum limit for the native heap growth. Please use -XX:HeapBaseMinAddress
#     to set the Java Heap base and to place the Java Heap above 4GB virtual address.
# This output file may be truncated or incomplete.
#
#  Out of Memory Error (arena.cpp:189), pid=15724, tid=7720
#
# JRE version: OpenJDK Runtime Environment Temurin-17.0.6+10 (17.0.6+10) (build 17.0.6+10)
# Java VM: OpenJDK 64-Bit Server VM Temurin-17.0.6+10 (17.0.6+10, mixed mode, sharing, tiered, compressed oops, compressed class ptrs, g1 gc, windows-amd64)
# No core dump will be written. Minidumps are not enabled by default on client versions of Windows
#

---------------  S U M M A R Y ------------

Command Line: -Xmx64m -Xms64m -Dorg.gradle.appname=gradlew org.gradle.wrapper.GradleWrapperMain app:installDebug -PreactNativeDevServerPort=8081

Host: Intel(R) Core(TM) i7-7500U CPU @ 2.70GHz, 4 cores, 7G,  Windows 10 , 64 bit Build 19041 (10.0.19041.2913)
Time: Mon Jun  5 14:56:00 2023 South Africa Standard Time elapsed time: 0.789989 seconds (0d 0h 0m 0s)

---------------  T H R E A D  ---------------

Current thread (0x0000023fff0c2600):  JavaThread "C2 CompilerThread1" daemon [_thread_in_native, id=7720, stack(0x0000004284a00000,0x0000004284b00000)]


Current CompileTask:
C2:    790 1038       4       jdk.internal.util.jar.JarIndex::get (49 bytes)

Stack: [0x0000004284a00000,0x0000004284b00000]
Native frames: (J=compiled Java code, j=interpreted, Vv=VM code, C=native code)
V  [jvm.dll+0x67741a]
V  [jvm.dll+0x834434]
V  [jvm.dll+0x835bde]
V  [jvm.dll+0x836243]
V  [jvm.dll+0x2457b5]
V  [jvm.dll+0xabafc]
V  [jvm.dll+0xac0cc]
V  [jvm.dll+0x2ac94f]
V  [jvm.dll+0x57de47]
V  [jvm.dll+0x220812]
V  [jvm.dll+0x220bef]
V  [jvm.dll+0x21a445]
V  [jvm.dll+0x21790b]
V  [jvm.dll+0x1a3d0d]
V  [jvm.dll+0x22742a]
V  [jvm.dll+0x225565]
V  [jvm.dll+0x7ea2cb]
V  [jvm.dll+0x7e483a]
V  [jvm.dll+0x6762c5]
C  [ucrtbase.dll+0x21bb2]
C  [KERNEL32.DLL+0x17614]
C  [ntdll.dll+0x526a1]


---------------  P R O C E S S  ---------------

Threads class SMR info:
_java_thread_list=0x0000023f800aba70, length=14, elements={
0x0000023fe2afb770, 0x0000023ffdd03d70, 0x0000023ffdd049e0, 0x0000023ffdd1a0b0,
0x0000023ffdd1ba70, 0x0000023ffdd1d830, 0x0000023ffdd1e5f0, 0x0000023ffdd26430,
0x0000023ffdd23380, 0x0000023ffdd60a40, 0x0000023ffe89cbf0, 0x0000023ffe8a30e0,
0x0000023fff0c2600, 0x0000023f801b1420
}

Java Threads: ( => current thread )
  0x0000023fe2afb770 JavaThread "main" [_thread_in_vm, id=17268, stack(0x0000004283400000,0x0000004283500000)]
  0x0000023ffdd03d70 JavaThread "Reference Handler" daemon [_thread_blocked, id=3540, stack(0x0000004283b00000,0x0000004283c00000)]
  0x0000023ffdd049e0 JavaThread "Finalizer" daemon [_thread_blocked, id=13168, stack(0x0000004283c00000,0x0000004283d00000)]
  0x0000023ffdd1a0b0 JavaThread "Signal Dispatcher" daemon [_thread_blocked, id=13852, stack(0x0000004283d00000,0x0000004283e00000)]
  0x0000023ffdd1ba70 JavaThread "Attach Listener" daemon [_thread_blocked, id=13772, stack(0x0000004283e00000,0x0000004283f00000)]
  0x0000023ffdd1d830 JavaThread "Service Thread" daemon [_thread_blocked, id=14432, stack(0x0000004283f00000,0x0000004284000000)]
  0x0000023ffdd1e5f0 JavaThread "Monitor Deflation Thread" daemon [_thread_blocked, id=8492, stack(0x0000004284000000,0x0000004284100000)]
  0x0000023ffdd26430 JavaThread "C2 CompilerThread0" daemon [_thread_in_native, id=8396, stack(0x0000004284100000,0x0000004284200000)]
  0x0000023ffdd23380 JavaThread "C1 CompilerThread0" daemon [_thread_blocked, id=14904, stack(0x0000004284200000,0x0000004284300000)]
  0x0000023ffdd60a40 JavaThread "Sweeper thread" daemon [_thread_blocked, id=15156, stack(0x0000004284300000,0x0000004284400000)]
  0x0000023ffe89cbf0 JavaThread "Notification Thread" daemon [_thread_blocked, id=4948, stack(0x0000004284400000,0x0000004284500000)]
  0x0000023ffe8a30e0 JavaThread "Common-Cleaner" daemon [_thread_blocked, id=14168, stack(0x0000004284600000,0x0000004284700000)]
=>0x0000023fff0c2600 JavaThread "C2 CompilerThread1" daemon [_thread_in_native, id=7720, stack(0x0000004284a00000,0x0000004284b00000)]
  0x0000023f801b1420 JavaThread "pool-1-thread-1" [_thread_blocked, id=6996, stack(0x0000004284b00000,0x0000004284c00000)]

Other Threads:
  0x0000023ffdd01370 VMThread "VM Thread" [stack: 0x0000004283a00000,0x0000004283b00000] [id=13924]
  0x0000023fe2c5d9b0 WatcherThread [stack: 0x0000004284500000,0x0000004284600000] [id=8420]
  0x0000023fe2c52b90 GCTaskThread "GC Thread#0" [stack: 0x0000004283500000,0x0000004283600000] [id=1244]
  0x0000023ffea64d00 GCTaskThread "GC Thread#1" [stack: 0x0000004284700000,0x0000004284800000] [id=11192]
  0x0000023ffea644f0 GCTaskThread "GC Thread#2" [stack: 0x0000004284800000,0x0000004284900000] [id=12408]
  0x0000023ffea63ce0 GCTaskThread "GC Thread#3" [stack: 0x0000004284900000,0x0000004284a00000] [id=15328]
  0x0000023fe2c541e0 ConcurrentGCThread "G1 Main Marker" [stack: 0x0000004283600000,0x0000004283700000] [id=1348]
  0x0000023fe2c56b10 ConcurrentGCThread "G1 Conc#0" [stack: 0x0000004283700000,0x0000004283800000] [id=15728]
  0x0000023fe2ce13b0 ConcurrentGCThread "G1 Refine#0" [stack: 0x0000004283800000,0x0000004283900000] [id=16960]
  0x0000023fe2ce1cd0 ConcurrentGCThread "G1 Service" [stack: 0x0000004283900000,0x0000004283a00000] [id=4416]

Threads with active compile tasks:
C2 CompilerThread0      810 1025   !   4       jdk.internal.loader.URLClassPath$JarLoader::getResource (354 bytes)
C2 CompilerThread1      810 1038       4       jdk.internal.util.jar.JarIndex::get (49 bytes)

VM state: not at safepoint (normal execution)

VM Mutex/Monitor currently owned by a thread: None

Heap address: 0x00000000fc000000, size: 64 MB, Compressed Oops mode: 32-bit

CDS archive(s) mapped at: [0x0000000800000000-0x0000000800bc0000-0x0000000800bc0000), size 12320768, SharedBaseAddress: 0x0000000800000000, ArchiveRelocationMode: 0.
Compressed class space mapped at: 0x0000000800c00000-0x0000000840c00000, reserved size: 1073741824
Narrow klass base: 0x0000000800000000, Narrow klass shift: 0, Narrow klass range: 0x100000000

GC Precious Log:
 CPUs: 4 total, 4 available
 Memory: 8089M
 Large Page Support: Disabled
 NUMA Support: Disabled
 Compressed Oops: Enabled (32-bit)
 Heap Region Size: 1M
 Heap Min Capacity: 64M
 Heap Initial Capacity: 64M
 Heap Max Capacity: 64M
 Pre-touch: Disabled
 Parallel Workers: 4
 Concurrent Workers: 1
 Concurrent Refinement Workers: 4
 Periodic GC: Disabled

Heap:
 garbage-first heap   total 65536K, used 12775K [0x00000000fc000000, 0x0000000100000000)
  region size 1024K, 7 young (7168K), 3 survivors (3072K)
 Metaspace       used 6235K, committed 6400K, reserved 1056768K
  class space    used 879K, committed 960K, reserved 1048576K

Heap Regions: E=young(eden), S=young(survivor), O=old, HS=humongous(starts), HC=humongous(continues), CS=collection set, F=free, OA=open archive, CA=closed archive, TAMS=top-at-mark-start (previous, next)
|   0|0x00000000fc000000, 0x00000000fc100000, 0x00000000fc100000|100%|HS|  |TAMS 0x00000000fc000000, 0x00000000fc000000| Complete 
|   1|0x00000000fc100000, 0x00000000fc200000, 0x00000000fc200000|100%|HC|  |TAMS 0x00000000fc100000, 0x00000000fc100000| Complete 
|   2|0x00000000fc200000, 0x00000000fc300000, 0x00000000fc300000|100%|HC|  |TAMS 0x00000000fc200000, 0x00000000fc200000| Complete 
|   3|0x00000000fc300000, 0x00000000fc400000, 0x00000000fc400000|100%| O|  |TAMS 0x00000000fc300000, 0x00000000fc300000| Untracked 
|   4|0x00000000fc400000, 0x00000000fc500000, 0x00000000fc500000|100%| O|  |TAMS 0x00000000fc400000, 0x00000000fc400000| Untracked 
|   5|0x00000000fc500000, 0x00000000fc600000, 0x00000000fc600000|100%| O|  |TAMS 0x00000000fc500000, 0x00000000fc500000| Untracked 
|   6|0x00000000fc600000, 0x00000000fc679c00, 0x00000000fc700000| 47%| O|  |TAMS 0x00000000fc600000, 0x00000000fc600000| Untracked 
|   7|0x00000000fc700000, 0x00000000fc700000, 0x00000000fc800000|  0%| F|  |TAMS 0x00000000fc700000, 0x00000000fc700000| Untracked 
|   8|0x00000000fc800000, 0x00000000fc800000, 0x00000000fc900000|  0%| F|  |TAMS 0x00000000fc800000, 0x00000000fc800000| Untracked 
|   9|0x00000000fc900000, 0x00000000fc900000, 0x00000000fca00000|  0%| F|  |TAMS 0x00000000fc900000, 0x00000000fc900000| Untracked 
|  10|0x00000000fca00000, 0x00000000fca00000, 0x00000000fcb00000|  0%| F|  |TAMS 0x00000000fca00000, 0x00000000fca00000| Untracked 
|  11|0x00000000fcb00000, 0x00000000fcb00000, 0x00000000fcc00000|  0%| F|  |TAMS 0x00000000fcb00000, 0x00000000fcb00000| Untracked 
|  12|0x00000000fcc00000, 0x00000000fcc00000, 0x00000000fcd00000|  0%| F|  |TAMS 0x00000000fcc00000, 0x00000000fcc00000| Untracked 
|  13|0x00000000fcd00000, 0x00000000fcd00000, 0x00000000fce00000|  0%| F|  |TAMS 0x00000000fcd00000, 0x00000000fcd00000| Untracked 
|  14|0x00000000fce00000, 0x00000000fce00000, 0x00000000fcf00000|  0%| F|  |TAMS 0x00000000fce00000, 0x00000000fce00000| Untracked 
|  15|0x00000000fcf00000, 0x00000000fcf00000, 0x00000000fd000000|  0%| F|  |TAMS 0x00000000fcf00000, 0x00000000fcf00000| Untracked 
|  16|0x00000000fd000000, 0x00000000fd000000, 0x00000000fd100000|  0%| F|  |TAMS 0x00000000fd000000, 0x00000000fd000000| Untracked 
|  17|0x00000000fd100000, 0x00000000fd100000, 0x00000000fd200000|  0%| F|  |TAMS 0x00000000fd100000, 0x00000000fd100000| Untracked 
|  18|0x00000000fd200000, 0x00000000fd200000, 0x00000000fd300000|  0%| F|  |TAMS 0x00000000fd200000, 0x00000000fd200000| Untracked 
|  19|0x00000000fd300000, 0x00000000fd300000, 0x00000000fd400000|  0%| F|  |TAMS 0x00000000fd300000, 0x00000000fd300000| Untracked 
|  20|0x00000000fd400000, 0x00000000fd400000, 0x00000000fd500000|  0%| F|  |TAMS 0x00000000fd400000, 0x00000000fd400000| Untracked 
|  21|0x00000000fd500000, 0x00000000fd500000, 0x00000000fd600000|  0%| F|  |TAMS 0x00000000fd500000, 0x00000000fd500000| Untracked 
|  22|0x00000000fd600000, 0x00000000fd600000, 0x00000000fd700000|  0%| F|  |TAMS 0x00000000fd600000, 0x00000000fd600000| Untracked 
|  23|0x00000000fd700000, 0x00000000fd700000, 0x00000000fd800000|  0%| F|  |TAMS 0x00000000fd700000, 0x00000000fd700000| Untracked 
|  24|0x00000000fd800000, 0x00000000fd800000, 0x00000000fd900000|  0%| F|  |TAMS 0x00000000fd800000, 0x00000000fd800000| Untracked 
|  25|0x00000000fd900000, 0x00000000fd900000, 0x00000000fda00000|  0%| F|  |TAMS 0x00000000fd900000, 0x00000000fd900000| Untracked 
|  26|0x00000000fda00000, 0x00000000fda00000, 0x00000000fdb00000|  0%| F|  |TAMS 0x00000000fda00000, 0x00000000fda00000| Untracked 
|  27|0x00000000fdb00000, 0x00000000fdb00000, 0x00000000fdc00000|  0%| F|  |TAMS 0x00000000fdb00000, 0x00000000fdb00000| Untracked 
|  28|0x00000000fdc00000, 0x00000000fdc00000, 0x00000000fdd00000|  0%| F|  |TAMS 0x00000000fdc00000, 0x00000000fdc00000| Untracked 
|  29|0x00000000fdd00000, 0x00000000fdd00000, 0x00000000fde00000|  0%| F|  |TAMS 0x00000000fdd00000, 0x00000000fdd00000| Untracked 
|  30|0x00000000fde00000, 0x00000000fde00000, 0x00000000fdf00000|  0%| F|  |TAMS 0x00000000fde00000, 0x00000000fde00000| Untracked 
|  31|0x00000000fdf00000, 0x00000000fdf00000, 0x00000000fe000000|  0%| F|  |TAMS 0x00000000fdf00000, 0x00000000fdf00000| Untracked 
|  32|0x00000000fe000000, 0x00000000fe000000, 0x00000000fe100000|  0%| F|  |TAMS 0x00000000fe000000, 0x00000000fe000000| Untracked 
|  33|0x00000000fe100000, 0x00000000fe100000, 0x00000000fe200000|  0%| F|  |TAMS 0x00000000fe100000, 0x00000000fe100000| Untracked 
|  34|0x00000000fe200000, 0x00000000fe200000, 0x00000000fe300000|  0%| F|  |TAMS 0x00000000fe200000, 0x00000000fe200000| Untracked 
|  35|0x00000000fe300000, 0x00000000fe300000, 0x00000000fe400000|  0%| F|  |TAMS 0x00000000fe300000, 0x00000000fe300000| Untracked 
|  36|0x00000000fe400000, 0x00000000fe400000, 0x00000000fe500000|  0%| F|  |TAMS 0x00000000fe400000, 0x00000000fe400000| Untracked 
|  37|0x00000000fe500000, 0x00000000fe500000, 0x00000000fe600000|  0%| F|  |TAMS 0x00000000fe500000, 0x00000000fe500000| Untracked 
|  38|0x00000000fe600000, 0x00000000fe600000, 0x00000000fe700000|  0%| F|  |TAMS 0x00000000fe600000, 0x00000000fe600000| Untracked 
|  39|0x00000000fe700000, 0x00000000fe700000, 0x00000000fe800000|  0%| F|  |TAMS 0x00000000fe700000, 0x00000000fe700000| Untracked 
|  40|0x00000000fe800000, 0x00000000fe800000, 0x00000000fe900000|  0%| F|  |TAMS 0x00000000fe800000, 0x00000000fe800000| Untracked 
|  41|0x00000000fe900000, 0x00000000fe900000, 0x00000000fea00000|  0%| F|  |TAMS 0x00000000fe900000, 0x00000000fe900000| Untracked 
|  42|0x00000000fea00000, 0x00000000fea00000, 0x00000000feb00000|  0%| F|  |TAMS 0x00000000fea00000, 0x00000000fea00000| Untracked 
|  43|0x00000000feb00000, 0x00000000fec00000, 0x00000000fec00000|100%| S|CS|TAMS 0x00000000feb00000, 0x00000000feb00000| Complete 
|  44|0x00000000fec00000, 0x00000000fed00000, 0x00000000fed00000|100%| S|CS|TAMS 0x00000000fec00000, 0x00000000fec00000| Complete 
|  45|0x00000000fed00000, 0x00000000fee00000, 0x00000000fee00000|100%| S|CS|TAMS 0x00000000fed00000, 0x00000000fed00000| Complete 
|  46|0x00000000fee00000, 0x00000000fee00000, 0x00000000fef00000|  0%| F|  |TAMS 0x00000000fee00000, 0x00000000fee00000| Untracked 
|  47|0x00000000fef00000, 0x00000000fef00000, 0x00000000ff000000|  0%| F|  |TAMS 0x00000000fef00000, 0x00000000fef00000| Untracked 
|  48|0x00000000ff000000, 0x00000000ff000000, 0x00000000ff100000|  0%| F|  |TAMS 0x00000000ff000000, 0x00000000ff000000| Untracked 
|  49|0x00000000ff100000, 0x00000000ff100000, 0x00000000ff200000|  0%| F|  |TAMS 0x00000000ff100000, 0x00000000ff100000| Untracked 
|  50|0x00000000ff200000, 0x00000000ff200000, 0x00000000ff300000|  0%| F|  |TAMS 0x00000000ff200000, 0x00000000ff200000| Untracked 
|  51|0x00000000ff300000, 0x00000000ff300000, 0x00000000ff400000|  0%| F|  |TAMS 0x00000000ff300000, 0x00000000ff300000| Untracked 
|  52|0x00000000ff400000, 0x00000000ff400000, 0x00000000ff500000|  0%| F|  |TAMS 0x00000000ff400000, 0x00000000ff400000| Untracked 
|  53|0x00000000ff500000, 0x00000000ff500000, 0x00000000ff600000|  0%| F|  |TAMS 0x00000000ff500000, 0x00000000ff500000| Untracked 
|  54|0x00000000ff600000, 0x00000000ff600000, 0x00000000ff700000|  0%| F|  |TAMS 0x00000000ff600000, 0x00000000ff600000| Untracked 
|  55|0x00000000ff700000, 0x00000000ff700000, 0x00000000ff800000|  0%| F|  |TAMS 0x00000000ff700000, 0x00000000ff700000| Untracked 
|  56|0x00000000ff800000, 0x00000000ff800000, 0x00000000ff900000|  0%| F|  |TAMS 0x00000000ff800000, 0x00000000ff800000| Untracked 
|  57|0x00000000ff900000, 0x00000000ff900000, 0x00000000ffa00000|  0%| F|  |TAMS 0x00000000ff900000, 0x00000000ff900000| Untracked 
|  58|0x00000000ffa00000, 0x00000000ffa00000, 0x00000000ffb00000|  0%| F|  |TAMS 0x00000000ffa00000, 0x00000000ffa00000| Untracked 
|  59|0x00000000ffb00000, 0x00000000ffb00000, 0x00000000ffc00000|  0%| F|  |TAMS 0x00000000ffb00000, 0x00000000ffb00000| Untracked 
|  60|0x00000000ffc00000, 0x00000000ffc80d98, 0x00000000ffd00000| 50%| E|  |TAMS 0x00000000ffc00000, 0x00000000ffc00000| Complete 
|  61|0x00000000ffd00000, 0x00000000ffe00000, 0x00000000ffe00000|100%| E|CS|TAMS 0x00000000ffd00000, 0x00000000ffd00000| Complete 
|  62|0x00000000ffe00000, 0x00000000fff00000, 0x00000000fff00000|100%| E|CS|TAMS 0x00000000ffe00000, 0x00000000ffe00000| Complete 
|  63|0x00000000fff00000, 0x0000000100000000, 0x0000000100000000|100%| E|CS|TAMS 0x00000000fff00000, 0x00000000fff00000| Complete 

Card table byte_map: [0x0000023ffb540000,0x0000023ffb560000] _byte_map_base: 0x0000023ffad60000

Marking Bits (Prev, Next): (CMBitMap*) 0x0000023fe2c530a0, (CMBitMap*) 0x0000023fe2c530e0
 Prev Bits: [0x0000023ffb580000, 0x0000023ffb680000)
 Next Bits: [0x0000023ffb680000, 0x0000023ffb780000)

Polling page: 0x0000023fe2d00000

Metaspace:

Usage:
  Non-class:      5.26 MB used.
      Class:    884.00 KB used.
       Both:      6.13 MB used.

Virtual space:
  Non-class space:        8.00 MB reserved,       5.38 MB ( 67%) committed,  1 nodes.
      Class space:        1.00 GB reserved,     960.00 KB ( <1%) committed,  1 nodes.
             Both:        1.01 GB reserved,       6.31 MB ( <1%) committed. 

Chunk freelists:
   Non-Class:  1.14 MB
       Class:  3.05 MB
        Both:  4.19 MB

MaxMetaspaceSize: unlimited
CompressedClassSpaceSize: 1.00 GB
Initial GC threshold: 21.00 MB
Current GC threshold: 21.00 MB
CDS: on
MetaspaceReclaimPolicy: balanced
 - commit_granule_bytes: 65536.
 - commit_granule_words: 8192.
 - virtual_space_node_default_size: 1048576.
 - enlarge_chunks_in_place: 1.
 - new_chunks_are_fully_committed: 0.
 - uncommit_free_chunks: 1.
 - use_allocation_guard: 0.
 - handle_deallocations: 1.


Internal statistics:

num_allocs_failed_limit: 0.
num_arena_births: 64.
num_arena_deaths: 0.
num_vsnodes_births: 2.
num_vsnodes_deaths: 0.
num_space_committed: 101.
num_space_uncommitted: 0.
num_chunks_returned_to_freelist: 0.
num_chunks_taken_from_freelist: 230.
num_chunk_merges: 0.
num_chunk_splits: 155.
num_chunks_enlarged: 133.
num_purges: 0.
num_inconsistent_stats: 0.

CodeHeap 'non-profiled nmethods': size=120000Kb used=396Kb max_used=396Kb free=119603Kb
 bounds [0x0000023ff39c0000, 0x0000023ff3c30000, 0x0000023ffaef0000]
CodeHeap 'profiled nmethods': size=120000Kb used=1988Kb max_used=1988Kb free=118011Kb
 bounds [0x0000023febef0000, 0x0000023fec160000, 0x0000023ff3420000]
CodeHeap 'non-nmethods': size=5760Kb used=1144Kb max_used=1158Kb free=4615Kb
 bounds [0x0000023ff3420000, 0x0000023ff3690000, 0x0000023ff39c0000]
 total_blobs=1487 nmethods=1053 adapters=347
 compilation: enabled
              stopped_count=0, restarted_count=0
 full_count=0

Compilation events (20 events):
Event: 0.770 Thread 0x0000023ffdd23380 nmethod 1028 0x0000023fec0d4e10 code [0x0000023fec0d4fa0, 0x0000023fec0d50d8]
Event: 0.770 Thread 0x0000023ffdd23380 1031       3       jdk.internal.org.objectweb.asm.Frame::push (59 bytes)
Event: 0.771 Thread 0x0000023ffdd23380 nmethod 1031 0x0000023fec0d5190 code [0x0000023fec0d53c0, 0x0000023fec0d5b18]
Event: 0.771 Thread 0x0000023ffdd23380 1032       3       jdk.internal.org.objectweb.asm.MethodWriter::endCurrentBasicBlockWithNoSuccessor (94 bytes)
Event: 0.771 Thread 0x0000023ffdd23380 nmethod 1032 0x0000023fec0d5e10 code [0x0000023fec0d6000, 0x0000023fec0d6688]
Event: 0.771 Thread 0x0000023ffdd23380 1033       3       jdk.internal.org.objectweb.asm.MethodWriter::visitTypeInsn (116 bytes)
Event: 0.771 Thread 0x0000023ffdd23380 nmethod 1033 0x0000023fec0d6890 code [0x0000023fec0d6a80, 0x0000023fec0d6e88]
Event: 0.771 Thread 0x0000023ffdd23380 1034       3       jdk.internal.org.objectweb.asm.SymbolTable::hash (15 bytes)
Event: 0.772 Thread 0x0000023ffdd23380 nmethod 1034 0x0000023fec0d7090 code [0x0000023fec0d7240, 0x0000023fec0d73d8]
Event: 0.772 Thread 0x0000023ffdd23380 1035       3       java.lang.PublicMethods$Key::matches (31 bytes)
Event: 0.772 Thread 0x0000023ffdd23380 nmethod 1035 0x0000023fec0d7510 code [0x0000023fec0d76e0, 0x0000023fec0d7a38]
Event: 0.774 Thread 0x0000023fff0c2600 1036       4       java.lang.ClassLoader::checkName (37 bytes)
Event: 0.775 Thread 0x0000023ffdd23380 1037       3       java.lang.invoke.MemberName$Factory::resolveOrFail (79 bytes)
Event: 0.776 Thread 0x0000023fff0c2600 nmethod 1036 0x0000023ff3a22890 code [0x0000023ff3a22a20, 0x0000023ff3a22bd8]
Event: 0.776 Thread 0x0000023ffdd23380 nmethod 1037 0x0000023fec0d7c10 code [0x0000023fec0d7e20, 0x0000023fec0d8538]
Event: 0.778 Thread 0x0000023fff0c2600 1038       4       jdk.internal.util.jar.JarIndex::get (49 bytes)
Event: 0.782 Thread 0x0000023ffdd23380 1040       3       sun.net.www.ParseUtil::match (50 bytes)
Event: 0.782 Thread 0x0000023ffdd23380 nmethod 1040 0x0000023fec0d8790 code [0x0000023fec0d8940, 0x0000023fec0d8bd8]
Event: 0.787 Thread 0x0000023ffdd23380 1041       3       java.lang.invoke.MethodType$ConcurrentWeakInternSet::add (66 bytes)
Event: 0.788 Thread 0x0000023ffdd23380 nmethod 1041 0x0000023fec0d8c90 code [0x0000023fec0d8f00, 0x0000023fec0d9ce8]

GC Heap History (4 events):
Event: 0.309 GC heap before
{Heap before GC invocations=0 (full 0):
 garbage-first heap   total 65536K, used 15360K [0x00000000fc000000, 0x0000000100000000)
  region size 1024K, 13 young (13312K), 0 survivors (0K)
 Metaspace       used 1755K, committed 1920K, reserved 1056768K
  class space    used 160K, committed 192K, reserved 1048576K
}
Event: 0.313 GC heap after
{Heap after GC invocations=1 (full 0):
 garbage-first heap   total 65536K, used 3419K [0x00000000fc000000, 0x0000000100000000)
  region size 1024K, 2 young (2048K), 2 survivors (2048K)
 Metaspace       used 1755K, committed 1920K, reserved 1056768K
  class space    used 160K, committed 192K, reserved 1048576K
}
Event: 0.745 GC heap before
{Heap before GC invocations=1 (full 0):
 garbage-first heap   total 65536K, used 22875K [0x00000000fc000000, 0x0000000100000000)
  region size 1024K, 18 young (18432K), 2 survivors (2048K)
 Metaspace       used 5509K, committed 5632K, reserved 1056768K
  class space    used 760K, committed 832K, reserved 1048576K
}
Event: 0.748 GC heap after
{Heap after GC invocations=2 (full 0):
 garbage-first heap   total 65536K, used 9703K [0x00000000fc000000, 0x0000000100000000)
  region size 1024K, 3 young (3072K), 3 survivors (3072K)
 Metaspace       used 5509K, committed 5632K, reserved 1056768K
  class space    used 760K, committed 832K, reserved 1048576K
}

Dll operation events (10 events):
Event: 0.007 Loaded shared library C:\Program Files\Eclipse Adoptium\jdk-17.0.6.10-hotspot\bin\java.dll
Event: 0.015 Loaded shared library C:\Program Files\Eclipse Adoptium\jdk-17.0.6.10-hotspot\bin\jsvml.dll
Event: 0.047 Loaded shared library C:\Program Files\Eclipse Adoptium\jdk-17.0.6.10-hotspot\bin\net.dll
Event: 0.048 Loaded shared library C:\Program Files\Eclipse Adoptium\jdk-17.0.6.10-hotspot\bin\nio.dll
Event: 0.051 Loaded shared library C:\Program Files\Eclipse Adoptium\jdk-17.0.6.10-hotspot\bin\zip.dll
Event: 0.263 Loaded shared library C:\Program Files\Eclipse Adoptium\jdk-17.0.6.10-hotspot\bin\jimage.dll
Event: 0.336 Loaded shared library C:\Program Files\Eclipse Adoptium\jdk-17.0.6.10-hotspot\bin\verify.dll
Event: 0.580 Loaded shared library C:\Users\songe\.gradle\native\e1d6ef7f7dcc3fd88c89a11ec53ec762bb8ba0a96d01ffa2cd45eb1d1d8dd5c5\windows-amd64\native-platform.dll
Event: 0.716 Loaded shared library C:\Program Files\Eclipse Adoptium\jdk-17.0.6.10-hotspot\bin\management.dll
Event: 0.719 Loaded shared library C:\Program Files\Eclipse Adoptium\jdk-17.0.6.10-hotspot\bin\management_ext.dll

Deoptimization events (20 events):
Event: 0.710 Thread 0x0000023fe2afb770 DEOPT PACKING pc=0x0000023ff3a1c2c8 sp=0x00000042834fb410
Event: 0.710 Thread 0x0000023fe2afb770 DEOPT UNPACKING pc=0x0000023ff34769a3 sp=0x00000042834fb398 mode 2
Event: 0.710 Thread 0x0000023fe2afb770 Uncommon trap: trap_request=0xffffffde fr.pc=0x0000023ff3a1c2c8 relative=0x0000000000000128
Event: 0.710 Thread 0x0000023fe2afb770 Uncommon trap: reason=class_check action=maybe_recompile pc=0x0000023ff3a1c2c8 method=jdk.internal.misc.Unsafe.allocateUninitializedArray(Ljava/lang/Class;I)Ljava/lang/Object; @ 51 c2
Event: 0.710 Thread 0x0000023fe2afb770 DEOPT PACKING pc=0x0000023ff3a1c2c8 sp=0x00000042834fb4b0
Event: 0.710 Thread 0x0000023fe2afb770 DEOPT UNPACKING pc=0x0000023ff34769a3 sp=0x00000042834fb438 mode 2
Event: 0.710 Thread 0x0000023fe2afb770 Uncommon trap: trap_request=0xffffffde fr.pc=0x0000023ff3a1c2c8 relative=0x0000000000000128
Event: 0.710 Thread 0x0000023fe2afb770 Uncommon trap: reason=class_check action=maybe_recompile pc=0x0000023ff3a1c2c8 method=jdk.internal.misc.Unsafe.allocateUninitializedArray(Ljava/lang/Class;I)Ljava/lang/Object; @ 51 c2
Event: 0.710 Thread 0x0000023fe2afb770 DEOPT PACKING pc=0x0000023ff3a1c2c8 sp=0x00000042834fb4e0
Event: 0.710 Thread 0x0000023fe2afb770 DEOPT UNPACKING pc=0x0000023ff34769a3 sp=0x00000042834fb468 mode 2
Event: 0.710 Thread 0x0000023fe2afb770 Uncommon trap: trap_request=0xffffffde fr.pc=0x0000023ff3a1c2c8 relative=0x0000000000000128
Event: 0.710 Thread 0x0000023fe2afb770 Uncommon trap: reason=class_check action=maybe_recompile pc=0x0000023ff3a1c2c8 method=jdk.internal.misc.Unsafe.allocateUninitializedArray(Ljava/lang/Class;I)Ljava/lang/Object; @ 51 c2
Event: 0.710 Thread 0x0000023fe2afb770 DEOPT PACKING pc=0x0000023ff3a1c2c8 sp=0x00000042834fb580
Event: 0.710 Thread 0x0000023fe2afb770 DEOPT UNPACKING pc=0x0000023ff34769a3 sp=0x00000042834fb508 mode 2
Event: 0.712 Thread 0x0000023fe2afb770 DEOPT PACKING pc=0x0000023febf4a7d6 sp=0x00000042834fb2e0
Event: 0.712 Thread 0x0000023fe2afb770 DEOPT UNPACKING pc=0x0000023ff3477143 sp=0x00000042834fa768 mode 0
Event: 0.726 Thread 0x0000023fe2afb770 Uncommon trap: trap_request=0xffffff45 fr.pc=0x0000023ff39f5a90 relative=0x0000000000001090
Event: 0.726 Thread 0x0000023fe2afb770 Uncommon trap: reason=unstable_if action=reinterpret pc=0x0000023ff39f5a90 method=java.util.HashMap.putVal(ILjava/lang/Object;Ljava/lang/Object;ZZ)Ljava/lang/Object; @ 236 c2
Event: 0.726 Thread 0x0000023fe2afb770 DEOPT PACKING pc=0x0000023ff39f5a90 sp=0x00000042834fc0b0
Event: 0.726 Thread 0x0000023fe2afb770 DEOPT UNPACKING pc=0x0000023ff34769a3 sp=0x00000042834fc078 mode 2

Classes unloaded (0 events):
No events

Classes redefined (0 events):
No events

Internal exceptions (14 events):
Event: 0.133 Thread 0x0000023fe2afb770 Exception <a 'java/lang/NoSuchMethodError'{0x00000000ffc4eda0}: 'int java.lang.invoke.DirectMethodHandle$Holder.invokeStaticInit(java.lang.Object, java.lang.Object)'> (0x00000000ffc4eda0) 
thrown [s\src\hotspot\share\interpreter\linkResolver.cpp, line 759]
Event: 0.510 Thread 0x0000023fe2afb770 Exception <a 'java/lang/NoSuchMethodError'{0x00000000ff70f458}: 'void java.lang.invoke.DirectMethodHandle$Holder.invokeStatic(java.lang.Object, java.lang.Object)'> (0x00000000ff70f458) 
thrown [s\src\hotspot\share\interpreter\linkResolver.cpp, line 759]
Event: 0.537 Thread 0x0000023fe2afb770 Exception <a 'java/lang/NoClassDefFoundError'{0x00000000ff78f2f0}: org/slf4j/impl/StaticMarkerBinder> (0x00000000ff78f2f0) 
thrown [s\src\hotspot\share\classfile\systemDictionary.cpp, line 245]
Event: 0.550 Thread 0x0000023fe2afb770 Exception <a 'java/lang/NoSuchMethodError'{0x00000000ff62b6c0}: 'java.lang.Object java.lang.invoke.DirectMethodHandle$Holder.invokeVirtual(java.lang.Object, java.lang.Object, java.lang.Object, java.lang.Object, java.lang.Object, java.lang.Object, java.lang.Object)'> (0x00000000ff62b6c0) 
thrown [s\src\hotspot\share\interpreter\linkResolver.cpp, line 759]
Event: 0.552 Thread 0x0000023fe2afb770 Exception <a 'java/lang/NoSuchMethodError'{0x00000000ff63ccc0}: 'java.lang.Object java.lang.invoke.Invokers$Holder.invoker(java.lang.Object, java.lang.Object, java.lang.Object)'> (0x00000000ff63ccc0) 
thrown [s\src\hotspot\share\interpreter\linkResolver.cpp, line 759]
Event: 0.555 Thread 0x0000023fe2afb770 Exception <a 'java/lang/NoSuchMethodError'{0x00000000ff645d90}: 'java.lang.Object java.lang.invoke.DirectMethodHandle$Holder.invokeStatic(java.lang.Object, java.lang.Object, int)'> (0x00000000ff645d90) 
thrown [s\src\hotspot\share\interpreter\linkResolver.cpp, line 759]
Event: 0.558 Thread 0x0000023fe2afb770 Exception <a 'java/lang/NoSuchMethodError'{0x00000000ff651a80}: 'void java.lang.invoke.DelegatingMethodHandle$Holder.delegate(java.lang.Object, java.lang.Object, int, java.lang.Object)'> (0x00000000ff651a80) 
thrown [s\src\hotspot\share\interpreter\linkResolver.cpp, line 759]
Event: 0.559 Thread 0x0000023fe2afb770 Exception <a 'java/lang/NoSuchMethodError'{0x00000000ff656068}: 'int java.lang.invoke.DirectMethodHandle$Holder.invokeSpecial(java.lang.Object, java.lang.Object, java.lang.Object)'> (0x00000000ff656068) 
thrown [s\src\hotspot\share\interpreter\linkResolver.cpp, line 759]
Event: 0.562 Thread 0x0000023fe2afb770 Exception <a 'java/lang/NoSuchMethodError'{0x00000000ff6691b0}: 'java.lang.Object java.lang.invoke.Invokers$Holder.invokeExact_MT(java.lang.Object, java.lang.Object, java.lang.Object, java.lang.Object)'> (0x00000000ff6691b0) 
thrown [s\src\hotspot\share\interpreter\linkResolver.cpp, line 759]
Event: 0.671 Thread 0x0000023fe2afb770 Exception <a 'java/lang/NoSuchMethodError'{0x00000000ff0496f8}: 'java.lang.Object java.lang.invoke.DirectMethodHandle$Holder.invokeInterface(java.lang.Object, java.lang.Object, java.lang.Object)'> (0x00000000ff0496f8) 
thrown [s\src\hotspot\share\interpreter\linkResolver.cpp, line 759]
Event: 0.677 Thread 0x0000023fe2afb770 Exception <a 'java/lang/NoSuchMethodError'{0x00000000ff06b3f0}: 'void java.lang.invoke.DirectMethodHandle$Holder.invokeSpecial(java.lang.Object, java.lang.Object, java.lang.Object)'> (0x00000000ff06b3f0) 
thrown [s\src\hotspot\share\interpreter\linkResolver.cpp, line 759]
Event: 0.691 Thread 0x0000023fe2afb770 Implicit null exception at 0x0000023ff3a0eb13 to 0x0000023ff3a0ef6c
Event: 0.691 Thread 0x0000023fe2afb770 Implicit null exception at 0x0000023ff39fc191 to 0x0000023ff39fc5c8
Event: 0.714 Thread 0x0000023fe2afb770 Exception <a 'java/lang/NoSuchMethodError'{0x00000000fee073b0}: 'java.lang.Object java.lang.invoke.DirectMethodHandle$Holder.invokeStaticInit(java.lang.Object)'> (0x00000000fee073b0) 
thrown [s\src\hotspot\share\interpreter\linkResolver.cpp, line 759]

VM Operations (14 events):
Event: 0.051 Executing VM operation: HandshakeAllThreads
Event: 0.051 Executing VM operation: HandshakeAllThreads done
Event: 0.309 Executing VM operation: G1CollectForAllocation
Event: 0.313 Executing VM operation: G1CollectForAllocation done
Event: 0.444 Executing VM operation: HandshakeAllThreads
Event: 0.444 Executing VM operation: HandshakeAllThreads done
Event: 0.533 Executing VM operation: HandshakeAllThreads
Event: 0.533 Executing VM operation: HandshakeAllThreads done
Event: 0.555 Executing VM operation: HandshakeAllThreads
Event: 0.555 Executing VM operation: HandshakeAllThreads done
Event: 0.745 Executing VM operation: G1CollectForAllocation
Event: 0.748 Executing VM operation: G1CollectForAllocation done
Event: 0.775 Executing VM operation: HandshakeAllThreads
Event: 0.775 Executing VM operation: HandshakeAllThreads done

Events (20 events):
Event: 0.766 loading class sun/reflect/annotation/AnnotationType$1
Event: 0.766 loading class sun/reflect/annotation/AnnotationType$1 done
Event: 0.767 loading class java/lang/annotation/Retention
Event: 0.767 loading class java/lang/annotation/Retention done
Event: 0.767 loading class java/lang/annotation/Inherited
Event: 0.767 loading class java/lang/annotation/Inherited done
Event: 0.767 loading class java/lang/annotation/RetentionPolicy
Event: 0.767 loading class java/lang/annotation/RetentionPolicy done
Event: 0.767 loading class sun/reflect/annotation/AnnotationTypeMismatchExceptionProxy
Event: 0.767 loading class sun/reflect/annotation/ExceptionProxy
Event: 0.767 loading class sun/reflect/annotation/ExceptionProxy done
Event: 0.767 loading class sun/reflect/annotation/AnnotationTypeMismatchExceptionProxy done
Event: 0.767 loading class sun/reflect/annotation/AnnotationParser$1
Event: 0.768 loading class sun/reflect/annotation/AnnotationParser$1 done
Event: 0.768 loading class sun/reflect/annotation/AnnotationInvocationHandler
Event: 0.768 loading class sun/reflect/annotation/AnnotationInvocationHandler done
Event: 0.769 loading class java/lang/annotation/Target
Event: 0.769 loading class java/lang/annotation/Target done
Event: 0.786 loading class java/util/concurrent/atomic/Striped64$1
Event: 0.787 loading class java/util/concurrent/atomic/Striped64$1 done


Dynamic libraries:
0x00007ff7d48c0000 - 0x00007ff7d48ce000 	C:\Program Files\Eclipse Adoptium\jdk-17.0.6.10-hotspot\bin\java.exe
0x00007ffd35f70000 - 0x00007ffd36168000 	C:\WINDOWS\SYSTEM32\ntdll.dll
0x00007ffd33fd0000 - 0x00007ffd3408f000 	C:\WINDOWS\System32\KERNEL32.DLL
0x00007ffd33820000 - 0x00007ffd33b16000 	C:\WINDOWS\System32\KERNELBASE.dll
0x00007ffd33b20000 - 0x00007ffd33c20000 	C:\WINDOWS\System32\ucrtbase.dll
0x00007ffd2ad60000 - 0x00007ffd2ad77000 	C:\Program Files\Eclipse Adoptium\jdk-17.0.6.10-hotspot\bin\jli.dll
0x00007ffd2aad0000 - 0x00007ffd2aae9000 	C:\Program Files\Eclipse Adoptium\jdk-17.0.6.10-hotspot\bin\VCRUNTIME140.dll
0x00007ffd35770000 - 0x00007ffd3590d000 	C:\WINDOWS\System32\USER32.dll
0x00007ffd33dd0000 - 0x00007ffd33df2000 	C:\WINDOWS\System32\win32u.dll
0x00007ffd35910000 - 0x00007ffd3593c000 	C:\WINDOWS\System32\GDI32.dll
0x00007ffd20550000 - 0x00007ffd207ea000 	C:\WINDOWS\WinSxS\amd64_microsoft.windows.common-controls_6595b64144ccf1df_6.0.19041.1110_none_60b5254171f9507e\COMCTL32.dll
0x00007ffd33700000 - 0x00007ffd33815000 	C:\WINDOWS\System32\gdi32full.dll
0x00007ffd33ce0000 - 0x00007ffd33d7d000 	C:\WINDOWS\System32\msvcp_win.dll
0x00007ffd35e90000 - 0x00007ffd35f2e000 	C:\WINDOWS\System32\msvcrt.dll
0x00007ffd35570000 - 0x00007ffd355a0000 	C:\WINDOWS\System32\IMM32.DLL
0x00007ffd2e260000 - 0x00007ffd2e26c000 	C:\Program Files\Eclipse Adoptium\jdk-17.0.6.10-hotspot\bin\vcruntime140_1.dll
0x00007ffd0a890000 - 0x00007ffd0a921000 	C:\Program Files\Eclipse Adoptium\jdk-17.0.6.10-hotspot\bin\msvcp140.dll
0x00007ffce4d90000 - 0x00007ffce59d7000 	C:\Program Files\Eclipse Adoptium\jdk-17.0.6.10-hotspot\bin\server\jvm.dll
0x00007ffd352f0000 - 0x00007ffd3539f000 	C:\WINDOWS\System32\ADVAPI32.dll
0x00007ffd35a90000 - 0x00007ffd35b2c000 	C:\WINDOWS\System32\sechost.dll
0x00007ffd353e0000 - 0x00007ffd35506000 	C:\WINDOWS\System32\RPCRT4.dll
0x00007ffd1c220000 - 0x00007ffd1c229000 	C:\WINDOWS\SYSTEM32\WSOCK32.dll
0x00007ffd1f0c0000 - 0x00007ffd1f0e7000 	C:\WINDOWS\SYSTEM32\WINMM.dll
0x00007ffd35280000 - 0x00007ffd352eb000 	C:\WINDOWS\System32\WS2_32.dll
0x00007ffd29230000 - 0x00007ffd2923a000 	C:\WINDOWS\SYSTEM32\VERSION.dll
0x00007ffd31e80000 - 0x00007ffd31e92000 	C:\WINDOWS\SYSTEM32\kernel.appcore.dll
0x00007ffd2e190000 - 0x00007ffd2e19a000 	C:\Program Files\Eclipse Adoptium\jdk-17.0.6.10-hotspot\bin\jimage.dll
0x00007ffd31b90000 - 0x00007ffd31d74000 	C:\WINDOWS\SYSTEM32\DBGHELP.DLL
0x00007ffd16cd0000 - 0x00007ffd16d04000 	C:\WINDOWS\SYSTEM32\dbgcore.DLL
0x00007ffd33c50000 - 0x00007ffd33cd2000 	C:\WINDOWS\System32\bcryptPrimitives.dll
0x00007ffd1fe90000 - 0x00007ffd1feb5000 	C:\Program Files\Eclipse Adoptium\jdk-17.0.6.10-hotspot\bin\java.dll
0x00007ffd0a510000 - 0x00007ffd0a5e6000 	C:\Program Files\Eclipse Adoptium\jdk-17.0.6.10-hotspot\bin\jsvml.dll
0x00007ffd341a0000 - 0x00007ffd348e4000 	C:\WINDOWS\System32\SHELL32.dll
0x00007ffd31320000 - 0x00007ffd31ab3000 	C:\WINDOWS\SYSTEM32\windows.storage.dll
0x00007ffd35b30000 - 0x00007ffd35e84000 	C:\WINDOWS\System32\combase.dll
0x00007ffd330b0000 - 0x00007ffd330de000 	C:\WINDOWS\SYSTEM32\Wldp.dll
0x00007ffd356c0000 - 0x00007ffd3576d000 	C:\WINDOWS\System32\SHCORE.dll
0x00007ffd35a30000 - 0x00007ffd35a85000 	C:\WINDOWS\System32\shlwapi.dll
0x00007ffd33590000 - 0x00007ffd335af000 	C:\WINDOWS\SYSTEM32\profapi.dll
0x00007ffd21030000 - 0x00007ffd21049000 	C:\Program Files\Eclipse Adoptium\jdk-17.0.6.10-hotspot\bin\net.dll
0x00007ffd27d90000 - 0x00007ffd27e9a000 	C:\WINDOWS\SYSTEM32\WINHTTP.dll
0x00007ffd32e10000 - 0x00007ffd32e7a000 	C:\WINDOWS\system32\mswsock.dll
0x00007ffd1e980000 - 0x00007ffd1e995000 	C:\Program Files\Eclipse Adoptium\jdk-17.0.6.10-hotspot\bin\nio.dll
0x00007ffd1d960000 - 0x00007ffd1d978000 	C:\Program Files\Eclipse Adoptium\jdk-17.0.6.10-hotspot\bin\zip.dll
0x00007ffd2af40000 - 0x00007ffd2af50000 	C:\Program Files\Eclipse Adoptium\jdk-17.0.6.10-hotspot\bin\verify.dll
0x00007ffd1d8a0000 - 0x00007ffd1d8c7000 	C:\Users\songe\.gradle\native\e1d6ef7f7dcc3fd88c89a11ec53ec762bb8ba0a96d01ffa2cd45eb1d1d8dd5c5\windows-amd64\native-platform.dll
0x00007ffd2ae90000 - 0x00007ffd2ae99000 	C:\Program Files\Eclipse Adoptium\jdk-17.0.6.10-hotspot\bin\management.dll
0x00007ffd2ab80000 - 0x00007ffd2ab8b000 	C:\Program Files\Eclipse Adoptium\jdk-17.0.6.10-hotspot\bin\management_ext.dll
0x00007ffd353c0000 - 0x00007ffd353c8000 	C:\WINDOWS\System32\PSAPI.DLL

dbghelp: loaded successfully - version: 4.0.5 - missing functions: none
symbol engine: initialized successfully - sym options: 0x614 - pdb path: .;C:\Program Files\Eclipse Adoptium\jdk-17.0.6.10-hotspot\bin;C:\WINDOWS\SYSTEM32;C:\WINDOWS\WinSxS\amd64_microsoft.windows.common-controls_6595b64144ccf1df_6.0.19041.1110_none_60b5254171f9507e;C:\Program Files\Eclipse Adoptium\jdk-17.0.6.10-hotspot\bin\server;C:\Users\songe\.gradle\native\e1d6ef7f7dcc3fd88c89a11ec53ec762bb8ba0a96d01ffa2cd45eb1d1d8dd5c5\windows-amd64

VM Arguments:
jvm_args: -Xmx64m -Xms64m -Dorg.gradle.appname=gradlew 
java_command: org.gradle.wrapper.GradleWrapperMain app:installDebug -PreactNativeDevServerPort=8081
java_class_path (initial): C:\Users\songe\Development\react-native\SAMS\android\\gradle\wrapper\gradle-wrapper.jar
Launcher Type: SUN_STANDARD

[Global flags]
     intx CICompilerCount                          = 3                                         {product} {ergonomic}
     uint ConcGCThreads                            = 1                                         {product} {ergonomic}
     uint G1ConcRefinementThreads                  = 4                                         {product} {ergonomic}
   size_t G1HeapRegionSize                         = 1048576                                   {product} {ergonomic}
    uintx GCDrainStackTargetSize                   = 64                                        {product} {ergonomic}
   size_t InitialHeapSize                          = 67108864                                  {product} {command line}
   size_t MarkStackSize                            = 4194304                                   {product} {ergonomic}
   size_t MaxHeapSize                              = 67108864                                  {product} {command line}
   size_t MaxNewSize                               = 39845888                                  {product} {ergonomic}
   size_t MinHeapDeltaBytes                        = 1048576                                   {product} {ergonomic}
   size_t MinHeapSize                              = 67108864                                  {product} {command line}
    uintx NonNMethodCodeHeapSize                   = 5832780                                {pd product} {ergonomic}
    uintx NonProfiledCodeHeapSize                  = 122912730                              {pd product} {ergonomic}
    uintx ProfiledCodeHeapSize                     = 122912730                              {pd product} {ergonomic}
    uintx ReservedCodeCacheSize                    = 251658240                              {pd product} {ergonomic}
     bool SegmentedCodeCache                       = true                                      {product} {ergonomic}
   size_t SoftMaxHeapSize                          = 67108864                               {manageable} {ergonomic}
     bool UseCompressedClassPointers               = true                           {product lp64_product} {ergonomic}
     bool UseCompressedOops                        = true                           {product lp64_product} {ergonomic}
     bool UseG1GC                                  = true                                      {product} {ergonomic}
     bool UseLargePagesIndividualAllocation        = false                                  {pd product} {ergonomic}

Logging:
Log output configuration:
 #0: stdout all=warning uptime,level,tags
 #1: stderr all=off uptime,level,tags

Environment Variables:
JAVA_HOME=C:\Program Files\Eclipse Adoptium\jdk-17.0.6.10-hotspot
CLASSPATH=C:\Users\songe\Development\react-native\SAMS\android\\gradle\wrapper\gradle-wrapper.jar
PATH=C:\Users\songe\Development\react-native\SAMS\android\node_modules\.bin;C:\Users\songe\Development\react-native\SAMS\node_modules\.bin;C:\Users\songe\Development\react-native\node_modules\.bin;C:\Users\songe\Development\node_modules\.bin;C:\Users\songe\node_modules\.bin;C:\Users\node_modules\.bin;C:\node_modules\.bin;C:\Program Files\nodejs;C:\Users\songe\Development\react-native\SAMS\node_modules\.bin;C:\Users\songe\Development\react-native\SAMS\node_modules\.bin;C:\Users\songe\Development\react-native\node_modules\.bin;C:\Users\songe\Development\node_modules\.bin;C:\Users\songe\node_modules\.bin;C:\Users\node_modules\.bin;C:\node_modules\.bin;C:\Users\songe\Development\react-native\SAMS\node_modules\npm\node_modules\@npmcli\run-script\lib\node-gyp-bin;C:\Users\songe\Development\react-native\SAMS\node_modules\.bin;C:\Users\songe\Development\react-native\node_modules\.bin;C:\Users\songe\Development\node_modules\.bin;C:\Users\songe\node_modules\.bin;C:\Users\node_modules\.bin;C:\node_modules\.bin;C:\Program Files\nodejs;C:\Users\songe\Development\react-native\SAMS\node_modules\.bin;C:\Users\songe\Development\react-native\node_modules\.bin;C:\Users\songe\Development\node_modules\.bin;C:\Users\songe\node_modules\.bin;C:\Users\node_modules\.bin;C:\node_modules\.bin;C:\Program Files\nodejs\node_modules\npm\node_modules\@npmcli\run-script\lib\node-gyp-bin;C:\Program Files\Eclipse Adoptium\jdk-17.0.6.10-hotspot\bin;C:\Program Files (x86)\Intel\Intel(R) Management Engine Components\iCLS\;C:\Program Files\Intel\Intel(R) Management Engine Components\iCLS\;C:\Windows\system32;C:\Windows;C:\Windows\System32\Wbem;C:\Windows\System32\WindowsPowerShell\v1.0\;C:\Program Files (x86)\NVIDIA Corporation\PhysX\Common;C:\Program Files (x86)\Intel\Intel(R) Management Engine Components\DAL;C:\Program Files\Intel\Intel(R) Management Engine Components\DAL;C:\Program Files (x86)\Intel\Intel(R) Management Engine Components\IPT;C:\Program Files\Intel\Intel(R) Management Engine Components\IPT;
USERNAME=songe
OS=Windows_NT
PROCESSOR_IDENTIFIER=Intel64 Family 6 Model 142 Stepping 9, GenuineIntel
TMP=C:\Users\songe\AppData\Local\Temp
TEMP=C:\Users\songe\AppData\Local\Temp



---------------  S Y S T E M  ---------------

OS:
 Windows 10 , 64 bit Build 19041 (10.0.19041.2913)
OS uptime: 0 days 7:02 hours

CPU: total 4 (initial active 4) (2 cores per cpu, 2 threads per core) family 6 model 142 stepping 9 microcode 0xf0, cx8, cmov, fxsr, ht, mmx, 3dnowpref, sse, sse2, sse3, ssse3, sse4.1, sse4.2, popcnt, lzcnt, tsc, tscinvbit, avx, avx2, aes, erms, clmul, bmi1, bmi2, adx, fma, vzeroupper, clflush, clflushopt

Memory: 4k page, system-wide physical 8089M (1182M free)
TotalPageFile size 11089M (AvailPageFile size 5M)
current process WorkingSet (physical memory assigned to process): 79M, peak: 79M
current process commit charge ("private bytes"): 154M, peak: 154M

vm_info: OpenJDK 64-Bit Server VM (17.0.6+10) for windows-amd64 JRE (17.0.6+10), built on Jan 18 2023 10:08:59 by "temurin" with MS VC++ 16.7 (VS2019)

END.
