#
# A fatal error has been detected by the Java Runtime Environment:
#
#  EXCEPTION_ACCESS_VIOLATION (0xc0000005) at pc=0x00007ffb24eea213, pid=9280, tid=15264
#
# JRE version: OpenJDK Runtime Environment (11.0.15) (build 11.0.15+0-b2043.56-9505619)
# Java VM: OpenJDK 64-Bit Server VM (11.0.15+0-b2043.56-9505619, mixed mode, tiered, compressed oops, g1 gc, windows-amd64)
# Problematic frame:
# V  [jvm.dll+0x39a213]
#
# No core dump will be written. Minidumps are not enabled by default on client versions of Windows
#
# If you would like to submit a bug report, please visit:
#   https://bugreport.java.com/bugreport/crash.jsp
#

---------------  S U M M A R Y ------------

Command Line: org.jetbrains.kotlin.cli.jvm.K2JVMCompiler @C:\Users\songe\source\repos\SAMSV2\node_modules\react-native-screens\android\build\20230703_15289782118869636627.compiler.options

Host: Intel(R) Core(TM) i7-7500U CPU @ 2.70GHz, 4 cores, 7G,  Windows 10 , 64 bit Build 19041 (10.0.19041.3155)
Time: Mon Jul  3 20:20:37 2023 South Africa Standard Time elapsed time: 0.301621 seconds (0d 0h 0m 0s)

---------------  T H R E A D  ---------------

Current thread (0x0000015755320000):  JavaThread "main" [_thread_in_vm, id=15264, stack(0x0000004fd0500000,0x0000004fd0600000)]

Stack: [0x0000004fd0500000,0x0000004fd0600000],  sp=0x0000004fd05f8950,  free space=994k
Native frames: (J=compiled Java code, j=interpreted, Vv=VM code, C=native code)
V  [jvm.dll+0x39a213]
V  [jvm.dll+0x641282]
V  [jvm.dll+0x399f6e]
V  [jvm.dll+0x383087]
V  [jvm.dll+0x382ad8]
V  [jvm.dll+0x52f552]
V  [jvm.dll+0x52e2f4]
V  [jvm.dll+0x395c52]
