#
# There is insufficient memory for the Java Runtime Environment to continue.
# Native memory allocation (mmap) failed to map 176160768 bytes for G1 virtual space
# Possible reasons:
#   The system is out of physical RAM or swap space
#   The process is running with CompressedOops enabled, and the Java Heap may be blocking the growth of the native heap
# Possible solutions:
#   Reduce memory load on the system
#   Increase physical memory or swap space
#   Check if swap backing store is full
#   Decrease Java heap size (-Xmx/-Xms)
#   Decrease number of Java threads
#   Decrease Java thread stack sizes (-Xss)
#   Set larger code cache with -XX:ReservedCodeCacheSize=
#   JVM is running with Unscaled Compressed Oops mode in which the Java heap is
#     placed in the first 4GB address space. The Java Heap base address is the
#     maximum limit for the native heap growth. Please use -XX:HeapBaseMinAddress
#     to set the Java Heap base and to place the Java Heap above 4GB virtual address.
# This output file may be truncated or incomplete.
#
#  Out of Memory Error (os_windows.cpp:3557), pid=14912, tid=2020
#
# JRE version: OpenJDK Runtime Environment Temurin-17.0.6+10 (17.0.6+10) (build 17.0.6+10)
# Java VM: OpenJDK 64-Bit Server VM Temurin-17.0.6+10 (17.0.6+10, mixed mode, sharing, tiered, compressed oops, compressed class ptrs, g1 gc, windows-amd64)
# No core dump will be written. Minidumps are not enabled by default on client versions of Windows
#

---------------  S U M M A R Y ------------

Command Line: -XX:MaxMetaspaceSize=512m --add-opens=java.base/java.util=ALL-UNNAMED --add-opens=java.base/java.lang=ALL-UNNAMED --add-opens=java.base/java.lang.invoke=ALL-UNNAMED --add-opens=java.base/java.util=ALL-UNNAMED --add-opens=java.prefs/java.util.prefs=ALL-UNNAMED --add-opens=java.prefs/java.util.prefs=ALL-UNNAMED --add-opens=java.base/java.nio.charset=ALL-UNNAMED --add-opens=java.base/java.net=ALL-UNNAMED --add-opens=java.base/java.util.concurrent.atomic=ALL-UNNAMED -Xmx2048m -Dfile.encoding=windows-1252 -Duser.country=ZA -Duser.language=en -Duser.variant org.gradle.launcher.daemon.bootstrap.GradleDaemon 7.5.1

Host: Intel(R) Core(TM) i7-7500U CPU @ 2.70GHz, 4 cores, 7G,  Windows 10 , 64 bit Build 19041 (10.0.19041.3031)
Time: Mon Jun 19 18:44:01 2023 South Africa Standard Time elapsed time: 45.104369 seconds (0d 0h 0m 45s)

---------------  T H R E A D  ---------------

Current thread (0x000002b4ff815c70):  VMThread "VM Thread" [stack: 0x000000f334c00000,0x000000f334d00000] [id=2020]

Stack: [0x000000f334c00000,0x000000f334d00000]
Native frames: (J=compiled Java code, j=interpreted, Vv=VM code, C=native code)
V  [jvm.dll+0x67741a]
V  [jvm.dll+0x834434]
V  [jvm.dll+0x835bde]
V  [jvm.dll+0x836243]
V  [jvm.dll+0x2457b5]
V  [jvm.dll+0x674329]
V  [jvm.dll+0x6689da]
V  [jvm.dll+0x30489b]
V  [jvm.dll+0x30bd96]
V  [jvm.dll+0x35b57e]
V  [jvm.dll+0x35b7af]
V  [jvm.dll+0x2db778]
V  [jvm.dll+0x2d9a2c]
V  [jvm.dll+0x2d8ffc]
V  [jvm.dll+0x31cdcb]
V  [jvm.dll+0x83a6eb]
V  [jvm.dll+0x83b424]
V  [jvm.dll+0x83b93c]
V  [jvm.dll+0x83bd14]
V  [jvm.dll+0x83bde0]
V  [jvm.dll+0x7e483a]
V  [jvm.dll+0x6762c5]
C  [ucrtbase.dll+0x21bb2]
C  [KERNEL32.DLL+0x17614]
C  [ntdll.dll+0x526f1]

VM_Operation (0x000000f3368fe860): G1CollectForAllocation, mode: safepoint, requested by thread 0x000002b493094d40


---------------  P R O C E S S  ---------------

Threads class SMR info:
_java_thread_list=0x000002b4975f0840, length=89, elements={
0x000002b4f2c96b00, 0x000002b4ff81a880, 0x000002b4ff81b6f0, 0x000002b4ff839290,
0x000002b4ff839c40, 0x000002b4ff83a5f0, 0x000002b4ff83afa0, 0x000002b4ff840190,
0x000002b4ff84ac50, 0x000002b4ff85d240, 0x000002b4ffa83c30, 0x000002b4ffa86520,
0x000002b492e7ad30, 0x000002b49241b4d0, 0x000002b4921de4c0, 0x000002b4927a5af0,
0x000002b4930d3010, 0x000002b4931d4830, 0x000002b491c52b90, 0x000002b493096550,
0x000002b493094870, 0x000002b493095bb0, 0x000002b493095210, 0x000002b493093ed0,
0x000002b493094d40, 0x000002b4930956e0, 0x000002b4930943a0, 0x000002b493096080,
0x000002b493096a20, 0x000002b493093060, 0x000002b493093530, 0x000002b493093a00,
0x000002b49240b7f0, 0x000002b49240ece0, 0x000002b49240bcc0, 0x000002b49240a980,
0x000002b4924104f0, 0x000002b49240de70, 0x000002b4924109c0, 0x000002b49240ae50,
0x000002b49240e340, 0x000002b49240fb50, 0x000002b49240b320, 0x000002b49240d4d0,
0x000002b492410020, 0x000002b492410e90, 0x000002b49240c190, 0x000002b49240f680,
0x000002b49240f1b0, 0x000002b492411830, 0x000002b49240c660, 0x000002b49240d000,
0x000002b492411d00, 0x000002b49240e810, 0x000002b49240d9a0, 0x000002b493934ef0,
0x000002b493931ed0, 0x000002b493937a40, 0x000002b493933210, 0x000002b493935890,
0x000002b493936700, 0x000002b493931060, 0x000002b493937f10, 0x000002b493931530,
0x000002b4939383e0, 0x000002b493932d40, 0x000002b493936bd0, 0x000002b4939370a0,
0x000002b493934550, 0x000002b493931a00, 0x000002b493937570, 0x000002b4939323a0,
0x000002b4939336e0, 0x000002b493932870, 0x000002b4939388b0, 0x000002b4939353c0,
0x000002b492549d30, 0x000002b492549390, 0x000002b492549860, 0x000002b49254a200,
0x000002b492548ec0, 0x000002b4925489f0, 0x000002b49254b540, 0x000002b49254a6d0,
0x000002b49254aba0, 0x000002b492548050, 0x000002b492548520, 0x000002b49254b070,
0x000002b49355e030
}

Java Threads: ( => current thread )
  0x000002b4f2c96b00 JavaThread "main" [_thread_blocked, id=18344, stack(0x000000f334600000,0x000000f334700000)]
  0x000002b4ff81a880 JavaThread "Reference Handler" daemon [_thread_blocked, id=4060, stack(0x000000f334d00000,0x000000f334e00000)]
  0x000002b4ff81b6f0 JavaThread "Finalizer" daemon [_thread_blocked, id=14856, stack(0x000000f334e00000,0x000000f334f00000)]
  0x000002b4ff839290 JavaThread "Signal Dispatcher" daemon [_thread_blocked, id=11456, stack(0x000000f334f00000,0x000000f335000000)]
  0x000002b4ff839c40 JavaThread "Attach Listener" daemon [_thread_blocked, id=17760, stack(0x000000f335000000,0x000000f335100000)]
  0x000002b4ff83a5f0 JavaThread "Service Thread" daemon [_thread_blocked, id=5552, stack(0x000000f335100000,0x000000f335200000)]
  0x000002b4ff83afa0 JavaThread "Monitor Deflation Thread" daemon [_thread_blocked, id=17000, stack(0x000000f335200000,0x000000f335300000)]
  0x000002b4ff840190 JavaThread "C2 CompilerThread0" daemon [_thread_blocked, id=12096, stack(0x000000f335300000,0x000000f335400000)]
  0x000002b4ff84ac50 JavaThread "C1 CompilerThread0" daemon [_thread_blocked, id=4088, stack(0x000000f335400000,0x000000f335500000)]
  0x000002b4ff85d240 JavaThread "Sweeper thread" daemon [_thread_blocked, id=13516, stack(0x000000f335500000,0x000000f335600000)]
  0x000002b4ffa83c30 JavaThread "Common-Cleaner" daemon [_thread_blocked, id=4556, stack(0x000000f335600000,0x000000f335700000)]
  0x000002b4ffa86520 JavaThread "Notification Thread" daemon [_thread_blocked, id=2016, stack(0x000000f335700000,0x000000f335800000)]
  0x000002b492e7ad30 JavaThread "Daemon health stats" [_thread_blocked, id=4156, stack(0x000000f335c00000,0x000000f335d00000)]
  0x000002b49241b4d0 JavaThread "Incoming local TCP Connector on port 57063" [_thread_in_native, id=14640, stack(0x000000f335d00000,0x000000f335e00000)]
  0x000002b4921de4c0 JavaThread "Daemon periodic checks" [_thread_blocked, id=15564, stack(0x000000f335e00000,0x000000f335f00000)]
  0x000002b4927a5af0 JavaThread "Daemon" [_thread_blocked, id=9548, stack(0x000000f335f00000,0x000000f336000000)]
  0x000002b4930d3010 JavaThread "Handler for socket connection from /127.0.0.1:57063 to /127.0.0.1:57064" [_thread_in_native, id=1568, stack(0x000000f336000000,0x000000f336100000)]
  0x000002b4931d4830 JavaThread "Cancel handler" [_thread_blocked, id=19404, stack(0x000000f336100000,0x000000f336200000)]
  0x000002b491c52b90 JavaThread "Daemon worker" [_thread_blocked, id=15352, stack(0x000000f336200000,0x000000f336300000)]
  0x000002b493096550 JavaThread "Asynchronous log dispatcher for DefaultDaemonConnection: socket connection from /127.0.0.1:57063 to /127.0.0.1:57064" [_thread_blocked, id=1120, stack(0x000000f336300000,0x000000f336400000)]
  0x000002b493094870 JavaThread "Stdin handler" [_thread_blocked, id=18856, stack(0x000000f336400000,0x000000f336500000)]
  0x000002b493095bb0 JavaThread "Daemon client event forwarder" [_thread_blocked, id=19028, stack(0x000000f336500000,0x000000f336600000)]
  0x000002b493095210 JavaThread "Cache worker for journal cache (C:\Users\songe\.gradle\caches\journal-1)" [_thread_blocked, id=19280, stack(0x000000f336600000,0x000000f336700000)]
  0x000002b493093ed0 JavaThread "File lock request listener" [_thread_in_native, id=18308, stack(0x000000f336700000,0x000000f336800000)]
  0x000002b493094d40 JavaThread "Cache worker for file hash cache (C:\Users\songe\.gradle\caches\7.5.1\fileHashes)" [_thread_blocked, id=10688, stack(0x000000f336800000,0x000000f336900000)]
  0x000002b4930956e0 JavaThread "File watcher server" daemon [_thread_in_native, id=4632, stack(0x000000f336900000,0x000000f336a00000)]
  0x000002b4930943a0 JavaThread "File watcher consumer" daemon [_thread_blocked, id=9084, stack(0x000000f336a00000,0x000000f336b00000)]
  0x000002b493096080 JavaThread "Cache worker for checksums cache (C:\Users\songe\Development\react-native\SAMS\android\.gradle\7.5.1\checksums)" [_thread_blocked, id=19452, stack(0x000000f336b00000,0x000000f336c00000)]
  0x000002b493096a20 JavaThread "Cache worker for cache directory md-rule (C:\Users\songe\.gradle\caches\7.5.1\md-rule)" [_thread_blocked, id=8160, stack(0x000000f336c00000,0x000000f336d00000)]
  0x000002b493093060 JavaThread "Cache worker for file content cache (C:\Users\songe\.gradle\caches\7.5.1\fileContent)" [_thread_blocked, id=6420, stack(0x000000f336d00000,0x000000f336e00000)]
  0x000002b493093530 JavaThread "Cache worker for file hash cache (C:\Users\songe\Development\react-native\SAMS\android\.gradle\7.5.1\fileHashes)" [_thread_blocked, id=19384, stack(0x000000f336e00000,0x000000f336f00000)]
  0x000002b493093a00 JavaThread "Cache worker for cache directory md-supplier (C:\Users\songe\.gradle\caches\7.5.1\md-supplier)" [_thread_blocked, id=10756, stack(0x000000f336f00000,0x000000f337000000)]
  0x000002b49240b7f0 JavaThread "Cache worker for execution history cache (C:\Users\songe\.gradle\caches\7.5.1\executionHistory)" [_thread_blocked, id=7860, stack(0x000000f337100000,0x000000f337200000)]
  0x000002b49240ece0 JavaThread "jar transforms" [_thread_blocked, id=13812, stack(0x000000f337200000,0x000000f337300000)]
  0x000002b49240bcc0 JavaThread "jar transforms Thread 2" [_thread_blocked, id=16264, stack(0x000000f337300000,0x000000f337400000)]
  0x000002b49240a980 JavaThread "jar transforms Thread 3" [_thread_blocked, id=18832, stack(0x000000f337400000,0x000000f337500000)]
  0x000002b4924104f0 JavaThread "jar transforms Thread 4" [_thread_blocked, id=18808, stack(0x000000f337500000,0x000000f337600000)]
  0x000002b49240de70 JavaThread "Cache worker for kotlin-dsl (C:\Users\songe\.gradle\caches\7.5.1\kotlin-dsl)" [_thread_blocked, id=14060, stack(0x000000f337700000,0x000000f337800000)]
  0x000002b4924109c0 JavaThread "Cache worker for dependencies-accessors (C:\Users\songe\Development\react-native\SAMS\android\.gradle\7.5.1\dependencies-accessors)" [_thread_blocked, id=5000, stack(0x000000f337800000,0x000000f337900000)]
  0x000002b49240ae50 JavaThread "Cache worker for Build Output Cleanup Cache (C:\Users\songe\Development\react-native\SAMS\node_modules\react-native-gradle-plugin\.gradle\buildOutputCleanup)" [_thread_blocked, id=18936, stack(0x000000f337900000,0x000000f337a00000)]
  0x000002b49240e340 JavaThread "Unconstrained build operations" [_thread_blocked, id=11348, stack(0x000000f337a00000,0x000000f337b00000)]
  0x000002b49240fb50 JavaThread "Unconstrained build operations Thread 2" [_thread_blocked, id=2376, stack(0x000000f337b00000,0x000000f337c00000)]
  0x000002b49240b320 JavaThread "Unconstrained build operations Thread 3" [_thread_blocked, id=12580, stack(0x000000f337c00000,0x000000f337d00000)]
  0x000002b49240d4d0 JavaThread "Unconstrained build operations Thread 4" [_thread_blocked, id=17240, stack(0x000000f337d00000,0x000000f337e00000)]
  0x000002b492410020 JavaThread "Unconstrained build operations Thread 5" [_thread_blocked, id=13732, stack(0x000000f337e00000,0x000000f337f00000)]
  0x000002b492410e90 JavaThread "Unconstrained build operations Thread 6" [_thread_blocked, id=17168, stack(0x000000f337f00000,0x000000f338000000)]
  0x000002b49240c190 JavaThread "Unconstrained build operations Thread 7" [_thread_blocked, id=16428, stack(0x000000f338000000,0x000000f338100000)]
  0x000002b49240f680 JavaThread "Unconstrained build operations Thread 8" [_thread_blocked, id=11120, stack(0x000000f338100000,0x000000f338200000)]
  0x000002b49240f1b0 JavaThread "Unconstrained build operations Thread 9" [_thread_blocked, id=13968, stack(0x000000f338200000,0x000000f338300000)]
  0x000002b492411830 JavaThread "Unconstrained build operations Thread 10" [_thread_blocked, id=8780, stack(0x000000f338300000,0x000000f338400000)]
  0x000002b49240c660 JavaThread "Unconstrained build operations Thread 11" [_thread_blocked, id=12356, stack(0x000000f338400000,0x000000f338500000)]
  0x000002b49240d000 JavaThread "Unconstrained build operations Thread 12" [_thread_blocked, id=16976, stack(0x000000f338500000,0x000000f338600000)]
  0x000002b492411d00 JavaThread "Unconstrained build operations Thread 13" [_thread_blocked, id=9360, stack(0x000000f338600000,0x000000f338700000)]
  0x000002b49240e810 JavaThread "Unconstrained build operations Thread 14" [_thread_blocked, id=17920, stack(0x000000f338700000,0x000000f338800000)]
  0x000002b49240d9a0 JavaThread "Unconstrained build operations Thread 15" [_thread_blocked, id=6444, stack(0x000000f338800000,0x000000f338900000)]
  0x000002b493934ef0 JavaThread "Unconstrained build operations Thread 16" [_thread_blocked, id=11548, stack(0x000000f338900000,0x000000f338a00000)]
  0x000002b493931ed0 JavaThread "Unconstrained build operations Thread 17" [_thread_blocked, id=19036, stack(0x000000f338a00000,0x000000f338b00000)]
  0x000002b493937a40 JavaThread "Unconstrained build operations Thread 18" [_thread_blocked, id=13520, stack(0x000000f338b00000,0x000000f338c00000)]
  0x000002b493933210 JavaThread "Unconstrained build operations Thread 19" [_thread_blocked, id=18020, stack(0x000000f338c00000,0x000000f338d00000)]
  0x000002b493935890 JavaThread "Unconstrained build operations Thread 20" [_thread_blocked, id=10096, stack(0x000000f338d00000,0x000000f338e00000)]
  0x000002b493936700 JavaThread "Unconstrained build operations Thread 21" [_thread_blocked, id=19000, stack(0x000000f338e00000,0x000000f338f00000)]
  0x000002b493931060 JavaThread "Unconstrained build operations Thread 22" [_thread_blocked, id=4640, stack(0x000000f338f00000,0x000000f339000000)]
  0x000002b493937f10 JavaThread "Unconstrained build operations Thread 23" [_thread_blocked, id=10524, stack(0x000000f339000000,0x000000f339100000)]
  0x000002b493931530 JavaThread "Unconstrained build operations Thread 24" [_thread_blocked, id=8984, stack(0x000000f339100000,0x000000f339200000)]
  0x000002b4939383e0 JavaThread "Unconstrained build operations Thread 25" [_thread_blocked, id=8680, stack(0x000000f339200000,0x000000f339300000)]
  0x000002b493932d40 JavaThread "Unconstrained build operations Thread 26" [_thread_blocked, id=8416, stack(0x000000f339300000,0x000000f339400000)]
  0x000002b493936bd0 JavaThread "Unconstrained build operations Thread 27" [_thread_blocked, id=15032, stack(0x000000f339400000,0x000000f339500000)]
  0x000002b4939370a0 JavaThread "Unconstrained build operations Thread 28" [_thread_blocked, id=18900, stack(0x000000f339500000,0x000000f339600000)]
  0x000002b493934550 JavaThread "Unconstrained build operations Thread 29" [_thread_blocked, id=18508, stack(0x000000f339600000,0x000000f339700000)]
  0x000002b493931a00 JavaThread "Unconstrained build operations Thread 30" [_thread_blocked, id=1140, stack(0x000000f339700000,0x000000f339800000)]
  0x000002b493937570 JavaThread "Unconstrained build operations Thread 31" [_thread_blocked, id=4172, stack(0x000000f339800000,0x000000f339900000)]
  0x000002b4939323a0 JavaThread "Unconstrained build operations Thread 32" [_thread_blocked, id=9812, stack(0x000000f339900000,0x000000f339a00000)]
  0x000002b4939336e0 JavaThread "Unconstrained build operations Thread 33" [_thread_blocked, id=10500, stack(0x000000f339a00000,0x000000f339b00000)]
  0x000002b493932870 JavaThread "build event listener" [_thread_blocked, id=1464, stack(0x000000f339b00000,0x000000f339c00000)]
  0x000002b4939388b0 JavaThread "Memory manager" [_thread_blocked, id=11344, stack(0x000000f339c00000,0x000000f339d00000)]
  0x000002b4939353c0 JavaThread "Cache worker for Build Output Cleanup Cache (C:\Users\songe\Development\react-native\SAMS\android\.gradle\buildOutputCleanup)" [_thread_blocked, id=7008, stack(0x000000f339d00000,0x000000f339e00000)]
  0x000002b492549d30 JavaThread "included builds" [_thread_blocked, id=12752, stack(0x000000f339e00000,0x000000f339f00000)]
  0x000002b492549390 JavaThread "Execution worker" [_thread_blocked, id=19052, stack(0x000000f339f00000,0x000000f33a000000)]
  0x000002b492549860 JavaThread "Execution worker Thread 2" [_thread_blocked, id=13128, stack(0x000000f33a000000,0x000000f33a100000)]
  0x000002b49254a200 JavaThread "Execution worker Thread 3" [_thread_blocked, id=17092, stack(0x000000f33a100000,0x000000f33a200000)]
  0x000002b492548ec0 JavaThread "Cache worker for execution history cache (C:\Users\songe\Development\react-native\SAMS\node_modules\react-native-gradle-plugin\.gradle\7.5.1\executionHistory)" [_thread_blocked, id=18944, stack(0x000000f33a200000,0x000000f33a300000)]
  0x000002b4925489f0 JavaThread "Unconstrained build operations Thread 34" [_thread_blocked, id=14204, stack(0x000000f33a300000,0x000000f33a400000)]
  0x000002b49254b540 JavaThread "Unconstrained build operations Thread 35" [_thread_blocked, id=7308, stack(0x000000f33a400000,0x000000f33a500000)]
  0x000002b49254a6d0 JavaThread "Unconstrained build operations Thread 36" [_thread_blocked, id=8124, stack(0x000000f33a500000,0x000000f33a600000)]
  0x000002b49254aba0 JavaThread "Unconstrained build operations Thread 37" [_thread_blocked, id=11148, stack(0x000000f33a600000,0x000000f33a700000)]
  0x000002b492548050 JavaThread "Unconstrained build operations Thread 38" [_thread_blocked, id=760, stack(0x000000f33a700000,0x000000f33a800000)]
  0x000002b492548520 JavaThread "Unconstrained build operations Thread 39" [_thread_blocked, id=1372, stack(0x000000f33a800000,0x000000f33a900000)]
  0x000002b49254b070 JavaThread "Unconstrained build operations Thread 40" [_thread_blocked, id=18492, stack(0x000000f33a900000,0x000000f33aa00000)]
  0x000002b49355e030 JavaThread "C2 CompilerThread1" daemon [_thread_blocked, id=14276, stack(0x000000f337600000,0x000000f337700000)]

Other Threads:
=>0x000002b4ff815c70 VMThread "VM Thread" [stack: 0x000000f334c00000,0x000000f334d00000] [id=2020]
  0x000002b4ff8247a0 WatcherThread [stack: 0x000000f335800000,0x000000f335900000] [id=18892]
  0x000002b4f2cf3970 GCTaskThread "GC Thread#0" [stack: 0x000000f334700000,0x000000f334800000] [id=1528]
  0x000002b4ffd1c1a0 GCTaskThread "GC Thread#1" [stack: 0x000000f335900000,0x000000f335a00000] [id=9968]
  0x000002b4918110b0 GCTaskThread "GC Thread#2" [stack: 0x000000f335a00000,0x000000f335b00000] [id=2056]
  0x000002b491f21d20 GCTaskThread "GC Thread#3" [stack: 0x000000f335b00000,0x000000f335c00000] [id=6904]
  0x000002b4f2d048b0 ConcurrentGCThread "G1 Main Marker" [stack: 0x000000f334800000,0x000000f334900000] [id=18472]
  0x000002b4f2d05a60 ConcurrentGCThread "G1 Conc#0" [stack: 0x000000f334900000,0x000000f334a00000] [id=15292]
  0x000002b4f2d5da60 ConcurrentGCThread "G1 Refine#0" [stack: 0x000000f334a00000,0x000000f334b00000] [id=18520]
  0x000002b49373a740 ConcurrentGCThread "G1 Refine#1" [stack: 0x000000f337000000,0x000000f337100000] [id=1056]
  0x000002b4f2d5e480 ConcurrentGCThread "G1 Service" [stack: 0x000000f334b00000,0x000000f334c00000] [id=7476]

Threads with active compile tasks:
C2 CompilerThread1    45156 12098       4       org.gradle.internal.operations.DefaultBuildOperationRunner$2::execute (12 bytes)

VM state: at safepoint (normal execution)

VM Mutex/Monitor currently owned by a thread:  ([mutex/lock_event])
[0x000002b4f2c92d40] Threads_lock - owner thread: 0x000002b4ff815c70
[0x000002b4f2c93250] Heap_lock - owner thread: 0x000002b493094d40

Heap address: 0x0000000080000000, size: 2048 MB, Compressed Oops mode: 32-bit

CDS archive(s) mapped at: [0x0000000800000000-0x0000000800bc0000-0x0000000800bc0000), size 12320768, SharedBaseAddress: 0x0000000800000000, ArchiveRelocationMode: 0.
Compressed class space mapped at: 0x0000000800c00000-0x000000081a800000, reserved size: 432013312
Narrow klass base: 0x0000000800000000, Narrow klass shift: 0, Narrow klass range: 0x100000000

GC Precious Log:
 CPUs: 4 total, 4 available
 Memory: 8089M
 Large Page Support: Disabled
 NUMA Support: Disabled
 Compressed Oops: Enabled (32-bit)
 Heap Region Size: 1M
 Heap Min Capacity: 8M
 Heap Initial Capacity: 128M
 Heap Max Capacity: 2G
 Pre-touch: Disabled
 Parallel Workers: 4
 Concurrent Workers: 1
 Concurrent Refinement Workers: 4
 Periodic GC: Disabled

Heap:
 garbage-first heap   total 189440K, used 119229K [0x0000000080000000, 0x0000000100000000)
  region size 1024K, 5 young (5120K), 5 survivors (5120K)
 Metaspace       used 86603K, committed 87616K, reserved 503808K
  class space    used 12011K, committed 12480K, reserved 421888K

Heap Regions: E=young(eden), S=young(survivor), O=old, HS=humongous(starts), HC=humongous(continues), CS=collection set, F=free, OA=open archive, CA=closed archive, TAMS=top-at-mark-start (previous, next)
|   0|0x0000000080000000, 0x0000000080100000, 0x0000000080100000|100%|HS|  |TAMS 0x0000000080100000, 0x0000000080100000| Complete 
|   1|0x0000000080100000, 0x0000000080200000, 0x0000000080200000|100%|HC|  |TAMS 0x0000000080200000, 0x0000000080200000| Complete 
|   2|0x0000000080200000, 0x0000000080300000, 0x0000000080300000|100%|HC|  |TAMS 0x0000000080300000, 0x0000000080300000| Complete 
|   3|0x0000000080300000, 0x0000000080400000, 0x0000000080400000|100%| O|  |TAMS 0x0000000080400000, 0x0000000080400000| Untracked 
|   4|0x0000000080400000, 0x0000000080500000, 0x0000000080500000|100%| O|  |TAMS 0x0000000080500000, 0x0000000080500000| Untracked 
|   5|0x0000000080500000, 0x0000000080600000, 0x0000000080600000|100%| O|  |TAMS 0x0000000080600000, 0x0000000080600000| Untracked 
|   6|0x0000000080600000, 0x0000000080700000, 0x0000000080700000|100%| O|  |TAMS 0x0000000080700000, 0x0000000080700000| Untracked 
|   7|0x0000000080700000, 0x0000000080800000, 0x0000000080800000|100%| O|  |TAMS 0x0000000080800000, 0x0000000080800000| Untracked 
|   8|0x0000000080800000, 0x0000000080900000, 0x0000000080900000|100%| O|  |TAMS 0x0000000080900000, 0x0000000080900000| Untracked 
|   9|0x0000000080900000, 0x0000000080a00000, 0x0000000080a00000|100%| O|  |TAMS 0x0000000080a00000, 0x0000000080a00000| Untracked 
|  10|0x0000000080a00000, 0x0000000080b00000, 0x0000000080b00000|100%| O|  |TAMS 0x0000000080b00000, 0x0000000080b00000| Untracked 
|  11|0x0000000080b00000, 0x0000000080c00000, 0x0000000080c00000|100%| O|  |TAMS 0x0000000080c00000, 0x0000000080c00000| Untracked 
|  12|0x0000000080c00000, 0x0000000080d00000, 0x0000000080d00000|100%| O|  |TAMS 0x0000000080d00000, 0x0000000080d00000| Untracked 
|  13|0x0000000080d00000, 0x0000000080e00000, 0x0000000080e00000|100%| O|  |TAMS 0x0000000080e00000, 0x0000000080e00000| Untracked 
|  14|0x0000000080e00000, 0x0000000080f00000, 0x0000000080f00000|100%| O|  |TAMS 0x0000000080f00000, 0x0000000080f00000| Untracked 
|  15|0x0000000080f00000, 0x0000000081000000, 0x0000000081000000|100%| O|  |TAMS 0x0000000081000000, 0x0000000081000000| Untracked 
|  16|0x0000000081000000, 0x0000000081100000, 0x0000000081100000|100%| O|  |TAMS 0x0000000081100000, 0x0000000081100000| Untracked 
|  17|0x0000000081100000, 0x0000000081200000, 0x0000000081200000|100%| O|  |TAMS 0x0000000081200000, 0x0000000081200000| Untracked 
|  18|0x0000000081200000, 0x00000000812b1200, 0x0000000081300000| 69%| O|  |TAMS 0x00000000812b1200, 0x00000000812b1200| Untracked 
|  19|0x0000000081300000, 0x0000000081400000, 0x0000000081400000|100%| O|  |TAMS 0x0000000081400000, 0x0000000081400000| Untracked 
|  20|0x0000000081400000, 0x0000000081500000, 0x0000000081500000|100%| O|  |TAMS 0x0000000081500000, 0x0000000081500000| Untracked 
|  21|0x0000000081500000, 0x0000000081600000, 0x0000000081600000|100%| O|  |TAMS 0x0000000081600000, 0x0000000081600000| Untracked 
|  22|0x0000000081600000, 0x0000000081700000, 0x0000000081700000|100%| O|  |TAMS 0x0000000081700000, 0x0000000081700000| Untracked 
|  23|0x0000000081700000, 0x0000000081800000, 0x0000000081800000|100%| O|  |TAMS 0x0000000081800000, 0x0000000081800000| Untracked 
|  24|0x0000000081800000, 0x0000000081900000, 0x0000000081900000|100%| O|  |TAMS 0x0000000081900000, 0x0000000081900000| Untracked 
|  25|0x0000000081900000, 0x0000000081a00000, 0x0000000081a00000|100%| O|  |TAMS 0x0000000081a00000, 0x0000000081a00000| Untracked 
|  26|0x0000000081a00000, 0x0000000081b00000, 0x0000000081b00000|100%| O|  |TAMS 0x0000000081b00000, 0x0000000081b00000| Untracked 
|  27|0x0000000081b00000, 0x0000000081c00000, 0x0000000081c00000|100%|HS|  |TAMS 0x0000000081c00000, 0x0000000081c00000| Complete 
|  28|0x0000000081c00000, 0x0000000081d00000, 0x0000000081d00000|100%| O|  |TAMS 0x0000000081d00000, 0x0000000081d00000| Untracked 
|  29|0x0000000081d00000, 0x0000000081e00000, 0x0000000081e00000|100%| O|  |TAMS 0x0000000081e00000, 0x0000000081e00000| Untracked 
|  30|0x0000000081e00000, 0x0000000081f00000, 0x0000000081f00000|100%| O|  |TAMS 0x0000000081f00000, 0x0000000081f00000| Untracked 
|  31|0x0000000081f00000, 0x0000000082000000, 0x0000000082000000|100%| O|  |TAMS 0x0000000082000000, 0x0000000082000000| Untracked 
|  32|0x0000000082000000, 0x0000000082100000, 0x0000000082100000|100%| O|  |TAMS 0x0000000082100000, 0x0000000082100000| Untracked 
|  33|0x0000000082100000, 0x0000000082200000, 0x0000000082200000|100%| O|  |TAMS 0x0000000082200000, 0x0000000082200000| Untracked 
|  34|0x0000000082200000, 0x0000000082300000, 0x0000000082300000|100%|HS|  |TAMS 0x0000000082300000, 0x0000000082300000| Complete 
|  35|0x0000000082300000, 0x0000000082400000, 0x0000000082400000|100%|HC|  |TAMS 0x0000000082400000, 0x0000000082400000| Complete 
|  36|0x0000000082400000, 0x0000000082500000, 0x0000000082500000|100%|HC|  |TAMS 0x0000000082500000, 0x0000000082500000| Complete 
|  37|0x0000000082500000, 0x0000000082600000, 0x0000000082600000|100%| O|  |TAMS 0x0000000082600000, 0x0000000082600000| Untracked 
|  38|0x0000000082600000, 0x0000000082700000, 0x0000000082700000|100%| O|  |TAMS 0x0000000082700000, 0x0000000082700000| Untracked 
|  39|0x0000000082700000, 0x0000000082800000, 0x0000000082800000|100%| O|  |TAMS 0x0000000082800000, 0x0000000082800000| Untracked 
|  40|0x0000000082800000, 0x0000000082900000, 0x0000000082900000|100%| O|  |TAMS 0x0000000082900000, 0x0000000082900000| Untracked 
|  41|0x0000000082900000, 0x0000000082a00000, 0x0000000082a00000|100%| O|  |TAMS 0x0000000082a00000, 0x0000000082a00000| Untracked 
|  42|0x0000000082a00000, 0x0000000082b00000, 0x0000000082b00000|100%| O|  |TAMS 0x0000000082b00000, 0x0000000082b00000| Untracked 
|  43|0x0000000082b00000, 0x0000000082c00000, 0x0000000082c00000|100%| O|  |TAMS 0x0000000082c00000, 0x0000000082c00000| Untracked 
|  44|0x0000000082c00000, 0x0000000082d00000, 0x0000000082d00000|100%| O|  |TAMS 0x0000000082d00000, 0x0000000082d00000| Untracked 
|  45|0x0000000082d00000, 0x0000000082e00000, 0x0000000082e00000|100%| O|  |TAMS 0x0000000082e00000, 0x0000000082e00000| Untracked 
|  46|0x0000000082e00000, 0x0000000082f00000, 0x0000000082f00000|100%| O|  |TAMS 0x0000000082f00000, 0x0000000082f00000| Untracked 
|  47|0x0000000082f00000, 0x0000000083000000, 0x0000000083000000|100%| O|  |TAMS 0x0000000083000000, 0x0000000083000000| Untracked 
|  48|0x0000000083000000, 0x0000000083100000, 0x0000000083100000|100%| O|  |TAMS 0x0000000083100000, 0x0000000083100000| Untracked 
|  49|0x0000000083100000, 0x0000000083200000, 0x0000000083200000|100%| O|  |TAMS 0x0000000083200000, 0x0000000083200000| Untracked 
|  50|0x0000000083200000, 0x0000000083300000, 0x0000000083300000|100%| O|  |TAMS 0x0000000083300000, 0x0000000083300000| Untracked 
|  51|0x0000000083300000, 0x0000000083400000, 0x0000000083400000|100%| O|  |TAMS 0x0000000083400000, 0x0000000083400000| Untracked 
|  52|0x0000000083400000, 0x0000000083500000, 0x0000000083500000|100%| O|  |TAMS 0x0000000083500000, 0x0000000083500000| Untracked 
|  53|0x0000000083500000, 0x0000000083600000, 0x0000000083600000|100%| O|  |TAMS 0x0000000083600000, 0x0000000083600000| Untracked 
|  54|0x0000000083600000, 0x0000000083700000, 0x0000000083700000|100%|HS|  |TAMS 0x0000000083700000, 0x0000000083700000| Complete 
|  55|0x0000000083700000, 0x0000000083800000, 0x0000000083800000|100%|HS|  |TAMS 0x0000000083800000, 0x0000000083800000| Complete 
|  56|0x0000000083800000, 0x0000000083900000, 0x0000000083900000|100%| O|  |TAMS 0x0000000083900000, 0x0000000083900000| Untracked 
|  57|0x0000000083900000, 0x0000000083a00000, 0x0000000083a00000|100%| O|  |TAMS 0x0000000083a00000, 0x0000000083a00000| Untracked 
|  58|0x0000000083a00000, 0x0000000083b00000, 0x0000000083b00000|100%|HS|  |TAMS 0x0000000083b00000, 0x0000000083b00000| Complete 
|  59|0x0000000083b00000, 0x0000000083c00000, 0x0000000083c00000|100%|HC|  |TAMS 0x0000000083c00000, 0x0000000083c00000| Complete 
|  60|0x0000000083c00000, 0x0000000083d00000, 0x0000000083d00000|100%| O|  |TAMS 0x0000000083d00000, 0x0000000083d00000| Untracked 
|  61|0x0000000083d00000, 0x0000000083e00000, 0x0000000083e00000|100%| O|  |TAMS 0x0000000083e00000, 0x0000000083e00000| Untracked 
|  62|0x0000000083e00000, 0x0000000083f00000, 0x0000000083f00000|100%| O|  |TAMS 0x0000000083f00000, 0x0000000083f00000| Untracked 
|  63|0x0000000083f00000, 0x0000000084000000, 0x0000000084000000|100%| O|  |TAMS 0x0000000084000000, 0x0000000084000000| Untracked 
|  64|0x0000000084000000, 0x0000000084100000, 0x0000000084100000|100%| O|  |TAMS 0x0000000084100000, 0x0000000084100000| Untracked 
|  65|0x0000000084100000, 0x0000000084200000, 0x0000000084200000|100%| O|  |TAMS 0x0000000084200000, 0x0000000084200000| Untracked 
|  66|0x0000000084200000, 0x0000000084300000, 0x0000000084300000|100%| O|  |TAMS 0x0000000084300000, 0x0000000084300000| Untracked 
|  67|0x0000000084300000, 0x0000000084400000, 0x0000000084400000|100%| O|  |TAMS 0x0000000084400000, 0x0000000084400000| Untracked 
|  68|0x0000000084400000, 0x0000000084500000, 0x0000000084500000|100%| O|  |TAMS 0x0000000084500000, 0x0000000084500000| Untracked 
|  69|0x0000000084500000, 0x0000000084600000, 0x0000000084600000|100%| O|  |TAMS 0x0000000084600000, 0x0000000084600000| Untracked 
|  70|0x0000000084600000, 0x0000000084700000, 0x0000000084700000|100%| O|  |TAMS 0x0000000084700000, 0x0000000084700000| Untracked 
|  71|0x0000000084700000, 0x0000000084800000, 0x0000000084800000|100%| O|  |TAMS 0x0000000084800000, 0x0000000084800000| Untracked 
|  72|0x0000000084800000, 0x0000000084900000, 0x0000000084900000|100%| O|  |TAMS 0x0000000084900000, 0x0000000084900000| Untracked 
|  73|0x0000000084900000, 0x0000000084a00000, 0x0000000084a00000|100%| O|  |TAMS 0x0000000084a00000, 0x0000000084a00000| Untracked 
|  74|0x0000000084a00000, 0x0000000084b00000, 0x0000000084b00000|100%| O|  |TAMS 0x0000000084b00000, 0x0000000084b00000| Untracked 
|  75|0x0000000084b00000, 0x0000000084c00000, 0x0000000084c00000|100%| O|  |TAMS 0x0000000084c00000, 0x0000000084c00000| Untracked 
|  76|0x0000000084c00000, 0x0000000084d00000, 0x0000000084d00000|100%| O|  |TAMS 0x0000000084d00000, 0x0000000084d00000| Untracked 
|  77|0x0000000084d00000, 0x0000000084e00000, 0x0000000084e00000|100%| O|  |TAMS 0x0000000084e00000, 0x0000000084e00000| Untracked 
|  78|0x0000000084e00000, 0x0000000084f00000, 0x0000000084f00000|100%| O|  |TAMS 0x0000000084f00000, 0x0000000084f00000| Untracked 
|  79|0x0000000084f00000, 0x0000000085000000, 0x0000000085000000|100%| O|  |TAMS 0x0000000085000000, 0x0000000085000000| Untracked 
|  80|0x0000000085000000, 0x0000000085100000, 0x0000000085100000|100%| O|  |TAMS 0x0000000085000000, 0x0000000085000000| Untracked 
|  81|0x0000000085100000, 0x0000000085200000, 0x0000000085200000|100%| O|  |TAMS 0x0000000085200000, 0x0000000085200000| Untracked 
|  82|0x0000000085200000, 0x0000000085300000, 0x0000000085300000|100%| O|  |TAMS 0x0000000085300000, 0x0000000085300000| Untracked 
|  83|0x0000000085300000, 0x0000000085400000, 0x0000000085400000|100%| O|  |TAMS 0x0000000085400000, 0x0000000085400000| Untracked 
|  84|0x0000000085400000, 0x0000000085500000, 0x0000000085500000|100%| O|  |TAMS 0x0000000085500000, 0x0000000085500000| Untracked 
|  85|0x0000000085500000, 0x0000000085600000, 0x0000000085600000|100%| O|  |TAMS 0x0000000085600000, 0x0000000085600000| Untracked 
|  86|0x0000000085600000, 0x0000000085700000, 0x0000000085700000|100%| O|  |TAMS 0x0000000085700000, 0x0000000085700000| Untracked 
|  87|0x0000000085700000, 0x0000000085800000, 0x0000000085800000|100%| O|  |TAMS 0x0000000085759600, 0x0000000085800000| Untracked 
|  88|0x0000000085800000, 0x0000000085900000, 0x0000000085900000|100%| O|  |TAMS 0x0000000085800000, 0x0000000085900000| Untracked 
|  89|0x0000000085900000, 0x0000000085a00000, 0x0000000085a00000|100%| O|  |TAMS 0x0000000085900000, 0x0000000085a00000| Untracked 
|  90|0x0000000085a00000, 0x0000000085b00000, 0x0000000085b00000|100%| O|  |TAMS 0x0000000085a00000, 0x0000000085b00000| Untracked 
|  91|0x0000000085b00000, 0x0000000085c00000, 0x0000000085c00000|100%| O|  |TAMS 0x0000000085b00000, 0x0000000085c00000| Untracked 
|  92|0x0000000085c00000, 0x0000000085d00000, 0x0000000085d00000|100%| O|  |TAMS 0x0000000085c00000, 0x0000000085d00000| Untracked 
|  93|0x0000000085d00000, 0x0000000085e00000, 0x0000000085e00000|100%| O|  |TAMS 0x0000000085d00000, 0x0000000085e00000| Untracked 
|  94|0x0000000085e00000, 0x0000000085f00000, 0x0000000085f00000|100%|HS|  |TAMS 0x0000000085e00000, 0x0000000085f00000| Complete 
|  95|0x0000000085f00000, 0x0000000086000000, 0x0000000086000000|100%|HS|  |TAMS 0x0000000085f00000, 0x0000000086000000| Complete 
|  96|0x0000000086000000, 0x0000000086100000, 0x0000000086100000|100%|HS|  |TAMS 0x0000000086000000, 0x0000000086100000| Complete 
|  97|0x0000000086100000, 0x0000000086200000, 0x0000000086200000|100%|HS|  |TAMS 0x0000000086100000, 0x0000000086200000| Complete 
|  98|0x0000000086200000, 0x0000000086300000, 0x0000000086300000|100%|HC|  |TAMS 0x0000000086200000, 0x0000000086300000| Complete 
|  99|0x0000000086300000, 0x0000000086400000, 0x0000000086400000|100%|HC|  |TAMS 0x0000000086300000, 0x0000000086400000| Complete 
| 100|0x0000000086400000, 0x0000000086500000, 0x0000000086500000|100%| O|  |TAMS 0x0000000086400000, 0x0000000086500000| Untracked 
| 101|0x0000000086500000, 0x0000000086600000, 0x0000000086600000|100%| O|  |TAMS 0x0000000086500000, 0x0000000086600000| Untracked 
| 102|0x0000000086600000, 0x0000000086700000, 0x0000000086700000|100%| O|  |TAMS 0x0000000086600000, 0x0000000086700000| Untracked 
| 103|0x0000000086700000, 0x0000000086800000, 0x0000000086800000|100%| O|  |TAMS 0x0000000086700000, 0x0000000086800000| Untracked 
| 104|0x0000000086800000, 0x0000000086900000, 0x0000000086900000|100%| O|  |TAMS 0x0000000086800000, 0x0000000086900000| Untracked 
| 105|0x0000000086900000, 0x0000000086a00000, 0x0000000086a00000|100%| O|  |TAMS 0x0000000086900000, 0x0000000086a00000| Untracked 
| 106|0x0000000086a00000, 0x0000000086b00000, 0x0000000086b00000|100%| O|  |TAMS 0x0000000086a00000, 0x0000000086b00000| Untracked 
| 107|0x0000000086b00000, 0x0000000086c00000, 0x0000000086c00000|100%| O|  |TAMS 0x0000000086b00000, 0x0000000086c00000| Untracked 
| 108|0x0000000086c00000, 0x0000000086d00000, 0x0000000086d00000|100%| O|  |TAMS 0x0000000086c00000, 0x0000000086d00000| Untracked 
| 109|0x0000000086d00000, 0x0000000086e00000, 0x0000000086e00000|100%| O|  |TAMS 0x0000000086d00000, 0x0000000086e00000| Untracked 
| 110|0x0000000086e00000, 0x0000000086f00000, 0x0000000086f00000|100%| O|  |TAMS 0x0000000086e00000, 0x0000000086e30c00| Untracked 
| 111|0x0000000086f00000, 0x0000000086fbe200, 0x0000000087000000| 74%| O|  |TAMS 0x0000000086f00000, 0x0000000086f00000| Untracked 
| 112|0x0000000087000000, 0x0000000087000000, 0x0000000087100000|  0%| F|  |TAMS 0x0000000087000000, 0x0000000087000000| Untracked 
| 113|0x0000000087100000, 0x0000000087100000, 0x0000000087200000|  0%| F|  |TAMS 0x0000000087100000, 0x0000000087100000| Untracked 
| 114|0x0000000087200000, 0x0000000087200000, 0x0000000087300000|  0%| F|  |TAMS 0x0000000087200000, 0x0000000087200000| Untracked 
| 115|0x0000000087300000, 0x0000000087300000, 0x0000000087400000|  0%| F|  |TAMS 0x0000000087300000, 0x0000000087300000| Untracked 
| 116|0x0000000087400000, 0x0000000087400000, 0x0000000087500000|  0%| F|  |TAMS 0x0000000087400000, 0x0000000087400000| Untracked 
| 117|0x0000000087500000, 0x0000000087500000, 0x0000000087600000|  0%| F|  |TAMS 0x0000000087500000, 0x0000000087500000| Untracked 
| 118|0x0000000087600000, 0x0000000087600000, 0x0000000087700000|  0%| F|  |TAMS 0x0000000087600000, 0x0000000087600000| Untracked 
| 119|0x0000000087700000, 0x0000000087700000, 0x0000000087800000|  0%| F|  |TAMS 0x0000000087700000, 0x0000000087700000| Untracked 
| 120|0x0000000087800000, 0x0000000087800000, 0x0000000087900000|  0%| F|  |TAMS 0x0000000087800000, 0x0000000087800000| Untracked 
| 121|0x0000000087900000, 0x0000000087900000, 0x0000000087a00000|  0%| F|  |TAMS 0x0000000087900000, 0x0000000087900000| Untracked 
| 122|0x0000000087a00000, 0x0000000087a00000, 0x0000000087b00000|  0%| F|  |TAMS 0x0000000087a00000, 0x0000000087a00000| Untracked 
| 123|0x0000000087b00000, 0x0000000087b00000, 0x0000000087c00000|  0%| F|  |TAMS 0x0000000087b00000, 0x0000000087b00000| Untracked 
| 124|0x0000000087c00000, 0x0000000087c00000, 0x0000000087d00000|  0%| F|  |TAMS 0x0000000087c00000, 0x0000000087c00000| Untracked 
| 125|0x0000000087d00000, 0x0000000087d00000, 0x0000000087e00000|  0%| F|  |TAMS 0x0000000087d00000, 0x0000000087d00000| Untracked 
| 126|0x0000000087e00000, 0x0000000087e00000, 0x0000000087f00000|  0%| F|  |TAMS 0x0000000087e00000, 0x0000000087e00000| Untracked 
| 127|0x0000000087f00000, 0x0000000087f00000, 0x0000000088000000|  0%| F|  |TAMS 0x0000000087f00000, 0x0000000087f00000| Untracked 
| 128|0x0000000088000000, 0x0000000088000000, 0x0000000088100000|  0%| F|  |TAMS 0x0000000088000000, 0x0000000088000000| Untracked 
| 129|0x0000000088100000, 0x0000000088100000, 0x0000000088200000|  0%| F|  |TAMS 0x0000000088100000, 0x0000000088100000| Untracked 
| 130|0x0000000088200000, 0x0000000088200000, 0x0000000088300000|  0%| F|  |TAMS 0x0000000088200000, 0x0000000088200000| Untracked 
| 131|0x0000000088300000, 0x0000000088300000, 0x0000000088400000|  0%| F|  |TAMS 0x0000000088300000, 0x0000000088300000| Untracked 
| 132|0x0000000088400000, 0x0000000088400000, 0x0000000088500000|  0%| F|  |TAMS 0x0000000088400000, 0x0000000088400000| Untracked 
| 133|0x0000000088500000, 0x0000000088500000, 0x0000000088600000|  0%| F|  |TAMS 0x0000000088500000, 0x0000000088500000| Untracked 
| 134|0x0000000088600000, 0x0000000088600000, 0x0000000088700000|  0%| F|  |TAMS 0x0000000088600000, 0x0000000088600000| Untracked 
| 135|0x0000000088700000, 0x0000000088700000, 0x0000000088800000|  0%| F|  |TAMS 0x0000000088700000, 0x0000000088700000| Untracked 
| 136|0x0000000088800000, 0x0000000088800000, 0x0000000088900000|  0%| F|  |TAMS 0x0000000088800000, 0x0000000088800000| Untracked 
| 137|0x0000000088900000, 0x0000000088900000, 0x0000000088a00000|  0%| F|  |TAMS 0x0000000088900000, 0x0000000088900000| Untracked 
| 138|0x0000000088a00000, 0x0000000088a00000, 0x0000000088b00000|  0%| F|  |TAMS 0x0000000088a00000, 0x0000000088a00000| Untracked 
| 139|0x0000000088b00000, 0x0000000088b00000, 0x0000000088c00000|  0%| F|  |TAMS 0x0000000088b00000, 0x0000000088b00000| Untracked 
| 140|0x0000000088c00000, 0x0000000088c00000, 0x0000000088d00000|  0%| F|  |TAMS 0x0000000088c00000, 0x0000000088c00000| Untracked 
| 141|0x0000000088d00000, 0x0000000088d00000, 0x0000000088e00000|  0%| F|  |TAMS 0x0000000088d00000, 0x0000000088d00000| Untracked 
| 142|0x0000000088e00000, 0x0000000088e00000, 0x0000000088f00000|  0%| F|  |TAMS 0x0000000088e00000, 0x0000000088e00000| Untracked 
| 143|0x0000000088f00000, 0x0000000088f00000, 0x0000000089000000|  0%| F|  |TAMS 0x0000000088f00000, 0x0000000088f00000| Untracked 
| 144|0x0000000089000000, 0x0000000089100000, 0x0000000089100000|100%| S|CS|TAMS 0x0000000089000000, 0x0000000089000000| Complete 
| 145|0x0000000089100000, 0x0000000089200000, 0x0000000089200000|100%| S|CS|TAMS 0x0000000089100000, 0x0000000089100000| Complete 
| 146|0x0000000089200000, 0x0000000089300000, 0x0000000089300000|100%| S|CS|TAMS 0x0000000089200000, 0x0000000089200000| Complete 
| 147|0x0000000089300000, 0x0000000089400000, 0x0000000089400000|100%| S|CS|TAMS 0x0000000089300000, 0x0000000089300000| Complete 
| 148|0x0000000089400000, 0x0000000089500000, 0x0000000089500000|100%| S|CS|TAMS 0x0000000089400000, 0x0000000089400000| Complete 
| 149|0x0000000089500000, 0x0000000089500000, 0x0000000089600000|  0%| F|  |TAMS 0x0000000089500000, 0x0000000089500000| Untracked 
| 150|0x0000000089600000, 0x0000000089600000, 0x0000000089700000|  0%| F|  |TAMS 0x0000000089600000, 0x0000000089600000| Untracked 
| 151|0x0000000089700000, 0x0000000089700000, 0x0000000089800000|  0%| F|  |TAMS 0x0000000089700000, 0x0000000089700000| Untracked 
| 152|0x0000000089800000, 0x0000000089800000, 0x0000000089900000|  0%| F|  |TAMS 0x0000000089800000, 0x0000000089800000| Untracked 
| 153|0x0000000089900000, 0x0000000089900000, 0x0000000089a00000|  0%| F|  |TAMS 0x0000000089900000, 0x0000000089900000| Untracked 
| 154|0x0000000089a00000, 0x0000000089a00000, 0x0000000089b00000|  0%| F|  |TAMS 0x0000000089a00000, 0x0000000089a00000| Untracked 
| 155|0x0000000089b00000, 0x0000000089b00000, 0x0000000089c00000|  0%| F|  |TAMS 0x0000000089b00000, 0x0000000089b00000| Untracked 
| 156|0x0000000089c00000, 0x0000000089c00000, 0x0000000089d00000|  0%| F|  |TAMS 0x0000000089c00000, 0x0000000089c00000| Untracked 
| 157|0x0000000089d00000, 0x0000000089d00000, 0x0000000089e00000|  0%| F|  |TAMS 0x0000000089d00000, 0x0000000089d00000| Untracked 
| 158|0x0000000089e00000, 0x0000000089e00000, 0x0000000089f00000|  0%| F|  |TAMS 0x0000000089e00000, 0x0000000089e00000| Untracked 
| 159|0x0000000089f00000, 0x0000000089f00000, 0x000000008a000000|  0%| F|  |TAMS 0x0000000089f00000, 0x0000000089f00000| Untracked 
| 160|0x000000008a000000, 0x000000008a000000, 0x000000008a100000|  0%| F|  |TAMS 0x000000008a000000, 0x000000008a000000| Untracked 
| 161|0x000000008a100000, 0x000000008a100000, 0x000000008a200000|  0%| F|  |TAMS 0x000000008a100000, 0x000000008a100000| Untracked 
| 162|0x000000008a200000, 0x000000008a200000, 0x000000008a300000|  0%| F|  |TAMS 0x000000008a200000, 0x000000008a200000| Untracked 
| 163|0x000000008a300000, 0x000000008a300000, 0x000000008a400000|  0%| F|  |TAMS 0x000000008a300000, 0x000000008a300000| Untracked 
| 164|0x000000008a400000, 0x000000008a400000, 0x000000008a500000|  0%| F|  |TAMS 0x000000008a400000, 0x000000008a400000| Untracked 
| 165|0x000000008a500000, 0x000000008a500000, 0x000000008a600000|  0%| F|  |TAMS 0x000000008a500000, 0x000000008a500000| Untracked 
| 166|0x000000008a600000, 0x000000008a600000, 0x000000008a700000|  0%| F|  |TAMS 0x000000008a600000, 0x000000008a600000| Untracked 
| 167|0x000000008a700000, 0x000000008a700000, 0x000000008a800000|  0%| F|  |TAMS 0x000000008a700000, 0x000000008a700000| Untracked 
| 168|0x000000008a800000, 0x000000008a800000, 0x000000008a900000|  0%| F|  |TAMS 0x000000008a800000, 0x000000008a800000| Untracked 
| 169|0x000000008a900000, 0x000000008a900000, 0x000000008aa00000|  0%| F|  |TAMS 0x000000008a900000, 0x000000008a900000| Untracked 
| 170|0x000000008aa00000, 0x000000008aa00000, 0x000000008ab00000|  0%| F|  |TAMS 0x000000008aa00000, 0x000000008aa00000| Untracked 
| 171|0x000000008ab00000, 0x000000008ab00000, 0x000000008ac00000|  0%| F|  |TAMS 0x000000008ab00000, 0x000000008ab00000| Untracked 
| 172|0x000000008ac00000, 0x000000008ac00000, 0x000000008ad00000|  0%| F|  |TAMS 0x000000008ac00000, 0x000000008ac00000| Untracked 
| 173|0x000000008ad00000, 0x000000008ad00000, 0x000000008ae00000|  0%| F|  |TAMS 0x000000008ad00000, 0x000000008ad00000| Untracked 
| 174|0x000000008ae00000, 0x000000008ae00000, 0x000000008af00000|  0%| F|  |TAMS 0x000000008ae00000, 0x000000008ae00000| Untracked 
| 175|0x000000008af00000, 0x000000008af00000, 0x000000008b000000|  0%| F|  |TAMS 0x000000008af00000, 0x000000008af00000| Untracked 
| 176|0x000000008b000000, 0x000000008b000000, 0x000000008b100000|  0%| F|  |TAMS 0x000000008b000000, 0x000000008b000000| Untracked 
| 177|0x000000008b100000, 0x000000008b100000, 0x000000008b200000|  0%| F|  |TAMS 0x000000008b100000, 0x000000008b100000| Untracked 
| 178|0x000000008b200000, 0x000000008b200000, 0x000000008b300000|  0%| F|  |TAMS 0x000000008b200000, 0x000000008b200000| Untracked 
| 179|0x000000008b300000, 0x000000008b300000, 0x000000008b400000|  0%| F|  |TAMS 0x000000008b300000, 0x000000008b300000| Untracked 
| 180|0x000000008b400000, 0x000000008b400000, 0x000000008b500000|  0%| F|  |TAMS 0x000000008b400000, 0x000000008b400000| Untracked 
| 181|0x000000008b500000, 0x000000008b500000, 0x000000008b600000|  0%| F|  |TAMS 0x000000008b500000, 0x000000008b500000| Untracked 
| 182|0x000000008b600000, 0x000000008b600000, 0x000000008b700000|  0%| F|  |TAMS 0x000000008b600000, 0x000000008b600000| Untracked 
| 183|0x000000008b700000, 0x000000008b700000, 0x000000008b800000|  0%| F|  |TAMS 0x000000008b700000, 0x000000008b700000| Untracked 
| 184|0x000000008b800000, 0x000000008b800000, 0x000000008b900000|  0%| F|  |TAMS 0x000000008b800000, 0x000000008b800000| Untracked 

Card table byte_map: [0x000002b4fab80000,0x000002b4faf80000] _byte_map_base: 0x000002b4fa780000

Marking Bits (Prev, Next): (CMBitMap*) 0x000002b4f2cf3f80, (CMBitMap*) 0x000002b4f2cf3fc0
 Prev Bits: [0x000002b4fb380000, 0x000002b4fd380000)
 Next Bits: [0x000002b4fd380000, 0x000002b4ff380000)

Polling page: 0x000002b4f2460000

Metaspace:

Usage:
  Non-class:     72.84 MB used.
      Class:     11.73 MB used.
       Both:     84.57 MB used.

Virtual space:
  Non-class space:       80.00 MB reserved,      73.38 MB ( 92%) committed,  10 nodes.
      Class space:      412.00 MB reserved,      12.19 MB (  3%) committed,  1 nodes.
             Both:      492.00 MB reserved,      85.56 MB ( 17%) committed. 

Chunk freelists:
   Non-Class:  2.11 MB
       Class:  3.70 MB
        Both:  5.81 MB

MaxMetaspaceSize: 512.00 MB
CompressedClassSpaceSize: 412.00 MB
Initial GC threshold: 21.00 MB
Current GC threshold: 137.94 MB
CDS: on
MetaspaceReclaimPolicy: balanced
 - commit_granule_bytes: 65536.
 - commit_granule_words: 8192.
 - virtual_space_node_default_size: 1048576.
 - enlarge_chunks_in_place: 1.
 - new_chunks_are_fully_committed: 0.
 - uncommit_free_chunks: 1.
 - use_allocation_guard: 0.
 - handle_deallocations: 1.


Internal statistics:

num_allocs_failed_limit: 6.
num_arena_births: 1106.
num_arena_deaths: 0.
num_vsnodes_births: 11.
num_vsnodes_deaths: 0.
num_space_committed: 1369.
num_space_uncommitted: 0.
num_chunks_returned_to_freelist: 6.
num_chunks_taken_from_freelist: 4760.
num_chunk_merges: 6.
num_chunk_splits: 3168.
num_chunks_enlarged: 2089.
num_purges: 0.
num_inconsistent_stats: 0.

CodeHeap 'non-profiled nmethods': size=120000Kb used=6086Kb max_used=6086Kb free=113913Kb
 bounds [0x000002b487ad0000, 0x000002b4880d0000, 0x000002b48f000000]
CodeHeap 'profiled nmethods': size=120000Kb used=21881Kb max_used=21881Kb free=98118Kb
 bounds [0x000002b480000000, 0x000002b481560000, 0x000002b487530000]
CodeHeap 'non-nmethods': size=5760Kb used=2406Kb max_used=2577Kb free=3353Kb
 bounds [0x000002b487530000, 0x000002b4877d0000, 0x000002b487ad0000]
 total_blobs=11667 nmethods=10725 adapters=853
 compilation: enabled
              stopped_count=0, restarted_count=0
 full_count=0

Compilation events (20 events):
Event: 45.028 Thread 0x000002b4ff84ac50 nmethod 12422 0x000002b48155b790 code [0x000002b48155bb60, 0x000002b48155d818]
Event: 45.033 Thread 0x000002b4ff840190 nmethod 12405 0x000002b4880bdb90 code [0x000002b4880bdd60, 0x000002b4880be238]
Event: 45.033 Thread 0x000002b4ff840190 12406       4       org.gradle.internal.snapshot.RegularFileSnapshot::getType (4 bytes)
Event: 45.034 Thread 0x000002b4ff840190 nmethod 12406 0x000002b4880be710 code [0x000002b4880be880, 0x000002b4880be8f8]
Event: 45.034 Thread 0x000002b4ff84ac50 12423       3       java.nio.ByteBuffer::order (48 bytes)
Event: 45.034 Thread 0x000002b4ff84ac50 nmethod 12423 0x000002b48155e290 code [0x000002b48155e440, 0x000002b48155e678]
Event: 45.035 Thread 0x000002b4ff840190 12424       4       org.gradle.internal.hash.Hashing$MessageDigestHasher::update (28 bytes)
Event: 45.053 Thread 0x000002b4ff840190 nmethod 12424 0x000002b4880bea10 code [0x000002b4880bebc0, 0x000002b4880bf348]
Event: 45.061 Thread 0x000002b4ff840190 12425       4       org.gradle.internal.snapshot.AbstractIncompleteFileSystemNode::getSnapshot (15 bytes)
Event: 45.063 Thread 0x000002b4ff840190 nmethod 12425 0x000002b4880bfa10 code [0x000002b4880bfba0, 0x000002b4880bfcd8]
Event: 45.063 Thread 0x000002b4ff840190 12426       4       org.gradle.internal.snapshot.SnapshotUtil::getMetadataFromChildren (21 bytes)
Event: 45.064 Thread 0x000002b4ff840190 nmethod 12426 0x000002b4880bfe90 code [0x000002b4880c0020, 0x000002b4880c0158]
Event: 45.066 Thread 0x000002b4ff840190 12427       4       java.nio.ByteBuffer::<init> (47 bytes)
Event: 45.069 Thread 0x000002b4ff840190 nmethod 12427 0x000002b4880c0290 code [0x000002b4880c0420, 0x000002b4880c0718]
Event: 45.069 Thread 0x000002b4ff840190 12429       4       org.gradle.internal.hash.HashCode::<init> (5 bytes)
Event: 45.070 Thread 0x000002b4ff840190 nmethod 12429 0x000002b4880c0890 code [0x000002b4880c0a00, 0x000002b4880c0a78]
Event: 45.070 Thread 0x000002b4ff840190 12430       4       com.google.common.collect.ImmutableMap$Builder::put (35 bytes)
Event: 45.078 Thread 0x000002b4ff840190 nmethod 12430 0x000002b4880c0b90 code [0x000002b4880c0d20, 0x000002b4880c13f8]
Event: 45.078 Thread 0x000002b4ff840190 12428       4       java.nio.ByteBuffer::limit (6 bytes)
Event: 45.079 Thread 0x000002b4ff840190 nmethod 12428 0x000002b4880c1710 code [0x000002b4880c18a0, 0x000002b4880c19b8]

GC Heap History (20 events):
Event: 31.480 GC heap after
{Heap after GC invocations=32 (full 0):
 garbage-first heap   total 138240K, used 72677K [0x0000000080000000, 0x0000000100000000)
  region size 1024K, 2 young (2048K), 2 survivors (2048K)
 Metaspace       used 72831K, committed 73536K, reserved 487424K
  class space    used 9932K, committed 10304K, reserved 421888K
}
Event: 31.985 GC heap before
{Heap before GC invocations=33 (full 0):
 garbage-first heap   total 138240K, used 107493K [0x0000000080000000, 0x0000000100000000)
  region size 1024K, 35 young (35840K), 2 survivors (2048K)
 Metaspace       used 73981K, committed 74688K, reserved 487424K
  class space    used 10122K, committed 10496K, reserved 421888K
}
Event: 31.991 GC heap after
{Heap after GC invocations=34 (full 0):
 garbage-first heap   total 138240K, used 74930K [0x0000000080000000, 0x0000000100000000)
  region size 1024K, 4 young (4096K), 4 survivors (4096K)
 Metaspace       used 73981K, committed 74688K, reserved 487424K
  class space    used 10122K, committed 10496K, reserved 421888K
}
Event: 39.234 GC heap before
{Heap before GC invocations=34 (full 0):
 garbage-first heap   total 138240K, used 108722K [0x0000000080000000, 0x0000000100000000)
  region size 1024K, 37 young (37888K), 4 survivors (4096K)
 Metaspace       used 75740K, committed 76416K, reserved 495616K
  class space    used 10358K, committed 10688K, reserved 421888K
}
Event: 39.245 GC heap after
{Heap after GC invocations=35 (full 0):
 garbage-first heap   total 165888K, used 77999K [0x0000000080000000, 0x0000000100000000)
  region size 1024K, 4 young (4096K), 4 survivors (4096K)
 Metaspace       used 75740K, committed 76416K, reserved 495616K
  class space    used 10358K, committed 10688K, reserved 421888K
}
Event: 40.606 GC heap before
{Heap before GC invocations=36 (full 0):
 garbage-first heap   total 165888K, used 126127K [0x0000000080000000, 0x0000000100000000)
  region size 1024K, 51 young (52224K), 4 survivors (4096K)
 Metaspace       used 80681K, committed 81472K, reserved 495616K
  class space    used 11209K, committed 11584K, reserved 421888K
}
Event: 40.614 GC heap after
{Heap after GC invocations=37 (full 0):
 garbage-first heap   total 165888K, used 81064K [0x0000000080000000, 0x0000000100000000)
  region size 1024K, 7 young (7168K), 7 survivors (7168K)
 Metaspace       used 80681K, committed 81472K, reserved 495616K
  class space    used 11209K, committed 11584K, reserved 421888K
}
Event: 40.638 GC heap before
{Heap before GC invocations=37 (full 0):
 garbage-first heap   total 165888K, used 82088K [0x0000000080000000, 0x0000000100000000)
  region size 1024K, 8 young (8192K), 7 survivors (7168K)
 Metaspace       used 80748K, committed 81536K, reserved 495616K
  class space    used 11222K, committed 11584K, reserved 421888K
}
Event: 40.646 GC heap after
{Heap after GC invocations=38 (full 0):
 garbage-first heap   total 165888K, used 81464K [0x0000000080000000, 0x0000000100000000)
  region size 1024K, 1 young (1024K), 1 survivors (1024K)
 Metaspace       used 80748K, committed 81536K, reserved 495616K
  class space    used 11222K, committed 11584K, reserved 421888K
}
Event: 41.558 GC heap before
{Heap before GC invocations=38 (full 0):
 garbage-first heap   total 165888K, used 129592K [0x0000000080000000, 0x0000000100000000)
  region size 1024K, 48 young (49152K), 1 survivors (1024K)
 Metaspace       used 82964K, committed 83776K, reserved 495616K
  class space    used 11586K, committed 11968K, reserved 421888K
}
Event: 41.569 GC heap after
{Heap after GC invocations=39 (full 0):
 garbage-first heap   total 165888K, used 88517K [0x0000000080000000, 0x0000000100000000)
  region size 1024K, 6 young (6144K), 6 survivors (6144K)
 Metaspace       used 82964K, committed 83776K, reserved 495616K
  class space    used 11586K, committed 11968K, reserved 421888K
}
Event: 42.937 GC heap before
{Heap before GC invocations=40 (full 0):
 garbage-first heap   total 165888K, used 130501K [0x0000000080000000, 0x0000000100000000)
  region size 1024K, 47 young (48128K), 6 survivors (6144K)
 Metaspace       used 83762K, committed 84672K, reserved 495616K
  class space    used 11647K, committed 12096K, reserved 421888K
}
Event: 42.953 GC heap after
{Heap after GC invocations=41 (full 0):
 garbage-first heap   total 165888K, used 95274K [0x0000000080000000, 0x0000000100000000)
  region size 1024K, 6 young (6144K), 6 survivors (6144K)
 Metaspace       used 83762K, committed 84672K, reserved 495616K
  class space    used 11647K, committed 12096K, reserved 421888K
}
Event: 42.991 GC heap before
{Heap before GC invocations=41 (full 0):
 garbage-first heap   total 165888K, used 96298K [0x0000000080000000, 0x0000000100000000)
  region size 1024K, 8 young (8192K), 6 survivors (6144K)
 Metaspace       used 83795K, committed 84736K, reserved 495616K
  class space    used 11650K, committed 12096K, reserved 421888K
}
Event: 43.001 GC heap after
{Heap after GC invocations=42 (full 0):
 garbage-first heap   total 165888K, used 97071K [0x0000000080000000, 0x0000000100000000)
  region size 1024K, 2 young (2048K), 2 survivors (2048K)
 Metaspace       used 83795K, committed 84736K, reserved 495616K
  class space    used 11650K, committed 12096K, reserved 421888K
}
Event: 43.664 GC heap before
{Heap before GC invocations=43 (full 0):
 garbage-first heap   total 189440K, used 137007K [0x0000000080000000, 0x0000000100000000)
  region size 1024K, 36 young (36864K), 2 survivors (2048K)
 Metaspace       used 85449K, committed 86464K, reserved 503808K
  class space    used 11878K, committed 12352K, reserved 421888K
}
Event: 43.672 GC heap after
{Heap after GC invocations=44 (full 0):
 garbage-first heap   total 189440K, used 111892K [0x0000000080000000, 0x0000000100000000)
  region size 1024K, 5 young (5120K), 5 survivors (5120K)
 Metaspace       used 85449K, committed 86464K, reserved 503808K
  class space    used 11878K, committed 12352K, reserved 421888K
}
Event: 43.834 GC heap before
{Heap before GC invocations=44 (full 0):
 garbage-first heap   total 189440K, used 115988K [0x0000000080000000, 0x0000000100000000)
  region size 1024K, 9 young (9216K), 5 survivors (5120K)
 Metaspace       used 85702K, committed 86656K, reserved 503808K
  class space    used 11906K, committed 12352K, reserved 421888K
}
Event: 43.843 GC heap after
{Heap after GC invocations=45 (full 0):
 garbage-first heap   total 189440K, used 112454K [0x0000000080000000, 0x0000000100000000)
  region size 1024K, 1 young (1024K), 1 survivors (1024K)
 Metaspace       used 85702K, committed 86656K, reserved 503808K
  class space    used 11906K, committed 12352K, reserved 421888K
}
Event: 45.085 GC heap before
{Heap before GC invocations=45 (full 0):
 garbage-first heap   total 189440K, used 147270K [0x0000000080000000, 0x0000000100000000)
  region size 1024K, 36 young (36864K), 1 survivors (1024K)
 Metaspace       used 86603K, committed 87616K, reserved 503808K
  class space    used 12011K, committed 12480K, reserved 421888K
}

Dll operation events (12 events):
Event: 0.014 Loaded shared library C:\Program Files\Eclipse Adoptium\jdk-17.0.6.10-hotspot\bin\java.dll
Event: 0.027 Loaded shared library C:\Program Files\Eclipse Adoptium\jdk-17.0.6.10-hotspot\bin\jsvml.dll
Event: 0.093 Loaded shared library C:\Program Files\Eclipse Adoptium\jdk-17.0.6.10-hotspot\bin\net.dll
Event: 0.095 Loaded shared library C:\Program Files\Eclipse Adoptium\jdk-17.0.6.10-hotspot\bin\nio.dll
Event: 0.102 Loaded shared library C:\Program Files\Eclipse Adoptium\jdk-17.0.6.10-hotspot\bin\zip.dll
Event: 0.306 Loaded shared library C:\Program Files\Eclipse Adoptium\jdk-17.0.6.10-hotspot\bin\jimage.dll
Event: 0.379 Loaded shared library C:\Program Files\Eclipse Adoptium\jdk-17.0.6.10-hotspot\bin\verify.dll
Event: 0.563 Loaded shared library C:\Users\songe\.gradle\native\e1d6ef7f7dcc3fd88c89a11ec53ec762bb8ba0a96d01ffa2cd45eb1d1d8dd5c5\windows-amd64\native-platform.dll
Event: 0.572 Loaded shared library C:\Users\songe\.gradle\native\0d407fdbe67a94daf76414ababcb853783967236a71b16ec16e742cd7a986fd3\windows-amd64\native-platform-file-events.dll
Event: 1.690 Loaded shared library C:\Program Files\Eclipse Adoptium\jdk-17.0.6.10-hotspot\bin\management.dll
Event: 1.692 Loaded shared library C:\Program Files\Eclipse Adoptium\jdk-17.0.6.10-hotspot\bin\management_ext.dll
Event: 2.298 Loaded shared library C:\Program Files\Eclipse Adoptium\jdk-17.0.6.10-hotspot\bin\sunmscapi.dll

Deoptimization events (20 events):
Event: 44.013 Thread 0x000002b491c52b90 DEOPT PACKING pc=0x000002b480a07df1 sp=0x000000f3362f8b00
Event: 44.013 Thread 0x000002b491c52b90 DEOPT UNPACKING pc=0x000002b487587143 sp=0x000000f3362f7f60 mode 0
Event: 44.563 Thread 0x000002b491c52b90 DEOPT PACKING pc=0x000002b480a07dd0 sp=0x000000f3362f8b90
Event: 44.563 Thread 0x000002b491c52b90 DEOPT UNPACKING pc=0x000002b487587143 sp=0x000000f3362f7ff0 mode 0
Event: 44.717 Thread 0x000002b491c52b90 Uncommon trap: trap_request=0xffffffde fr.pc=0x000002b48800fcc8 relative=0x00000000000000a8
Event: 44.717 Thread 0x000002b491c52b90 Uncommon trap: reason=class_check action=maybe_recompile pc=0x000002b48800fcc8 method=org.gradle.internal.component.model.AttributeConfigurationSelector.isShadowedCapabilityOnly(Lorg/gradle/api/capabilities/CapabilitiesMetadata;)Z @ 1 c2
Event: 44.717 Thread 0x000002b491c52b90 DEOPT PACKING pc=0x000002b48800fcc8 sp=0x000000f3362f8380
Event: 44.717 Thread 0x000002b491c52b90 DEOPT UNPACKING pc=0x000002b4875869a3 sp=0x000000f3362f8230 mode 2
Event: 44.717 Thread 0x000002b491c52b90 Uncommon trap: trap_request=0xffffffde fr.pc=0x000002b48800fcc8 relative=0x00000000000000a8
Event: 44.717 Thread 0x000002b491c52b90 Uncommon trap: reason=class_check action=maybe_recompile pc=0x000002b48800fcc8 method=org.gradle.internal.component.model.AttributeConfigurationSelector.isShadowedCapabilityOnly(Lorg/gradle/api/capabilities/CapabilitiesMetadata;)Z @ 1 c2
Event: 44.717 Thread 0x000002b491c52b90 DEOPT PACKING pc=0x000002b48800fcc8 sp=0x000000f3362f8380
Event: 44.717 Thread 0x000002b491c52b90 DEOPT UNPACKING pc=0x000002b4875869a3 sp=0x000000f3362f8230 mode 2
Event: 44.717 Thread 0x000002b491c52b90 Uncommon trap: trap_request=0xffffffde fr.pc=0x000002b48800fcc8 relative=0x00000000000000a8
Event: 44.717 Thread 0x000002b491c52b90 Uncommon trap: reason=class_check action=maybe_recompile pc=0x000002b48800fcc8 method=org.gradle.internal.component.model.AttributeConfigurationSelector.isShadowedCapabilityOnly(Lorg/gradle/api/capabilities/CapabilitiesMetadata;)Z @ 1 c2
Event: 44.717 Thread 0x000002b491c52b90 DEOPT PACKING pc=0x000002b48800fcc8 sp=0x000000f3362f8380
Event: 44.717 Thread 0x000002b491c52b90 DEOPT UNPACKING pc=0x000002b4875869a3 sp=0x000000f3362f8230 mode 2
Event: 44.717 Thread 0x000002b491c52b90 Uncommon trap: trap_request=0xffffffde fr.pc=0x000002b48800fcc8 relative=0x00000000000000a8
Event: 44.717 Thread 0x000002b491c52b90 Uncommon trap: reason=class_check action=maybe_recompile pc=0x000002b48800fcc8 method=org.gradle.internal.component.model.AttributeConfigurationSelector.isShadowedCapabilityOnly(Lorg/gradle/api/capabilities/CapabilitiesMetadata;)Z @ 1 c2
Event: 44.717 Thread 0x000002b491c52b90 DEOPT PACKING pc=0x000002b48800fcc8 sp=0x000000f3362f8380
Event: 44.717 Thread 0x000002b491c52b90 DEOPT UNPACKING pc=0x000002b4875869a3 sp=0x000000f3362f8230 mode 2

Classes unloaded (0 events):
No events

Classes redefined (0 events):
No events

Internal exceptions (20 events):
Event: 43.898 Thread 0x000002b491c52b90 Exception <a 'java/lang/NoClassDefFoundError'{0x000000008b741c28}: org/jetbrains/kotlin/gradle/plugin/KotlinBasePluginWrapper> (0x000000008b741c28) 
thrown [s\src\hotspot\share\oops\constantPool.cpp, line 835]
Event: 44.015 Thread 0x000002b491c52b90 Exception <a 'java/lang/ClassNotFoundException'{0x000000008b3b4bf0}: build_38vkghr3dj968a9tuwff7hd53BeanInfo> (0x000000008b3b4bf0) 
thrown [s\src\hotspot\share\classfile\systemDictionary.cpp, line 256]
Event: 44.015 Thread 0x000002b491c52b90 Exception <a 'java/lang/ClassNotFoundException'{0x000000008b3bb470}: build_38vkghr3dj968a9tuwff7hd53Customizer> (0x000000008b3bb470) 
thrown [s\src\hotspot\share\classfile\systemDictionary.cpp, line 256]
Event: 44.055 Thread 0x000002b491c52b90 Exception <a 'java/lang/ClassNotFoundException'{0x000000008b2681e0}: build_38vkghr3dj968a9tuwff7hd53BeanInfo> (0x000000008b2681e0) 
thrown [s\src\hotspot\share\classfile\systemDictionary.cpp, line 256]
Event: 44.056 Thread 0x000002b491c52b90 Exception <a 'java/lang/ClassNotFoundException'{0x000000008b26ea00}: build_38vkghr3dj968a9tuwff7hd53Customizer> (0x000000008b26ea00) 
thrown [s\src\hotspot\share\classfile\systemDictionary.cpp, line 256]
Event: 44.084 Thread 0x000002b491c52b90 Exception <a 'java/lang/ClassNotFoundException'{0x000000008b1cb0f8}: build_38vkghr3dj968a9tuwff7hd53$_run_closure1BeanInfo> (0x000000008b1cb0f8) 
thrown [s\src\hotspot\share\classfile\systemDictionary.cpp, line 256]
Event: 44.085 Thread 0x000002b491c52b90 Exception <a 'java/lang/ClassNotFoundException'{0x000000008b1d4010}: build_38vkghr3dj968a9tuwff7hd53$_run_closure1Customizer> (0x000000008b1d4010) 
thrown [s\src\hotspot\share\classfile\systemDictionary.cpp, line 256]
Event: 44.289 Thread 0x000002b491c52b90 Exception <a 'java/lang/NoClassDefFoundError'{0x000000008ae67238}: org/jetbrains/kotlin/gradle/plugin/KotlinBasePluginWrapper> (0x000000008ae67238) 
thrown [s\src\hotspot\share\oops\constantPool.cpp, line 835]
Event: 44.325 Thread 0x000002b491c52b90 Exception <a 'java/lang/ClassNotFoundException'{0x000000008ad2f8e8}: build_dmfp8f7e60rxsjnt5cp75o5tmBeanInfo> (0x000000008ad2f8e8) 
thrown [s\src\hotspot\share\classfile\systemDictionary.cpp, line 256]
Event: 44.325 Thread 0x000002b491c52b90 Exception <a 'java/lang/ClassNotFoundException'{0x000000008ad36168}: build_dmfp8f7e60rxsjnt5cp75o5tmCustomizer> (0x000000008ad36168) 
thrown [s\src\hotspot\share\classfile\systemDictionary.cpp, line 256]
Event: 44.383 Thread 0x000002b491c52b90 Exception <a 'java/lang/ClassNotFoundException'{0x000000008ade1c18}: build_dmfp8f7e60rxsjnt5cp75o5tmBeanInfo> (0x000000008ade1c18) 
thrown [s\src\hotspot\share\classfile\systemDictionary.cpp, line 256]
Event: 44.384 Thread 0x000002b491c52b90 Exception <a 'java/lang/ClassNotFoundException'{0x000000008ade8438}: build_dmfp8f7e60rxsjnt5cp75o5tmCustomizer> (0x000000008ade8438) 
thrown [s\src\hotspot\share\classfile\systemDictionary.cpp, line 256]
Event: 44.440 Thread 0x000002b491c52b90 Exception <a 'java/lang/ClassNotFoundException'{0x000000008ab375c8}: build_dmfp8f7e60rxsjnt5cp75o5tm$_run_closure1BeanInfo> (0x000000008ab375c8) 
thrown [s\src\hotspot\share\classfile\systemDictionary.cpp, line 256]
Event: 44.440 Thread 0x000002b491c52b90 Exception <a 'java/lang/ClassNotFoundException'{0x000000008ab404e0}: build_dmfp8f7e60rxsjnt5cp75o5tm$_run_closure1Customizer> (0x000000008ab404e0) 
thrown [s\src\hotspot\share\classfile\systemDictionary.cpp, line 256]
Event: 44.526 Thread 0x000002b491c52b90 Exception <a 'java/lang/NoClassDefFoundError'{0x000000008a9ddb68}: org/jetbrains/kotlin/gradle/plugin/KotlinBasePluginWrapper> (0x000000008a9ddb68) 
thrown [s\src\hotspot\share\oops\constantPool.cpp, line 835]
Event: 44.565 Thread 0x000002b491c52b90 Exception <a 'java/lang/ClassNotFoundException'{0x000000008a8d2020}: build_543de352fkcjvl6tc4hgkmothBeanInfo> (0x000000008a8d2020) 
thrown [s\src\hotspot\share\classfile\systemDictionary.cpp, line 256]
Event: 44.565 Thread 0x000002b491c52b90 Exception <a 'java/lang/ClassNotFoundException'{0x000000008a8d88a0}: build_543de352fkcjvl6tc4hgkmothCustomizer> (0x000000008a8d88a0) 
thrown [s\src\hotspot\share\classfile\systemDictionary.cpp, line 256]
Event: 44.661 Thread 0x000002b491c52b90 Exception <a 'java/lang/NoClassDefFoundError'{0x000000008a485ea8}: org/jetbrains/kotlin/gradle/plugin/KotlinBasePluginWrapper> (0x000000008a485ea8) 
thrown [s\src\hotspot\share\oops\constantPool.cpp, line 835]
Event: 44.693 Thread 0x000002b491c52b90 Exception <a 'java/lang/ClassNotFoundException'{0x000000008a349af0}: build_4i5hm76kl5ieszuevjnmgwaazBeanInfo> (0x000000008a349af0) 
thrown [s\src\hotspot\share\classfile\systemDictionary.cpp, line 256]
Event: 44.694 Thread 0x000002b491c52b90 Exception <a 'java/lang/ClassNotFoundException'{0x000000008a350370}: build_4i5hm76kl5ieszuevjnmgwaazCustomizer> (0x000000008a350370) 
thrown [s\src\hotspot\share\classfile\systemDictionary.cpp, line 256]

VM Operations (20 events):
Event: 41.859 Executing VM operation: G1Concurrent done
Event: 42.499 Executing VM operation: ICBufferFull
Event: 42.500 Executing VM operation: ICBufferFull done
Event: 42.874 Executing VM operation: ICBufferFull
Event: 42.874 Executing VM operation: ICBufferFull done
Event: 42.937 Executing VM operation: G1CollectForAllocation
Event: 42.954 Executing VM operation: G1CollectForAllocation done
Event: 42.991 Executing VM operation: G1TryInitiateConcMark
Event: 43.001 Executing VM operation: G1TryInitiateConcMark done
Event: 43.220 Executing VM operation: G1Concurrent
Event: 43.227 Executing VM operation: G1Concurrent done
Event: 43.323 Executing VM operation: G1Concurrent
Event: 43.323 Executing VM operation: G1Concurrent done
Event: 43.664 Executing VM operation: G1CollectForAllocation
Event: 43.672 Executing VM operation: G1CollectForAllocation done
Event: 43.834 Executing VM operation: G1CollectForAllocation
Event: 43.843 Executing VM operation: G1CollectForAllocation done
Event: 44.716 Executing VM operation: ICBufferFull
Event: 44.716 Executing VM operation: ICBufferFull done
Event: 45.084 Executing VM operation: G1CollectForAllocation

Events (20 events):
Event: 43.608 loading class java/lang/BooleanCustomizer
Event: 43.608 loading class java/lang/BooleanCustomizer done
Event: 43.608 loading class java/lang/BooleanCustomizer
Event: 43.608 loading class java/lang/BooleanCustomizer done
Event: 43.636 loading class java/util/TreeSetBeanInfo
Event: 43.636 loading class java/util/TreeSetBeanInfo done
Event: 43.637 loading class java/util/TreeSetBeanInfo
Event: 43.637 loading class java/util/TreeSetBeanInfo done
Event: 43.637 loading class java/util/AbstractSetBeanInfo
Event: 43.637 loading class java/util/AbstractSetBeanInfo done
Event: 43.638 loading class java/util/AbstractSetBeanInfo
Event: 43.638 loading class java/util/AbstractSetBeanInfo done
Event: 43.638 loading class java/util/AbstractSetCustomizer
Event: 43.638 loading class java/util/AbstractSetCustomizer done
Event: 43.638 loading class java/util/AbstractSetCustomizer
Event: 43.638 loading class java/util/AbstractSetCustomizer done
Event: 43.639 loading class java/util/TreeSetCustomizer
Event: 43.639 loading class java/util/TreeSetCustomizer done
Event: 43.639 loading class java/util/TreeSetCustomizer
Event: 43.639 loading class java/util/TreeSetCustomizer done


Dynamic libraries:
0x00007ff719be0000 - 0x00007ff719bee000 	C:\Program Files\Eclipse Adoptium\jdk-17.0.6.10-hotspot\bin\java.exe
0x00007ffd313f0000 - 0x00007ffd315e8000 	C:\WINDOWS\SYSTEM32\ntdll.dll
0x00007ffd2f650000 - 0x00007ffd2f70f000 	C:\WINDOWS\System32\KERNEL32.DLL
0x00007ffd2f0a0000 - 0x00007ffd2f396000 	C:\WINDOWS\System32\KERNELBASE.dll
0x00007ffd2ec10000 - 0x00007ffd2ed10000 	C:\WINDOWS\System32\ucrtbase.dll
0x00007ffd249c0000 - 0x00007ffd249d7000 	C:\Program Files\Eclipse Adoptium\jdk-17.0.6.10-hotspot\bin\jli.dll
0x00007ffd2f7c0000 - 0x00007ffd2f95d000 	C:\WINDOWS\System32\USER32.dll
0x00007ffd2eb50000 - 0x00007ffd2eb72000 	C:\WINDOWS\System32\win32u.dll
0x00007ffd1a0b0000 - 0x00007ffd1a0c9000 	C:\Program Files\Eclipse Adoptium\jdk-17.0.6.10-hotspot\bin\VCRUNTIME140.dll
0x00007ffd2fcc0000 - 0x00007ffd2fcec000 	C:\WINDOWS\System32\GDI32.dll
0x00007ffd2ee20000 - 0x00007ffd2ef35000 	C:\WINDOWS\System32\gdi32full.dll
0x00007ffd2ed80000 - 0x00007ffd2ee1d000 	C:\WINDOWS\System32\msvcp_win.dll
0x00007ffd1acc0000 - 0x00007ffd1af5a000 	C:\WINDOWS\WinSxS\amd64_microsoft.windows.common-controls_6595b64144ccf1df_6.0.19041.1110_none_60b5254171f9507e\COMCTL32.dll
0x00007ffd2fcf0000 - 0x00007ffd2fd8e000 	C:\WINDOWS\System32\msvcrt.dll
0x00007ffd30fb0000 - 0x00007ffd30fe0000 	C:\WINDOWS\System32\IMM32.DLL
0x00007ffd25ad0000 - 0x00007ffd25adc000 	C:\Program Files\Eclipse Adoptium\jdk-17.0.6.10-hotspot\bin\vcruntime140_1.dll
0x00007ffcef900000 - 0x00007ffcef991000 	C:\Program Files\Eclipse Adoptium\jdk-17.0.6.10-hotspot\bin\msvcp140.dll
0x00007ffcd7950000 - 0x00007ffcd8597000 	C:\Program Files\Eclipse Adoptium\jdk-17.0.6.10-hotspot\bin\server\jvm.dll
0x00007ffd30fe0000 - 0x00007ffd3108f000 	C:\WINDOWS\System32\ADVAPI32.dll
0x00007ffd2fd90000 - 0x00007ffd2fe2c000 	C:\WINDOWS\System32\sechost.dll
0x00007ffd31090000 - 0x00007ffd311b6000 	C:\WINDOWS\System32\RPCRT4.dll
0x00007ffd15af0000 - 0x00007ffd15af9000 	C:\WINDOWS\SYSTEM32\WSOCK32.dll
0x00007ffd300f0000 - 0x00007ffd3015b000 	C:\WINDOWS\System32\WS2_32.dll
0x00007ffd1af70000 - 0x00007ffd1af97000 	C:\WINDOWS\SYSTEM32\WINMM.dll
0x00007ffd23420000 - 0x00007ffd2342a000 	C:\WINDOWS\SYSTEM32\VERSION.dll
0x00007ffd2d2f0000 - 0x00007ffd2d302000 	C:\WINDOWS\SYSTEM32\kernel.appcore.dll
0x00007ffd1f6b0000 - 0x00007ffd1f6ba000 	C:\Program Files\Eclipse Adoptium\jdk-17.0.6.10-hotspot\bin\jimage.dll
0x00007ffd2c850000 - 0x00007ffd2ca34000 	C:\WINDOWS\SYSTEM32\DBGHELP.DLL
0x00007ffd15bf0000 - 0x00007ffd15c24000 	C:\WINDOWS\SYSTEM32\dbgcore.DLL
0x00007ffd2eb80000 - 0x00007ffd2ec02000 	C:\WINDOWS\System32\bcryptPrimitives.dll
0x00007ffd07950000 - 0x00007ffd07975000 	C:\Program Files\Eclipse Adoptium\jdk-17.0.6.10-hotspot\bin\java.dll
0x00007ffcef2a0000 - 0x00007ffcef376000 	C:\Program Files\Eclipse Adoptium\jdk-17.0.6.10-hotspot\bin\jsvml.dll
0x00007ffd30390000 - 0x00007ffd30ad4000 	C:\WINDOWS\System32\SHELL32.dll
0x00007ffd2ca40000 - 0x00007ffd2d1d3000 	C:\WINDOWS\SYSTEM32\windows.storage.dll
0x00007ffd2f960000 - 0x00007ffd2fcb4000 	C:\WINDOWS\System32\combase.dll
0x00007ffd2e440000 - 0x00007ffd2e46e000 	C:\WINDOWS\SYSTEM32\Wldp.dll
0x00007ffd2f710000 - 0x00007ffd2f7bd000 	C:\WINDOWS\System32\SHCORE.dll
0x00007ffd30160000 - 0x00007ffd301b5000 	C:\WINDOWS\System32\shlwapi.dll
0x00007ffd2ea10000 - 0x00007ffd2ea2f000 	C:\WINDOWS\SYSTEM32\profapi.dll
0x00007ffd18ab0000 - 0x00007ffd18ac9000 	C:\Program Files\Eclipse Adoptium\jdk-17.0.6.10-hotspot\bin\net.dll
0x00007ffd1ee80000 - 0x00007ffd1ef8a000 	C:\WINDOWS\SYSTEM32\WINHTTP.dll
0x00007ffd2e1a0000 - 0x00007ffd2e20a000 	C:\WINDOWS\system32\mswsock.dll
0x00007ffd16f60000 - 0x00007ffd16f75000 	C:\Program Files\Eclipse Adoptium\jdk-17.0.6.10-hotspot\bin\nio.dll
0x00007ffd16cd0000 - 0x00007ffd16ce8000 	C:\Program Files\Eclipse Adoptium\jdk-17.0.6.10-hotspot\bin\zip.dll
0x00007ffd189c0000 - 0x00007ffd189d0000 	C:\Program Files\Eclipse Adoptium\jdk-17.0.6.10-hotspot\bin\verify.dll
0x00007ffd19ea0000 - 0x00007ffd19ec7000 	C:\Users\songe\.gradle\native\e1d6ef7f7dcc3fd88c89a11ec53ec762bb8ba0a96d01ffa2cd45eb1d1d8dd5c5\windows-amd64\native-platform.dll
0x00007ffcea770000 - 0x00007ffcea8b4000 	C:\Users\songe\.gradle\native\0d407fdbe67a94daf76414ababcb853783967236a71b16ec16e742cd7a986fd3\windows-amd64\native-platform-file-events.dll
0x00007ffd19e10000 - 0x00007ffd19e19000 	C:\Program Files\Eclipse Adoptium\jdk-17.0.6.10-hotspot\bin\management.dll
0x00007ffd19d80000 - 0x00007ffd19d8b000 	C:\Program Files\Eclipse Adoptium\jdk-17.0.6.10-hotspot\bin\management_ext.dll
0x00007ffd2ff60000 - 0x00007ffd2ff68000 	C:\WINDOWS\System32\PSAPI.DLL
0x00007ffd2e390000 - 0x00007ffd2e3a8000 	C:\WINDOWS\SYSTEM32\CRYPTSP.dll
0x00007ffd2dac0000 - 0x00007ffd2daf4000 	C:\WINDOWS\system32\rsaenh.dll
0x00007ffd2eb20000 - 0x00007ffd2eb47000 	C:\WINDOWS\System32\bcrypt.dll
0x00007ffd2e990000 - 0x00007ffd2e9be000 	C:\WINDOWS\SYSTEM32\USERENV.dll
0x00007ffd2e3b0000 - 0x00007ffd2e3bc000 	C:\WINDOWS\SYSTEM32\CRYPTBASE.dll
0x00007ffd2de90000 - 0x00007ffd2decc000 	C:\WINDOWS\SYSTEM32\IPHLPAPI.DLL
0x00007ffd2f450000 - 0x00007ffd2f458000 	C:\WINDOWS\System32\NSI.dll
0x00007ffd23330000 - 0x00007ffd23347000 	C:\WINDOWS\SYSTEM32\dhcpcsvc6.DLL
0x00007ffd23570000 - 0x00007ffd2358d000 	C:\WINDOWS\SYSTEM32\dhcpcsvc.DLL
0x00007ffd2ded0000 - 0x00007ffd2df9a000 	C:\WINDOWS\SYSTEM32\DNSAPI.dll
0x00007ffd19ba0000 - 0x00007ffd19bae000 	C:\Program Files\Eclipse Adoptium\jdk-17.0.6.10-hotspot\bin\sunmscapi.dll
0x00007ffd2ef40000 - 0x00007ffd2f09e000 	C:\WINDOWS\System32\CRYPT32.dll
0x00007ffd2e4b0000 - 0x00007ffd2e4d8000 	C:\WINDOWS\SYSTEM32\ncrypt.dll
0x00007ffd2e470000 - 0x00007ffd2e4ab000 	C:\WINDOWS\SYSTEM32\NTASN1.dll
0x00007ffd06590000 - 0x00007ffd06597000 	C:\WINDOWS\system32\wshunix.dll

dbghelp: loaded successfully - version: 4.0.5 - missing functions: none
symbol engine: initialized successfully - sym options: 0x614 - pdb path: .;C:\Program Files\Eclipse Adoptium\jdk-17.0.6.10-hotspot\bin;C:\WINDOWS\SYSTEM32;C:\WINDOWS\WinSxS\amd64_microsoft.windows.common-controls_6595b64144ccf1df_6.0.19041.1110_none_60b5254171f9507e;C:\Program Files\Eclipse Adoptium\jdk-17.0.6.10-hotspot\bin\server;C:\Users\songe\.gradle\native\e1d6ef7f7dcc3fd88c89a11ec53ec762bb8ba0a96d01ffa2cd45eb1d1d8dd5c5\windows-amd64;C:\Users\songe\.gradle\native\0d407fdbe67a94daf76414ababcb853783967236a71b16ec16e742cd7a986fd3\windows-amd64

VM Arguments:
jvm_args: -XX:MaxMetaspaceSize=512m --add-opens=java.base/java.util=ALL-UNNAMED --add-opens=java.base/java.lang=ALL-UNNAMED --add-opens=java.base/java.lang.invoke=ALL-UNNAMED --add-opens=java.base/java.util=ALL-UNNAMED --add-opens=java.prefs/java.util.prefs=ALL-UNNAMED --add-opens=java.prefs/java.util.prefs=ALL-UNNAMED --add-opens=java.base/java.nio.charset=ALL-UNNAMED --add-opens=java.base/java.net=ALL-UNNAMED --add-opens=java.base/java.util.concurrent.atomic=ALL-UNNAMED -Xmx2048m -Dfile.encoding=windows-1252 -Duser.country=ZA -Duser.language=en -Duser.variant 
java_command: org.gradle.launcher.daemon.bootstrap.GradleDaemon 7.5.1
java_class_path (initial): C:\Users\songe\.gradle\wrapper\dists\gradle-7.5.1-all\1ehga6e77gqps5uk2kc5kf1vc\gradle-7.5.1\lib\gradle-launcher-7.5.1.jar
Launcher Type: SUN_STANDARD

[Global flags]
     intx CICompilerCount                          = 3                                         {product} {ergonomic}
   size_t CompressedClassSpaceSize                 = 432013312                                 {product} {ergonomic}
     uint ConcGCThreads                            = 1                                         {product} {ergonomic}
     uint G1ConcRefinementThreads                  = 4                                         {product} {ergonomic}
   size_t G1HeapRegionSize                         = 1048576                                   {product} {ergonomic}
    uintx GCDrainStackTargetSize                   = 64                                        {product} {ergonomic}
   size_t InitialHeapSize                          = 134217728                                 {product} {ergonomic}
   size_t MarkStackSize                            = 4194304                                   {product} {ergonomic}
   size_t MaxHeapSize                              = 2147483648                                {product} {command line}
   size_t MaxMetaspaceSize                         = 536870912                                 {product} {command line}
   size_t MaxNewSize                               = 1287651328                                {product} {ergonomic}
   size_t MinHeapDeltaBytes                        = 1048576                                   {product} {ergonomic}
   size_t MinHeapSize                              = 8388608                                   {product} {ergonomic}
    uintx NonNMethodCodeHeapSize                   = 5832780                                {pd product} {ergonomic}
    uintx NonProfiledCodeHeapSize                  = 122912730                              {pd product} {ergonomic}
    uintx ProfiledCodeHeapSize                     = 122912730                              {pd product} {ergonomic}
    uintx ReservedCodeCacheSize                    = 251658240                              {pd product} {ergonomic}
     bool SegmentedCodeCache                       = true                                      {product} {ergonomic}
   size_t SoftMaxHeapSize                          = 2147483648                             {manageable} {ergonomic}
     bool UseCompressedClassPointers               = true                           {product lp64_product} {ergonomic}
     bool UseCompressedOops                        = true                           {product lp64_product} {ergonomic}
     bool UseG1GC                                  = true                                      {product} {ergonomic}
     bool UseLargePagesIndividualAllocation        = false                                  {pd product} {ergonomic}

Logging:
Log output configuration:
 #0: stdout all=warning uptime,level,tags
 #1: stderr all=off uptime,level,tags

Environment Variables:
JAVA_HOME=C:\Program Files\Eclipse Adoptium\jdk-17.0.6.10-hotspot
CLASSPATH=C:\Users\songe\Development\react-native\SAMS\android\\gradle\wrapper\gradle-wrapper.jar
PATH=C:\Users\songe\Development\react-native\SAMS\android\node_modules\.bin;C:\Users\songe\Development\react-native\SAMS\node_modules\.bin;C:\Users\songe\Development\react-native\node_modules\.bin;C:\Users\songe\Development\node_modules\.bin;C:\Users\songe\node_modules\.bin;C:\Users\node_modules\.bin;C:\node_modules\.bin;C:\Program Files\nodejs;C:\Users\songe\Development\react-native\SAMS\node_modules\.bin;C:\Users\songe\Development\react-native\SAMS\node_modules\.bin;C:\Users\songe\Development\react-native\node_modules\.bin;C:\Users\songe\Development\node_modules\.bin;C:\Users\songe\node_modules\.bin;C:\Users\node_modules\.bin;C:\node_modules\.bin;C:\Users\songe\Development\react-native\SAMS\node_modules\npm\node_modules\@npmcli\run-script\lib\node-gyp-bin;C:\Users\songe\Development\react-native\SAMS\node_modules\.bin;C:\Users\songe\Development\react-native\node_modules\.bin;C:\Users\songe\Development\node_modules\.bin;C:\Users\songe\node_modules\.bin;C:\Users\node_modules\.bin;C:\node_modules\.bin;C:\Program Files\nodejs;C:\Users\songe\Development\react-native\SAMS\node_modules\.bin;C:\Users\songe\Development\react-native\node_modules\.bin;C:\Users\songe\Development\node_modules\.bin;C:\Users\songe\node_modules\.bin;C:\Users\node_modules\.bin;C:\node_modules\.bin;C:\Program Files\nodejs\node_modules\npm\node_modules\@npmcli\run-script\lib\node-gyp-bin;C:\Users\songe\bin;C:\Program Files\Git\mingw64\bin;C:\Program Files\Git\usr\local\bin;C:\Program Files\Git\usr\bin;C:\Program Files\Git\usr\bin;C:\Program Files\Git\mingw64\bin;C:\Program Files\Git\usr\bin;C:\Users\songe\bin;C:\Program Files\Eclipse Adoptium\jdk-17.0.6.10-hotspot\bin;C:\Program Files (x86)\Intel\Intel(R) Management Engine Components\iCLS;C:\Program Files\Intel\Intel(R) Management Engine Components\iCLS;C:\Windows\system32;C:\Windows;C:\Windows\System32\Wbem;C:\Windows\System32\WindowsPowerShell\v1.0;C:\Program Files (x86)\NVIDIA Corporation\PhysX\Common;C:\Program Files (x86)\Intel\Intel(R) Management 
USERNAME=songe
SHELL=C:\Program Files\Git\usr\bin\bash.exe
DISPLAY=needs-to-be-defined
LANG=en_US.UTF-8
TERM=xterm-256color
TMPDIR=C:\Users\songe\AppData\Local\Temp
OS=Windows_NT
PROCESSOR_IDENTIFIER=Intel64 Family 6 Model 142 Stepping 9, GenuineIntel
TMP=C:\Users\songe\AppData\Local\Temp
TEMP=C:\Users\songe\AppData\Local\Temp



---------------  S Y S T E M  ---------------

OS:
 Windows 10 , 64 bit Build 19041 (10.0.19041.3031)
OS uptime: 1 days 7:05 hours

CPU: total 4 (initial active 4) (2 cores per cpu, 2 threads per core) family 6 model 142 stepping 9 microcode 0xf0, cx8, cmov, fxsr, ht, mmx, 3dnowpref, sse, sse2, sse3, ssse3, sse4.1, sse4.2, popcnt, lzcnt, tsc, tscinvbit, avx, avx2, aes, erms, clmul, bmi1, bmi2, adx, fma, vzeroupper, clflush, clflushopt

Memory: 4k page, system-wide physical 8089M (294M free)
TotalPageFile size 11031M (AvailPageFile size 96M)
current process WorkingSet (physical memory assigned to process): 446M, peak: 453M
current process commit charge ("private bytes"): 481M, peak: 649M

vm_info: OpenJDK 64-Bit Server VM (17.0.6+10) for windows-amd64 JRE (17.0.6+10), built on Jan 18 2023 10:08:59 by "temurin" with MS VC++ 16.7 (VS2019)

END.
