#
# There is insufficient memory for the Java Runtime Environment to continue.
# Native memory allocation (malloc) failed to allocate 1400976 bytes for Chunk::new
# Possible reasons:
#   The system is out of physical RAM or swap space
#   The process is running with CompressedOops enabled, and the Java Heap may be blocking the growth of the native heap
# Possible solutions:
#   Reduce memory load on the system
#   Increase physical memory or swap space
#   Check if swap backing store is full
#   Decrease Java heap size (-Xmx/-Xms)
#   Decrease number of Java threads
#   Decrease Java thread stack sizes (-Xss)
#   Set larger code cache with -XX:ReservedCodeCacheSize=
#   JVM is running with Unscaled Compressed Oops mode in which the Java heap is
#     placed in the first 4GB address space. The Java Heap base address is the
#     maximum limit for the native heap growth. Please use -XX:HeapBaseMinAddress
#     to set the Java Heap base and to place the Java Heap above 4GB virtual address.
# This output file may be truncated or incomplete.
#
#  Out of Memory Error (arena.cpp:189), pid=2524, tid=15856
#
# JRE version: OpenJDK Runtime Environment Temurin-17.0.6+10 (17.0.6+10) (build 17.0.6+10)
# Java VM: OpenJDK 64-Bit Server VM Temurin-17.0.6+10 (17.0.6+10, mixed mode, sharing, tiered, compressed oops, compressed class ptrs, g1 gc, windows-amd64)
# No core dump will be written. Minidumps are not enabled by default on client versions of Windows
#

---------------  S U M M A R Y ------------

Command Line: -XX:MaxMetaspaceSize=512m --add-opens=java.base/java.util=ALL-UNNAMED --add-opens=java.base/java.lang=ALL-UNNAMED --add-opens=java.base/java.lang.invoke=ALL-UNNAMED --add-opens=java.base/java.util=ALL-UNNAMED --add-opens=java.prefs/java.util.prefs=ALL-UNNAMED --add-opens=java.prefs/java.util.prefs=ALL-UNNAMED --add-opens=java.base/java.nio.charset=ALL-UNNAMED --add-opens=java.base/java.net=ALL-UNNAMED --add-opens=java.base/java.util.concurrent.atomic=ALL-UNNAMED -Xmx2048m -Dfile.encoding=windows-1252 -Duser.country=ZA -Duser.language=en -Duser.variant org.gradle.launcher.daemon.bootstrap.GradleDaemon 7.5.1

Host: Intel(R) Core(TM) i7-7500U CPU @ 2.70GHz, 4 cores, 7G,  Windows 10 , 64 bit Build 19041 (10.0.19041.3031)
Time: Mon Jun 26 14:11:17 2023 South Africa Standard Time elapsed time: 79.335764 seconds (0d 0h 1m 19s)

---------------  T H R E A D  ---------------

Current thread (0x000001d4ad27ccb0):  JavaThread "C2 CompilerThread1" daemon [_thread_in_native, id=15856, stack(0x000000a019300000,0x000000a019400000)]


Current CompileTask:
C2:  79335 15405       4       org.gradle.api.internal.artifacts.transform.AttributeMatchingVariantSelector::doSelect (469 bytes)

Stack: [0x000000a019300000,0x000000a019400000]
Native frames: (J=compiled Java code, j=interpreted, Vv=VM code, C=native code)
V  [jvm.dll+0x67741a]
V  [jvm.dll+0x834434]
V  [jvm.dll+0x835bde]
V  [jvm.dll+0x836243]
V  [jvm.dll+0x2457b5]
V  [jvm.dll+0xabafc]
V  [jvm.dll+0xac0cc]
V  [jvm.dll+0x363492]
V  [jvm.dll+0x1bbb82]
V  [jvm.dll+0x218749]
V  [jvm.dll+0x217a11]
V  [jvm.dll+0x1a3d0d]
V  [jvm.dll+0x22742a]
V  [jvm.dll+0x225565]
V  [jvm.dll+0x7ea2cb]
V  [jvm.dll+0x7e483a]
V  [jvm.dll+0x6762c5]
C  [ucrtbase.dll+0x21bb2]
C  [KERNEL32.DLL+0x17614]
C  [ntdll.dll+0x526f1]


---------------  P R O C E S S  ---------------

Threads class SMR info:
_java_thread_list=0x000001d4af88f9a0, length=89, elements={
0x000001d482445ab0, 0x000001d4a1f5d3b0, 0x000001d4a1f5e220, 0x000001d4a1f75020,
0x000001d4a1f75bd0, 0x000001d4a1f78990, 0x000001d4a1f79340, 0x000001d4a1f7f610,
0x000001d4a1f88fe0, 0x000001d4a1f9b0b0, 0x000001d4a29cc7d0, 0x000001d4a29cded0,
0x000001d4a309db70, 0x000001d4a2e3a720, 0x000001d4a42c6260, 0x000001d4a50c35a0,
0x000001d4a4f6a630, 0x000001d4a3c8da30, 0x000001d4a3c8e8a0, 0x000001d4a3c8cbc0,
0x000001d4a3c8d560, 0x000001d4a3c8df00, 0x000001d4a3c8bd50, 0x000001d4a3c8e3d0,
0x000001d4a3c8b880, 0x000001d4a3c8d090, 0x000001d4a3c8aee0, 0x000001d4a3c8b3b0,
0x000001d4a3c8c220, 0x000001d4a3c8c6f0, 0x000001d4a4c72650, 0x000001d4a4c70970,
0x000001d4a4c72b20, 0x000001d4a4c734c0, 0x000001d4a4c717e0, 0x000001d4a4c73e60,
0x000001d4a4c74800, 0x000001d4a4c74cd0, 0x000001d4a4c6ffd0, 0x000001d4a4c70e40,
0x000001d4a4c751a0, 0x000001d4a4c75670, 0x000001d4a4c6de20, 0x000001d4a4c6e2f0,
0x000001d4a4c71cb0, 0x000001d4a4c6e7c0, 0x000001d4a4c6ec90, 0x000001d4a4c6f160,
0x000001d4a4c6f630, 0x000001d4a4c72180, 0x000001d4a4c71310, 0x000001d4a3409540,
0x000001d4a340c560, 0x000001d4a340c090, 0x000001d4a340d3d0, 0x000001d4a3409a10,
0x000001d4a3408ba0, 0x000001d4a340ca30, 0x000001d4a340ebe0, 0x000001d4a340f0b0,
0x000001d4a340b6f0, 0x000001d4a340cf00, 0x000001d4a340d8a0, 0x000001d4a340bbc0,
0x000001d4a340b220, 0x000001d4a340dd70, 0x000001d4a340e240, 0x000001d4a340e710,
0x000001d4a3409070, 0x000001d4a3409ee0, 0x000001d4a340f580, 0x000001d4a34086d0,
0x000001d4a340fa50, 0x000001d4a340a3b0, 0x000001d4a340a880, 0x000001d4a7d99f10,
0x000001d4a7d97d60, 0x000001d4a7d93a00, 0x000001d4a7d97890, 0x000001d4a7d9a3e0,
0x000001d4a7d95bb0, 0x000001d4a7d95210, 0x000001d4a7d98230, 0x000001d4a7d956e0,
0x000001d4a7d96080, 0x000001d4a7d93ed0, 0x000001d4a7d9a8b0, 0x000001d4a7d98700,
0x000001d4ad27ccb0
}

Java Threads: ( => current thread )
  0x000001d482445ab0 JavaThread "main" [_thread_blocked, id=14808, stack(0x000000a019600000,0x000000a019700000)]
  0x000001d4a1f5d3b0 JavaThread "Reference Handler" daemon [_thread_blocked, id=8088, stack(0x000000a019d00000,0x000000a019e00000)]
  0x000001d4a1f5e220 JavaThread "Finalizer" daemon [_thread_blocked, id=16444, stack(0x000000a019e00000,0x000000a019f00000)]
  0x000001d4a1f75020 JavaThread "Signal Dispatcher" daemon [_thread_blocked, id=12808, stack(0x000000a019f00000,0x000000a01a000000)]
  0x000001d4a1f75bd0 JavaThread "Attach Listener" daemon [_thread_blocked, id=7020, stack(0x000000a01a000000,0x000000a01a100000)]
  0x000001d4a1f78990 JavaThread "Service Thread" daemon [_thread_blocked, id=17636, stack(0x000000a01a100000,0x000000a01a200000)]
  0x000001d4a1f79340 JavaThread "Monitor Deflation Thread" daemon [_thread_blocked, id=4980, stack(0x000000a01a200000,0x000000a01a300000)]
  0x000001d4a1f7f610 JavaThread "C2 CompilerThread0" daemon [_thread_in_native, id=9992, stack(0x000000a01a300000,0x000000a01a400000)]
  0x000001d4a1f88fe0 JavaThread "C1 CompilerThread0" daemon [_thread_blocked, id=17092, stack(0x000000a01a400000,0x000000a01a500000)]
  0x000001d4a1f9b0b0 JavaThread "Sweeper thread" daemon [_thread_blocked, id=268, stack(0x000000a01a500000,0x000000a01a600000)]
  0x000001d4a29cc7d0 JavaThread "Common-Cleaner" daemon [_thread_blocked, id=4656, stack(0x000000a01a600000,0x000000a01a700000)]
  0x000001d4a29cded0 JavaThread "Notification Thread" daemon [_thread_blocked, id=17344, stack(0x000000a01a700000,0x000000a01a800000)]
  0x000001d4a309db70 JavaThread "Daemon health stats" [_thread_blocked, id=7488, stack(0x000000a01ad00000,0x000000a01ae00000)]
  0x000001d4a2e3a720 JavaThread "Incoming local TCP Connector on port 55603" [_thread_in_native, id=11952, stack(0x000000a01a900000,0x000000a01aa00000)]
  0x000001d4a42c6260 JavaThread "Daemon periodic checks" [_thread_blocked, id=18344, stack(0x000000a01ae00000,0x000000a01af00000)]
  0x000001d4a50c35a0 JavaThread "Daemon" [_thread_blocked, id=8044, stack(0x000000a01b000000,0x000000a01b100000)]
  0x000001d4a4f6a630 JavaThread "Handler for socket connection from /127.0.0.1:55603 to /127.0.0.1:55604" [_thread_in_native, id=10476, stack(0x000000a01b100000,0x000000a01b200000)]
  0x000001d4a3c8da30 JavaThread "Cancel handler" [_thread_blocked, id=7912, stack(0x000000a01af00000,0x000000a01b000000)]
  0x000001d4a3c8e8a0 JavaThread "Daemon worker" [_thread_in_vm, id=17220, stack(0x000000a01b200000,0x000000a01b300000)]
  0x000001d4a3c8cbc0 JavaThread "Asynchronous log dispatcher for DefaultDaemonConnection: socket connection from /127.0.0.1:55603 to /127.0.0.1:55604" [_thread_blocked, id=8928, stack(0x000000a01b300000,0x000000a01b400000)]
  0x000001d4a3c8d560 JavaThread "Stdin handler" [_thread_blocked, id=7252, stack(0x000000a01b400000,0x000000a01b500000)]
  0x000001d4a3c8df00 JavaThread "Daemon client event forwarder" [_thread_blocked, id=10080, stack(0x000000a01b500000,0x000000a01b600000)]
  0x000001d4a3c8bd50 JavaThread "Cache worker for journal cache (C:\Users\songe\.gradle\caches\journal-1)" [_thread_blocked, id=6256, stack(0x000000a01b600000,0x000000a01b700000)]
  0x000001d4a3c8e3d0 JavaThread "File lock request listener" [_thread_in_native, id=17968, stack(0x000000a01b700000,0x000000a01b800000)]
  0x000001d4a3c8b880 JavaThread "Cache worker for file hash cache (C:\Users\songe\.gradle\caches\7.5.1\fileHashes)" [_thread_blocked, id=7148, stack(0x000000a01b800000,0x000000a01b900000)]
  0x000001d4a3c8d090 JavaThread "File watcher server" daemon [_thread_in_native, id=9332, stack(0x000000a01ba00000,0x000000a01bb00000)]
  0x000001d4a3c8aee0 JavaThread "File watcher consumer" daemon [_thread_blocked, id=2036, stack(0x000000a01bb00000,0x000000a01bc00000)]
  0x000001d4a3c8b3b0 JavaThread "Cache worker for checksums cache (C:\Users\songe\source\repos\SAMSV2\android\.gradle\7.5.1\checksums)" [_thread_blocked, id=5928, stack(0x000000a01bc00000,0x000000a01bd00000)]
  0x000001d4a3c8c220 JavaThread "Cache worker for cache directory md-rule (C:\Users\songe\.gradle\caches\7.5.1\md-rule)" [_thread_blocked, id=3004, stack(0x000000a01bd00000,0x000000a01be00000)]
  0x000001d4a3c8c6f0 JavaThread "Cache worker for file content cache (C:\Users\songe\.gradle\caches\7.5.1\fileContent)" [_thread_blocked, id=8672, stack(0x000000a01be00000,0x000000a01bf00000)]
  0x000001d4a4c72650 JavaThread "Cache worker for file hash cache (C:\Users\songe\source\repos\SAMSV2\android\.gradle\7.5.1\fileHashes)" [_thread_blocked, id=17652, stack(0x000000a01bf00000,0x000000a01c000000)]
  0x000001d4a4c70970 JavaThread "Cache worker for cache directory md-supplier (C:\Users\songe\.gradle\caches\7.5.1\md-supplier)" [_thread_blocked, id=1872, stack(0x000000a01c000000,0x000000a01c100000)]
  0x000001d4a4c72b20 JavaThread "Cache worker for execution history cache (C:\Users\songe\.gradle\caches\7.5.1\executionHistory)" [_thread_blocked, id=7716, stack(0x000000a01c100000,0x000000a01c200000)]
  0x000001d4a4c734c0 JavaThread "jar transforms" [_thread_blocked, id=14512, stack(0x000000a01c200000,0x000000a01c300000)]
  0x000001d4a4c717e0 JavaThread "jar transforms Thread 2" [_thread_blocked, id=2920, stack(0x000000a01c300000,0x000000a01c400000)]
  0x000001d4a4c73e60 JavaThread "jar transforms Thread 3" [_thread_blocked, id=2768, stack(0x000000a01b900000,0x000000a01ba00000)]
  0x000001d4a4c74800 JavaThread "jar transforms Thread 4" [_thread_blocked, id=3132, stack(0x000000a01c400000,0x000000a01c500000)]
  0x000001d4a4c74cd0 JavaThread "Cache worker for kotlin-dsl (C:\Users\songe\.gradle\caches\7.5.1\kotlin-dsl)" [_thread_blocked, id=17672, stack(0x000000a01c500000,0x000000a01c600000)]
  0x000001d4a4c6ffd0 JavaThread "Cache worker for dependencies-accessors (C:\Users\songe\source\repos\SAMSV2\android\.gradle\7.5.1\dependencies-accessors)" [_thread_blocked, id=14240, stack(0x000000a01c700000,0x000000a01c800000)]
  0x000001d4a4c70e40 JavaThread "Cache worker for Build Output Cleanup Cache (C:\Users\songe\source\repos\SAMSV2\node_modules\react-native-gradle-plugin\.gradle\buildOutputCleanup)" [_thread_blocked, id=3008, stack(0x000000a01c600000,0x000000a01c700000)]
  0x000001d4a4c751a0 JavaThread "Unconstrained build operations" [_thread_blocked, id=12744, stack(0x000000a019400000,0x000000a019500000)]
  0x000001d4a4c75670 JavaThread "Unconstrained build operations Thread 2" [_thread_blocked, id=13948, stack(0x000000a01c900000,0x000000a01ca00000)]
  0x000001d4a4c6de20 JavaThread "Unconstrained build operations Thread 3" [_thread_blocked, id=14556, stack(0x000000a01ca00000,0x000000a01cb00000)]
  0x000001d4a4c6e2f0 JavaThread "Unconstrained build operations Thread 4" [_thread_blocked, id=2780, stack(0x000000a01cb00000,0x000000a01cc00000)]
  0x000001d4a4c71cb0 JavaThread "Unconstrained build operations Thread 5" [_thread_blocked, id=17476, stack(0x000000a01cc00000,0x000000a01cd00000)]
  0x000001d4a4c6e7c0 JavaThread "Unconstrained build operations Thread 6" [_thread_blocked, id=11772, stack(0x000000a01cd00000,0x000000a01ce00000)]
  0x000001d4a4c6ec90 JavaThread "Unconstrained build operations Thread 7" [_thread_blocked, id=17464, stack(0x000000a01ce00000,0x000000a01cf00000)]
  0x000001d4a4c6f160 JavaThread "Unconstrained build operations Thread 8" [_thread_blocked, id=11324, stack(0x000000a01cf00000,0x000000a01d000000)]
  0x000001d4a4c6f630 JavaThread "Unconstrained build operations Thread 9" [_thread_blocked, id=7844, stack(0x000000a01d000000,0x000000a01d100000)]
  0x000001d4a4c72180 JavaThread "Unconstrained build operations Thread 10" [_thread_blocked, id=9948, stack(0x000000a01d100000,0x000000a01d200000)]
  0x000001d4a4c71310 JavaThread "Unconstrained build operations Thread 11" [_thread_blocked, id=7644, stack(0x000000a01d200000,0x000000a01d300000)]
  0x000001d4a3409540 JavaThread "Unconstrained build operations Thread 12" [_thread_blocked, id=7620, stack(0x000000a01d300000,0x000000a01d400000)]
  0x000001d4a340c560 JavaThread "Unconstrained build operations Thread 13" [_thread_blocked, id=10616, stack(0x000000a01d400000,0x000000a01d500000)]
  0x000001d4a340c090 JavaThread "Unconstrained build operations Thread 14" [_thread_blocked, id=14836, stack(0x000000a01d500000,0x000000a01d600000)]
  0x000001d4a340d3d0 JavaThread "Unconstrained build operations Thread 15" [_thread_blocked, id=7176, stack(0x000000a01d600000,0x000000a01d700000)]
  0x000001d4a3409a10 JavaThread "Unconstrained build operations Thread 16" [_thread_blocked, id=2172, stack(0x000000a01d700000,0x000000a01d800000)]
  0x000001d4a3408ba0 JavaThread "Unconstrained build operations Thread 17" [_thread_blocked, id=2324, stack(0x000000a01d800000,0x000000a01d900000)]
  0x000001d4a340ca30 JavaThread "Unconstrained build operations Thread 18" [_thread_blocked, id=6504, stack(0x000000a01d900000,0x000000a01da00000)]
  0x000001d4a340ebe0 JavaThread "Unconstrained build operations Thread 19" [_thread_blocked, id=6572, stack(0x000000a01da00000,0x000000a01db00000)]
  0x000001d4a340f0b0 JavaThread "Unconstrained build operations Thread 20" [_thread_blocked, id=8140, stack(0x000000a01db00000,0x000000a01dc00000)]
  0x000001d4a340b6f0 JavaThread "Unconstrained build operations Thread 21" [_thread_blocked, id=7604, stack(0x000000a01dc00000,0x000000a01dd00000)]
  0x000001d4a340cf00 JavaThread "Unconstrained build operations Thread 22" [_thread_blocked, id=8304, stack(0x000000a01dd00000,0x000000a01de00000)]
  0x000001d4a340d8a0 JavaThread "Unconstrained build operations Thread 23" [_thread_blocked, id=2344, stack(0x000000a01de00000,0x000000a01df00000)]
  0x000001d4a340bbc0 JavaThread "Unconstrained build operations Thread 24" [_thread_blocked, id=14524, stack(0x000000a01df00000,0x000000a01e000000)]
  0x000001d4a340b220 JavaThread "Unconstrained build operations Thread 25" [_thread_blocked, id=8688, stack(0x000000a01e000000,0x000000a01e100000)]
  0x000001d4a340dd70 JavaThread "Unconstrained build operations Thread 26" [_thread_blocked, id=18144, stack(0x000000a01e100000,0x000000a01e200000)]
  0x000001d4a340e240 JavaThread "Unconstrained build operations Thread 27" [_thread_blocked, id=2912, stack(0x000000a01e200000,0x000000a01e300000)]
  0x000001d4a340e710 JavaThread "Unconstrained build operations Thread 28" [_thread_blocked, id=10672, stack(0x000000a01e300000,0x000000a01e400000)]
  0x000001d4a3409070 JavaThread "Unconstrained build operations Thread 29" [_thread_blocked, id=1876, stack(0x000000a01e400000,0x000000a01e500000)]
  0x000001d4a3409ee0 JavaThread "Unconstrained build operations Thread 30" [_thread_blocked, id=2208, stack(0x000000a01e500000,0x000000a01e600000)]
  0x000001d4a340f580 JavaThread "Unconstrained build operations Thread 31" [_thread_blocked, id=7312, stack(0x000000a01e600000,0x000000a01e700000)]
  0x000001d4a34086d0 JavaThread "Unconstrained build operations Thread 32" [_thread_blocked, id=8324, stack(0x000000a01e700000,0x000000a01e800000)]
  0x000001d4a340fa50 JavaThread "Unconstrained build operations Thread 33" [_thread_blocked, id=10208, stack(0x000000a01e800000,0x000000a01e900000)]
  0x000001d4a340a3b0 JavaThread "build event listener" [_thread_blocked, id=8420, stack(0x000000a01e900000,0x000000a01ea00000)]
  0x000001d4a340a880 JavaThread "Memory manager" [_thread_blocked, id=10964, stack(0x000000a01ec00000,0x000000a01ed00000)]
  0x000001d4a7d99f10 JavaThread "Cache worker for Build Output Cleanup Cache (C:\Users\songe\source\repos\SAMSV2\android\.gradle\buildOutputCleanup)" [_thread_blocked, id=12508, stack(0x000000a01c800000,0x000000a01c900000)]
  0x000001d4a7d97d60 JavaThread "included builds" [_thread_blocked, id=17896, stack(0x000000a01ee00000,0x000000a01ef00000)]
  0x000001d4a7d93a00 JavaThread "Execution worker" [_thread_blocked, id=14140, stack(0x000000a01ef00000,0x000000a01f000000)]
  0x000001d4a7d97890 JavaThread "Execution worker Thread 2" [_thread_blocked, id=15648, stack(0x000000a01f000000,0x000000a01f100000)]
  0x000001d4a7d9a3e0 JavaThread "Execution worker Thread 3" [_thread_blocked, id=4292, stack(0x000000a01f100000,0x000000a01f200000)]
  0x000001d4a7d95bb0 JavaThread "Cache worker for execution history cache (C:\Users\songe\source\repos\SAMSV2\node_modules\react-native-gradle-plugin\.gradle\7.5.1\executionHistory)" [_thread_blocked, id=3312, stack(0x000000a01f200000,0x000000a01f300000)]
  0x000001d4a7d95210 JavaThread "Unconstrained build operations Thread 34" [_thread_blocked, id=11540, stack(0x000000a01ed00000,0x000000a01ee00000)]
  0x000001d4a7d98230 JavaThread "Unconstrained build operations Thread 35" [_thread_blocked, id=10388, stack(0x000000a01f300000,0x000000a01f400000)]
  0x000001d4a7d956e0 JavaThread "Unconstrained build operations Thread 36" [_thread_blocked, id=15264, stack(0x000000a01f400000,0x000000a01f500000)]
  0x000001d4a7d96080 JavaThread "Unconstrained build operations Thread 37" [_thread_blocked, id=7932, stack(0x000000a01f500000,0x000000a01f600000)]
  0x000001d4a7d93ed0 JavaThread "Unconstrained build operations Thread 38" [_thread_blocked, id=9556, stack(0x000000a01f600000,0x000000a01f700000)]
  0x000001d4a7d9a8b0 JavaThread "Unconstrained build operations Thread 39" [_thread_blocked, id=11764, stack(0x000000a01f700000,0x000000a01f800000)]
  0x000001d4a7d98700 JavaThread "Unconstrained build operations Thread 40" [_thread_blocked, id=17644, stack(0x000000a01f800000,0x000000a01f900000)]
=>0x000001d4ad27ccb0 JavaThread "C2 CompilerThread1" daemon [_thread_in_native, id=15856, stack(0x000000a019300000,0x000000a019400000)]

Other Threads:
  0x000001d4a1f593a0 VMThread "VM Thread" [stack: 0x000000a019c00000,0x000000a019d00000] [id=17384]
  0x000001d4a29ce3a0 WatcherThread [stack: 0x000000a01a800000,0x000000a01a900000] [id=18208]
  0x000001d4824a1cd0 GCTaskThread "GC Thread#0" [stack: 0x000000a019700000,0x000000a019800000] [id=3152]
  0x000001d4a2bbd970 GCTaskThread "GC Thread#1" [stack: 0x000000a01aa00000,0x000000a01ab00000] [id=7352]
  0x000001d4a2a4a6d0 GCTaskThread "GC Thread#2" [stack: 0x000000a01ab00000,0x000000a01ac00000] [id=17280]
  0x000001d4a386fbe0 GCTaskThread "GC Thread#3" [stack: 0x000000a01ac00000,0x000000a01ad00000] [id=16804]
  0x000001d4824b2c10 ConcurrentGCThread "G1 Main Marker" [stack: 0x000000a019800000,0x000000a019900000] [id=8492]
  0x000001d4824b3dc0 ConcurrentGCThread "G1 Conc#0" [stack: 0x000000a019900000,0x000000a019a00000] [id=14164]
  0x000001d4a1e100a0 ConcurrentGCThread "G1 Refine#0" [stack: 0x000000a019a00000,0x000000a019b00000] [id=7724]
  0x000001d4a4e62100 ConcurrentGCThread "G1 Refine#1" [stack: 0x000000a01fa00000,0x000000a01fb00000] [id=15440]
  0x000001d4a1e10ac0 ConcurrentGCThread "G1 Service" [stack: 0x000000a019b00000,0x000000a019c00000] [id=3396]

Threads with active compile tasks:
C2 CompilerThread0    79388 15513       4       org.gradle.api.internal.tasks.CachingTaskDependencyResolveContext$TaskGraphImpl::getNodeValues (172 bytes)
C2 CompilerThread1    79388 15405       4       org.gradle.api.internal.artifacts.transform.AttributeMatchingVariantSelector::doSelect (469 bytes)

VM state: not at safepoint (normal execution)

VM Mutex/Monitor currently owned by a thread: None

Heap address: 0x0000000080000000, size: 2048 MB, Compressed Oops mode: 32-bit

CDS archive(s) mapped at: [0x0000000800000000-0x0000000800bc0000-0x0000000800bc0000), size 12320768, SharedBaseAddress: 0x0000000800000000, ArchiveRelocationMode: 0.
Compressed class space mapped at: 0x0000000800c00000-0x000000081a800000, reserved size: 432013312
Narrow klass base: 0x0000000800000000, Narrow klass shift: 0, Narrow klass range: 0x100000000

GC Precious Log:
 CPUs: 4 total, 4 available
 Memory: 8089M
 Large Page Support: Disabled
 NUMA Support: Disabled
 Compressed Oops: Enabled (32-bit)
 Heap Region Size: 1M
 Heap Min Capacity: 8M
 Heap Initial Capacity: 128M
 Heap Max Capacity: 2G
 Pre-touch: Disabled
 Parallel Workers: 4
 Concurrent Workers: 1
 Concurrent Refinement Workers: 4
 Periodic GC: Disabled

Heap:
 garbage-first heap   total 319488K, used 251933K [0x0000000080000000, 0x0000000100000000)
  region size 1024K, 69 young (70656K), 2 survivors (2048K)
 Metaspace       used 102059K, committed 103488K, reserved 512000K
  class space    used 14019K, committed 14720K, reserved 421888K

Heap Regions: E=young(eden), S=young(survivor), O=old, HS=humongous(starts), HC=humongous(continues), CS=collection set, F=free, OA=open archive, CA=closed archive, TAMS=top-at-mark-start (previous, next)
|   0|0x0000000080000000, 0x0000000080100000, 0x0000000080100000|100%|HS|  |TAMS 0x0000000080100000, 0x0000000080000000| Complete 
|   1|0x0000000080100000, 0x0000000080200000, 0x0000000080200000|100%|HC|  |TAMS 0x0000000080200000, 0x0000000080100000| Complete 
|   2|0x0000000080200000, 0x0000000080300000, 0x0000000080300000|100%|HC|  |TAMS 0x0000000080300000, 0x0000000080200000| Complete 
|   3|0x0000000080300000, 0x0000000080400000, 0x0000000080400000|100%| O|  |TAMS 0x0000000080400000, 0x0000000080300000| Untracked 
|   4|0x0000000080400000, 0x0000000080500000, 0x0000000080500000|100%| O|  |TAMS 0x0000000080500000, 0x0000000080400000| Untracked 
|   5|0x0000000080500000, 0x0000000080600000, 0x0000000080600000|100%| O|  |TAMS 0x0000000080600000, 0x0000000080500000| Untracked 
|   6|0x0000000080600000, 0x0000000080700000, 0x0000000080700000|100%| O|  |TAMS 0x0000000080700000, 0x0000000080600000| Untracked 
|   7|0x0000000080700000, 0x0000000080800000, 0x0000000080800000|100%| O|  |TAMS 0x0000000080800000, 0x0000000080700000| Untracked 
|   8|0x0000000080800000, 0x0000000080900000, 0x0000000080900000|100%| O|  |TAMS 0x0000000080900000, 0x0000000080800000| Untracked 
|   9|0x0000000080900000, 0x0000000080a00000, 0x0000000080a00000|100%| O|  |TAMS 0x0000000080a00000, 0x0000000080900000| Untracked 
|  10|0x0000000080a00000, 0x0000000080b00000, 0x0000000080b00000|100%| O|  |TAMS 0x0000000080b00000, 0x0000000080a00000| Untracked 
|  11|0x0000000080b00000, 0x0000000080c00000, 0x0000000080c00000|100%| O|  |TAMS 0x0000000080c00000, 0x0000000080b00000| Untracked 
|  12|0x0000000080c00000, 0x0000000080d00000, 0x0000000080d00000|100%| O|  |TAMS 0x0000000080d00000, 0x0000000080c00000| Untracked 
|  13|0x0000000080d00000, 0x0000000080e00000, 0x0000000080e00000|100%| O|  |TAMS 0x0000000080e00000, 0x0000000080d00000| Untracked 
|  14|0x0000000080e00000, 0x0000000080f00000, 0x0000000080f00000|100%| O|  |TAMS 0x0000000080f00000, 0x0000000080e00000| Untracked 
|  15|0x0000000080f00000, 0x0000000081000000, 0x0000000081000000|100%| O|  |TAMS 0x0000000081000000, 0x0000000080f00000| Untracked 
|  16|0x0000000081000000, 0x0000000081100000, 0x0000000081100000|100%| O|  |TAMS 0x0000000081100000, 0x0000000081000000| Untracked 
|  17|0x0000000081100000, 0x0000000081200000, 0x0000000081200000|100%| O|  |TAMS 0x0000000081200000, 0x0000000081100000| Untracked 
|  18|0x0000000081200000, 0x0000000081300000, 0x0000000081300000|100%| O|  |TAMS 0x0000000081300000, 0x0000000081200000| Untracked 
|  19|0x0000000081300000, 0x0000000081400000, 0x0000000081400000|100%| O|  |TAMS 0x0000000081400000, 0x0000000081300000| Untracked 
|  20|0x0000000081400000, 0x0000000081500000, 0x0000000081500000|100%|HS|  |TAMS 0x0000000081500000, 0x0000000081400000| Complete 
|  21|0x0000000081500000, 0x0000000081600000, 0x0000000081600000|100%| O|  |TAMS 0x0000000081600000, 0x0000000081500000| Untracked 
|  22|0x0000000081600000, 0x0000000081700000, 0x0000000081700000|100%| O|  |TAMS 0x0000000081700000, 0x0000000081600000| Untracked 
|  23|0x0000000081700000, 0x0000000081800000, 0x0000000081800000|100%| O|  |TAMS 0x0000000081800000, 0x0000000081700000| Untracked 
|  24|0x0000000081800000, 0x0000000081900000, 0x0000000081900000|100%| O|  |TAMS 0x0000000081900000, 0x0000000081800000| Untracked 
|  25|0x0000000081900000, 0x0000000081a00000, 0x0000000081a00000|100%| O|  |TAMS 0x0000000081a00000, 0x0000000081900000| Untracked 
|  26|0x0000000081a00000, 0x0000000081b00000, 0x0000000081b00000|100%| O|  |TAMS 0x0000000081b00000, 0x0000000081a00000| Untracked 
|  27|0x0000000081b00000, 0x0000000081c00000, 0x0000000081c00000|100%| O|  |TAMS 0x0000000081c00000, 0x0000000081b00000| Untracked 
|  28|0x0000000081c00000, 0x0000000081d00000, 0x0000000081d00000|100%| O|  |TAMS 0x0000000081d00000, 0x0000000081c00000| Untracked 
|  29|0x0000000081d00000, 0x0000000081e00000, 0x0000000081e00000|100%| O|  |TAMS 0x0000000081e00000, 0x0000000081d00000| Untracked 
|  30|0x0000000081e00000, 0x0000000081f00000, 0x0000000081f00000|100%| O|  |TAMS 0x0000000081f00000, 0x0000000081e00000| Untracked 
|  31|0x0000000081f00000, 0x0000000082000000, 0x0000000082000000|100%| O|  |TAMS 0x0000000082000000, 0x0000000081f00000| Untracked 
|  32|0x0000000082000000, 0x0000000082100000, 0x0000000082100000|100%| O|  |TAMS 0x0000000082100000, 0x0000000082000000| Untracked 
|  33|0x0000000082100000, 0x0000000082200000, 0x0000000082200000|100%| O|  |TAMS 0x0000000082200000, 0x0000000082100000| Untracked 
|  34|0x0000000082200000, 0x0000000082300000, 0x0000000082300000|100%| O|  |TAMS 0x0000000082300000, 0x0000000082200000| Untracked 
|  35|0x0000000082300000, 0x0000000082400000, 0x0000000082400000|100%| O|  |TAMS 0x0000000082400000, 0x0000000082300000| Untracked 
|  36|0x0000000082400000, 0x0000000082500000, 0x0000000082500000|100%| O|  |TAMS 0x0000000082500000, 0x0000000082400000| Untracked 
|  37|0x0000000082500000, 0x0000000082600000, 0x0000000082600000|100%|HS|  |TAMS 0x0000000082600000, 0x0000000082500000| Complete 
|  38|0x0000000082600000, 0x0000000082700000, 0x0000000082700000|100%|HC|  |TAMS 0x0000000082700000, 0x0000000082600000| Complete 
|  39|0x0000000082700000, 0x0000000082800000, 0x0000000082800000|100%|HC|  |TAMS 0x0000000082800000, 0x0000000082700000| Complete 
|  40|0x0000000082800000, 0x0000000082900000, 0x0000000082900000|100%| O|  |TAMS 0x0000000082900000, 0x0000000082800000| Untracked 
|  41|0x0000000082900000, 0x0000000082a00000, 0x0000000082a00000|100%| O|  |TAMS 0x0000000082a00000, 0x0000000082900000| Untracked 
|  42|0x0000000082a00000, 0x0000000082b00000, 0x0000000082b00000|100%| O|  |TAMS 0x0000000082b00000, 0x0000000082a00000| Untracked 
|  43|0x0000000082b00000, 0x0000000082c00000, 0x0000000082c00000|100%| O|  |TAMS 0x0000000082c00000, 0x0000000082b00000| Untracked 
|  44|0x0000000082c00000, 0x0000000082d00000, 0x0000000082d00000|100%| O|  |TAMS 0x0000000082d00000, 0x0000000082c00000| Untracked 
|  45|0x0000000082d00000, 0x0000000082e00000, 0x0000000082e00000|100%| O|  |TAMS 0x0000000082e00000, 0x0000000082d00000| Untracked 
|  46|0x0000000082e00000, 0x0000000082f00000, 0x0000000082f00000|100%| O|  |TAMS 0x0000000082f00000, 0x0000000082e00000| Untracked 
|  47|0x0000000082f00000, 0x0000000083000000, 0x0000000083000000|100%| O|  |TAMS 0x0000000083000000, 0x0000000082f00000| Untracked 
|  48|0x0000000083000000, 0x0000000083100000, 0x0000000083100000|100%| O|  |TAMS 0x0000000083100000, 0x0000000083000000| Untracked 
|  49|0x0000000083100000, 0x0000000083200000, 0x0000000083200000|100%| O|  |TAMS 0x0000000083200000, 0x0000000083100000| Untracked 
|  50|0x0000000083200000, 0x0000000083300000, 0x0000000083300000|100%| O|  |TAMS 0x0000000083300000, 0x0000000083200000| Untracked 
|  51|0x0000000083300000, 0x0000000083400000, 0x0000000083400000|100%| O|  |TAMS 0x0000000083400000, 0x0000000083300000| Untracked 
|  52|0x0000000083400000, 0x0000000083500000, 0x0000000083500000|100%| O|  |TAMS 0x0000000083500000, 0x0000000083400000| Untracked 
|  53|0x0000000083500000, 0x0000000083600000, 0x0000000083600000|100%| O|  |TAMS 0x0000000083600000, 0x0000000083500000| Untracked 
|  54|0x0000000083600000, 0x0000000083700000, 0x0000000083700000|100%| O|  |TAMS 0x0000000083700000, 0x0000000083600000| Untracked 
|  55|0x0000000083700000, 0x0000000083800000, 0x0000000083800000|100%|HS|  |TAMS 0x0000000083800000, 0x0000000083700000| Complete 
|  56|0x0000000083800000, 0x0000000083900000, 0x0000000083900000|100%|HS|  |TAMS 0x0000000083900000, 0x0000000083800000| Complete 
|  57|0x0000000083900000, 0x0000000083a00000, 0x0000000083a00000|100%| O|  |TAMS 0x0000000083a00000, 0x0000000083900000| Untracked 
|  58|0x0000000083a00000, 0x0000000083b00000, 0x0000000083b00000|100%| O|  |TAMS 0x0000000083b00000, 0x0000000083a00000| Untracked 
|  59|0x0000000083b00000, 0x0000000083c00000, 0x0000000083c00000|100%| O|  |TAMS 0x0000000083c00000, 0x0000000083b00000| Untracked 
|  60|0x0000000083c00000, 0x0000000083d00000, 0x0000000083d00000|100%| O|  |TAMS 0x0000000083d00000, 0x0000000083c00000| Untracked 
|  61|0x0000000083d00000, 0x0000000083e00000, 0x0000000083e00000|100%| O|  |TAMS 0x0000000083e00000, 0x0000000083d00000| Untracked 
|  62|0x0000000083e00000, 0x0000000083f00000, 0x0000000083f00000|100%|HS|  |TAMS 0x0000000083f00000, 0x0000000083e00000| Complete 
|  63|0x0000000083f00000, 0x0000000084000000, 0x0000000084000000|100%|HC|  |TAMS 0x0000000084000000, 0x0000000083f00000| Complete 
|  64|0x0000000084000000, 0x0000000084100000, 0x0000000084100000|100%| O|  |TAMS 0x0000000084100000, 0x0000000084000000| Untracked 
|  65|0x0000000084100000, 0x0000000084200000, 0x0000000084200000|100%| O|  |TAMS 0x0000000084200000, 0x0000000084100000| Untracked 
|  66|0x0000000084200000, 0x0000000084300000, 0x0000000084300000|100%| O|  |TAMS 0x0000000084300000, 0x0000000084200000| Untracked 
|  67|0x0000000084300000, 0x0000000084400000, 0x0000000084400000|100%| O|  |TAMS 0x0000000084400000, 0x0000000084300000| Untracked 
|  68|0x0000000084400000, 0x0000000084500000, 0x0000000084500000|100%| O|  |TAMS 0x0000000084500000, 0x0000000084400000| Untracked 
|  69|0x0000000084500000, 0x0000000084600000, 0x0000000084600000|100%| O|  |TAMS 0x0000000084600000, 0x0000000084500000| Untracked 
|  70|0x0000000084600000, 0x0000000084700000, 0x0000000084700000|100%| O|  |TAMS 0x0000000084700000, 0x0000000084600000| Untracked 
|  71|0x0000000084700000, 0x0000000084800000, 0x0000000084800000|100%| O|  |TAMS 0x0000000084800000, 0x0000000084700000| Untracked 
|  72|0x0000000084800000, 0x0000000084900000, 0x0000000084900000|100%| O|  |TAMS 0x0000000084900000, 0x0000000084800000| Untracked 
|  73|0x0000000084900000, 0x0000000084a00000, 0x0000000084a00000|100%| O|  |TAMS 0x0000000084a00000, 0x0000000084900000| Untracked 
|  74|0x0000000084a00000, 0x0000000084b00000, 0x0000000084b00000|100%| O|  |TAMS 0x0000000084b00000, 0x0000000084a00000| Untracked 
|  75|0x0000000084b00000, 0x0000000084c00000, 0x0000000084c00000|100%| O|  |TAMS 0x0000000084c00000, 0x0000000084b00000| Untracked 
|  76|0x0000000084c00000, 0x0000000084d00000, 0x0000000084d00000|100%| O|  |TAMS 0x0000000084d00000, 0x0000000084c00000| Untracked 
|  77|0x0000000084d00000, 0x0000000084e00000, 0x0000000084e00000|100%| O|  |TAMS 0x0000000084e00000, 0x0000000084d00000| Untracked 
|  78|0x0000000084e00000, 0x0000000084f00000, 0x0000000084f00000|100%| O|  |TAMS 0x0000000084f00000, 0x0000000084e00000| Untracked 
|  79|0x0000000084f00000, 0x0000000085000000, 0x0000000085000000|100%| O|  |TAMS 0x0000000085000000, 0x0000000084f00000| Untracked 
|  80|0x0000000085000000, 0x0000000085100000, 0x0000000085100000|100%| O|  |TAMS 0x0000000085100000, 0x0000000085000000| Untracked 
|  81|0x0000000085100000, 0x0000000085200000, 0x0000000085200000|100%| O|  |TAMS 0x0000000085200000, 0x0000000085100000| Untracked 
|  82|0x0000000085200000, 0x0000000085300000, 0x0000000085300000|100%| O|  |TAMS 0x0000000085300000, 0x0000000085200000| Untracked 
|  83|0x0000000085300000, 0x0000000085400000, 0x0000000085400000|100%| O|  |TAMS 0x0000000085400000, 0x0000000085300000| Untracked 
|  84|0x0000000085400000, 0x0000000085500000, 0x0000000085500000|100%| O|  |TAMS 0x0000000085500000, 0x0000000085400000| Untracked 
|  85|0x0000000085500000, 0x0000000085600000, 0x0000000085600000|100%| O|  |TAMS 0x0000000085600000, 0x0000000085500000| Untracked 
|  86|0x0000000085600000, 0x0000000085700000, 0x0000000085700000|100%| O|  |TAMS 0x0000000085700000, 0x0000000085600000| Untracked 
|  87|0x0000000085700000, 0x0000000085800000, 0x0000000085800000|100%| O|  |TAMS 0x0000000085800000, 0x0000000085700000| Untracked 
|  88|0x0000000085800000, 0x0000000085900000, 0x0000000085900000|100%| O|  |TAMS 0x0000000085900000, 0x0000000085800000| Untracked 
|  89|0x0000000085900000, 0x0000000085a00000, 0x0000000085a00000|100%| O|  |TAMS 0x0000000085a00000, 0x0000000085900000| Untracked 
|  90|0x0000000085a00000, 0x0000000085b00000, 0x0000000085b00000|100%| O|  |TAMS 0x0000000085b00000, 0x0000000085a00000| Untracked 
|  91|0x0000000085b00000, 0x0000000085c00000, 0x0000000085c00000|100%| O|  |TAMS 0x0000000085c00000, 0x0000000085b00000| Untracked 
|  92|0x0000000085c00000, 0x0000000085d00000, 0x0000000085d00000|100%|HS|  |TAMS 0x0000000085d00000, 0x0000000085c00000| Complete 
|  93|0x0000000085d00000, 0x0000000085e00000, 0x0000000085e00000|100%|HS|  |TAMS 0x0000000085e00000, 0x0000000085d00000| Complete 
|  94|0x0000000085e00000, 0x0000000085f00000, 0x0000000085f00000|100%| O|  |TAMS 0x0000000085f00000, 0x0000000085e00000| Untracked 
|  95|0x0000000085f00000, 0x0000000086000000, 0x0000000086000000|100%| O|  |TAMS 0x0000000086000000, 0x0000000085f00000| Untracked 
|  96|0x0000000086000000, 0x0000000086100000, 0x0000000086100000|100%| O|  |TAMS 0x0000000086100000, 0x0000000086000000| Untracked 
|  97|0x0000000086100000, 0x0000000086200000, 0x0000000086200000|100%| O|  |TAMS 0x0000000086200000, 0x0000000086100000| Untracked 
|  98|0x0000000086200000, 0x0000000086300000, 0x0000000086300000|100%| O|  |TAMS 0x0000000086300000, 0x0000000086200000| Untracked 
|  99|0x0000000086300000, 0x0000000086400000, 0x0000000086400000|100%|HS|  |TAMS 0x0000000086400000, 0x0000000086300000| Complete 
| 100|0x0000000086400000, 0x0000000086500000, 0x0000000086500000|100%|HS|  |TAMS 0x0000000086500000, 0x0000000086400000| Complete 
| 101|0x0000000086500000, 0x0000000086600000, 0x0000000086600000|100%|HC|  |TAMS 0x0000000086600000, 0x0000000086500000| Complete 
| 102|0x0000000086600000, 0x0000000086700000, 0x0000000086700000|100%|HC|  |TAMS 0x0000000086700000, 0x0000000086600000| Complete 
| 103|0x0000000086700000, 0x0000000086800000, 0x0000000086800000|100%| O|  |TAMS 0x0000000086800000, 0x0000000086700000| Untracked 
| 104|0x0000000086800000, 0x0000000086900000, 0x0000000086900000|100%| O|  |TAMS 0x0000000086900000, 0x0000000086800000| Untracked 
| 105|0x0000000086900000, 0x0000000086a00000, 0x0000000086a00000|100%| O|  |TAMS 0x0000000086a00000, 0x0000000086900000| Untracked 
| 106|0x0000000086a00000, 0x0000000086b00000, 0x0000000086b00000|100%| O|  |TAMS 0x0000000086b00000, 0x0000000086a00000| Untracked 
| 107|0x0000000086b00000, 0x0000000086c00000, 0x0000000086c00000|100%| O|  |TAMS 0x0000000086c00000, 0x0000000086b00000| Untracked 
| 108|0x0000000086c00000, 0x0000000086d00000, 0x0000000086d00000|100%| O|  |TAMS 0x0000000086d00000, 0x0000000086c00000| Complete 
| 109|0x0000000086d00000, 0x0000000086e00000, 0x0000000086e00000|100%| O|  |TAMS 0x0000000086e00000, 0x0000000086d00000| Untracked 
| 110|0x0000000086e00000, 0x0000000086f00000, 0x0000000086f00000|100%| O|  |TAMS 0x0000000086f00000, 0x0000000086e00000| Untracked 
| 111|0x0000000086f00000, 0x0000000087000000, 0x0000000087000000|100%| O|  |TAMS 0x0000000087000000, 0x0000000086f00000| Complete 
| 112|0x0000000087000000, 0x0000000087100000, 0x0000000087100000|100%| O|  |TAMS 0x0000000087100000, 0x0000000087000000| Untracked 
| 113|0x0000000087100000, 0x0000000087200000, 0x0000000087200000|100%| O|  |TAMS 0x0000000087200000, 0x0000000087100000| Untracked 
| 114|0x0000000087200000, 0x0000000087300000, 0x0000000087300000|100%| O|  |TAMS 0x0000000087300000, 0x0000000087200000| Untracked 
| 115|0x0000000087300000, 0x0000000087400000, 0x0000000087400000|100%| O|  |TAMS 0x0000000087400000, 0x0000000087300000| Untracked 
| 116|0x0000000087400000, 0x0000000087500000, 0x0000000087500000|100%| O|  |TAMS 0x0000000087500000, 0x0000000087400000| Untracked 
| 117|0x0000000087500000, 0x0000000087600000, 0x0000000087600000|100%| O|  |TAMS 0x0000000087600000, 0x0000000087500000| Untracked 
| 118|0x0000000087600000, 0x0000000087700000, 0x0000000087700000|100%| O|  |TAMS 0x0000000087700000, 0x0000000087600000| Untracked 
| 119|0x0000000087700000, 0x0000000087800000, 0x0000000087800000|100%|HS|  |TAMS 0x0000000087800000, 0x0000000087700000| Complete 
| 120|0x0000000087800000, 0x0000000087900000, 0x0000000087900000|100%|HS|  |TAMS 0x0000000087900000, 0x0000000087800000| Complete 
| 121|0x0000000087900000, 0x0000000087a00000, 0x0000000087a00000|100%|HS|  |TAMS 0x0000000087a00000, 0x0000000087900000| Complete 
| 122|0x0000000087a00000, 0x0000000087b00000, 0x0000000087b00000|100%|HC|  |TAMS 0x0000000087b00000, 0x0000000087a00000| Complete 
| 123|0x0000000087b00000, 0x0000000087c00000, 0x0000000087c00000|100%|HC|  |TAMS 0x0000000087c00000, 0x0000000087b00000| Complete 
| 124|0x0000000087c00000, 0x0000000087d00000, 0x0000000087d00000|100%| O|  |TAMS 0x0000000087d00000, 0x0000000087c00000| Untracked 
| 125|0x0000000087d00000, 0x0000000087e00000, 0x0000000087e00000|100%| O|  |TAMS 0x0000000087e00000, 0x0000000087d00000| Untracked 
| 126|0x0000000087e00000, 0x0000000087f00000, 0x0000000087f00000|100%| O|  |TAMS 0x0000000087f00000, 0x0000000087e00000| Untracked 
| 127|0x0000000087f00000, 0x0000000088000000, 0x0000000088000000|100%| O|  |TAMS 0x0000000088000000, 0x0000000087f00000| Untracked 
| 128|0x0000000088000000, 0x0000000088100000, 0x0000000088100000|100%| O|  |TAMS 0x0000000088100000, 0x0000000088000000| Untracked 
| 129|0x0000000088100000, 0x0000000088200000, 0x0000000088200000|100%| O|  |TAMS 0x0000000088200000, 0x0000000088100000| Untracked 
| 130|0x0000000088200000, 0x0000000088300000, 0x0000000088300000|100%| O|  |TAMS 0x0000000088300000, 0x0000000088200000| Untracked 
| 131|0x0000000088300000, 0x0000000088400000, 0x0000000088400000|100%| O|  |TAMS 0x0000000088400000, 0x0000000088300000| Untracked 
| 132|0x0000000088400000, 0x0000000088500000, 0x0000000088500000|100%| O|  |TAMS 0x0000000088500000, 0x0000000088400000| Untracked 
| 133|0x0000000088500000, 0x0000000088600000, 0x0000000088600000|100%|HS|  |TAMS 0x0000000088600000, 0x0000000088500000| Complete 
| 134|0x0000000088600000, 0x0000000088700000, 0x0000000088700000|100%|HS|  |TAMS 0x0000000088700000, 0x0000000088600000| Complete 
| 135|0x0000000088700000, 0x0000000088800000, 0x0000000088800000|100%|HC|  |TAMS 0x0000000088800000, 0x0000000088700000| Complete 
| 136|0x0000000088800000, 0x0000000088900000, 0x0000000088900000|100%|HC|  |TAMS 0x0000000088900000, 0x0000000088800000| Complete 
| 137|0x0000000088900000, 0x0000000088a00000, 0x0000000088a00000|100%| O|  |TAMS 0x0000000088a00000, 0x0000000088900000| Untracked 
| 138|0x0000000088a00000, 0x0000000088b00000, 0x0000000088b00000|100%| O|  |TAMS 0x0000000088b00000, 0x0000000088a00000| Untracked 
| 139|0x0000000088b00000, 0x0000000088c00000, 0x0000000088c00000|100%| O|  |TAMS 0x0000000088c00000, 0x0000000088b00000| Untracked 
| 140|0x0000000088c00000, 0x0000000088d00000, 0x0000000088d00000|100%| O|  |TAMS 0x0000000088d00000, 0x0000000088c00000| Untracked 
| 141|0x0000000088d00000, 0x0000000088e00000, 0x0000000088e00000|100%| O|  |TAMS 0x0000000088e00000, 0x0000000088d00000| Untracked 
| 142|0x0000000088e00000, 0x0000000088f00000, 0x0000000088f00000|100%| O|  |TAMS 0x0000000088f00000, 0x0000000088e00000| Untracked 
| 143|0x0000000088f00000, 0x0000000089000000, 0x0000000089000000|100%| O|  |TAMS 0x0000000089000000, 0x0000000088f00000| Untracked 
| 144|0x0000000089000000, 0x0000000089100000, 0x0000000089100000|100%| O|  |TAMS 0x0000000089100000, 0x0000000089000000| Untracked 
| 145|0x0000000089100000, 0x0000000089200000, 0x0000000089200000|100%| O|  |TAMS 0x0000000089200000, 0x0000000089100000| Untracked 
| 146|0x0000000089200000, 0x0000000089300000, 0x0000000089300000|100%| O|  |TAMS 0x0000000089300000, 0x0000000089200000| Untracked 
| 147|0x0000000089300000, 0x0000000089400000, 0x0000000089400000|100%| O|  |TAMS 0x0000000089400000, 0x0000000089300000| Untracked 
| 148|0x0000000089400000, 0x0000000089500000, 0x0000000089500000|100%| O|  |TAMS 0x0000000089500000, 0x0000000089400000| Untracked 
| 149|0x0000000089500000, 0x0000000089600000, 0x0000000089600000|100%| O|  |TAMS 0x0000000089600000, 0x0000000089500000| Untracked 
| 150|0x0000000089600000, 0x0000000089700000, 0x0000000089700000|100%| O|  |TAMS 0x0000000089700000, 0x0000000089600000| Untracked 
| 151|0x0000000089700000, 0x0000000089800000, 0x0000000089800000|100%| O|  |TAMS 0x0000000089800000, 0x0000000089700000| Untracked 
| 152|0x0000000089800000, 0x0000000089900000, 0x0000000089900000|100%| O|  |TAMS 0x0000000089900000, 0x0000000089800000| Untracked 
| 153|0x0000000089900000, 0x0000000089a00000, 0x0000000089a00000|100%| O|  |TAMS 0x0000000089a00000, 0x0000000089900000| Untracked 
| 154|0x0000000089a00000, 0x0000000089b00000, 0x0000000089b00000|100%| O|  |TAMS 0x0000000089b00000, 0x0000000089a00000| Untracked 
| 155|0x0000000089b00000, 0x0000000089c00000, 0x0000000089c00000|100%| O|  |TAMS 0x0000000089c00000, 0x0000000089b00000| Untracked 
| 156|0x0000000089c00000, 0x0000000089d00000, 0x0000000089d00000|100%| O|  |TAMS 0x0000000089d00000, 0x0000000089c00000| Untracked 
| 157|0x0000000089d00000, 0x0000000089e00000, 0x0000000089e00000|100%| O|  |TAMS 0x0000000089e00000, 0x0000000089d00000| Untracked 
| 158|0x0000000089e00000, 0x0000000089f00000, 0x0000000089f00000|100%| O|  |TAMS 0x0000000089f00000, 0x0000000089e00000| Untracked 
| 159|0x0000000089f00000, 0x000000008a000000, 0x000000008a000000|100%| O|  |TAMS 0x000000008a000000, 0x0000000089f00000| Untracked 
| 160|0x000000008a000000, 0x000000008a100000, 0x000000008a100000|100%| O|  |TAMS 0x000000008a100000, 0x000000008a000000| Untracked 
| 161|0x000000008a100000, 0x000000008a200000, 0x000000008a200000|100%| O|  |TAMS 0x000000008a200000, 0x000000008a100000| Untracked 
| 162|0x000000008a200000, 0x000000008a300000, 0x000000008a300000|100%| O|  |TAMS 0x000000008a300000, 0x000000008a200000| Untracked 
| 163|0x000000008a300000, 0x000000008a400000, 0x000000008a400000|100%| O|  |TAMS 0x000000008a400000, 0x000000008a300000| Untracked 
| 164|0x000000008a400000, 0x000000008a500000, 0x000000008a500000|100%| O|  |TAMS 0x000000008a500000, 0x000000008a400000| Untracked 
| 165|0x000000008a500000, 0x000000008a600000, 0x000000008a600000|100%| O|  |TAMS 0x000000008a600000, 0x000000008a500000| Untracked 
| 166|0x000000008a600000, 0x000000008a700000, 0x000000008a700000|100%| O|  |TAMS 0x000000008a700000, 0x000000008a600000| Untracked 
| 167|0x000000008a700000, 0x000000008a800000, 0x000000008a800000|100%| O|  |TAMS 0x000000008a800000, 0x000000008a700000| Untracked 
| 168|0x000000008a800000, 0x000000008a900000, 0x000000008a900000|100%| O|  |TAMS 0x000000008a900000, 0x000000008a800000| Untracked 
| 169|0x000000008a900000, 0x000000008aa00000, 0x000000008aa00000|100%| O|  |TAMS 0x000000008aa00000, 0x000000008a900000| Untracked 
| 170|0x000000008aa00000, 0x000000008ab00000, 0x000000008ab00000|100%| O|  |TAMS 0x000000008ab00000, 0x000000008aa00000| Untracked 
| 171|0x000000008ab00000, 0x000000008ac00000, 0x000000008ac00000|100%| O|  |TAMS 0x000000008ac00000, 0x000000008ab00000| Complete 
| 172|0x000000008ac00000, 0x000000008ad00000, 0x000000008ad00000|100%| O|  |TAMS 0x000000008ad00000, 0x000000008ac00000| Complete 
| 173|0x000000008ad00000, 0x000000008ae00000, 0x000000008ae00000|100%| O|  |TAMS 0x000000008ae00000, 0x000000008ad00000| Untracked 
| 174|0x000000008ae00000, 0x000000008af00000, 0x000000008af00000|100%| O|  |TAMS 0x000000008af00000, 0x000000008ae00000| Untracked 
| 175|0x000000008af00000, 0x000000008b000000, 0x000000008b000000|100%| O|  |TAMS 0x000000008b000000, 0x000000008af00000| Untracked 
| 176|0x000000008b000000, 0x000000008b100000, 0x000000008b100000|100%| O|  |TAMS 0x000000008b100000, 0x000000008b000000| Untracked 
| 177|0x000000008b100000, 0x000000008b200000, 0x000000008b200000|100%| O|  |TAMS 0x000000008b11dc00, 0x000000008b100000| Untracked 
| 178|0x000000008b200000, 0x000000008b2e0600, 0x000000008b300000| 87%| O|  |TAMS 0x000000008b200000, 0x000000008b200000| Untracked 
| 179|0x000000008b300000, 0x000000008b300000, 0x000000008b400000|  0%| F|  |TAMS 0x000000008b300000, 0x000000008b300000| Untracked 
| 180|0x000000008b400000, 0x000000008b400000, 0x000000008b500000|  0%| F|  |TAMS 0x000000008b400000, 0x000000008b400000| Untracked 
| 181|0x000000008b500000, 0x000000008b500000, 0x000000008b600000|  0%| F|  |TAMS 0x000000008b500000, 0x000000008b500000| Untracked 
| 182|0x000000008b600000, 0x000000008b600000, 0x000000008b700000|  0%| F|  |TAMS 0x000000008b600000, 0x000000008b600000| Untracked 
| 183|0x000000008b700000, 0x000000008b700000, 0x000000008b800000|  0%| F|  |TAMS 0x000000008b700000, 0x000000008b700000| Untracked 
| 184|0x000000008b800000, 0x000000008b800000, 0x000000008b900000|  0%| F|  |TAMS 0x000000008b800000, 0x000000008b800000| Untracked 
| 185|0x000000008b900000, 0x000000008b900000, 0x000000008ba00000|  0%| F|  |TAMS 0x000000008b900000, 0x000000008b900000| Untracked 
| 186|0x000000008ba00000, 0x000000008ba00000, 0x000000008bb00000|  0%| F|  |TAMS 0x000000008ba00000, 0x000000008ba00000| Untracked 
| 187|0x000000008bb00000, 0x000000008bb00000, 0x000000008bc00000|  0%| F|  |TAMS 0x000000008bb00000, 0x000000008bb00000| Untracked 
| 188|0x000000008bc00000, 0x000000008bc00000, 0x000000008bd00000|  0%| F|  |TAMS 0x000000008bc00000, 0x000000008bc00000| Untracked 
| 189|0x000000008bd00000, 0x000000008bd00000, 0x000000008be00000|  0%| F|  |TAMS 0x000000008bd00000, 0x000000008bd00000| Untracked 
| 190|0x000000008be00000, 0x000000008be00000, 0x000000008bf00000|  0%| F|  |TAMS 0x000000008be00000, 0x000000008be00000| Untracked 
| 191|0x000000008bf00000, 0x000000008bf00000, 0x000000008c000000|  0%| F|  |TAMS 0x000000008bf00000, 0x000000008bf00000| Untracked 
| 192|0x000000008c000000, 0x000000008c000000, 0x000000008c100000|  0%| F|  |TAMS 0x000000008c000000, 0x000000008c000000| Untracked 
| 193|0x000000008c100000, 0x000000008c100000, 0x000000008c200000|  0%| F|  |TAMS 0x000000008c100000, 0x000000008c100000| Untracked 
| 194|0x000000008c200000, 0x000000008c200000, 0x000000008c300000|  0%| F|  |TAMS 0x000000008c200000, 0x000000008c200000| Untracked 
| 195|0x000000008c300000, 0x000000008c300000, 0x000000008c400000|  0%| F|  |TAMS 0x000000008c300000, 0x000000008c300000| Untracked 
| 196|0x000000008c400000, 0x000000008c400000, 0x000000008c500000|  0%| F|  |TAMS 0x000000008c400000, 0x000000008c400000| Untracked 
| 197|0x000000008c500000, 0x000000008c500000, 0x000000008c600000|  0%| F|  |TAMS 0x000000008c500000, 0x000000008c500000| Untracked 
| 198|0x000000008c600000, 0x000000008c600000, 0x000000008c700000|  0%| F|  |TAMS 0x000000008c600000, 0x000000008c600000| Untracked 
| 199|0x000000008c700000, 0x000000008c700000, 0x000000008c800000|  0%| F|  |TAMS 0x000000008c700000, 0x000000008c700000| Untracked 
| 200|0x000000008c800000, 0x000000008c800000, 0x000000008c900000|  0%| F|  |TAMS 0x000000008c800000, 0x000000008c800000| Untracked 
| 201|0x000000008c900000, 0x000000008c900000, 0x000000008ca00000|  0%| F|  |TAMS 0x000000008c900000, 0x000000008c900000| Untracked 
| 202|0x000000008ca00000, 0x000000008ca00000, 0x000000008cb00000|  0%| F|  |TAMS 0x000000008ca00000, 0x000000008ca00000| Untracked 
| 203|0x000000008cb00000, 0x000000008cb00000, 0x000000008cc00000|  0%| F|  |TAMS 0x000000008cb00000, 0x000000008cb00000| Untracked 
| 204|0x000000008cc00000, 0x000000008cc00000, 0x000000008cd00000|  0%| F|  |TAMS 0x000000008cc00000, 0x000000008cc00000| Untracked 
| 205|0x000000008cd00000, 0x000000008cd00000, 0x000000008ce00000|  0%| F|  |TAMS 0x000000008cd00000, 0x000000008cd00000| Untracked 
| 206|0x000000008ce00000, 0x000000008ce00000, 0x000000008cf00000|  0%| F|  |TAMS 0x000000008ce00000, 0x000000008ce00000| Untracked 
| 207|0x000000008cf00000, 0x000000008cf00000, 0x000000008d000000|  0%| F|  |TAMS 0x000000008cf00000, 0x000000008cf00000| Untracked 
| 208|0x000000008d000000, 0x000000008d000000, 0x000000008d100000|  0%| F|  |TAMS 0x000000008d000000, 0x000000008d000000| Untracked 
| 209|0x000000008d100000, 0x000000008d100000, 0x000000008d200000|  0%| F|  |TAMS 0x000000008d100000, 0x000000008d100000| Untracked 
| 210|0x000000008d200000, 0x000000008d200000, 0x000000008d300000|  0%| F|  |TAMS 0x000000008d200000, 0x000000008d200000| Untracked 
| 211|0x000000008d300000, 0x000000008d300000, 0x000000008d400000|  0%| F|  |TAMS 0x000000008d300000, 0x000000008d300000| Untracked 
| 212|0x000000008d400000, 0x000000008d400000, 0x000000008d500000|  0%| F|  |TAMS 0x000000008d400000, 0x000000008d400000| Untracked 
| 213|0x000000008d500000, 0x000000008d500000, 0x000000008d600000|  0%| F|  |TAMS 0x000000008d500000, 0x000000008d500000| Untracked 
| 214|0x000000008d600000, 0x000000008d600000, 0x000000008d700000|  0%| F|  |TAMS 0x000000008d600000, 0x000000008d600000| Untracked 
| 215|0x000000008d700000, 0x000000008d700000, 0x000000008d800000|  0%| F|  |TAMS 0x000000008d700000, 0x000000008d700000| Untracked 
| 216|0x000000008d800000, 0x000000008d800000, 0x000000008d900000|  0%| F|  |TAMS 0x000000008d800000, 0x000000008d800000| Untracked 
| 217|0x000000008d900000, 0x000000008d900000, 0x000000008da00000|  0%| F|  |TAMS 0x000000008d900000, 0x000000008d900000| Untracked 
| 218|0x000000008da00000, 0x000000008da00000, 0x000000008db00000|  0%| F|  |TAMS 0x000000008da00000, 0x000000008da00000| Untracked 
| 219|0x000000008db00000, 0x000000008db00000, 0x000000008dc00000|  0%| F|  |TAMS 0x000000008db00000, 0x000000008db00000| Untracked 
| 220|0x000000008dc00000, 0x000000008dc00000, 0x000000008dd00000|  0%| F|  |TAMS 0x000000008dc00000, 0x000000008dc00000| Untracked 
| 221|0x000000008dd00000, 0x000000008dd00000, 0x000000008de00000|  0%| F|  |TAMS 0x000000008dd00000, 0x000000008dd00000| Untracked 
| 222|0x000000008de00000, 0x000000008de00000, 0x000000008df00000|  0%| F|  |TAMS 0x000000008de00000, 0x000000008de00000| Untracked 
| 223|0x000000008df00000, 0x000000008df00000, 0x000000008e000000|  0%| F|  |TAMS 0x000000008df00000, 0x000000008df00000| Untracked 
| 224|0x000000008e000000, 0x000000008e000000, 0x000000008e100000|  0%| F|  |TAMS 0x000000008e000000, 0x000000008e000000| Untracked 
| 225|0x000000008e100000, 0x000000008e100000, 0x000000008e200000|  0%| F|  |TAMS 0x000000008e100000, 0x000000008e100000| Untracked 
| 226|0x000000008e200000, 0x000000008e200000, 0x000000008e300000|  0%| F|  |TAMS 0x000000008e200000, 0x000000008e200000| Untracked 
| 227|0x000000008e300000, 0x000000008e300000, 0x000000008e400000|  0%| F|  |TAMS 0x000000008e300000, 0x000000008e300000| Untracked 
| 228|0x000000008e400000, 0x000000008e400000, 0x000000008e500000|  0%| F|  |TAMS 0x000000008e400000, 0x000000008e400000| Untracked 
| 229|0x000000008e500000, 0x000000008e500000, 0x000000008e600000|  0%| F|  |TAMS 0x000000008e500000, 0x000000008e500000| Untracked 
| 230|0x000000008e600000, 0x000000008e600000, 0x000000008e700000|  0%| F|  |TAMS 0x000000008e600000, 0x000000008e600000| Untracked 
| 231|0x000000008e700000, 0x000000008e700000, 0x000000008e800000|  0%| F|  |TAMS 0x000000008e700000, 0x000000008e700000| Untracked 
| 232|0x000000008e800000, 0x000000008e800000, 0x000000008e900000|  0%| F|  |TAMS 0x000000008e800000, 0x000000008e800000| Untracked 
| 233|0x000000008e900000, 0x000000008e900000, 0x000000008ea00000|  0%| F|  |TAMS 0x000000008e900000, 0x000000008e900000| Untracked 
| 234|0x000000008ea00000, 0x000000008ea00000, 0x000000008eb00000|  0%| F|  |TAMS 0x000000008ea00000, 0x000000008ea00000| Untracked 
| 235|0x000000008eb00000, 0x000000008eb00000, 0x000000008ec00000|  0%| F|  |TAMS 0x000000008eb00000, 0x000000008eb00000| Untracked 
| 236|0x000000008ec00000, 0x000000008ec00000, 0x000000008ed00000|  0%| F|  |TAMS 0x000000008ec00000, 0x000000008ec00000| Untracked 
| 237|0x000000008ed00000, 0x000000008ed00000, 0x000000008ee00000|  0%| F|  |TAMS 0x000000008ed00000, 0x000000008ed00000| Untracked 
| 238|0x000000008ee00000, 0x000000008ee00000, 0x000000008ef00000|  0%| F|  |TAMS 0x000000008ee00000, 0x000000008ee00000| Untracked 
| 239|0x000000008ef00000, 0x000000008ef00000, 0x000000008f000000|  0%| F|  |TAMS 0x000000008ef00000, 0x000000008ef00000| Untracked 
| 240|0x000000008f000000, 0x000000008f000000, 0x000000008f100000|  0%| F|  |TAMS 0x000000008f000000, 0x000000008f000000| Untracked 
| 241|0x000000008f100000, 0x000000008f100000, 0x000000008f200000|  0%| F|  |TAMS 0x000000008f100000, 0x000000008f100000| Untracked 
| 242|0x000000008f200000, 0x000000008f200000, 0x000000008f300000|  0%| F|  |TAMS 0x000000008f200000, 0x000000008f200000| Untracked 
| 243|0x000000008f300000, 0x000000008f381c10, 0x000000008f400000| 50%| E|  |TAMS 0x000000008f300000, 0x000000008f300000| Complete 
| 244|0x000000008f400000, 0x000000008f500000, 0x000000008f500000|100%| E|CS|TAMS 0x000000008f400000, 0x000000008f400000| Complete 
| 245|0x000000008f500000, 0x000000008f600000, 0x000000008f600000|100%| E|CS|TAMS 0x000000008f500000, 0x000000008f500000| Complete 
| 246|0x000000008f600000, 0x000000008f700000, 0x000000008f700000|100%| E|CS|TAMS 0x000000008f600000, 0x000000008f600000| Complete 
| 247|0x000000008f700000, 0x000000008f800000, 0x000000008f800000|100%| E|CS|TAMS 0x000000008f700000, 0x000000008f700000| Complete 
| 248|0x000000008f800000, 0x000000008f900000, 0x000000008f900000|100%| E|CS|TAMS 0x000000008f800000, 0x000000008f800000| Complete 
| 249|0x000000008f900000, 0x000000008fa00000, 0x000000008fa00000|100%| E|CS|TAMS 0x000000008f900000, 0x000000008f900000| Complete 
| 250|0x000000008fa00000, 0x000000008fb00000, 0x000000008fb00000|100%| E|CS|TAMS 0x000000008fa00000, 0x000000008fa00000| Complete 
| 251|0x000000008fb00000, 0x000000008fc00000, 0x000000008fc00000|100%| E|CS|TAMS 0x000000008fb00000, 0x000000008fb00000| Complete 
| 252|0x000000008fc00000, 0x000000008fd00000, 0x000000008fd00000|100%| E|CS|TAMS 0x000000008fc00000, 0x000000008fc00000| Complete 
| 253|0x000000008fd00000, 0x000000008fe00000, 0x000000008fe00000|100%| E|CS|TAMS 0x000000008fd00000, 0x000000008fd00000| Complete 
| 254|0x000000008fe00000, 0x000000008ff00000, 0x000000008ff00000|100%| E|CS|TAMS 0x000000008fe00000, 0x000000008fe00000| Complete 
| 255|0x000000008ff00000, 0x0000000090000000, 0x0000000090000000|100%| E|CS|TAMS 0x000000008ff00000, 0x000000008ff00000| Complete 
| 256|0x0000000090000000, 0x0000000090100000, 0x0000000090100000|100%| E|CS|TAMS 0x0000000090000000, 0x0000000090000000| Complete 
| 257|0x0000000090100000, 0x0000000090200000, 0x0000000090200000|100%| E|CS|TAMS 0x0000000090100000, 0x0000000090100000| Complete 
| 258|0x0000000090200000, 0x0000000090300000, 0x0000000090300000|100%| E|CS|TAMS 0x0000000090200000, 0x0000000090200000| Complete 
| 259|0x0000000090300000, 0x0000000090400000, 0x0000000090400000|100%| E|CS|TAMS 0x0000000090300000, 0x0000000090300000| Complete 
| 260|0x0000000090400000, 0x0000000090500000, 0x0000000090500000|100%| E|CS|TAMS 0x0000000090400000, 0x0000000090400000| Complete 
| 261|0x0000000090500000, 0x0000000090600000, 0x0000000090600000|100%| E|CS|TAMS 0x0000000090500000, 0x0000000090500000| Complete 
| 262|0x0000000090600000, 0x0000000090700000, 0x0000000090700000|100%| E|CS|TAMS 0x0000000090600000, 0x0000000090600000| Complete 
| 263|0x0000000090700000, 0x0000000090800000, 0x0000000090800000|100%| E|CS|TAMS 0x0000000090700000, 0x0000000090700000| Complete 
| 264|0x0000000090800000, 0x0000000090900000, 0x0000000090900000|100%| E|CS|TAMS 0x0000000090800000, 0x0000000090800000| Complete 
| 265|0x0000000090900000, 0x0000000090a00000, 0x0000000090a00000|100%| E|CS|TAMS 0x0000000090900000, 0x0000000090900000| Complete 
| 266|0x0000000090a00000, 0x0000000090b00000, 0x0000000090b00000|100%| E|CS|TAMS 0x0000000090a00000, 0x0000000090a00000| Complete 
| 267|0x0000000090b00000, 0x0000000090c00000, 0x0000000090c00000|100%| E|CS|TAMS 0x0000000090b00000, 0x0000000090b00000| Complete 
| 268|0x0000000090c00000, 0x0000000090d00000, 0x0000000090d00000|100%| E|CS|TAMS 0x0000000090c00000, 0x0000000090c00000| Complete 
| 269|0x0000000090d00000, 0x0000000090e00000, 0x0000000090e00000|100%| E|CS|TAMS 0x0000000090d00000, 0x0000000090d00000| Complete 
| 270|0x0000000090e00000, 0x0000000090f00000, 0x0000000090f00000|100%| E|CS|TAMS 0x0000000090e00000, 0x0000000090e00000| Complete 
| 271|0x0000000090f00000, 0x0000000091000000, 0x0000000091000000|100%| E|CS|TAMS 0x0000000090f00000, 0x0000000090f00000| Complete 
| 272|0x0000000091000000, 0x0000000091100000, 0x0000000091100000|100%| E|CS|TAMS 0x0000000091000000, 0x0000000091000000| Complete 
| 273|0x0000000091100000, 0x0000000091200000, 0x0000000091200000|100%| E|CS|TAMS 0x0000000091100000, 0x0000000091100000| Complete 
| 274|0x0000000091200000, 0x0000000091300000, 0x0000000091300000|100%| E|CS|TAMS 0x0000000091200000, 0x0000000091200000| Complete 
| 275|0x0000000091300000, 0x0000000091400000, 0x0000000091400000|100%| E|CS|TAMS 0x0000000091300000, 0x0000000091300000| Complete 
| 276|0x0000000091400000, 0x0000000091500000, 0x0000000091500000|100%| E|CS|TAMS 0x0000000091400000, 0x0000000091400000| Complete 
| 277|0x0000000091500000, 0x0000000091600000, 0x0000000091600000|100%| E|CS|TAMS 0x0000000091500000, 0x0000000091500000| Complete 
| 278|0x0000000091600000, 0x0000000091700000, 0x0000000091700000|100%| E|CS|TAMS 0x0000000091600000, 0x0000000091600000| Complete 
| 279|0x0000000091700000, 0x0000000091800000, 0x0000000091800000|100%| E|CS|TAMS 0x0000000091700000, 0x0000000091700000| Complete 
| 280|0x0000000091800000, 0x0000000091900000, 0x0000000091900000|100%| E|CS|TAMS 0x0000000091800000, 0x0000000091800000| Complete 
| 281|0x0000000091900000, 0x0000000091a00000, 0x0000000091a00000|100%| E|CS|TAMS 0x0000000091900000, 0x0000000091900000| Complete 
| 282|0x0000000091a00000, 0x0000000091b00000, 0x0000000091b00000|100%| E|CS|TAMS 0x0000000091a00000, 0x0000000091a00000| Complete 
| 283|0x0000000091b00000, 0x0000000091c00000, 0x0000000091c00000|100%| E|CS|TAMS 0x0000000091b00000, 0x0000000091b00000| Complete 
| 284|0x0000000091c00000, 0x0000000091d00000, 0x0000000091d00000|100%| E|CS|TAMS 0x0000000091c00000, 0x0000000091c00000| Complete 
| 285|0x0000000091d00000, 0x0000000091e00000, 0x0000000091e00000|100%| E|CS|TAMS 0x0000000091d00000, 0x0000000091d00000| Complete 
| 286|0x0000000091e00000, 0x0000000091f00000, 0x0000000091f00000|100%| E|CS|TAMS 0x0000000091e00000, 0x0000000091e00000| Complete 
| 287|0x0000000091f00000, 0x0000000092000000, 0x0000000092000000|100%| E|CS|TAMS 0x0000000091f00000, 0x0000000091f00000| Complete 
| 288|0x0000000092000000, 0x0000000092100000, 0x0000000092100000|100%| E|CS|TAMS 0x0000000092000000, 0x0000000092000000| Complete 
| 289|0x0000000092100000, 0x0000000092200000, 0x0000000092200000|100%| E|CS|TAMS 0x0000000092100000, 0x0000000092100000| Complete 
| 290|0x0000000092200000, 0x0000000092300000, 0x0000000092300000|100%| E|CS|TAMS 0x0000000092200000, 0x0000000092200000| Complete 
| 291|0x0000000092300000, 0x0000000092400000, 0x0000000092400000|100%| E|CS|TAMS 0x0000000092300000, 0x0000000092300000| Complete 
| 292|0x0000000092400000, 0x0000000092500000, 0x0000000092500000|100%| E|CS|TAMS 0x0000000092400000, 0x0000000092400000| Complete 
| 293|0x0000000092500000, 0x0000000092600000, 0x0000000092600000|100%| E|CS|TAMS 0x0000000092500000, 0x0000000092500000| Complete 
| 294|0x0000000092600000, 0x0000000092700000, 0x0000000092700000|100%| E|CS|TAMS 0x0000000092600000, 0x0000000092600000| Complete 
| 295|0x0000000092700000, 0x0000000092800000, 0x0000000092800000|100%| E|CS|TAMS 0x0000000092700000, 0x0000000092700000| Complete 
| 296|0x0000000092800000, 0x0000000092900000, 0x0000000092900000|100%| E|CS|TAMS 0x0000000092800000, 0x0000000092800000| Complete 
| 297|0x0000000092900000, 0x0000000092a00000, 0x0000000092a00000|100%| E|CS|TAMS 0x0000000092900000, 0x0000000092900000| Complete 
| 298|0x0000000092a00000, 0x0000000092b00000, 0x0000000092b00000|100%| E|CS|TAMS 0x0000000092a00000, 0x0000000092a00000| Complete 
| 299|0x0000000092b00000, 0x0000000092c00000, 0x0000000092c00000|100%| E|CS|TAMS 0x0000000092b00000, 0x0000000092b00000| Complete 
| 300|0x0000000092c00000, 0x0000000092d00000, 0x0000000092d00000|100%| E|CS|TAMS 0x0000000092c00000, 0x0000000092c00000| Complete 
| 301|0x0000000092d00000, 0x0000000092e00000, 0x0000000092e00000|100%| E|CS|TAMS 0x0000000092d00000, 0x0000000092d00000| Complete 
| 302|0x0000000092e00000, 0x0000000092f00000, 0x0000000092f00000|100%| E|CS|TAMS 0x0000000092e00000, 0x0000000092e00000| Complete 
| 303|0x0000000092f00000, 0x0000000093000000, 0x0000000093000000|100%| E|CS|TAMS 0x0000000092f00000, 0x0000000092f00000| Complete 
| 304|0x0000000093000000, 0x0000000093100000, 0x0000000093100000|100%| E|CS|TAMS 0x0000000093000000, 0x0000000093000000| Complete 
| 305|0x0000000093100000, 0x0000000093200000, 0x0000000093200000|100%| E|CS|TAMS 0x0000000093100000, 0x0000000093100000| Complete 
| 306|0x0000000093200000, 0x0000000093300000, 0x0000000093300000|100%| E|CS|TAMS 0x0000000093200000, 0x0000000093200000| Complete 
| 307|0x0000000093300000, 0x0000000093400000, 0x0000000093400000|100%| E|CS|TAMS 0x0000000093300000, 0x0000000093300000| Complete 
| 308|0x0000000093400000, 0x0000000093500000, 0x0000000093500000|100%| E|CS|TAMS 0x0000000093400000, 0x0000000093400000| Complete 
| 309|0x0000000093500000, 0x00000000935271f0, 0x0000000093600000| 15%| S|CS|TAMS 0x0000000093500000, 0x0000000093500000| Complete 
| 310|0x0000000093600000, 0x0000000093700000, 0x0000000093700000|100%| S|CS|TAMS 0x0000000093600000, 0x0000000093600000| Complete 
| 311|0x0000000093700000, 0x0000000093800000, 0x0000000093800000|100%| E|CS|TAMS 0x0000000093700000, 0x0000000093700000| Complete 

Card table byte_map: [0x000001d49b150000,0x000001d49b550000] _byte_map_base: 0x000001d49ad50000

Marking Bits (Prev, Next): (CMBitMap*) 0x000001d4824a22e0, (CMBitMap*) 0x000001d4824a2320
 Prev Bits: [0x000001d49b950000, 0x000001d49d950000)
 Next Bits: [0x000001d49d950000, 0x000001d49f950000)

Polling page: 0x000001d482510000

Metaspace:

Usage:
  Non-class:     86.00 MB used.
      Class:     13.69 MB used.
       Both:     99.69 MB used.

Virtual space:
  Non-class space:       88.00 MB reserved,      86.75 MB ( 99%) committed,  11 nodes.
      Class space:      412.00 MB reserved,      14.38 MB (  3%) committed,  1 nodes.
             Both:      500.00 MB reserved,     101.12 MB ( 20%) committed. 

Chunk freelists:
   Non-Class:  1.28 MB
       Class:  1.64 MB
        Both:  2.92 MB

MaxMetaspaceSize: 512.00 MB
CompressedClassSpaceSize: 412.00 MB
Initial GC threshold: 21.00 MB
Current GC threshold: 167.31 MB
CDS: on
MetaspaceReclaimPolicy: balanced
 - commit_granule_bytes: 65536.
 - commit_granule_words: 8192.
 - virtual_space_node_default_size: 1048576.
 - enlarge_chunks_in_place: 1.
 - new_chunks_are_fully_committed: 0.
 - uncommit_free_chunks: 1.
 - use_allocation_guard: 0.
 - handle_deallocations: 1.


Internal statistics:

num_allocs_failed_limit: 6.
num_arena_births: 1746.
num_arena_deaths: 0.
num_vsnodes_births: 12.
num_vsnodes_deaths: 0.
num_space_committed: 1618.
num_space_uncommitted: 0.
num_chunks_returned_to_freelist: 6.
num_chunks_taken_from_freelist: 6358.
num_chunk_merges: 6.
num_chunk_splits: 4017.
num_chunks_enlarged: 2460.
num_purges: 0.
num_inconsistent_stats: 0.

CodeHeap 'non-profiled nmethods': size=120000Kb used=9604Kb max_used=9604Kb free=110395Kb
 bounds [0x000001d493200000, 0x000001d493b70000, 0x000001d49a730000]
CodeHeap 'profiled nmethods': size=120000Kb used=26790Kb max_used=26790Kb free=93209Kb
 bounds [0x000001d48b730000, 0x000001d48d160000, 0x000001d492c60000]
CodeHeap 'non-nmethods': size=5760Kb used=2413Kb max_used=2562Kb free=3346Kb
 bounds [0x000001d492c60000, 0x000001d492f00000, 0x000001d493200000]
 total_blobs=14280 nmethods=13328 adapters=862
 compilation: enabled
              stopped_count=0, restarted_count=0
 full_count=0

Compilation events (20 events):
Event: 79.311 Thread 0x000001d4a1f88fe0 nmethod 15503 0x000001d48d15a810 code [0x000001d48d15a9c0, 0x000001d48d15ab28]
Event: 79.312 Thread 0x000001d4a1f88fe0 15505       3       org.gradle.api.internal.artifacts.DefaultResolverResults::getVisitedArtifacts (9 bytes)
Event: 79.313 Thread 0x000001d4a1f88fe0 nmethod 15505 0x000001d48d15ac10 code [0x000001d48d15ade0, 0x000001d48d15b108]
Event: 79.313 Thread 0x000001d4a1f88fe0 15506       3       org.gradle.api.internal.artifacts.DefaultResolverResults::assertHasVisitResult (22 bytes)
Event: 79.313 Thread 0x000001d4a1f88fe0 nmethod 15506 0x000001d48d15b290 code [0x000001d48d15b440, 0x000001d48d15b708]
Event: 79.313 Thread 0x000001d4a1f88fe0 15507       1       com.android.build.api.variant.impl.FlatSourceDirectoriesImpl::access$getVariantServices$p (5 bytes)
Event: 79.313 Thread 0x000001d4a1f88fe0 nmethod 15507 0x000001d493b5f210 code [0x000001d493b5f3a0, 0x000001d493b5f458]
Event: 79.313 Thread 0x000001d4a1f7f610 nmethod 15499 0x000001d493b5f510 code [0x000001d493b5f6c0, 0x000001d493b5fa48]
Event: 79.314 Thread 0x000001d4a1f7f610 15504       4       org.gradle.api.internal.provider.ValueSupplier$Present::<init> (6 bytes)
Event: 79.315 Thread 0x000001d4a1f7f610 nmethod 15504 0x000001d493b5fd90 code [0x000001d493b5ff00, 0x000001d493b60058]
Event: 79.315 Thread 0x000001d4a1f7f610 15509       4       com.google.common.primitives.Ints::saturatedCast (25 bytes)
Event: 79.316 Thread 0x000001d4a1f7f610 nmethod 15509 0x000001d493b60110 code [0x000001d493b60280, 0x000001d493b60358]
Event: 79.316 Thread 0x000001d4a1f7f610 15508       4       java.util.ArrayDeque::clear (26 bytes)
Event: 79.319 Thread 0x000001d4a1f7f610 nmethod 15508 0x000001d493b60410 code [0x000001d493b60580, 0x000001d493b60758]
Event: 79.319 Thread 0x000001d4a1f88fe0 15510       1       org.gradle.internal.logging.events.ProgressStartEvent::getDescription (5 bytes)
Event: 79.319 Thread 0x000001d4a1f88fe0 nmethod 15510 0x000001d493b60890 code [0x000001d493b60a20, 0x000001d493b60af8]
Event: 79.319 Thread 0x000001d4a1f88fe0 15511       1       org.gradle.internal.logging.events.ProgressStartEvent::getTotalProgress (5 bytes)
Event: 79.319 Thread 0x000001d4a1f88fe0 nmethod 15511 0x000001d493b60b90 code [0x000001d493b60d20, 0x000001d493b60df8]
Event: 79.320 Thread 0x000001d4a1f88fe0 15512       1       org.gradle.internal.logging.events.ProgressCompleteEvent::isFailed (5 bytes)
Event: 79.320 Thread 0x000001d4a1f88fe0 nmethod 15512 0x000001d493b60e90 code [0x000001d493b61020, 0x000001d493b610f8]

GC Heap History (20 events):
Event: 71.754 GC heap before
{Heap before GC invocations=61 (full 0):
 garbage-first heap   total 212992K, used 183140K [0x0000000080000000, 0x0000000100000000)
  region size 1024K, 21 young (21504K), 3 survivors (3072K)
 Metaspace       used 100541K, committed 101952K, reserved 512000K
  class space    used 13879K, committed 14592K, reserved 421888K
}
Event: 71.772 GC heap after
{Heap after GC invocations=62 (full 0):
 garbage-first heap   total 212992K, used 170712K [0x0000000080000000, 0x0000000100000000)
  region size 1024K, 3 young (3072K), 3 survivors (3072K)
 Metaspace       used 100541K, committed 101952K, reserved 512000K
  class space    used 13879K, committed 14592K, reserved 421888K
}
Event: 72.329 GC heap before
{Heap before GC invocations=62 (full 0):
 garbage-first heap   total 212992K, used 183000K [0x0000000080000000, 0x0000000100000000)
  region size 1024K, 15 young (15360K), 3 survivors (3072K)
 Metaspace       used 100682K, committed 102080K, reserved 512000K
  class space    used 13891K, committed 14592K, reserved 421888K
}
Event: 72.344 GC heap after
{Heap after GC invocations=63 (full 0):
 garbage-first heap   total 212992K, used 174769K [0x0000000080000000, 0x0000000100000000)
  region size 1024K, 2 young (2048K), 2 survivors (2048K)
 Metaspace       used 100682K, committed 102080K, reserved 512000K
  class space    used 13891K, committed 14592K, reserved 421888K
}
Event: 72.979 GC heap before
{Heap before GC invocations=63 (full 0):
 garbage-first heap   total 212992K, used 183985K [0x0000000080000000, 0x0000000100000000)
  region size 1024K, 11 young (11264K), 2 survivors (2048K)
 Metaspace       used 100853K, committed 102272K, reserved 512000K
  class space    used 13912K, committed 14592K, reserved 421888K
}
Event: 72.985 GC heap after
{Heap after GC invocations=64 (full 0):
 garbage-first heap   total 212992K, used 176709K [0x0000000080000000, 0x0000000100000000)
  region size 1024K, 2 young (2048K), 2 survivors (2048K)
 Metaspace       used 100853K, committed 102272K, reserved 512000K
  class space    used 13912K, committed 14592K, reserved 421888K
}
Event: 73.377 GC heap before
{Heap before GC invocations=64 (full 0):
 garbage-first heap   total 212992K, used 184901K [0x0000000080000000, 0x0000000100000000)
  region size 1024K, 10 young (10240K), 2 survivors (2048K)
 Metaspace       used 100994K, committed 102400K, reserved 512000K
  class space    used 13927K, committed 14656K, reserved 421888K
}
Event: 73.382 GC heap after
{Heap after GC invocations=65 (full 0):
 garbage-first heap   total 212992K, used 178623K [0x0000000080000000, 0x0000000100000000)
  region size 1024K, 2 young (2048K), 2 survivors (2048K)
 Metaspace       used 100994K, committed 102400K, reserved 512000K
  class space    used 13927K, committed 14656K, reserved 421888K
}
Event: 73.664 GC heap before
{Heap before GC invocations=65 (full 0):
 garbage-first heap   total 212992K, used 186815K [0x0000000080000000, 0x0000000100000000)
  region size 1024K, 10 young (10240K), 2 survivors (2048K)
 Metaspace       used 101179K, committed 102592K, reserved 512000K
  class space    used 13949K, committed 14656K, reserved 421888K
}
Event: 73.669 GC heap after
{Heap after GC invocations=66 (full 0):
 garbage-first heap   total 212992K, used 179668K [0x0000000080000000, 0x0000000100000000)
  region size 1024K, 1 young (1024K), 1 survivors (1024K)
 Metaspace       used 101179K, committed 102592K, reserved 512000K
  class space    used 13949K, committed 14656K, reserved 421888K
}
Event: 74.028 GC heap before
{Heap before GC invocations=66 (full 0):
 garbage-first heap   total 212992K, used 188884K [0x0000000080000000, 0x0000000100000000)
  region size 1024K, 10 young (10240K), 1 survivors (1024K)
 Metaspace       used 101235K, committed 102720K, reserved 512000K
  class space    used 13950K, committed 14656K, reserved 421888K
}
Event: 74.032 GC heap after
{Heap after GC invocations=67 (full 0):
 garbage-first heap   total 212992K, used 180845K [0x0000000080000000, 0x0000000100000000)
  region size 1024K, 2 young (2048K), 2 survivors (2048K)
 Metaspace       used 101235K, committed 102720K, reserved 512000K
  class space    used 13950K, committed 14656K, reserved 421888K
}
Event: 74.354 GC heap before
{Heap before GC invocations=67 (full 0):
 garbage-first heap   total 212992K, used 189037K [0x0000000080000000, 0x0000000100000000)
  region size 1024K, 10 young (10240K), 2 survivors (2048K)
 Metaspace       used 101277K, committed 102720K, reserved 512000K
  class space    used 13950K, committed 14656K, reserved 421888K
}
Event: 74.359 GC heap after
{Heap after GC invocations=68 (full 0):
 garbage-first heap   total 212992K, used 181737K [0x0000000080000000, 0x0000000100000000)
  region size 1024K, 2 young (2048K), 2 survivors (2048K)
 Metaspace       used 101277K, committed 102720K, reserved 512000K
  class space    used 13950K, committed 14656K, reserved 421888K
}
Event: 74.598 GC heap before
{Heap before GC invocations=68 (full 0):
 garbage-first heap   total 212992K, used 189929K [0x0000000080000000, 0x0000000100000000)
  region size 1024K, 10 young (10240K), 2 survivors (2048K)
 Metaspace       used 101294K, committed 102720K, reserved 512000K
  class space    used 13951K, committed 14656K, reserved 421888K
}
Event: 74.602 GC heap after
{Heap after GC invocations=69 (full 0):
 garbage-first heap   total 212992K, used 182191K [0x0000000080000000, 0x0000000100000000)
  region size 1024K, 1 young (1024K), 1 survivors (1024K)
 Metaspace       used 101294K, committed 102720K, reserved 512000K
  class space    used 13951K, committed 14656K, reserved 421888K
}
Event: 75.369 GC heap before
{Heap before GC invocations=69 (full 0):
 garbage-first heap   total 212992K, used 191407K [0x0000000080000000, 0x0000000100000000)
  region size 1024K, 10 young (10240K), 1 survivors (1024K)
 Metaspace       used 101324K, committed 102784K, reserved 512000K
  class space    used 13951K, committed 14656K, reserved 421888K
}
Event: 75.375 GC heap after
{Heap after GC invocations=70 (full 0):
 garbage-first heap   total 212992K, used 183281K [0x0000000080000000, 0x0000000100000000)
  region size 1024K, 2 young (2048K), 2 survivors (2048K)
 Metaspace       used 101324K, committed 102784K, reserved 512000K
  class space    used 13951K, committed 14656K, reserved 421888K
}
Event: 75.965 GC heap before
{Heap before GC invocations=70 (full 0):
 garbage-first heap   total 319488K, used 191473K [0x0000000080000000, 0x0000000100000000)
  region size 1024K, 10 young (10240K), 2 survivors (2048K)
 Metaspace       used 101343K, committed 102784K, reserved 512000K
  class space    used 13951K, committed 14656K, reserved 421888K
}
Event: 75.972 GC heap after
{Heap after GC invocations=71 (full 0):
 garbage-first heap   total 319488K, used 184349K [0x0000000080000000, 0x0000000100000000)
  region size 1024K, 2 young (2048K), 2 survivors (2048K)
 Metaspace       used 101343K, committed 102784K, reserved 512000K
  class space    used 13951K, committed 14656K, reserved 421888K
}

Dll operation events (12 events):
Event: 0.008 Loaded shared library C:\Program Files\Eclipse Adoptium\jdk-17.0.6.10-hotspot\bin\java.dll
Event: 0.020 Loaded shared library C:\Program Files\Eclipse Adoptium\jdk-17.0.6.10-hotspot\bin\jsvml.dll
Event: 0.082 Loaded shared library C:\Program Files\Eclipse Adoptium\jdk-17.0.6.10-hotspot\bin\net.dll
Event: 0.084 Loaded shared library C:\Program Files\Eclipse Adoptium\jdk-17.0.6.10-hotspot\bin\nio.dll
Event: 0.089 Loaded shared library C:\Program Files\Eclipse Adoptium\jdk-17.0.6.10-hotspot\bin\zip.dll
Event: 0.282 Loaded shared library C:\Program Files\Eclipse Adoptium\jdk-17.0.6.10-hotspot\bin\jimage.dll
Event: 0.375 Loaded shared library C:\Program Files\Eclipse Adoptium\jdk-17.0.6.10-hotspot\bin\verify.dll
Event: 0.568 Loaded shared library C:\Users\songe\.gradle\native\e1d6ef7f7dcc3fd88c89a11ec53ec762bb8ba0a96d01ffa2cd45eb1d1d8dd5c5\windows-amd64\native-platform.dll
Event: 0.575 Loaded shared library C:\Users\songe\.gradle\native\0d407fdbe67a94daf76414ababcb853783967236a71b16ec16e742cd7a986fd3\windows-amd64\native-platform-file-events.dll
Event: 1.781 Loaded shared library C:\Program Files\Eclipse Adoptium\jdk-17.0.6.10-hotspot\bin\management.dll
Event: 1.784 Loaded shared library C:\Program Files\Eclipse Adoptium\jdk-17.0.6.10-hotspot\bin\management_ext.dll
Event: 2.331 Loaded shared library C:\Program Files\Eclipse Adoptium\jdk-17.0.6.10-hotspot\bin\sunmscapi.dll

Deoptimization events (20 events):
Event: 77.291 Thread 0x000001d4a3c8e8a0 DEOPT PACKING pc=0x000001d48ce064e2 sp=0x000000a01b2f9410
Event: 77.291 Thread 0x000001d4a3c8e8a0 DEOPT UNPACKING pc=0x000001d492cb7143 sp=0x000000a01b2f87a8 mode 0
Event: 77.583 Thread 0x000001d4a3c8e8a0 Uncommon trap: trap_request=0xffffffde fr.pc=0x000001d49372f120 relative=0x00000000000009c0
Event: 77.583 Thread 0x000001d4a3c8e8a0 Uncommon trap: reason=class_check action=maybe_recompile pc=0x000001d49372f120 method=java.util.AbstractCollection.remove(Ljava/lang/Object;)Z @ 1 c2
Event: 77.583 Thread 0x000001d4a3c8e8a0 DEOPT PACKING pc=0x000001d49372f120 sp=0x000000a01b2f9290
Event: 77.583 Thread 0x000001d4a3c8e8a0 DEOPT UNPACKING pc=0x000001d492cb69a3 sp=0x000000a01b2f92a8 mode 2
Event: 78.419 Thread 0x000001d4a3c8e8a0 DEOPT PACKING pc=0x000001d48c36d798 sp=0x000000a01b2f9e90
Event: 78.419 Thread 0x000001d4a3c8e8a0 DEOPT UNPACKING pc=0x000001d492cb7143 sp=0x000000a01b2f9300 mode 0
Event: 78.498 Thread 0x000001d4a3c8e8a0 Uncommon trap: trap_request=0xffffff54 fr.pc=0x000001d493b35758 relative=0x0000000000000d38
Event: 78.498 Thread 0x000001d4a3c8e8a0 Uncommon trap: reason=speculate_null_assert action=make_not_entrant pc=0x000001d493b35758 method=org.gradle.api.internal.file.collections.UnpackingVisitor.add(Ljava/lang/Object;)V @ 346 c2
Event: 78.498 Thread 0x000001d4a3c8e8a0 DEOPT PACKING pc=0x000001d493b35758 sp=0x000000a01b2faa70
Event: 78.498 Thread 0x000001d4a3c8e8a0 DEOPT UNPACKING pc=0x000001d492cb69a3 sp=0x000000a01b2faa18 mode 2
Event: 79.094 Thread 0x000001d4a3c8e8a0 Uncommon trap: trap_request=0xffffff54 fr.pc=0x000001d493b47f64 relative=0x0000000000006444
Event: 79.094 Thread 0x000001d4a3c8e8a0 Uncommon trap: reason=speculate_null_assert action=make_not_entrant pc=0x000001d493b47f64 method=org.gradle.internal.graph.CachingDirectedGraphWalker.doSearch()Ljava/util/Set; @ 225 c2
Event: 79.094 Thread 0x000001d4a3c8e8a0 DEOPT PACKING pc=0x000001d493b47f64 sp=0x000000a01b2fad60
Event: 79.094 Thread 0x000001d4a3c8e8a0 DEOPT UNPACKING pc=0x000001d492cb69a3 sp=0x000000a01b2fad58 mode 2
Event: 79.097 Thread 0x000001d4a3c8e8a0 Uncommon trap: trap_request=0xffffff45 fr.pc=0x000001d493b4fdb8 relative=0x0000000000001a78
Event: 79.097 Thread 0x000001d4a3c8e8a0 Uncommon trap: reason=unstable_if action=reinterpret pc=0x000001d493b4fdb8 method=org.gradle.api.internal.artifacts.transform.ConsumerProvidedVariantFinder.findProducersFor(Lorg/gradle/api/internal/attributes/AttributeContainerInternal;Lorg/gradle/api/int
Event: 79.097 Thread 0x000001d4a3c8e8a0 DEOPT PACKING pc=0x000001d493b4fdb8 sp=0x000000a01b2fa380
Event: 79.097 Thread 0x000001d4a3c8e8a0 DEOPT UNPACKING pc=0x000001d492cb69a3 sp=0x000000a01b2fa350 mode 2

Classes unloaded (0 events):
No events

Classes redefined (0 events):
No events

Internal exceptions (20 events):
Event: 67.002 Thread 0x000001d4a3c8e8a0 Implicit null exception at 0x000001d493774a40 to 0x000001d4937751b4
Event: 67.508 Thread 0x000001d4a3c8e8a0 Implicit null exception at 0x000001d493970790 to 0x000001d493970864
Event: 67.531 Thread 0x000001d4a3c8e8a0 Implicit null exception at 0x000001d493977a28 to 0x000001d49398032c
Event: 67.998 Thread 0x000001d4a3c8e8a0 Exception <a 'sun/nio/fs/WindowsException'{0x000000008cc4a2b0}> (0x000000008cc4a2b0) 
thrown [s\src\hotspot\share\prims\jni.cpp, line 516]
Event: 68.360 Thread 0x000001d4a3c8e8a0 Exception <a 'java/lang/NullPointerException'{0x000000008c5753e0}> (0x000000008c5753e0) 
thrown [s\src\hotspot\share\interpreter\linkResolver.cpp, line 1433]
Event: 68.588 Thread 0x000001d4a3c8e8a0 Implicit null exception at 0x000001d4932e89c9 to 0x000001d4932e8fd0
Event: 69.509 Thread 0x000001d4a3c8e8a0 Exception <a 'sun/nio/fs/WindowsException'{0x000000008c973238}> (0x000000008c973238) 
thrown [s\src\hotspot\share\prims\jni.cpp, line 516]
Event: 69.509 Thread 0x000001d4a3c8e8a0 Exception <a 'sun/nio/fs/WindowsException'{0x000000008c9745b0}> (0x000000008c9745b0) 
thrown [s\src\hotspot\share\prims\jni.cpp, line 516]
Event: 69.509 Thread 0x000001d4a3c8e8a0 Exception <a 'sun/nio/fs/WindowsException'{0x000000008c975978}> (0x000000008c975978) 
thrown [s\src\hotspot\share\prims\jni.cpp, line 516]
Event: 69.510 Thread 0x000001d4a3c8e8a0 Exception <a 'sun/nio/fs/WindowsException'{0x000000008c976d40}> (0x000000008c976d40) 
thrown [s\src\hotspot\share\prims\jni.cpp, line 516]
Event: 70.135 Thread 0x000001d4a1f5e220 Implicit null exception at 0x000001d4932bfd00 to 0x000001d4932c038c
Event: 70.256 Thread 0x000001d4a3c8e8a0 Implicit null exception at 0x000001d493628d00 to 0x000001d4936293c4
Event: 70.322 Thread 0x000001d4a3c8e8a0 Implicit null exception at 0x000001d4937746cb to 0x000001d4937752e8
Event: 70.603 Thread 0x000001d4a3c8e8a0 Implicit null exception at 0x000001d4932e8ccb to 0x000001d4932e8d8f
Event: 70.679 Thread 0x000001d4a3c8e8a0 Implicit null exception at 0x000001d49356cc0d to 0x000001d49356ccf8
Event: 73.437 Thread 0x000001d4a3c8e8a0 Implicit null exception at 0x000001d493a376d6 to 0x000001d493a380c8
Event: 73.714 Thread 0x000001d4a3c8e8a0 Exception <a 'sun/nio/fs/WindowsException'{0x000000008cd02c98}> (0x000000008cd02c98) 
thrown [s\src\hotspot\share\prims\jni.cpp, line 516]
Event: 73.715 Thread 0x000001d4a3c8e8a0 Exception <a 'sun/nio/fs/WindowsException'{0x000000008cd04010}> (0x000000008cd04010) 
thrown [s\src\hotspot\share\prims\jni.cpp, line 516]
Event: 73.715 Thread 0x000001d4a3c8e8a0 Exception <a 'sun/nio/fs/WindowsException'{0x000000008cd053d8}> (0x000000008cd053d8) 
thrown [s\src\hotspot\share\prims\jni.cpp, line 516]
Event: 73.715 Thread 0x000001d4a3c8e8a0 Exception <a 'sun/nio/fs/WindowsException'{0x000000008cd067a0}> (0x000000008cd067a0) 
thrown [s\src\hotspot\share\prims\jni.cpp, line 516]

VM Operations (20 events):
Event: 74.028 Executing VM operation: G1CollectForAllocation
Event: 74.033 Executing VM operation: G1CollectForAllocation done
Event: 74.354 Executing VM operation: G1CollectForAllocation
Event: 74.359 Executing VM operation: G1CollectForAllocation done
Event: 74.598 Executing VM operation: G1CollectForAllocation
Event: 74.602 Executing VM operation: G1CollectForAllocation done
Event: 75.369 Executing VM operation: G1CollectForAllocation
Event: 75.376 Executing VM operation: G1CollectForAllocation done
Event: 75.851 Executing VM operation: G1Concurrent
Event: 75.860 Executing VM operation: G1Concurrent done
Event: 75.964 Executing VM operation: G1CollectForAllocation
Event: 75.972 Executing VM operation: G1CollectForAllocation done
Event: 76.131 Executing VM operation: G1Concurrent
Event: 76.172 Executing VM operation: G1Concurrent done
Event: 77.175 Executing VM operation: Cleanup
Event: 77.190 Executing VM operation: Cleanup done
Event: 77.875 Executing VM operation: HandshakeAllThreads
Event: 77.875 Executing VM operation: HandshakeAllThreads done
Event: 78.776 Executing VM operation: ICBufferFull
Event: 78.776 Executing VM operation: ICBufferFull done

Events (20 events):
Event: 70.074 Thread 0x000001d4a1f9b0b0 flushing nmethod 0x000001d48cef5a10
Event: 70.074 Thread 0x000001d4a1f9b0b0 flushing nmethod 0x000001d48cef7510
Event: 70.074 Thread 0x000001d4a1f9b0b0 flushing nmethod 0x000001d48cef8290
Event: 70.074 Thread 0x000001d4a1f9b0b0 flushing nmethod 0x000001d48cefae10
Event: 70.074 Thread 0x000001d4a1f9b0b0 flushing nmethod 0x000001d48cf58990
Event: 70.074 Thread 0x000001d4a1f9b0b0 flushing nmethod 0x000001d48cf5e310
Event: 70.074 Thread 0x000001d4a1f9b0b0 flushing nmethod 0x000001d48cf5fb90
Event: 70.074 Thread 0x000001d4a1f9b0b0 flushing nmethod 0x000001d48cfbfd90
Event: 70.499 loading class javax/management/InstanceAlreadyExistsException
Event: 70.499 loading class javax/management/InstanceAlreadyExistsException done
Event: 70.499 loading class javax/management/MBeanRegistrationException
Event: 70.499 loading class javax/management/MBeanRegistrationException done
Event: 70.499 loading class javax/management/NotCompliantMBeanException
Event: 70.499 loading class javax/management/NotCompliantMBeanException done
Event: 70.949 Thread 0x000001d4a829d560 Thread exited: 0x000001d4a829d560
Event: 72.297 Thread 0x000001d4ad27ff50 Thread added: 0x000001d4ad27ff50
Event: 72.821 Thread 0x000001d4ad27ff50 Thread exited: 0x000001d4ad27ff50
Event: 73.520 Thread 0x000001d4ad279f20 Thread added: 0x000001d4ad279f20
Event: 75.797 Thread 0x000001d4ad279f20 Thread exited: 0x000001d4ad279f20
Event: 78.706 Thread 0x000001d4ad27ccb0 Thread added: 0x000001d4ad27ccb0


Dynamic libraries:
0x00007ff654210000 - 0x00007ff65421e000 	C:\Program Files\Eclipse Adoptium\jdk-17.0.6.10-hotspot\bin\java.exe
0x00007ffdc46b0000 - 0x00007ffdc48a8000 	C:\WINDOWS\SYSTEM32\ntdll.dll
0x00007ffdc3c80000 - 0x00007ffdc3d3f000 	C:\WINDOWS\System32\KERNEL32.DLL
0x00007ffdc2410000 - 0x00007ffdc2706000 	C:\WINDOWS\System32\KERNELBASE.dll
0x00007ffdc2020000 - 0x00007ffdc2120000 	C:\WINDOWS\System32\ucrtbase.dll
0x00007ffdb2cb0000 - 0x00007ffdb2cc9000 	C:\Program Files\Eclipse Adoptium\jdk-17.0.6.10-hotspot\bin\VCRUNTIME140.dll
0x00007ffdbc260000 - 0x00007ffdbc277000 	C:\Program Files\Eclipse Adoptium\jdk-17.0.6.10-hotspot\bin\jli.dll
0x00007ffdc2cb0000 - 0x00007ffdc2e4d000 	C:\WINDOWS\System32\USER32.dll
0x00007ffdc23e0000 - 0x00007ffdc2402000 	C:\WINDOWS\System32\win32u.dll
0x00007ffdadb50000 - 0x00007ffdaddea000 	C:\WINDOWS\WinSxS\amd64_microsoft.windows.common-controls_6595b64144ccf1df_6.0.19041.1110_none_60b5254171f9507e\COMCTL32.dll
0x00007ffdc2ed0000 - 0x00007ffdc2efc000 	C:\WINDOWS\System32\GDI32.dll
0x00007ffdc3be0000 - 0x00007ffdc3c7e000 	C:\WINDOWS\System32\msvcrt.dll
0x00007ffdc22c0000 - 0x00007ffdc23d5000 	C:\WINDOWS\System32\gdi32full.dll
0x00007ffdc1ef0000 - 0x00007ffdc1f8d000 	C:\WINDOWS\System32\msvcp_win.dll
0x00007ffdc27f0000 - 0x00007ffdc2820000 	C:\WINDOWS\System32\IMM32.DLL
0x00007ffdbe520000 - 0x00007ffdbe52c000 	C:\Program Files\Eclipse Adoptium\jdk-17.0.6.10-hotspot\bin\vcruntime140_1.dll
0x00007ffd9a410000 - 0x00007ffd9a4a1000 	C:\Program Files\Eclipse Adoptium\jdk-17.0.6.10-hotspot\bin\msvcp140.dll
0x00007ffd805f0000 - 0x00007ffd81237000 	C:\Program Files\Eclipse Adoptium\jdk-17.0.6.10-hotspot\bin\server\jvm.dll
0x00007ffdc2c00000 - 0x00007ffdc2caf000 	C:\WINDOWS\System32\ADVAPI32.dll
0x00007ffdc4390000 - 0x00007ffdc442c000 	C:\WINDOWS\System32\sechost.dll
0x00007ffdc2820000 - 0x00007ffdc2946000 	C:\WINDOWS\System32\RPCRT4.dll
0x00007ffda7ff0000 - 0x00007ffda7ff9000 	C:\WINDOWS\SYSTEM32\WSOCK32.dll
0x00007ffdaddf0000 - 0x00007ffdade17000 	C:\WINDOWS\SYSTEM32\WINMM.dll
0x00007ffdc4600000 - 0x00007ffdc466b000 	C:\WINDOWS\System32\WS2_32.dll
0x00007ffdba310000 - 0x00007ffdba31a000 	C:\WINDOWS\SYSTEM32\VERSION.dll
0x00007ffdc05b0000 - 0x00007ffdc05c2000 	C:\WINDOWS\SYSTEM32\kernel.appcore.dll
0x00007ffdb2d30000 - 0x00007ffdb2d3a000 	C:\Program Files\Eclipse Adoptium\jdk-17.0.6.10-hotspot\bin\jimage.dll
0x00007ffdc02c0000 - 0x00007ffdc04a4000 	C:\WINDOWS\SYSTEM32\DBGHELP.DLL
0x00007ffdabcf0000 - 0x00007ffdabd24000 	C:\WINDOWS\SYSTEM32\dbgcore.DLL
0x00007ffdc1f90000 - 0x00007ffdc2012000 	C:\WINDOWS\System32\bcryptPrimitives.dll
0x00007ffda9580000 - 0x00007ffda95a5000 	C:\Program Files\Eclipse Adoptium\jdk-17.0.6.10-hotspot\bin\java.dll
0x00007ffd973a0000 - 0x00007ffd97476000 	C:\Program Files\Eclipse Adoptium\jdk-17.0.6.10-hotspot\bin\jsvml.dll
0x00007ffdc2fa0000 - 0x00007ffdc36e4000 	C:\WINDOWS\System32\SHELL32.dll
0x00007ffdbfa50000 - 0x00007ffdc01e3000 	C:\WINDOWS\SYSTEM32\windows.storage.dll
0x00007ffdc3750000 - 0x00007ffdc3aa4000 	C:\WINDOWS\System32\combase.dll
0x00007ffdc17e0000 - 0x00007ffdc180e000 	C:\WINDOWS\SYSTEM32\Wldp.dll
0x00007ffdc4540000 - 0x00007ffdc45ed000 	C:\WINDOWS\System32\SHCORE.dll
0x00007ffdc4330000 - 0x00007ffdc4385000 	C:\WINDOWS\System32\shlwapi.dll
0x00007ffdc1cd0000 - 0x00007ffdc1cef000 	C:\WINDOWS\SYSTEM32\profapi.dll
0x00007ffdb1480000 - 0x00007ffdb1499000 	C:\Program Files\Eclipse Adoptium\jdk-17.0.6.10-hotspot\bin\net.dll
0x00007ffdaf9c0000 - 0x00007ffdafaca000 	C:\WINDOWS\SYSTEM32\WINHTTP.dll
0x00007ffdc1540000 - 0x00007ffdc15aa000 	C:\WINDOWS\system32\mswsock.dll
0x00007ffdab0b0000 - 0x00007ffdab0c5000 	C:\Program Files\Eclipse Adoptium\jdk-17.0.6.10-hotspot\bin\nio.dll
0x00007ffdaaa00000 - 0x00007ffdaaa18000 	C:\Program Files\Eclipse Adoptium\jdk-17.0.6.10-hotspot\bin\zip.dll
0x00007ffdbb140000 - 0x00007ffdbb150000 	C:\Program Files\Eclipse Adoptium\jdk-17.0.6.10-hotspot\bin\verify.dll
0x00007ffda8560000 - 0x00007ffda8587000 	C:\Users\songe\.gradle\native\e1d6ef7f7dcc3fd88c89a11ec53ec762bb8ba0a96d01ffa2cd45eb1d1d8dd5c5\windows-amd64\native-platform.dll
0x00007ffd93850000 - 0x00007ffd93994000 	C:\Users\songe\.gradle\native\0d407fdbe67a94daf76414ababcb853783967236a71b16ec16e742cd7a986fd3\windows-amd64\native-platform-file-events.dll
0x00007ffda8920000 - 0x00007ffda8929000 	C:\Program Files\Eclipse Adoptium\jdk-17.0.6.10-hotspot\bin\management.dll
0x00007ffda8590000 - 0x00007ffda859b000 	C:\Program Files\Eclipse Adoptium\jdk-17.0.6.10-hotspot\bin\management_ext.dll
0x00007ffdc45f0000 - 0x00007ffdc45f8000 	C:\WINDOWS\System32\PSAPI.DLL
0x00007ffdc1740000 - 0x00007ffdc1758000 	C:\WINDOWS\SYSTEM32\CRYPTSP.dll
0x00007ffdc0df0000 - 0x00007ffdc0e24000 	C:\WINDOWS\system32\rsaenh.dll
0x00007ffdc2120000 - 0x00007ffdc2147000 	C:\WINDOWS\System32\bcrypt.dll
0x00007ffdc1c90000 - 0x00007ffdc1cbe000 	C:\WINDOWS\SYSTEM32\USERENV.dll
0x00007ffdc1730000 - 0x00007ffdc173c000 	C:\WINDOWS\SYSTEM32\CRYPTBASE.dll
0x00007ffdc11e0000 - 0x00007ffdc121c000 	C:\WINDOWS\SYSTEM32\IPHLPAPI.DLL
0x00007ffdc2f00000 - 0x00007ffdc2f08000 	C:\WINDOWS\System32\NSI.dll
0x00007ffdaf4d0000 - 0x00007ffdaf4e7000 	C:\WINDOWS\SYSTEM32\dhcpcsvc6.DLL
0x00007ffdafb10000 - 0x00007ffdafb2d000 	C:\WINDOWS\SYSTEM32\dhcpcsvc.DLL
0x00007ffdc1230000 - 0x00007ffdc12fa000 	C:\WINDOWS\SYSTEM32\DNSAPI.dll
0x00007ffda84f0000 - 0x00007ffda84fe000 	C:\Program Files\Eclipse Adoptium\jdk-17.0.6.10-hotspot\bin\sunmscapi.dll
0x00007ffdc1d90000 - 0x00007ffdc1eee000 	C:\WINDOWS\System32\CRYPT32.dll
0x00007ffdc1850000 - 0x00007ffdc1878000 	C:\WINDOWS\SYSTEM32\ncrypt.dll
0x00007ffdc1810000 - 0x00007ffdc184b000 	C:\WINDOWS\SYSTEM32\NTASN1.dll
0x00007ffdaa9f0000 - 0x00007ffdaa9f7000 	C:\WINDOWS\system32\wshunix.dll

dbghelp: loaded successfully - version: 4.0.5 - missing functions: none
symbol engine: initialized successfully - sym options: 0x614 - pdb path: .;C:\Program Files\Eclipse Adoptium\jdk-17.0.6.10-hotspot\bin;C:\WINDOWS\SYSTEM32;C:\WINDOWS\WinSxS\amd64_microsoft.windows.common-controls_6595b64144ccf1df_6.0.19041.1110_none_60b5254171f9507e;C:\Program Files\Eclipse Adoptium\jdk-17.0.6.10-hotspot\bin\server;C:\Users\songe\.gradle\native\e1d6ef7f7dcc3fd88c89a11ec53ec762bb8ba0a96d01ffa2cd45eb1d1d8dd5c5\windows-amd64;C:\Users\songe\.gradle\native\0d407fdbe67a94daf76414ababcb853783967236a71b16ec16e742cd7a986fd3\windows-amd64

VM Arguments:
jvm_args: -XX:MaxMetaspaceSize=512m --add-opens=java.base/java.util=ALL-UNNAMED --add-opens=java.base/java.lang=ALL-UNNAMED --add-opens=java.base/java.lang.invoke=ALL-UNNAMED --add-opens=java.base/java.util=ALL-UNNAMED --add-opens=java.prefs/java.util.prefs=ALL-UNNAMED --add-opens=java.prefs/java.util.prefs=ALL-UNNAMED --add-opens=java.base/java.nio.charset=ALL-UNNAMED --add-opens=java.base/java.net=ALL-UNNAMED --add-opens=java.base/java.util.concurrent.atomic=ALL-UNNAMED -Xmx2048m -Dfile.encoding=windows-1252 -Duser.country=ZA -Duser.language=en -Duser.variant 
java_command: org.gradle.launcher.daemon.bootstrap.GradleDaemon 7.5.1
java_class_path (initial): C:\Users\songe\.gradle\wrapper\dists\gradle-7.5.1-all\1ehga6e77gqps5uk2kc5kf1vc\gradle-7.5.1\lib\gradle-launcher-7.5.1.jar
Launcher Type: SUN_STANDARD

[Global flags]
     intx CICompilerCount                          = 3                                         {product} {ergonomic}
   size_t CompressedClassSpaceSize                 = 432013312                                 {product} {ergonomic}
     uint ConcGCThreads                            = 1                                         {product} {ergonomic}
     uint G1ConcRefinementThreads                  = 4                                         {product} {ergonomic}
   size_t G1HeapRegionSize                         = 1048576                                   {product} {ergonomic}
    uintx GCDrainStackTargetSize                   = 64                                        {product} {ergonomic}
   size_t InitialHeapSize                          = 134217728                                 {product} {ergonomic}
   size_t MarkStackSize                            = 4194304                                   {product} {ergonomic}
   size_t MaxHeapSize                              = 2147483648                                {product} {command line}
   size_t MaxMetaspaceSize                         = 536870912                                 {product} {command line}
   size_t MaxNewSize                               = 1287651328                                {product} {ergonomic}
   size_t MinHeapDeltaBytes                        = 1048576                                   {product} {ergonomic}
   size_t MinHeapSize                              = 8388608                                   {product} {ergonomic}
    uintx NonNMethodCodeHeapSize                   = 5832780                                {pd product} {ergonomic}
    uintx NonProfiledCodeHeapSize                  = 122912730                              {pd product} {ergonomic}
    uintx ProfiledCodeHeapSize                     = 122912730                              {pd product} {ergonomic}
    uintx ReservedCodeCacheSize                    = 251658240                              {pd product} {ergonomic}
     bool SegmentedCodeCache                       = true                                      {product} {ergonomic}
   size_t SoftMaxHeapSize                          = 2147483648                             {manageable} {ergonomic}
     bool UseCompressedClassPointers               = true                           {product lp64_product} {ergonomic}
     bool UseCompressedOops                        = true                           {product lp64_product} {ergonomic}
     bool UseG1GC                                  = true                                      {product} {ergonomic}
     bool UseLargePagesIndividualAllocation        = false                                  {pd product} {ergonomic}

Logging:
Log output configuration:
 #0: stdout all=warning uptime,level,tags
 #1: stderr all=off uptime,level,tags

Environment Variables:
JAVA_HOME=C:\Program Files\Eclipse Adoptium\jdk-17.0.6.10-hotspot
CLASSPATH=C:\Users\songe\source\repos\SAMSV2\android\\gradle\wrapper\gradle-wrapper.jar
PATH=C:\Users\songe\source\repos\SAMSV2\android\node_modules\.bin;C:\Users\songe\source\repos\SAMSV2\node_modules\.bin;C:\Users\songe\source\repos\node_modules\.bin;C:\Users\songe\source\node_modules\.bin;C:\Users\songe\node_modules\.bin;C:\Users\node_modules\.bin;C:\node_modules\.bin;C:\Program Files\nodejs;C:\Users\songe\source\repos\SAMSV2\node_modules\.bin;C:\Users\songe\source\repos\SAMSV2\node_modules\.bin;C:\Users\songe\source\repos\node_modules\.bin;C:\Users\songe\source\node_modules\.bin;C:\Users\songe\node_modules\.bin;C:\Users\node_modules\.bin;C:\node_modules\.bin;C:\Users\songe\source\repos\SAMSV2\node_modules\npm\node_modules\@npmcli\run-script\lib\node-gyp-bin;C:\Users\songe\source\repos\SAMSV2\node_modules\.bin;C:\Users\songe\source\repos\node_modules\.bin;C:\Users\songe\source\node_modules\.bin;C:\Users\songe\node_modules\.bin;C:\Users\node_modules\.bin;C:\node_modules\.bin;C:\Program Files\nodejs;C:\Users\songe\source\repos\SAMSV2\node_modules\.bin;C:\Users\songe\source\repos\node_modules\.bin;C:\Users\songe\source\node_modules\.bin;C:\Users\songe\node_modules\.bin;C:\Users\node_modules\.bin;C:\node_modules\.bin;C:\Program Files\nodejs\node_modules\npm\node_modules\@npmcli\run-script\lib\node-gyp-bin;C:\Users\songe\bin;C:\Program Files\Git\mingw64\bin;C:\Program Files\Git\usr\local\bin;C:\Program Files\Git\usr\bin;C:\Program Files\Git\usr\bin;C:\Program Files\Git\mingw64\bin;C:\Program Files\Git\usr\bin;C:\Users\songe\bin;C:\Program Files\Eclipse Adoptium\jdk-17.0.6.10-hotspot\bin;C:\Program Files (x86)\Intel\Intel(R) Management Engine Components\iCLS;C:\Program Files\Intel\Intel(R) Management Engine Components\iCLS;C:\Windows\system32;C:\Windows;C:\Windows\System32\Wbem;C:\Windows\System32\WindowsPowerShell\v1.0;C:\Program Files (x86)\NVIDIA Corporation\PhysX\Common;C:\Program Files (x86)\Intel\Intel(R) Management Engine Components\DAL;C:\Program Files\Intel\Intel(R) Management Engine Components\DAL;C:\Program Files (x86)\Intel\Intel(R) Management En
USERNAME=songe
SHELL=C:\Program Files\Git\usr\bin\bash.exe
DISPLAY=needs-to-be-defined
LANG=en_US.UTF-8
TERM=xterm-256color
TMPDIR=C:\Users\songe\AppData\Local\Temp
OS=Windows_NT
PROCESSOR_IDENTIFIER=Intel64 Family 6 Model 142 Stepping 9, GenuineIntel
TMP=C:\Users\songe\AppData\Local\Temp
TEMP=C:\Users\songe\AppData\Local\Temp



---------------  S Y S T E M  ---------------

OS:
 Windows 10 , 64 bit Build 19041 (10.0.19041.3031)
OS uptime: 0 days 7:48 hours

CPU: total 4 (initial active 4) (2 cores per cpu, 2 threads per core) family 6 model 142 stepping 9 microcode 0xf0, cx8, cmov, fxsr, ht, mmx, 3dnowpref, sse, sse2, sse3, ssse3, sse4.1, sse4.2, popcnt, lzcnt, tsc, tscinvbit, avx, avx2, aes, erms, clmul, bmi1, bmi2, adx, fma, vzeroupper, clflush, clflushopt

Memory: 4k page, system-wide physical 8089M (364M free)
TotalPageFile size 11089M (AvailPageFile size 2M)
current process WorkingSet (physical memory assigned to process): 505M, peak: 505M
current process commit charge ("private bytes"): 651M, peak: 655M

vm_info: OpenJDK 64-Bit Server VM (17.0.6+10) for windows-amd64 JRE (17.0.6+10), built on Jan 18 2023 10:08:59 by "temurin" with MS VC++ 16.7 (VS2019)

END.
