#
# There is insufficient memory for the Java Runtime Environment to continue.
# Native memory allocation (malloc) failed to allocate 346384 bytes for Chunk::new
# Possible reasons:
#   The system is out of physical RAM or swap space
#   The process is running with CompressedOops enabled, and the Java Heap may be blocking the growth of the native heap
# Possible solutions:
#   Reduce memory load on the system
#   Increase physical memory or swap space
#   Check if swap backing store is full
#   Decrease Java heap size (-Xmx/-Xms)
#   Decrease number of Java threads
#   Decrease Java thread stack sizes (-Xss)
#   Set larger code cache with -XX:ReservedCodeCacheSize=
#   JVM is running with Unscaled Compressed Oops mode in which the Java heap is
#     placed in the first 4GB address space. The Java Heap base address is the
#     maximum limit for the native heap growth. Please use -XX:HeapBaseMinAddress
#     to set the Java Heap base and to place the Java Heap above 4GB virtual address.
# This output file may be truncated or incomplete.
#
#  Out of Memory Error (arena.cpp:189), pid=9908, tid=11632
#
# JRE version: OpenJDK Runtime Environment Temurin-17.0.6+10 (17.0.6+10) (build 17.0.6+10)
# Java VM: OpenJDK 64-Bit Server VM Temurin-17.0.6+10 (17.0.6+10, mixed mode, sharing, tiered, compressed oops, compressed class ptrs, g1 gc, windows-amd64)
# No core dump will be written. Minidumps are not enabled by default on client versions of Windows
#

---------------  S U M M A R Y ------------

Command Line: -Xmx64m -Xms64m -Dorg.gradle.appname=gradlew org.gradle.wrapper.GradleWrapperMain app:installDebug -PreactNativeDevServerPort=8081

Host: Intel(R) Core(TM) i7-7500U CPU @ 2.70GHz, 4 cores, 7G,  Windows 10 , 64 bit Build 19041 (10.0.19041.2913)
Time: Mon Jun  5 14:55:29 2023 South Africa Standard Time elapsed time: 0.448437 seconds (0d 0h 0m 0s)

---------------  T H R E A D  ---------------

Current thread (0x0000022b975ea170):  JavaThread "C2 CompilerThread1" daemon [_thread_in_native, id=11632, stack(0x00000078fb400000,0x00000078fb500000)]


Current CompileTask:
C2:    448  469       4       java.util.HashMap::put (13 bytes)

Stack: [0x00000078fb400000,0x00000078fb500000]
Native frames: (J=compiled Java code, j=interpreted, Vv=VM code, C=native code)
V  [jvm.dll+0x67741a]
V  [jvm.dll+0x834434]
V  [jvm.dll+0x835bde]
V  [jvm.dll+0x836243]
V  [jvm.dll+0x2457b5]
V  [jvm.dll+0xabafc]
V  [jvm.dll+0xac0cc]
V  [jvm.dll+0x3634e7]
V  [jvm.dll+0x32dda1]
V  [jvm.dll+0x32d24a]
V  [jvm.dll+0x2185f1]
V  [jvm.dll+0x217a11]
V  [jvm.dll+0x1a3d0d]
V  [jvm.dll+0x22742a]
V  [jvm.dll+0x225565]
V  [jvm.dll+0x7ea2cb]
V  [jvm.dll+0x7e483a]
V  [jvm.dll+0x6762c5]
C  [ucrtbase.dll+0x21bb2]
C  [KERNEL32.DLL+0x17614]
C  [ntdll.dll+0x526a1]


---------------  P R O C E S S  ---------------

Threads class SMR info:
_java_thread_list=0x0000022b9758ed00, length=13, elements={
0x0000022bfb34eb00, 0x0000022bff9d5af0, 0x0000022bff9d6a70, 0x0000022bff9eda00,
0x0000022bff9effe0, 0x0000022bff9f17e0, 0x0000022bff9f52e0, 0x0000022bffa057a0,
0x0000022bffa08d80, 0x0000022bffa09290, 0x0000022bff9f2c60, 0x0000022bff9f4470,
0x0000022b975ea170
}

Java Threads: ( => current thread )
  0x0000022bfb34eb00 JavaThread "main" [_thread_in_Java, id=15144, stack(0x00000078fa100000,0x00000078fa200000)]
  0x0000022bff9d5af0 JavaThread "Reference Handler" daemon [_thread_blocked, id=7008, stack(0x00000078fa800000,0x00000078fa900000)]
  0x0000022bff9d6a70 JavaThread "Finalizer" daemon [_thread_blocked, id=17080, stack(0x00000078fa900000,0x00000078faa00000)]
  0x0000022bff9eda00 JavaThread "Signal Dispatcher" daemon [_thread_blocked, id=12300, stack(0x00000078faa00000,0x00000078fab00000)]
  0x0000022bff9effe0 JavaThread "Attach Listener" daemon [_thread_blocked, id=13664, stack(0x00000078fab00000,0x00000078fac00000)]
  0x0000022bff9f17e0 JavaThread "Service Thread" daemon [_thread_blocked, id=3528, stack(0x00000078fac00000,0x00000078fad00000)]
  0x0000022bff9f52e0 JavaThread "Monitor Deflation Thread" daemon [_thread_blocked, id=16156, stack(0x00000078fad00000,0x00000078fae00000)]
  0x0000022bffa057a0 JavaThread "C2 CompilerThread0" daemon [_thread_in_native, id=7872, stack(0x00000078fae00000,0x00000078faf00000)]
  0x0000022bffa08d80 JavaThread "C1 CompilerThread0" daemon [_thread_in_vm, id=14520, stack(0x00000078faf00000,0x00000078fb000000)]
  0x0000022bffa09290 JavaThread "Sweeper thread" daemon [_thread_blocked, id=7052, stack(0x00000078fb000000,0x00000078fb100000)]
  0x0000022bff9f2c60 JavaThread "Notification Thread" daemon [_thread_blocked, id=2892, stack(0x00000078fb100000,0x00000078fb200000)]
  0x0000022bff9f4470 JavaThread "Common-Cleaner" daemon [_thread_blocked, id=17120, stack(0x00000078fb300000,0x00000078fb400000)]
=>0x0000022b975ea170 JavaThread "C2 CompilerThread1" daemon [_thread_in_native, id=11632, stack(0x00000078fb400000,0x00000078fb500000)]

Other Threads:
  0x0000022bff9d2640 VMThread "VM Thread" [stack: 0x00000078fa700000,0x00000078fa800000] [id=12240]
  0x0000022bfb378fb0 WatcherThread [stack: 0x00000078fb200000,0x00000078fb300000] [id=10048]
  0x0000022bfb36de90 GCTaskThread "GC Thread#0" [stack: 0x00000078fa200000,0x00000078fa300000] [id=2360]
  0x0000022bfb36f5d0 ConcurrentGCThread "G1 Main Marker" [stack: 0x00000078fa300000,0x00000078fa400000] [id=12336]
  0x0000022bfb36ffe0 ConcurrentGCThread "G1 Conc#0" [stack: 0x00000078fa400000,0x00000078fa500000] [id=16540]
  0x0000022bfb3c7750 ConcurrentGCThread "G1 Refine#0" [stack: 0x00000078fa500000,0x00000078fa600000] [id=9092]
  0x0000022bfb3c9d90 ConcurrentGCThread "G1 Service" [stack: 0x00000078fa600000,0x00000078fa700000] [id=12768]

Threads with active compile tasks:
C2 CompilerThread0      474  468       4       java.util.HashMap::putVal (300 bytes)
C1 CompilerThread0      474  528       3       java.lang.String::concat (15 bytes)
C2 CompilerThread1      474  469       4       java.util.HashMap::put (13 bytes)

VM state: not at safepoint (normal execution)

VM Mutex/Monitor currently owned by a thread: None

OutOfMemory and StackOverflow Exception counts:
OutOfMemoryError java_heap_errors=1
LinkageErrors=1

Heap address: 0x00000000fc000000, size: 64 MB, Compressed Oops mode: 32-bit

CDS archive(s) mapped at: [0x0000000800000000-0x0000000800bc0000-0x0000000800bc0000), size 12320768, SharedBaseAddress: 0x0000000800000000, ArchiveRelocationMode: 0.
Compressed class space mapped at: 0x0000000800c00000-0x0000000840c00000, reserved size: 1073741824
Narrow klass base: 0x0000000800000000, Narrow klass shift: 0, Narrow klass range: 0x100000000

GC Precious Log:
 CPUs: 4 total, 4 available
 Memory: 8089M
 Large Page Support: Disabled
 NUMA Support: Disabled
 Compressed Oops: Enabled (32-bit)
 Heap Region Size: 1M
 Heap Min Capacity: 64M
 Heap Initial Capacity: 64M
 Heap Max Capacity: 64M
 Pre-touch: Disabled
 Parallel Workers: 4
 Concurrent Workers: 1
 Concurrent Refinement Workers: 4
 Periodic GC: Disabled

Heap:
 garbage-first heap   total 65536K, used 13312K [0x00000000fc000000, 0x0000000100000000)
  region size 1024K, 12 young (12288K), 0 survivors (0K)
 Metaspace       used 1792K, committed 1920K, reserved 1056768K
  class space    used 165K, committed 192K, reserved 1048576K

Heap Regions: E=young(eden), S=young(survivor), O=old, HS=humongous(starts), HC=humongous(continues), CS=collection set, F=free, OA=open archive, CA=closed archive, TAMS=top-at-mark-start (previous, next)
|   0|0x00000000fc000000, 0x00000000fc100000, 0x00000000fc100000|100%|HS|  |TAMS 0x00000000fc000000, 0x00000000fc000000| Complete 
|   1|0x00000000fc100000, 0x00000000fc200000, 0x00000000fc200000|100%|HC|  |TAMS 0x00000000fc100000, 0x00000000fc100000| Complete 
|   2|0x00000000fc200000, 0x00000000fc300000, 0x00000000fc300000|100%|HC|  |TAMS 0x00000000fc200000, 0x00000000fc200000| Complete 
|   3|0x00000000fc300000, 0x00000000fc300000, 0x00000000fc400000|  0%| F|  |TAMS 0x00000000fc300000, 0x00000000fc300000| Untracked 
|   4|0x00000000fc400000, 0x00000000fc400000, 0x00000000fc500000|  0%| F|  |TAMS 0x00000000fc400000, 0x00000000fc400000| Untracked 
|   5|0x00000000fc500000, 0x00000000fc500000, 0x00000000fc600000|  0%| F|  |TAMS 0x00000000fc500000, 0x00000000fc500000| Untracked 
|   6|0x00000000fc600000, 0x00000000fc600000, 0x00000000fc700000|  0%| F|  |TAMS 0x00000000fc600000, 0x00000000fc600000| Untracked 
|   7|0x00000000fc700000, 0x00000000fc700000, 0x00000000fc800000|  0%| F|  |TAMS 0x00000000fc700000, 0x00000000fc700000| Untracked 
|   8|0x00000000fc800000, 0x00000000fc800000, 0x00000000fc900000|  0%| F|  |TAMS 0x00000000fc800000, 0x00000000fc800000| Untracked 
|   9|0x00000000fc900000, 0x00000000fc900000, 0x00000000fca00000|  0%| F|  |TAMS 0x00000000fc900000, 0x00000000fc900000| Untracked 
|  10|0x00000000fca00000, 0x00000000fca00000, 0x00000000fcb00000|  0%| F|  |TAMS 0x00000000fca00000, 0x00000000fca00000| Untracked 
|  11|0x00000000fcb00000, 0x00000000fcb00000, 0x00000000fcc00000|  0%| F|  |TAMS 0x00000000fcb00000, 0x00000000fcb00000| Untracked 
|  12|0x00000000fcc00000, 0x00000000fcc00000, 0x00000000fcd00000|  0%| F|  |TAMS 0x00000000fcc00000, 0x00000000fcc00000| Untracked 
|  13|0x00000000fcd00000, 0x00000000fcd00000, 0x00000000fce00000|  0%| F|  |TAMS 0x00000000fcd00000, 0x00000000fcd00000| Untracked 
|  14|0x00000000fce00000, 0x00000000fce00000, 0x00000000fcf00000|  0%| F|  |TAMS 0x00000000fce00000, 0x00000000fce00000| Untracked 
|  15|0x00000000fcf00000, 0x00000000fcf00000, 0x00000000fd000000|  0%| F|  |TAMS 0x00000000fcf00000, 0x00000000fcf00000| Untracked 
|  16|0x00000000fd000000, 0x00000000fd000000, 0x00000000fd100000|  0%| F|  |TAMS 0x00000000fd000000, 0x00000000fd000000| Untracked 
|  17|0x00000000fd100000, 0x00000000fd100000, 0x00000000fd200000|  0%| F|  |TAMS 0x00000000fd100000, 0x00000000fd100000| Untracked 
|  18|0x00000000fd200000, 0x00000000fd200000, 0x00000000fd300000|  0%| F|  |TAMS 0x00000000fd200000, 0x00000000fd200000| Untracked 
|  19|0x00000000fd300000, 0x00000000fd300000, 0x00000000fd400000|  0%| F|  |TAMS 0x00000000fd300000, 0x00000000fd300000| Untracked 
|  20|0x00000000fd400000, 0x00000000fd400000, 0x00000000fd500000|  0%| F|  |TAMS 0x00000000fd400000, 0x00000000fd400000| Untracked 
|  21|0x00000000fd500000, 0x00000000fd500000, 0x00000000fd600000|  0%| F|  |TAMS 0x00000000fd500000, 0x00000000fd500000| Untracked 
|  22|0x00000000fd600000, 0x00000000fd600000, 0x00000000fd700000|  0%| F|  |TAMS 0x00000000fd600000, 0x00000000fd600000| Untracked 
|  23|0x00000000fd700000, 0x00000000fd700000, 0x00000000fd800000|  0%| F|  |TAMS 0x00000000fd700000, 0x00000000fd700000| Untracked 
|  24|0x00000000fd800000, 0x00000000fd800000, 0x00000000fd900000|  0%| F|  |TAMS 0x00000000fd800000, 0x00000000fd800000| Untracked 
|  25|0x00000000fd900000, 0x00000000fd900000, 0x00000000fda00000|  0%| F|  |TAMS 0x00000000fd900000, 0x00000000fd900000| Untracked 
|  26|0x00000000fda00000, 0x00000000fda00000, 0x00000000fdb00000|  0%| F|  |TAMS 0x00000000fda00000, 0x00000000fda00000| Untracked 
|  27|0x00000000fdb00000, 0x00000000fdb00000, 0x00000000fdc00000|  0%| F|  |TAMS 0x00000000fdb00000, 0x00000000fdb00000| Untracked 
|  28|0x00000000fdc00000, 0x00000000fdc00000, 0x00000000fdd00000|  0%| F|  |TAMS 0x00000000fdc00000, 0x00000000fdc00000| Untracked 
|  29|0x00000000fdd00000, 0x00000000fdd00000, 0x00000000fde00000|  0%| F|  |TAMS 0x00000000fdd00000, 0x00000000fdd00000| Untracked 
|  30|0x00000000fde00000, 0x00000000fde00000, 0x00000000fdf00000|  0%| F|  |TAMS 0x00000000fde00000, 0x00000000fde00000| Untracked 
|  31|0x00000000fdf00000, 0x00000000fdf00000, 0x00000000fe000000|  0%| F|  |TAMS 0x00000000fdf00000, 0x00000000fdf00000| Untracked 
|  32|0x00000000fe000000, 0x00000000fe000000, 0x00000000fe100000|  0%| F|  |TAMS 0x00000000fe000000, 0x00000000fe000000| Untracked 
|  33|0x00000000fe100000, 0x00000000fe100000, 0x00000000fe200000|  0%| F|  |TAMS 0x00000000fe100000, 0x00000000fe100000| Untracked 
|  34|0x00000000fe200000, 0x00000000fe200000, 0x00000000fe300000|  0%| F|  |TAMS 0x00000000fe200000, 0x00000000fe200000| Untracked 
|  35|0x00000000fe300000, 0x00000000fe300000, 0x00000000fe400000|  0%| F|  |TAMS 0x00000000fe300000, 0x00000000fe300000| Untracked 
|  36|0x00000000fe400000, 0x00000000fe400000, 0x00000000fe500000|  0%| F|  |TAMS 0x00000000fe400000, 0x00000000fe400000| Untracked 
|  37|0x00000000fe500000, 0x00000000fe500000, 0x00000000fe600000|  0%| F|  |TAMS 0x00000000fe500000, 0x00000000fe500000| Untracked 
|  38|0x00000000fe600000, 0x00000000fe600000, 0x00000000fe700000|  0%| F|  |TAMS 0x00000000fe600000, 0x00000000fe600000| Untracked 
|  39|0x00000000fe700000, 0x00000000fe700000, 0x00000000fe800000|  0%| F|  |TAMS 0x00000000fe700000, 0x00000000fe700000| Untracked 
|  40|0x00000000fe800000, 0x00000000fe800000, 0x00000000fe900000|  0%| F|  |TAMS 0x00000000fe800000, 0x00000000fe800000| Untracked 
|  41|0x00000000fe900000, 0x00000000fe900000, 0x00000000fea00000|  0%| F|  |TAMS 0x00000000fe900000, 0x00000000fe900000| Untracked 
|  42|0x00000000fea00000, 0x00000000fea00000, 0x00000000feb00000|  0%| F|  |TAMS 0x00000000fea00000, 0x00000000fea00000| Untracked 
|  43|0x00000000feb00000, 0x00000000feb00000, 0x00000000fec00000|  0%| F|  |TAMS 0x00000000feb00000, 0x00000000feb00000| Untracked 
|  44|0x00000000fec00000, 0x00000000fec00000, 0x00000000fed00000|  0%| F|  |TAMS 0x00000000fec00000, 0x00000000fec00000| Untracked 
|  45|0x00000000fed00000, 0x00000000fed00000, 0x00000000fee00000|  0%| F|  |TAMS 0x00000000fed00000, 0x00000000fed00000| Untracked 
|  46|0x00000000fee00000, 0x00000000fee00000, 0x00000000fef00000|  0%| F|  |TAMS 0x00000000fee00000, 0x00000000fee00000| Untracked 
|  47|0x00000000fef00000, 0x00000000fef00000, 0x00000000ff000000|  0%| F|  |TAMS 0x00000000fef00000, 0x00000000fef00000| Untracked 
|  48|0x00000000ff000000, 0x00000000ff000000, 0x00000000ff100000|  0%| F|  |TAMS 0x00000000ff000000, 0x00000000ff000000| Untracked 
|  49|0x00000000ff100000, 0x00000000ff100000, 0x00000000ff200000|  0%| F|  |TAMS 0x00000000ff100000, 0x00000000ff100000| Untracked 
|  50|0x00000000ff200000, 0x00000000ff200000, 0x00000000ff300000|  0%| F|  |TAMS 0x00000000ff200000, 0x00000000ff200000| Untracked 
|  51|0x00000000ff300000, 0x00000000ff300000, 0x00000000ff400000|  0%| F|  |TAMS 0x00000000ff300000, 0x00000000ff300000| Untracked 
|  52|0x00000000ff400000, 0x00000000ff500000, 0x00000000ff500000|100%| E|  |TAMS 0x00000000ff400000, 0x00000000ff400000| Complete 
|  53|0x00000000ff500000, 0x00000000ff600000, 0x00000000ff600000|100%| E|CS|TAMS 0x00000000ff500000, 0x00000000ff500000| Complete 
|  54|0x00000000ff600000, 0x00000000ff700000, 0x00000000ff700000|100%| E|CS|TAMS 0x00000000ff600000, 0x00000000ff600000| Complete 
|  55|0x00000000ff700000, 0x00000000ff800000, 0x00000000ff800000|100%| E|CS|TAMS 0x00000000ff700000, 0x00000000ff700000| Complete 
|  56|0x00000000ff800000, 0x00000000ff900000, 0x00000000ff900000|100%| E|CS|TAMS 0x00000000ff800000, 0x00000000ff800000| Complete 
|  57|0x00000000ff900000, 0x00000000ffa00000, 0x00000000ffa00000|100%| E|CS|TAMS 0x00000000ff900000, 0x00000000ff900000| Complete 
|  58|0x00000000ffa00000, 0x00000000ffb00000, 0x00000000ffb00000|100%| E|CS|TAMS 0x00000000ffa00000, 0x00000000ffa00000| Complete 
|  59|0x00000000ffb00000, 0x00000000ffc00000, 0x00000000ffc00000|100%| E|CS|TAMS 0x00000000ffb00000, 0x00000000ffb00000| Complete 
|  60|0x00000000ffc00000, 0x00000000ffd00000, 0x00000000ffd00000|100%| E|CS|TAMS 0x00000000ffc00000, 0x00000000ffc00000| Complete 
|  61|0x00000000ffd00000, 0x00000000ffe00000, 0x00000000ffe00000|100%| E|  |TAMS 0x00000000ffd00000, 0x00000000ffd00000| Complete 
|  62|0x00000000ffe00000, 0x00000000fff00000, 0x00000000fff00000|100%| E|CS|TAMS 0x00000000ffe00000, 0x00000000ffe00000| Complete 
|  63|0x00000000fff00000, 0x0000000100000000, 0x0000000100000000|100%| E|CS|TAMS 0x00000000fff00000, 0x00000000fff00000| Complete 

Card table byte_map: [0x0000022bfd250000,0x0000022bfd270000] _byte_map_base: 0x0000022bfca70000

Marking Bits (Prev, Next): (CMBitMap*) 0x0000022bfb36e4a0, (CMBitMap*) 0x0000022bfb36e4e0
 Prev Bits: [0x0000022bfd290000, 0x0000022bfd390000)
 Next Bits: [0x0000022bfd390000, 0x0000022bfd490000)

Polling page: 0x0000022bfb420000

Metaspace:

Usage:
  Non-class:      1.61 MB used.
      Class:    170.38 KB used.
       Both:      1.78 MB used.

Virtual space:
  Non-class space:        8.00 MB reserved,       1.69 MB ( 21%) committed,  1 nodes.
      Class space:        1.00 GB reserved,     256.00 KB ( <1%) committed,  1 nodes.
             Both:        1.01 GB reserved,       1.94 MB ( <1%) committed. 

Chunk freelists:
   Non-Class:  3.64 MB
       Class:  3.67 MB
        Both:  7.31 MB

MaxMetaspaceSize: unlimited
CompressedClassSpaceSize: 1.00 GB
Initial GC threshold: 21.00 MB
Current GC threshold: 21.00 MB
CDS: on
MetaspaceReclaimPolicy: balanced
 - commit_granule_bytes: 65536.
 - commit_granule_words: 8192.
 - virtual_space_node_default_size: 1048576.
 - enlarge_chunks_in_place: 1.
 - new_chunks_are_fully_committed: 0.
 - uncommit_free_chunks: 1.
 - use_allocation_guard: 0.
 - handle_deallocations: 1.


Internal statistics:

num_allocs_failed_limit: 0.
num_arena_births: 14.
num_arena_deaths: 0.
num_vsnodes_births: 2.
num_vsnodes_deaths: 0.
num_space_committed: 31.
num_space_uncommitted: 0.
num_chunks_returned_to_freelist: 0.
num_chunks_taken_from_freelist: 51.
num_chunk_merges: 0.
num_chunk_splits: 24.
num_chunks_enlarged: 17.
num_purges: 0.
num_inconsistent_stats: 0.

CodeHeap 'non-profiled nmethods': size=120000Kb used=174Kb max_used=174Kb free=119825Kb
 bounds [0x0000022b8f4f0000, 0x0000022b8f760000, 0x0000022b96a20000]
CodeHeap 'profiled nmethods': size=120000Kb used=870Kb max_used=870Kb free=119129Kb
 bounds [0x0000022b87a20000, 0x0000022b87c90000, 0x0000022b8ef50000]
CodeHeap 'non-nmethods': size=5760Kb used=1143Kb max_used=1143Kb free=4616Kb
 bounds [0x0000022b8ef50000, 0x0000022b8f1c0000, 0x0000022b8f4f0000]
 total_blobs=933 nmethods=528 adapters=316
 compilation: enabled
              stopped_count=0, restarted_count=0
 full_count=0

Compilation events (20 events):
Event: 0.441 Thread 0x0000022bffa08d80  483       1       java.net.URL::getPath (5 bytes)
Event: 0.441 Thread 0x0000022bffa08d80 nmethod 483 0x0000022b8f519510 code [0x0000022b8f5196a0, 0x0000022b8f519778]
Event: 0.441 Thread 0x0000022bffa08d80  484       3       java.net.URI$Parser::at (23 bytes)
Event: 0.442 Thread 0x0000022bffa08d80 nmethod 484 0x0000022b87ade090 code [0x0000022b87ade280, 0x0000022b87ade8b8]
Event: 0.442 Thread 0x0000022bffa08d80  485       1       java.net.URL::getAuthority (5 bytes)
Event: 0.442 Thread 0x0000022bffa08d80 nmethod 485 0x0000022b8f519810 code [0x0000022b8f5199a0, 0x0000022b8f519a78]
Event: 0.442 Thread 0x0000022bffa08d80  486       1       java.net.URL::getQuery (5 bytes)
Event: 0.442 Thread 0x0000022bffa08d80 nmethod 486 0x0000022b8f519b10 code [0x0000022b8f519ca0, 0x0000022b8f519d78]
Event: 0.442 Thread 0x0000022bffa08d80  487       1       java.net.URL::getRef (5 bytes)
Event: 0.442 Thread 0x0000022bffa08d80 nmethod 487 0x0000022b8f519e10 code [0x0000022b8f519fa0, 0x0000022b8f51a078]
Event: 0.442 Thread 0x0000022bffa08d80  488       1       java.net.URL::getPort (5 bytes)
Event: 0.442 Thread 0x0000022bffa08d80 nmethod 488 0x0000022b8f51a110 code [0x0000022b8f51a2a0, 0x0000022b8f51a378]
Event: 0.443 Thread 0x0000022bffa08d80  489       1       java.net.URI::getScheme (5 bytes)
Event: 0.444 Thread 0x0000022bffa08d80 nmethod 489 0x0000022b8f51a410 code [0x0000022b8f51a5a0, 0x0000022b8f51a678]
Event: 0.445 Thread 0x0000022bffa08d80  490       3       java.lang.Character::getType (9 bytes)
Event: 0.445 Thread 0x0000022bffa08d80 nmethod 490 0x0000022b87adeb90 code [0x0000022b87aded40, 0x0000022b87adef38]
Event: 0.445 Thread 0x0000022bffa08d80  491       3       java.lang.CharacterDataLatin1::getType (11 bytes)
Event: 0.446 Thread 0x0000022bffa08d80 nmethod 491 0x0000022b87adf010 code [0x0000022b87adf1c0, 0x0000022b87adf378]
Event: 0.446 Thread 0x0000022bffa08d80  492       3       java.net.URI$Parser::checkChars (44 bytes)
Event: 0.447 Thread 0x0000022bffa08d80 nmethod 492 0x0000022b87adf490 code [0x0000022b87adf6c0, 0x0000022b87adfd08]

GC Heap History (0 events):
No events

Dll operation events (6 events):
Event: 0.007 Loaded shared library C:\Program Files\Eclipse Adoptium\jdk-17.0.6.10-hotspot\bin\java.dll
Event: 0.056 Loaded shared library C:\Program Files\Eclipse Adoptium\jdk-17.0.6.10-hotspot\bin\jsvml.dll
Event: 0.144 Loaded shared library C:\Program Files\Eclipse Adoptium\jdk-17.0.6.10-hotspot\bin\net.dll
Event: 0.146 Loaded shared library C:\Program Files\Eclipse Adoptium\jdk-17.0.6.10-hotspot\bin\nio.dll
Event: 0.154 Loaded shared library C:\Program Files\Eclipse Adoptium\jdk-17.0.6.10-hotspot\bin\zip.dll
Event: 0.434 Loaded shared library C:\Program Files\Eclipse Adoptium\jdk-17.0.6.10-hotspot\bin\jimage.dll

Deoptimization events (20 events):
Event: 0.371 Thread 0x0000022bfb34eb00 DEOPT PACKING pc=0x0000022b87a71c72 sp=0x00000078fa1fd310
Event: 0.371 Thread 0x0000022bfb34eb00 DEOPT UNPACKING pc=0x0000022b8efa7143 sp=0x00000078fa1fc7d0 mode 0
Event: 0.371 Thread 0x0000022bfb34eb00 DEOPT PACKING pc=0x0000022b87a71c72 sp=0x00000078fa1fd310
Event: 0.371 Thread 0x0000022bfb34eb00 DEOPT UNPACKING pc=0x0000022b8efa7143 sp=0x00000078fa1fc7d0 mode 0
Event: 0.407 Thread 0x0000022bfb34eb00 Uncommon trap: trap_request=0xffffff45 fr.pc=0x0000022b8f509594 relative=0x0000000000000094
Event: 0.407 Thread 0x0000022bfb34eb00 Uncommon trap: reason=unstable_if action=reinterpret pc=0x0000022b8f509594 method=java.util.regex.Pattern.append(II)V @ 9 c2
Event: 0.407 Thread 0x0000022bfb34eb00 DEOPT PACKING pc=0x0000022b8f509594 sp=0x00000078fa1fd060
Event: 0.407 Thread 0x0000022bfb34eb00 DEOPT UNPACKING pc=0x0000022b8efa69a3 sp=0x00000078fa1fcff0 mode 2
Event: 0.419 Thread 0x0000022bfb34eb00 Uncommon trap: trap_request=0xffffff45 fr.pc=0x0000022b8f510428 relative=0x00000000000003e8
Event: 0.419 Thread 0x0000022bfb34eb00 Uncommon trap: reason=unstable_if action=reinterpret pc=0x0000022b8f510428 method=java.util.zip.ZipCoder$UTF8ZipCoder.checkedHash([BII)I @ 27 c2
Event: 0.419 Thread 0x0000022bfb34eb00 DEOPT PACKING pc=0x0000022b8f510428 sp=0x00000078fa1fcff0
Event: 0.419 Thread 0x0000022bfb34eb00 DEOPT UNPACKING pc=0x0000022b8efa69a3 sp=0x00000078fa1fced8 mode 2
Event: 0.419 Thread 0x0000022bfb34eb00 Uncommon trap: trap_request=0xffffff45 fr.pc=0x0000022b8f4f84d0 relative=0x00000000000001d0
Event: 0.419 Thread 0x0000022bfb34eb00 Uncommon trap: reason=unstable_if action=reinterpret pc=0x0000022b8f4f84d0 method=java.lang.String.hashCode()I @ 20 c2
Event: 0.419 Thread 0x0000022bfb34eb00 DEOPT PACKING pc=0x0000022b8f4f84d0 sp=0x00000078fa1fce60
Event: 0.419 Thread 0x0000022bfb34eb00 DEOPT UNPACKING pc=0x0000022b8efa69a3 sp=0x00000078fa1fcdf8 mode 2
Event: 0.419 Thread 0x0000022bfb34eb00 Uncommon trap: trap_request=0xffffff45 fr.pc=0x0000022b8f5117cc relative=0x00000000000001ac
Event: 0.419 Thread 0x0000022bfb34eb00 Uncommon trap: reason=unstable_if action=reinterpret pc=0x0000022b8f5117cc method=java.util.zip.ZipFile$Source.isMetaName([BII)Z @ 57 c2
Event: 0.419 Thread 0x0000022bfb34eb00 DEOPT PACKING pc=0x0000022b8f5117cc sp=0x00000078fa1fd000
Event: 0.419 Thread 0x0000022bfb34eb00 DEOPT UNPACKING pc=0x0000022b8efa69a3 sp=0x00000078fa1fcfa8 mode 2

Classes unloaded (0 events):
No events

Classes redefined (0 events):
No events

Internal exceptions (1 events):
Event: 0.299 Thread 0x0000022bfb34eb00 Exception <a 'java/lang/NoSuchMethodError'{0x00000000ffc4eda0}: 'int java.lang.invoke.DirectMethodHandle$Holder.invokeStaticInit(java.lang.Object, java.lang.Object)'> (0x00000000ffc4eda0) 
thrown [s\src\hotspot\share\interpreter\linkResolver.cpp, line 759]

VM Operations (2 events):
Event: 0.155 Executing VM operation: HandshakeAllThreads
Event: 0.155 Executing VM operation: HandshakeAllThreads done

Events (20 events):
Event: 0.282 loading class java/io/FilePermission$1 done
Event: 0.283 loading class java/io/FilePermissionCollection
Event: 0.283 loading class java/io/FilePermissionCollection done
Event: 0.283 loading class java/util/Vector
Event: 0.284 loading class java/util/Vector done
Event: 0.284 loading class java/io/FilePermissionCollection$1
Event: 0.284 loading class java/io/FilePermissionCollection$1 done
Event: 0.285 loading class sun/security/util/ManifestEntryVerifier
Event: 0.285 loading class sun/security/util/ManifestEntryVerifier done
Event: 0.302 loading class java/net/MalformedURLException
Event: 0.302 loading class java/net/MalformedURLException done
Event: 0.303 loading class java/io/FileFilter
Event: 0.303 loading class java/io/FileFilter done
Event: 0.317 loading class java/util/AbstractList$Itr
Event: 0.317 loading class java/util/AbstractList$Itr done
Event: 0.318 loading class java/util/zip/ZipException
Event: 0.319 loading class java/util/zip/ZipException done
Event: 0.329 loading class java/lang/invoke/DirectMethodHandle$Special
Event: 0.329 loading class java/lang/invoke/DirectMethodHandle$Special done
Event: 0.421 Thread 0x0000022b975ea170 Thread added: 0x0000022b975ea170


Dynamic libraries:
0x00007ff7d48c0000 - 0x00007ff7d48ce000 	C:\Program Files\Eclipse Adoptium\jdk-17.0.6.10-hotspot\bin\java.exe
0x00007ffd35f70000 - 0x00007ffd36168000 	C:\WINDOWS\SYSTEM32\ntdll.dll
0x00007ffd33fd0000 - 0x00007ffd3408f000 	C:\WINDOWS\System32\KERNEL32.DLL
0x00007ffd33820000 - 0x00007ffd33b16000 	C:\WINDOWS\System32\KERNELBASE.dll
0x00007ffd33b20000 - 0x00007ffd33c20000 	C:\WINDOWS\System32\ucrtbase.dll
0x00007ffd2aad0000 - 0x00007ffd2aae9000 	C:\Program Files\Eclipse Adoptium\jdk-17.0.6.10-hotspot\bin\VCRUNTIME140.dll
0x00007ffd2ad60000 - 0x00007ffd2ad77000 	C:\Program Files\Eclipse Adoptium\jdk-17.0.6.10-hotspot\bin\jli.dll
0x00007ffd35770000 - 0x00007ffd3590d000 	C:\WINDOWS\System32\USER32.dll
0x00007ffd33dd0000 - 0x00007ffd33df2000 	C:\WINDOWS\System32\win32u.dll
0x00007ffd35910000 - 0x00007ffd3593c000 	C:\WINDOWS\System32\GDI32.dll
0x00007ffd20550000 - 0x00007ffd207ea000 	C:\WINDOWS\WinSxS\amd64_microsoft.windows.common-controls_6595b64144ccf1df_6.0.19041.1110_none_60b5254171f9507e\COMCTL32.dll
0x00007ffd35e90000 - 0x00007ffd35f2e000 	C:\WINDOWS\System32\msvcrt.dll
0x00007ffd33700000 - 0x00007ffd33815000 	C:\WINDOWS\System32\gdi32full.dll
0x00007ffd33ce0000 - 0x00007ffd33d7d000 	C:\WINDOWS\System32\msvcp_win.dll
0x00007ffd35570000 - 0x00007ffd355a0000 	C:\WINDOWS\System32\IMM32.DLL
0x00007ffd2e260000 - 0x00007ffd2e26c000 	C:\Program Files\Eclipse Adoptium\jdk-17.0.6.10-hotspot\bin\vcruntime140_1.dll
0x00007ffd0a890000 - 0x00007ffd0a921000 	C:\Program Files\Eclipse Adoptium\jdk-17.0.6.10-hotspot\bin\msvcp140.dll
0x00007ffce4d90000 - 0x00007ffce59d7000 	C:\Program Files\Eclipse Adoptium\jdk-17.0.6.10-hotspot\bin\server\jvm.dll
0x00007ffd352f0000 - 0x00007ffd3539f000 	C:\WINDOWS\System32\ADVAPI32.dll
0x00007ffd35a90000 - 0x00007ffd35b2c000 	C:\WINDOWS\System32\sechost.dll
0x00007ffd353e0000 - 0x00007ffd35506000 	C:\WINDOWS\System32\RPCRT4.dll
0x00007ffd1c220000 - 0x00007ffd1c229000 	C:\WINDOWS\SYSTEM32\WSOCK32.dll
0x00007ffd1f0c0000 - 0x00007ffd1f0e7000 	C:\WINDOWS\SYSTEM32\WINMM.dll
0x00007ffd29230000 - 0x00007ffd2923a000 	C:\WINDOWS\SYSTEM32\VERSION.dll
0x00007ffd35280000 - 0x00007ffd352eb000 	C:\WINDOWS\System32\WS2_32.dll
0x00007ffd31e80000 - 0x00007ffd31e92000 	C:\WINDOWS\SYSTEM32\kernel.appcore.dll
0x00007ffd2e190000 - 0x00007ffd2e19a000 	C:\Program Files\Eclipse Adoptium\jdk-17.0.6.10-hotspot\bin\jimage.dll
0x00007ffd31b90000 - 0x00007ffd31d74000 	C:\WINDOWS\SYSTEM32\DBGHELP.DLL
0x00007ffd16cd0000 - 0x00007ffd16d04000 	C:\WINDOWS\SYSTEM32\dbgcore.DLL
0x00007ffd33c50000 - 0x00007ffd33cd2000 	C:\WINDOWS\System32\bcryptPrimitives.dll
0x00007ffd1fe90000 - 0x00007ffd1feb5000 	C:\Program Files\Eclipse Adoptium\jdk-17.0.6.10-hotspot\bin\java.dll
0x00007ffd0a510000 - 0x00007ffd0a5e6000 	C:\Program Files\Eclipse Adoptium\jdk-17.0.6.10-hotspot\bin\jsvml.dll
0x00007ffd341a0000 - 0x00007ffd348e4000 	C:\WINDOWS\System32\SHELL32.dll
0x00007ffd31320000 - 0x00007ffd31ab3000 	C:\WINDOWS\SYSTEM32\windows.storage.dll
0x00007ffd35b30000 - 0x00007ffd35e84000 	C:\WINDOWS\System32\combase.dll
0x00007ffd330b0000 - 0x00007ffd330de000 	C:\WINDOWS\SYSTEM32\Wldp.dll
0x00007ffd356c0000 - 0x00007ffd3576d000 	C:\WINDOWS\System32\SHCORE.dll
0x00007ffd35a30000 - 0x00007ffd35a85000 	C:\WINDOWS\System32\shlwapi.dll
0x00007ffd33590000 - 0x00007ffd335af000 	C:\WINDOWS\SYSTEM32\profapi.dll
0x00007ffd21030000 - 0x00007ffd21049000 	C:\Program Files\Eclipse Adoptium\jdk-17.0.6.10-hotspot\bin\net.dll
0x00007ffd27d90000 - 0x00007ffd27e9a000 	C:\WINDOWS\SYSTEM32\WINHTTP.dll
0x00007ffd32e10000 - 0x00007ffd32e7a000 	C:\WINDOWS\system32\mswsock.dll
0x00007ffd1e980000 - 0x00007ffd1e995000 	C:\Program Files\Eclipse Adoptium\jdk-17.0.6.10-hotspot\bin\nio.dll
0x00007ffd1d960000 - 0x00007ffd1d978000 	C:\Program Files\Eclipse Adoptium\jdk-17.0.6.10-hotspot\bin\zip.dll

dbghelp: loaded successfully - version: 4.0.5 - missing functions: none
symbol engine: initialized successfully - sym options: 0x614 - pdb path: .;C:\Program Files\Eclipse Adoptium\jdk-17.0.6.10-hotspot\bin;C:\WINDOWS\SYSTEM32;C:\WINDOWS\WinSxS\amd64_microsoft.windows.common-controls_6595b64144ccf1df_6.0.19041.1110_none_60b5254171f9507e;C:\Program Files\Eclipse Adoptium\jdk-17.0.6.10-hotspot\bin\server

VM Arguments:
jvm_args: -Xmx64m -Xms64m -Dorg.gradle.appname=gradlew 
java_command: org.gradle.wrapper.GradleWrapperMain app:installDebug -PreactNativeDevServerPort=8081
java_class_path (initial): C:\Users\songe\Development\react-native\SAMS\android\\gradle\wrapper\gradle-wrapper.jar
Launcher Type: SUN_STANDARD

[Global flags]
     intx CICompilerCount                          = 3                                         {product} {ergonomic}
     uint ConcGCThreads                            = 1                                         {product} {ergonomic}
     uint G1ConcRefinementThreads                  = 4                                         {product} {ergonomic}
   size_t G1HeapRegionSize                         = 1048576                                   {product} {ergonomic}
    uintx GCDrainStackTargetSize                   = 64                                        {product} {ergonomic}
   size_t InitialHeapSize                          = 67108864                                  {product} {command line}
   size_t MarkStackSize                            = 4194304                                   {product} {ergonomic}
   size_t MaxHeapSize                              = 67108864                                  {product} {command line}
   size_t MaxNewSize                               = 39845888                                  {product} {ergonomic}
   size_t MinHeapDeltaBytes                        = 1048576                                   {product} {ergonomic}
   size_t MinHeapSize                              = 67108864                                  {product} {command line}
    uintx NonNMethodCodeHeapSize                   = 5832780                                {pd product} {ergonomic}
    uintx NonProfiledCodeHeapSize                  = 122912730                              {pd product} {ergonomic}
    uintx ProfiledCodeHeapSize                     = 122912730                              {pd product} {ergonomic}
    uintx ReservedCodeCacheSize                    = 251658240                              {pd product} {ergonomic}
     bool SegmentedCodeCache                       = true                                      {product} {ergonomic}
   size_t SoftMaxHeapSize                          = 67108864                               {manageable} {ergonomic}
     bool UseCompressedClassPointers               = true                           {product lp64_product} {ergonomic}
     bool UseCompressedOops                        = true                           {product lp64_product} {ergonomic}
     bool UseG1GC                                  = true                                      {product} {ergonomic}
     bool UseLargePagesIndividualAllocation        = false                                  {pd product} {ergonomic}

Logging:
Log output configuration:
 #0: stdout all=warning uptime,level,tags
 #1: stderr all=off uptime,level,tags

Environment Variables:
JAVA_HOME=C:\Program Files\Eclipse Adoptium\jdk-17.0.6.10-hotspot
CLASSPATH=C:\Users\songe\Development\react-native\SAMS\android\\gradle\wrapper\gradle-wrapper.jar
PATH=C:\Users\songe\Development\react-native\SAMS\android\node_modules\.bin;C:\Users\songe\Development\react-native\SAMS\node_modules\.bin;C:\Users\songe\Development\react-native\node_modules\.bin;C:\Users\songe\Development\node_modules\.bin;C:\Users\songe\node_modules\.bin;C:\Users\node_modules\.bin;C:\node_modules\.bin;C:\Program Files\nodejs;C:\Users\songe\Development\react-native\SAMS\node_modules\.bin;C:\Users\songe\Development\react-native\SAMS\node_modules\.bin;C:\Users\songe\Development\react-native\node_modules\.bin;C:\Users\songe\Development\node_modules\.bin;C:\Users\songe\node_modules\.bin;C:\Users\node_modules\.bin;C:\node_modules\.bin;C:\Users\songe\Development\react-native\SAMS\node_modules\npm\node_modules\@npmcli\run-script\lib\node-gyp-bin;C:\Users\songe\Development\react-native\SAMS\node_modules\.bin;C:\Users\songe\Development\react-native\node_modules\.bin;C:\Users\songe\Development\node_modules\.bin;C:\Users\songe\node_modules\.bin;C:\Users\node_modules\.bin;C:\node_modules\.bin;C:\Program Files\nodejs;C:\Users\songe\Development\react-native\SAMS\node_modules\.bin;C:\Users\songe\Development\react-native\node_modules\.bin;C:\Users\songe\Development\node_modules\.bin;C:\Users\songe\node_modules\.bin;C:\Users\node_modules\.bin;C:\node_modules\.bin;C:\Program Files\nodejs\node_modules\npm\node_modules\@npmcli\run-script\lib\node-gyp-bin;C:\Program Files\Eclipse Adoptium\jdk-17.0.6.10-hotspot\bin;C:\Program Files (x86)\Intel\Intel(R) Management Engine Components\iCLS\;C:\Program Files\Intel\Intel(R) Management Engine Components\iCLS\;C:\Windows\system32;C:\Windows;C:\Windows\System32\Wbem;C:\Windows\System32\WindowsPowerShell\v1.0\;C:\Program Files (x86)\NVIDIA Corporation\PhysX\Common;C:\Program Files (x86)\Intel\Intel(R) Management Engine Components\DAL;C:\Program Files\Intel\Intel(R) Management Engine Components\DAL;C:\Program Files (x86)\Intel\Intel(R) Management Engine Components\IPT;C:\Program Files\Intel\Intel(R) Management Engine Components\IPT;
USERNAME=songe
OS=Windows_NT
PROCESSOR_IDENTIFIER=Intel64 Family 6 Model 142 Stepping 9, GenuineIntel
TMP=C:\Users\songe\AppData\Local\Temp
TEMP=C:\Users\songe\AppData\Local\Temp



---------------  S Y S T E M  ---------------

OS:
 Windows 10 , 64 bit Build 19041 (10.0.19041.2913)
OS uptime: 0 days 7:01 hours

CPU: total 4 (initial active 4) (2 cores per cpu, 2 threads per core) family 6 model 142 stepping 9 microcode 0xf0, cx8, cmov, fxsr, ht, mmx, 3dnowpref, sse, sse2, sse3, ssse3, sse4.1, sse4.2, popcnt, lzcnt, tsc, tscinvbit, avx, avx2, aes, erms, clmul, bmi1, bmi2, adx, fma, vzeroupper, clflush, clflushopt

Memory: 4k page, system-wide physical 8089M (1204M free)
TotalPageFile size 11089M (AvailPageFile size 3M)
current process WorkingSet (physical memory assigned to process): 52M, peak: 52M
current process commit charge ("private bytes"): 141M, peak: 141M

vm_info: OpenJDK 64-Bit Server VM (17.0.6+10) for windows-amd64 JRE (17.0.6+10), built on Jan 18 2023 10:08:59 by "temurin" with MS VC++ 16.7 (VS2019)

END.
