#
# There is insufficient memory for the Java Runtime Environment to continue.
# Native memory allocation (malloc) failed to allocate 670416 bytes for Chunk::new
# Possible reasons:
#   The system is out of physical RAM or swap space
#   The process is running with CompressedOops enabled, and the Java Heap may be blocking the growth of the native heap
# Possible solutions:
#   Reduce memory load on the system
#   Increase physical memory or swap space
#   Check if swap backing store is full
#   Decrease Java heap size (-Xmx/-Xms)
#   Decrease number of Java threads
#   Decrease Java thread stack sizes (-Xss)
#   Set larger code cache with -XX:ReservedCodeCacheSize=
#   JVM is running with Unscaled Compressed Oops mode in which the Java heap is
#     placed in the first 4GB address space. The Java Heap base address is the
#     maximum limit for the native heap growth. Please use -XX:HeapBaseMinAddress
#     to set the Java Heap base and to place the Java Heap above 4GB virtual address.
# This output file may be truncated or incomplete.
#
#  Out of Memory Error (arena.cpp:189), pid=12736, tid=12260
#
# JRE version: OpenJDK Runtime Environment Temurin-17.0.6+10 (17.0.6+10) (build 17.0.6+10)
# Java VM: OpenJDK 64-Bit Server VM Temurin-17.0.6+10 (17.0.6+10, mixed mode, sharing, tiered, compressed oops, compressed class ptrs, g1 gc, windows-amd64)
# No core dump will be written. Minidumps are not enabled by default on client versions of Windows
#

---------------  S U M M A R Y ------------

Command Line: org.jetbrains.kotlin.cli.jvm.K2JVMCompiler @C:\Users\songe\source\repos\SAMSV2\node_modules\react-native-pager-view\android\build\20230703_13996831091198838710.compiler.options

Host: Intel(R) Core(TM) i7-7500U CPU @ 2.70GHz, 4 cores, 7G,  Windows 10 , 64 bit Build 19041 (10.0.19041.3155)
Time: Mon Jul  3 20:34:58 2023 South Africa Standard Time elapsed time: 65.508034 seconds (0d 0h 1m 5s)

---------------  T H R E A D  ---------------

Current thread (0x0000029802b0c6b0):  JavaThread "C2 CompilerThread1" daemon [_thread_in_native, id=12260, stack(0x000000d181800000,0x000000d181900000)]


Current CompileTask:
C2:  65508 12471       4       org.jetbrains.kotlin.load.kotlin.TypeSignatureMappingKt::mapBuiltInType (339 bytes)

Stack: [0x000000d181800000,0x000000d181900000]
Native frames: (J=compiled Java code, j=interpreted, Vv=VM code, C=native code)
V  [jvm.dll+0x67741a]
V  [jvm.dll+0x834434]
V  [jvm.dll+0x835bde]
V  [jvm.dll+0x836243]
V  [jvm.dll+0x2457b5]
V  [jvm.dll+0xabafc]
V  [jvm.dll+0xac0cc]
V  [jvm.dll+0x2ac94f]
V  [jvm.dll+0x57de47]
V  [jvm.dll+0x220812]
V  [jvm.dll+0x21a1e4]
V  [jvm.dll+0x21790b]
V  [jvm.dll+0x1a3d0d]
V  [jvm.dll+0x22742a]
V  [jvm.dll+0x225565]
V  [jvm.dll+0x7ea2cb]
V  [jvm.dll+0x7e483a]
V  [jvm.dll+0x6762c5]
C  [ucrtbase.dll+0x21bb2]
C  [KERNEL32.DLL+0x17614]
C  [ntdll.dll+0x526b1]


---------------  P R O C E S S  ---------------

Threads class SMR info:
_java_thread_list=0x0000029803da76a0, length=13, elements={
0x0000029863ce4fa0, 0x000002987f7a7960, 0x000002987f7a87d0, 0x000002987f7c2d90,
0x000002987f7c3940, 0x000002987f7c6700, 0x000002987f7c70b0, 0x000002987f7c7e40,
0x000002987f7c88e0, 0x000002987f7cc200, 0x000002987f9c05d0, 0x000002987f9c3d70,
0x0000029802b0c6b0
}

Java Threads: ( => current thread )
  0x0000029863ce4fa0 JavaThread "main" [_thread_in_native, id=11732, stack(0x000000d181900000,0x000000d181a00000)]
  0x000002987f7a7960 JavaThread "Reference Handler" daemon [_thread_blocked, id=14928, stack(0x000000d182100000,0x000000d182200000)]
  0x000002987f7a87d0 JavaThread "Finalizer" daemon [_thread_blocked, id=8832, stack(0x000000d182200000,0x000000d182300000)]
  0x000002987f7c2d90 JavaThread "Signal Dispatcher" daemon [_thread_blocked, id=11108, stack(0x000000d182300000,0x000000d182400000)]
  0x000002987f7c3940 JavaThread "Attach Listener" daemon [_thread_blocked, id=16188, stack(0x000000d182400000,0x000000d182500000)]
  0x000002987f7c6700 JavaThread "Service Thread" daemon [_thread_blocked, id=15396, stack(0x000000d182500000,0x000000d182600000)]
  0x000002987f7c70b0 JavaThread "Monitor Deflation Thread" daemon [_thread_blocked, id=11512, stack(0x000000d182600000,0x000000d182700000)]
  0x000002987f7c7e40 JavaThread "C2 CompilerThread0" daemon [_thread_in_native, id=2168, stack(0x000000d182700000,0x000000d182800000)]
  0x000002987f7c88e0 JavaThread "C1 CompilerThread0" daemon [_thread_in_vm, id=16708, stack(0x000000d182800000,0x000000d182900000)]
  0x000002987f7cc200 JavaThread "Sweeper thread" daemon [_thread_blocked, id=11176, stack(0x000000d182900000,0x000000d182a00000)]
  0x000002987f9c05d0 JavaThread "Notification Thread" daemon [_thread_blocked, id=16124, stack(0x000000d182a00000,0x000000d182b00000)]
  0x000002987f9c3d70 JavaThread "Common-Cleaner" daemon [_thread_blocked, id=12756, stack(0x000000d182c00000,0x000000d182d00000)]
=>0x0000029802b0c6b0 JavaThread "C2 CompilerThread1" daemon [_thread_in_native, id=12260, stack(0x000000d181800000,0x000000d181900000)]

Other Threads:
  0x000002987f79ea90 VMThread "VM Thread" [stack: 0x000000d182000000,0x000000d182100000] [id=12808]
  0x000002987f9c2ab0 WatcherThread [stack: 0x000000d182b00000,0x000000d182c00000] [id=13344]
  0x0000029863d428a0 GCTaskThread "GC Thread#0" [stack: 0x000000d181b00000,0x000000d181c00000] [id=16568]
  0x000002987fd163c0 GCTaskThread "GC Thread#1" [stack: 0x000000d182d00000,0x000000d182e00000] [id=8772]
  0x000002987fd16670 GCTaskThread "GC Thread#2" [stack: 0x000000d182e00000,0x000000d182f00000] [id=6872]
  0x000002980284e480 GCTaskThread "GC Thread#3" [stack: 0x000000d182f00000,0x000000d183000000] [id=4348]
  0x0000029863d534e0 ConcurrentGCThread "G1 Main Marker" [stack: 0x000000d181c00000,0x000000d181d00000] [id=11140]
  0x0000029863d53ef0 ConcurrentGCThread "G1 Conc#0" [stack: 0x000000d181d00000,0x000000d181e00000] [id=4372]
  0x000002987f6600a0 ConcurrentGCThread "G1 Refine#0" [stack: 0x000000d181e00000,0x000000d181f00000] [id=17412]
  0x000002987f660ac0 ConcurrentGCThread "G1 Service" [stack: 0x000000d181f00000,0x000000d182000000] [id=11116]

Threads with active compile tasks:
C2 CompilerThread0    65533 12275       4       org.jetbrains.kotlin.load.kotlin.DescriptorBasedTypeSignatureMappingKt::mapType (895 bytes)
C2 CompilerThread1    65533 12471       4       org.jetbrains.kotlin.load.kotlin.TypeSignatureMappingKt::mapBuiltInType (339 bytes)

VM state: not at safepoint (normal execution)

VM Mutex/Monitor currently owned by a thread: None

Heap address: 0x0000000081800000, size: 2024 MB, Compressed Oops mode: 32-bit

CDS archive(s) mapped at: [0x0000000800000000-0x0000000800bc0000-0x0000000800bc0000), size 12320768, SharedBaseAddress: 0x0000000800000000, ArchiveRelocationMode: 0.
Compressed class space mapped at: 0x0000000800c00000-0x0000000840c00000, reserved size: 1073741824
Narrow klass base: 0x0000000800000000, Narrow klass shift: 0, Narrow klass range: 0x100000000

GC Precious Log:
 CPUs: 4 total, 4 available
 Memory: 8089M
 Large Page Support: Disabled
 NUMA Support: Disabled
 Compressed Oops: Enabled (32-bit)
 Heap Region Size: 1M
 Heap Min Capacity: 8M
 Heap Initial Capacity: 128M
 Heap Max Capacity: 2024M
 Pre-touch: Disabled
 Parallel Workers: 4
 Concurrent Workers: 1
 Concurrent Refinement Workers: 4
 Periodic GC: Disabled

Heap:
 garbage-first heap   total 119808K, used 79656K [0x0000000081800000, 0x0000000100000000)
  region size 1024K, 23 young (23552K), 1 survivors (1024K)
 Metaspace       used 70797K, committed 71104K, reserved 1114112K
  class space    used 7736K, committed 7872K, reserved 1048576K

Heap Regions: E=young(eden), S=young(survivor), O=old, HS=humongous(starts), HC=humongous(continues), CS=collection set, F=free, OA=open archive, CA=closed archive, TAMS=top-at-mark-start (previous, next)
|   0|0x0000000081800000, 0x0000000081900000, 0x0000000081900000|100%|HS|  |TAMS 0x0000000081900000, 0x0000000081800000| Complete 
|   1|0x0000000081900000, 0x0000000081a00000, 0x0000000081a00000|100%|HC|  |TAMS 0x0000000081a00000, 0x0000000081900000| Complete 
|   2|0x0000000081a00000, 0x0000000081b00000, 0x0000000081b00000|100%|HC|  |TAMS 0x0000000081b00000, 0x0000000081a00000| Complete 
|   3|0x0000000081b00000, 0x0000000081c00000, 0x0000000081c00000|100%| O|  |TAMS 0x0000000081c00000, 0x0000000081b00000| Untracked 
|   4|0x0000000081c00000, 0x0000000081d00000, 0x0000000081d00000|100%| O|  |TAMS 0x0000000081d00000, 0x0000000081c00000| Untracked 
|   5|0x0000000081d00000, 0x0000000081e00000, 0x0000000081e00000|100%| O|  |TAMS 0x0000000081e00000, 0x0000000081d00000| Untracked 
|   6|0x0000000081e00000, 0x0000000081f00000, 0x0000000081f00000|100%|HS|  |TAMS 0x0000000081f00000, 0x0000000081e00000| Complete 
|   7|0x0000000081f00000, 0x0000000082000000, 0x0000000082000000|100%|HC|  |TAMS 0x0000000082000000, 0x0000000081f00000| Complete 
|   8|0x0000000082000000, 0x0000000082100000, 0x0000000082100000|100%|HC|  |TAMS 0x0000000082100000, 0x0000000082000000| Complete 
|   9|0x0000000082100000, 0x0000000082200000, 0x0000000082200000|100%| O|  |TAMS 0x0000000082200000, 0x0000000082100000| Untracked 
|  10|0x0000000082200000, 0x0000000082300000, 0x0000000082300000|100%| O|  |TAMS 0x0000000082300000, 0x0000000082200000| Untracked 
|  11|0x0000000082300000, 0x0000000082400000, 0x0000000082400000|100%| O|  |TAMS 0x0000000082400000, 0x0000000082300000| Untracked 
|  12|0x0000000082400000, 0x0000000082500000, 0x0000000082500000|100%| O|  |TAMS 0x0000000082500000, 0x0000000082400000| Untracked 
|  13|0x0000000082500000, 0x0000000082600000, 0x0000000082600000|100%| O|  |TAMS 0x0000000082600000, 0x0000000082500000| Untracked 
|  14|0x0000000082600000, 0x0000000082700000, 0x0000000082700000|100%| O|  |TAMS 0x0000000082700000, 0x0000000082600000| Untracked 
|  15|0x0000000082700000, 0x0000000082800000, 0x0000000082800000|100%| O|  |TAMS 0x0000000082800000, 0x0000000082700000| Untracked 
|  16|0x0000000082800000, 0x0000000082900000, 0x0000000082900000|100%| O|  |TAMS 0x0000000082900000, 0x0000000082800000| Untracked 
|  17|0x0000000082900000, 0x0000000082a00000, 0x0000000082a00000|100%| O|  |TAMS 0x0000000082a00000, 0x0000000082900000| Untracked 
|  18|0x0000000082a00000, 0x0000000082b00000, 0x0000000082b00000|100%|HS|  |TAMS 0x0000000082b00000, 0x0000000082a00000| Complete 
|  19|0x0000000082b00000, 0x0000000082c00000, 0x0000000082c00000|100%|HC|  |TAMS 0x0000000082c00000, 0x0000000082b00000| Complete 
|  20|0x0000000082c00000, 0x0000000082d00000, 0x0000000082d00000|100%| O|  |TAMS 0x0000000082d00000, 0x0000000082c00000| Untracked 
|  21|0x0000000082d00000, 0x0000000082e00000, 0x0000000082e00000|100%| O|  |TAMS 0x0000000082e00000, 0x0000000082d00000| Untracked 
|  22|0x0000000082e00000, 0x0000000082f00000, 0x0000000082f00000|100%| O|  |TAMS 0x0000000082f00000, 0x0000000082e00000| Untracked 
|  23|0x0000000082f00000, 0x0000000083000000, 0x0000000083000000|100%| O|  |TAMS 0x0000000083000000, 0x0000000082f00000| Untracked 
|  24|0x0000000083000000, 0x0000000083100000, 0x0000000083100000|100%| O|  |TAMS 0x0000000083100000, 0x0000000083000000| Untracked 
|  25|0x0000000083100000, 0x0000000083200000, 0x0000000083200000|100%| O|  |TAMS 0x0000000083200000, 0x0000000083100000| Untracked 
|  26|0x0000000083200000, 0x0000000083300000, 0x0000000083300000|100%| O|  |TAMS 0x0000000083300000, 0x0000000083200000| Untracked 
|  27|0x0000000083300000, 0x0000000083400000, 0x0000000083400000|100%| O|  |TAMS 0x0000000083400000, 0x0000000083300000| Untracked 
|  28|0x0000000083400000, 0x0000000083500000, 0x0000000083500000|100%| O|  |TAMS 0x0000000083500000, 0x0000000083400000| Untracked 
|  29|0x0000000083500000, 0x0000000083600000, 0x0000000083600000|100%| O|  |TAMS 0x0000000083600000, 0x0000000083500000| Untracked 
|  30|0x0000000083600000, 0x0000000083700000, 0x0000000083700000|100%| O|  |TAMS 0x0000000083700000, 0x0000000083600000| Untracked 
|  31|0x0000000083700000, 0x0000000083800000, 0x0000000083800000|100%| O|  |TAMS 0x0000000083800000, 0x0000000083700000| Untracked 
|  32|0x0000000083800000, 0x0000000083900000, 0x0000000083900000|100%| O|  |TAMS 0x0000000083900000, 0x0000000083800000| Untracked 
|  33|0x0000000083900000, 0x0000000083a00000, 0x0000000083a00000|100%| O|  |TAMS 0x0000000083a00000, 0x0000000083900000| Untracked 
|  34|0x0000000083a00000, 0x0000000083b00000, 0x0000000083b00000|100%| O|  |TAMS 0x0000000083b00000, 0x0000000083a00000| Untracked 
|  35|0x0000000083b00000, 0x0000000083c00000, 0x0000000083c00000|100%| O|  |TAMS 0x0000000083c00000, 0x0000000083b00000| Untracked 
|  36|0x0000000083c00000, 0x0000000083d00000, 0x0000000083d00000|100%| O|  |TAMS 0x0000000083d00000, 0x0000000083c00000| Untracked 
|  37|0x0000000083d00000, 0x0000000083e00000, 0x0000000083e00000|100%| O|  |TAMS 0x0000000083e00000, 0x0000000083d00000| Untracked 
|  38|0x0000000083e00000, 0x0000000083f00000, 0x0000000083f00000|100%| O|  |TAMS 0x0000000083f00000, 0x0000000083e00000| Untracked 
|  39|0x0000000083f00000, 0x0000000084000000, 0x0000000084000000|100%| O|  |TAMS 0x0000000084000000, 0x0000000083f00000| Untracked 
|  40|0x0000000084000000, 0x0000000084100000, 0x0000000084100000|100%| O|  |TAMS 0x0000000084100000, 0x0000000084000000| Untracked 
|  41|0x0000000084100000, 0x0000000084200000, 0x0000000084200000|100%| O|  |TAMS 0x0000000084100000, 0x0000000084100000| Untracked 
|  42|0x0000000084200000, 0x0000000084300000, 0x0000000084300000|100%| O|  |TAMS 0x0000000084300000, 0x0000000084200000| Untracked 
|  43|0x0000000084300000, 0x0000000084400000, 0x0000000084400000|100%| O|  |TAMS 0x0000000084400000, 0x0000000084300000| Untracked 
|  44|0x0000000084400000, 0x0000000084500000, 0x0000000084500000|100%| O|  |TAMS 0x0000000084500000, 0x0000000084400000| Untracked 
|  45|0x0000000084500000, 0x0000000084500000, 0x0000000084600000|  0%| F|  |TAMS 0x0000000084500000, 0x0000000084500000| Untracked 
|  46|0x0000000084600000, 0x0000000084700000, 0x0000000084700000|100%| O|  |TAMS 0x0000000084700000, 0x0000000084600000| Untracked 
|  47|0x0000000084700000, 0x0000000084800000, 0x0000000084800000|100%| O|  |TAMS 0x0000000084800000, 0x0000000084700000| Untracked 
|  48|0x0000000084800000, 0x0000000084900000, 0x0000000084900000|100%| O|  |TAMS 0x0000000084900000, 0x0000000084800000| Untracked 
|  49|0x0000000084900000, 0x0000000084a00000, 0x0000000084a00000|100%| O|  |TAMS 0x0000000084a00000, 0x0000000084900000| Untracked 
|  50|0x0000000084a00000, 0x0000000084b00000, 0x0000000084b00000|100%| O|  |TAMS 0x0000000084b00000, 0x0000000084a00000| Untracked 
|  51|0x0000000084b00000, 0x0000000084c00000, 0x0000000084c00000|100%| O|  |TAMS 0x0000000084c00000, 0x0000000084b00000| Untracked 
|  52|0x0000000084c00000, 0x0000000084d00000, 0x0000000084d00000|100%| O|  |TAMS 0x0000000084d00000, 0x0000000084c00000| Untracked 
|  53|0x0000000084d00000, 0x0000000084e00000, 0x0000000084e00000|100%| O|  |TAMS 0x0000000084e00000, 0x0000000084d00000| Untracked 
|  54|0x0000000084e00000, 0x0000000084f00000, 0x0000000084f00000|100%| O|  |TAMS 0x0000000084e8be00, 0x0000000084e00000| Untracked 
|  55|0x0000000084f00000, 0x0000000085000000, 0x0000000085000000|100%| O|  |TAMS 0x0000000084f00000, 0x0000000084f00000| Untracked 
|  56|0x0000000085000000, 0x0000000085100000, 0x0000000085100000|100%| O|  |TAMS 0x0000000085000000, 0x0000000085000000| Untracked 
|  57|0x0000000085100000, 0x000000008518d400, 0x0000000085200000| 55%| O|  |TAMS 0x0000000085100000, 0x0000000085100000| Untracked 
|  58|0x0000000085200000, 0x0000000085200000, 0x0000000085300000|  0%| F|  |TAMS 0x0000000085200000, 0x0000000085200000| Untracked 
|  59|0x0000000085300000, 0x0000000085300000, 0x0000000085400000|  0%| F|  |TAMS 0x0000000085300000, 0x0000000085300000| Untracked 
|  60|0x0000000085400000, 0x0000000085400000, 0x0000000085500000|  0%| F|  |TAMS 0x0000000085400000, 0x0000000085400000| Untracked 
|  61|0x0000000085500000, 0x0000000085500000, 0x0000000085600000|  0%| F|  |TAMS 0x0000000085500000, 0x0000000085500000| Untracked 
|  62|0x0000000085600000, 0x0000000085600000, 0x0000000085700000|  0%| F|  |TAMS 0x0000000085600000, 0x0000000085600000| Untracked 
|  63|0x0000000085700000, 0x0000000085700000, 0x0000000085800000|  0%| F|  |TAMS 0x0000000085700000, 0x0000000085700000| Untracked 
|  64|0x0000000085800000, 0x0000000085800000, 0x0000000085900000|  0%| F|  |TAMS 0x0000000085800000, 0x0000000085800000| Untracked 
|  65|0x0000000085900000, 0x0000000085900000, 0x0000000085a00000|  0%| F|  |TAMS 0x0000000085900000, 0x0000000085900000| Untracked 
|  66|0x0000000085a00000, 0x0000000085a00000, 0x0000000085b00000|  0%| F|  |TAMS 0x0000000085a00000, 0x0000000085a00000| Untracked 
|  67|0x0000000085b00000, 0x0000000085b00000, 0x0000000085c00000|  0%| F|  |TAMS 0x0000000085b00000, 0x0000000085b00000| Untracked 
|  68|0x0000000085c00000, 0x0000000085c00000, 0x0000000085d00000|  0%| F|  |TAMS 0x0000000085c00000, 0x0000000085c00000| Untracked 
|  69|0x0000000085d00000, 0x0000000085d00000, 0x0000000085e00000|  0%| F|  |TAMS 0x0000000085d00000, 0x0000000085d00000| Untracked 
|  70|0x0000000085e00000, 0x0000000085e00000, 0x0000000085f00000|  0%| F|  |TAMS 0x0000000085e00000, 0x0000000085e00000| Untracked 
|  71|0x0000000085f00000, 0x0000000085f00000, 0x0000000086000000|  0%| F|  |TAMS 0x0000000085f00000, 0x0000000085f00000| Untracked 
|  72|0x0000000086000000, 0x0000000086000000, 0x0000000086100000|  0%| F|  |TAMS 0x0000000086000000, 0x0000000086000000| Untracked 
|  73|0x0000000086100000, 0x0000000086100000, 0x0000000086200000|  0%| F|  |TAMS 0x0000000086100000, 0x0000000086100000| Untracked 
|  74|0x0000000086200000, 0x0000000086200000, 0x0000000086300000|  0%| F|  |TAMS 0x0000000086200000, 0x0000000086200000| Untracked 
|  75|0x0000000086300000, 0x0000000086300000, 0x0000000086400000|  0%| F|  |TAMS 0x0000000086300000, 0x0000000086300000| Untracked 
|  76|0x0000000086400000, 0x0000000086400000, 0x0000000086500000|  0%| F|  |TAMS 0x0000000086400000, 0x0000000086400000| Untracked 
|  77|0x0000000086500000, 0x0000000086500000, 0x0000000086600000|  0%| F|  |TAMS 0x0000000086500000, 0x0000000086500000| Untracked 
|  78|0x0000000086600000, 0x0000000086600000, 0x0000000086700000|  0%| F|  |TAMS 0x0000000086600000, 0x0000000086600000| Untracked 
|  79|0x0000000086700000, 0x0000000086700000, 0x0000000086800000|  0%| F|  |TAMS 0x0000000086700000, 0x0000000086700000| Untracked 
|  80|0x0000000086800000, 0x0000000086800000, 0x0000000086900000|  0%| F|  |TAMS 0x0000000086800000, 0x0000000086800000| Untracked 
|  81|0x0000000086900000, 0x0000000086900000, 0x0000000086a00000|  0%| F|  |TAMS 0x0000000086900000, 0x0000000086900000| Untracked 
|  82|0x0000000086a00000, 0x0000000086a00000, 0x0000000086b00000|  0%| F|  |TAMS 0x0000000086a00000, 0x0000000086a00000| Untracked 
|  83|0x0000000086b00000, 0x0000000086b00000, 0x0000000086c00000|  0%| F|  |TAMS 0x0000000086b00000, 0x0000000086b00000| Untracked 
|  84|0x0000000086c00000, 0x0000000086c00000, 0x0000000086d00000|  0%| F|  |TAMS 0x0000000086c00000, 0x0000000086c00000| Untracked 
|  85|0x0000000086d00000, 0x0000000086d00000, 0x0000000086e00000|  0%| F|  |TAMS 0x0000000086d00000, 0x0000000086d00000| Untracked 
|  86|0x0000000086e00000, 0x0000000086e00000, 0x0000000086f00000|  0%| F|  |TAMS 0x0000000086e00000, 0x0000000086e00000| Untracked 
|  87|0x0000000086f00000, 0x0000000086f00000, 0x0000000087000000|  0%| F|  |TAMS 0x0000000086f00000, 0x0000000086f00000| Untracked 
|  88|0x0000000087000000, 0x0000000087000000, 0x0000000087100000|  0%| F|  |TAMS 0x0000000087000000, 0x0000000087000000| Untracked 
|  89|0x0000000087100000, 0x0000000087100000, 0x0000000087200000|  0%| F|  |TAMS 0x0000000087100000, 0x0000000087100000| Untracked 
|  90|0x0000000087200000, 0x0000000087200000, 0x0000000087300000|  0%| F|  |TAMS 0x0000000087200000, 0x0000000087200000| Untracked 
|  91|0x0000000087300000, 0x0000000087300000, 0x0000000087400000|  0%| F|  |TAMS 0x0000000087300000, 0x0000000087300000| Untracked 
|  92|0x0000000087400000, 0x0000000087400000, 0x0000000087500000|  0%| F|  |TAMS 0x0000000087400000, 0x0000000087400000| Untracked 
|  93|0x0000000087500000, 0x0000000087500000, 0x0000000087600000|  0%| F|  |TAMS 0x0000000087500000, 0x0000000087500000| Untracked 
|  94|0x0000000087600000, 0x0000000087700000, 0x0000000087700000|100%| E|  |TAMS 0x0000000087600000, 0x0000000087600000| Complete 
|  95|0x0000000087700000, 0x0000000087800000, 0x0000000087800000|100%| E|CS|TAMS 0x0000000087700000, 0x0000000087700000| Complete 
|  96|0x0000000087800000, 0x0000000087900000, 0x0000000087900000|100%| E|CS|TAMS 0x0000000087800000, 0x0000000087800000| Complete 
|  97|0x0000000087900000, 0x0000000087a00000, 0x0000000087a00000|100%| E|CS|TAMS 0x0000000087900000, 0x0000000087900000| Complete 
|  98|0x0000000087a00000, 0x0000000087b00000, 0x0000000087b00000|100%| E|CS|TAMS 0x0000000087a00000, 0x0000000087a00000| Complete 
|  99|0x0000000087b00000, 0x0000000087c00000, 0x0000000087c00000|100%| E|CS|TAMS 0x0000000087b00000, 0x0000000087b00000| Complete 
| 100|0x0000000087c00000, 0x0000000087d00000, 0x0000000087d00000|100%| E|CS|TAMS 0x0000000087c00000, 0x0000000087c00000| Complete 
| 101|0x0000000087d00000, 0x0000000087e00000, 0x0000000087e00000|100%| E|CS|TAMS 0x0000000087d00000, 0x0000000087d00000| Complete 
| 102|0x0000000087e00000, 0x0000000087f00000, 0x0000000087f00000|100%| E|CS|TAMS 0x0000000087e00000, 0x0000000087e00000| Complete 
| 103|0x0000000087f00000, 0x0000000088000000, 0x0000000088000000|100%| E|CS|TAMS 0x0000000087f00000, 0x0000000087f00000| Complete 
| 104|0x0000000088000000, 0x0000000088100000, 0x0000000088100000|100%| E|CS|TAMS 0x0000000088000000, 0x0000000088000000| Complete 
| 105|0x0000000088100000, 0x0000000088200000, 0x0000000088200000|100%| E|CS|TAMS 0x0000000088100000, 0x0000000088100000| Complete 
| 106|0x0000000088200000, 0x0000000088300000, 0x0000000088300000|100%| E|CS|TAMS 0x0000000088200000, 0x0000000088200000| Complete 
| 107|0x0000000088300000, 0x0000000088400000, 0x0000000088400000|100%| E|CS|TAMS 0x0000000088300000, 0x0000000088300000| Complete 
| 108|0x0000000088400000, 0x0000000088500000, 0x0000000088500000|100%| E|CS|TAMS 0x0000000088400000, 0x0000000088400000| Complete 
| 109|0x0000000088500000, 0x0000000088600000, 0x0000000088600000|100%| E|CS|TAMS 0x0000000088500000, 0x0000000088500000| Complete 
| 110|0x0000000088600000, 0x0000000088700000, 0x0000000088700000|100%| E|CS|TAMS 0x0000000088600000, 0x0000000088600000| Complete 
| 111|0x0000000088700000, 0x0000000088800000, 0x0000000088800000|100%| E|CS|TAMS 0x0000000088700000, 0x0000000088700000| Complete 
| 112|0x0000000088800000, 0x0000000088900000, 0x0000000088900000|100%| E|CS|TAMS 0x0000000088800000, 0x0000000088800000| Complete 
| 113|0x0000000088900000, 0x000000008893ce80, 0x0000000088a00000| 23%| S|CS|TAMS 0x0000000088900000, 0x0000000088900000| Complete 
| 114|0x0000000088a00000, 0x0000000088b00000, 0x0000000088b00000|100%| E|CS|TAMS 0x0000000088a00000, 0x0000000088a00000| Complete 
| 115|0x0000000088b00000, 0x0000000088c00000, 0x0000000088c00000|100%| E|CS|TAMS 0x0000000088b00000, 0x0000000088b00000| Complete 
| 127|0x0000000089700000, 0x0000000089800000, 0x0000000089800000|100%| E|CS|TAMS 0x0000000089700000, 0x0000000089700000| Complete 

Card table byte_map: [0x000002987abd0000,0x000002987afd0000] _byte_map_base: 0x000002987a7c4000

Marking Bits (Prev, Next): (CMBitMap*) 0x0000029863d42ef0, (CMBitMap*) 0x0000029863d42eb0
 Prev Bits: [0x000002987d370000, 0x000002987f310000)
 Next Bits: [0x000002987b3d0000, 0x000002987d370000)

Polling page: 0x0000029861c40000

Metaspace:

Usage:
  Non-class:     61.59 MB used.
      Class:      7.55 MB used.
       Both:     69.14 MB used.

Virtual space:
  Non-class space:       64.00 MB reserved,      61.75 MB ( 96%) committed,  8 nodes.
      Class space:        1.00 GB reserved,       7.69 MB ( <1%) committed,  1 nodes.
             Both:        1.06 GB reserved,      69.44 MB (  6%) committed. 

Chunk freelists:
   Non-Class:  2.02 MB
       Class:  272.00 KB
        Both:  2.28 MB

MaxMetaspaceSize: unlimited
CompressedClassSpaceSize: 1.00 GB
Initial GC threshold: 21.00 MB
Current GC threshold: 107.19 MB
CDS: on
MetaspaceReclaimPolicy: balanced
 - commit_granule_bytes: 65536.
 - commit_granule_words: 8192.
 - virtual_space_node_default_size: 1048576.
 - enlarge_chunks_in_place: 1.
 - new_chunks_are_fully_committed: 0.
 - uncommit_free_chunks: 1.
 - use_allocation_guard: 0.
 - handle_deallocations: 1.


Internal statistics:

num_allocs_failed_limit: 6.
num_arena_births: 328.
num_arena_deaths: 0.
num_vsnodes_births: 9.
num_vsnodes_deaths: 0.
num_space_committed: 1109.
num_space_uncommitted: 0.
num_chunks_returned_to_freelist: 6.
num_chunks_taken_from_freelist: 2820.
num_chunk_merges: 6.
num_chunk_splits: 2301.
num_chunks_enlarged: 2048.
num_purges: 0.
num_inconsistent_stats: 0.

CodeHeap 'non-profiled nmethods': size=120000Kb used=4918Kb max_used=4971Kb free=115081Kb
 bounds [0x00000298732a0000, 0x0000029873780000, 0x000002987a7d0000]
CodeHeap 'profiled nmethods': size=120000Kb used=32538Kb max_used=32800Kb free=87462Kb
 bounds [0x000002986b7d0000, 0x000002986d7e0000, 0x0000029872d00000]
CodeHeap 'non-nmethods': size=5760Kb used=1399Kb max_used=1457Kb free=4360Kb
 bounds [0x0000029872d00000, 0x0000029872f70000, 0x00000298732a0000]
 total_blobs=11333 nmethods=10607 adapters=635
 compilation: enabled
              stopped_count=0, restarted_count=0
 full_count=0

Compilation events (20 events):
Event: 65.482 Thread 0x000002987f7c88e0 12516       3       org.jetbrains.kotlin.name.ClassId::asString (79 bytes)
Event: 65.483 Thread 0x000002987f7c88e0 nmethod 12516 0x000002986d48c390 code [0x000002986d48c6a0, 0x000002986d48d508]
Event: 65.483 Thread 0x000002987f7c88e0 12519       3       org.jetbrains.kotlin.protobuf.GeneratedMessageLite$ExtendableMessage::<init> (13 bytes)
Event: 65.484 Thread 0x000002987f7c88e0 nmethod 12519 0x000002986d48ba90 code [0x000002986d48bc60, 0x000002986d48c168]
Event: 65.484 Thread 0x000002987f7c88e0 12520       3       org.jetbrains.kotlin.protobuf.GeneratedMessageLite$ExtendableBuilder::access$000 (5 bytes)
Event: 65.484 Thread 0x000002987f7c88e0 nmethod 12520 0x000002986c966e90 code [0x000002986c967040, 0x000002986c967328]
Event: 65.484 Thread 0x000002987f7c88e0 12517       3       org.jetbrains.kotlin.protobuf.GeneratedMessageLite$ExtendableBuilder::<init> (12 bytes)
Event: 65.484 Thread 0x000002987f7c88e0 nmethod 12517 0x000002986d48b410 code [0x000002986d48b5e0, 0x000002986d48b938]
Event: 65.484 Thread 0x000002987f7c88e0 12518       3       org.jetbrains.kotlin.protobuf.FieldSet::emptySet (4 bytes)
Event: 65.484 Thread 0x000002987f7c88e0 nmethod 12518 0x000002986bc08d90 code [0x000002986bc08f20, 0x000002986bc09018]
Event: 65.484 Thread 0x000002987f7c88e0 12521       3       kotlin.jvm.internal.SpreadBuilder::add (10 bytes)
Event: 65.484 Thread 0x000002987f7c88e0 nmethod 12521 0x000002986c81d790 code [0x000002986c81d940, 0x000002986c81db08]
Event: 65.485 Thread 0x000002987f7c88e0 12522       1       org.jetbrains.kotlin.resolve.constants.EnumValue::getEnumEntryName (5 bytes)
Event: 65.485 Thread 0x000002987f7c88e0 nmethod 12522 0x000002987372b990 code [0x000002987372bb20, 0x000002987372bbf8]
Event: 65.485 Thread 0x000002987f7c88e0 12523       3       org.jetbrains.kotlin.backend.jvm.mapping.IrTypeMappingKt::mapClass (30 bytes)
Event: 65.487 Thread 0x000002987f7c88e0 nmethod 12523 0x000002986d488b90 code [0x000002986d488fc0, 0x000002986d48ab08]
Event: 65.487 Thread 0x000002987f7c88e0 12524       3       jdk.internal.org.objectweb.asm.MethodVisitor::visitInsn (16 bytes)
Event: 65.487 Thread 0x000002987f7c88e0 nmethod 12524 0x000002986d488710 code [0x000002986d4888c0, 0x000002986d488ac8]
Event: 65.493 Thread 0x000002987f7c88e0 12526       1       org.jetbrains.org.objectweb.asm.SymbolTable::getMajorVersion (5 bytes)
Event: 65.493 Thread 0x000002987f7c88e0 nmethod 12526 0x000002987372b210 code [0x000002987372b3a0, 0x000002987372b478]

GC Heap History (20 events):
Event: 47.827 GC heap before
{Heap before GC invocations=26 (full 0):
 garbage-first heap   total 78848K, used 61615K [0x0000000081800000, 0x0000000100000000)
  region size 1024K, 18 young (18432K), 2 survivors (2048K)
 Metaspace       used 50532K, committed 50816K, reserved 1097728K
  class space    used 5810K, committed 5952K, reserved 1048576K
}
Event: 47.840 GC heap after
{Heap after GC invocations=27 (full 0):
 garbage-first heap   total 78848K, used 46998K [0x0000000081800000, 0x0000000100000000)
  region size 1024K, 3 young (3072K), 3 survivors (3072K)
 Metaspace       used 50532K, committed 50816K, reserved 1097728K
  class space    used 5810K, committed 5952K, reserved 1048576K
}
Event: 50.818 GC heap before
{Heap before GC invocations=28 (full 0):
 garbage-first heap   total 80896K, used 62358K [0x0000000081800000, 0x0000000100000000)
  region size 1024K, 19 young (19456K), 3 survivors (3072K)
 Metaspace       used 51950K, committed 52288K, reserved 1097728K
  class space    used 5922K, committed 6080K, reserved 1048576K
}
Event: 50.831 GC heap after
{Heap after GC invocations=29 (full 0):
 garbage-first heap   total 80896K, used 48444K [0x0000000081800000, 0x0000000100000000)
  region size 1024K, 3 young (3072K), 3 survivors (3072K)
 Metaspace       used 51950K, committed 52288K, reserved 1097728K
  class space    used 5922K, committed 6080K, reserved 1048576K
}
Event: 52.432 GC heap before
{Heap before GC invocations=29 (full 0):
 garbage-first heap   total 80896K, used 63804K [0x0000000081800000, 0x0000000100000000)
  region size 1024K, 19 young (19456K), 3 survivors (3072K)
 Metaspace       used 54473K, committed 54784K, reserved 1097728K
  class space    used 6176K, committed 6336K, reserved 1048576K
}
Event: 52.444 GC heap after
{Heap after GC invocations=30 (full 0):
 garbage-first heap   total 80896K, used 49606K [0x0000000081800000, 0x0000000100000000)
  region size 1024K, 3 young (3072K), 3 survivors (3072K)
 Metaspace       used 54473K, committed 54784K, reserved 1097728K
  class space    used 6176K, committed 6336K, reserved 1048576K
}
Event: 54.381 GC heap before
{Heap before GC invocations=31 (full 0):
 garbage-first heap   total 86016K, used 63942K [0x0000000081800000, 0x0000000100000000)
  region size 1024K, 18 young (18432K), 3 survivors (3072K)
 Metaspace       used 57459K, committed 57728K, reserved 1105920K
  class space    used 6461K, committed 6592K, reserved 1048576K
}
Event: 54.392 GC heap after
{Heap after GC invocations=32 (full 0):
 garbage-first heap   total 86016K, used 51101K [0x0000000081800000, 0x0000000100000000)
  region size 1024K, 3 young (3072K), 3 survivors (3072K)
 Metaspace       used 57459K, committed 57728K, reserved 1105920K
  class space    used 6461K, committed 6592K, reserved 1048576K
}
Event: 56.919 GC heap before
{Heap before GC invocations=32 (full 0):
 garbage-first heap   total 86016K, used 69533K [0x0000000081800000, 0x0000000100000000)
  region size 1024K, 21 young (21504K), 3 survivors (3072K)
 Metaspace       used 59898K, committed 60160K, reserved 1105920K
  class space    used 6731K, committed 6848K, reserved 1048576K
}
Event: 56.933 GC heap after
{Heap after GC invocations=33 (full 0):
 garbage-first heap   total 86016K, used 54089K [0x0000000081800000, 0x0000000100000000)
  region size 1024K, 3 young (3072K), 3 survivors (3072K)
 Metaspace       used 59898K, committed 60160K, reserved 1105920K
  class space    used 6731K, committed 6848K, reserved 1048576K
}
Event: 58.681 GC heap before
{Heap before GC invocations=34 (full 0):
 garbage-first heap   total 94208K, used 68425K [0x0000000081800000, 0x0000000100000000)
  region size 1024K, 18 young (18432K), 3 survivors (3072K)
 Metaspace       used 63903K, committed 64192K, reserved 1105920K
  class space    used 7195K, committed 7360K, reserved 1048576K
}
Event: 58.692 GC heap after
{Heap after GC invocations=35 (full 0):
 garbage-first heap   total 94208K, used 55131K [0x0000000081800000, 0x0000000100000000)
  region size 1024K, 1 young (1024K), 1 survivors (1024K)
 Metaspace       used 63903K, committed 64192K, reserved 1105920K
  class space    used 7195K, committed 7360K, reserved 1048576K
}
Event: 58.870 GC heap before
{Heap before GC invocations=35 (full 0):
 garbage-first heap   total 94208K, used 58203K [0x0000000081800000, 0x0000000100000000)
  region size 1024K, 4 young (4096K), 1 survivors (1024K)
 Metaspace       used 64238K, committed 64512K, reserved 1114112K
  class space    used 7234K, committed 7360K, reserved 1048576K
}
Event: 58.876 GC heap after
{Heap after GC invocations=36 (full 0):
 garbage-first heap   total 94208K, used 55090K [0x0000000081800000, 0x0000000100000000)
  region size 1024K, 1 young (1024K), 1 survivors (1024K)
 Metaspace       used 64238K, committed 64512K, reserved 1114112K
  class space    used 7234K, committed 7360K, reserved 1048576K
}
Event: 60.591 GC heap before
{Heap before GC invocations=36 (full 0):
 garbage-first heap   total 94208K, used 75570K [0x0000000081800000, 0x0000000100000000)
  region size 1024K, 21 young (21504K), 1 survivors (1024K)
 Metaspace       used 65490K, committed 65792K, reserved 1114112K
  class space    used 7303K, committed 7424K, reserved 1048576K
}
Event: 60.606 GC heap after
{Heap after GC invocations=37 (full 0):
 garbage-first heap   total 94208K, used 57416K [0x0000000081800000, 0x0000000100000000)
  region size 1024K, 3 young (3072K), 3 survivors (3072K)
 Metaspace       used 65490K, committed 65792K, reserved 1114112K
  class space    used 7303K, committed 7424K, reserved 1048576K
}
Event: 62.549 GC heap before
{Heap before GC invocations=38 (full 0):
 garbage-first heap   total 99328K, used 75848K [0x0000000081800000, 0x0000000100000000)
  region size 1024K, 21 young (21504K), 3 survivors (3072K)
 Metaspace       used 68252K, committed 68608K, reserved 1114112K
  class space    used 7541K, committed 7680K, reserved 1048576K
}
Event: 62.560 GC heap after
{Heap after GC invocations=39 (full 0):
 garbage-first heap   total 119808K, used 58560K [0x0000000081800000, 0x0000000100000000)
  region size 1024K, 2 young (2048K), 2 survivors (2048K)
 Metaspace       used 68252K, committed 68608K, reserved 1114112K
  class space    used 7541K, committed 7680K, reserved 1048576K
}
Event: 63.116 GC heap before
{Heap before GC invocations=39 (full 0):
 garbage-first heap   total 119808K, used 61632K [0x0000000081800000, 0x0000000100000000)
  region size 1024K, 5 young (5120K), 2 survivors (2048K)
 Metaspace       used 69078K, committed 69376K, reserved 1114112K
  class space    used 7617K, committed 7744K, reserved 1048576K
}
Event: 63.123 GC heap after
{Heap after GC invocations=40 (full 0):
 garbage-first heap   total 119808K, used 58152K [0x0000000081800000, 0x0000000100000000)
  region size 1024K, 1 young (1024K), 1 survivors (1024K)
 Metaspace       used 69078K, committed 69376K, reserved 1114112K
  class space    used 7617K, committed 7744K, reserved 1048576K
}

Dll operation events (7 events):
Event: 0.016 Loaded shared library C:\Program Files\Eclipse Adoptium\jdk-17.0.6.10-hotspot\bin\java.dll
Event: 0.202 Loaded shared library C:\Program Files\Eclipse Adoptium\jdk-17.0.6.10-hotspot\bin\jsvml.dll
Event: 1.249 Loaded shared library C:\Program Files\Eclipse Adoptium\jdk-17.0.6.10-hotspot\bin\net.dll
Event: 1.361 Loaded shared library C:\Program Files\Eclipse Adoptium\jdk-17.0.6.10-hotspot\bin\nio.dll
Event: 1.421 Loaded shared library C:\Program Files\Eclipse Adoptium\jdk-17.0.6.10-hotspot\bin\zip.dll
Event: 1.490 Loaded shared library C:\Program Files\Eclipse Adoptium\jdk-17.0.6.10-hotspot\bin\jimage.dll
Event: 7.554 Loaded shared library C:\Program Files\Eclipse Adoptium\jdk-17.0.6.10-hotspot\bin\verify.dll

Deoptimization events (20 events):
Event: 65.357 Thread 0x0000029863ce4fa0 Uncommon trap: trap_request=0xffffffde fr.pc=0x000002987358c114 relative=0x0000000000000f34
Event: 65.357 Thread 0x0000029863ce4fa0 Uncommon trap: reason=class_check action=maybe_recompile pc=0x000002987358c114 method=org.jetbrains.kotlin.load.java.lazy.descriptors.LazyJavaScope.getContributedVariables(Lorg/jetbrains/kotlin/name/Name;Lorg/jetbrains/kotlin/incremental/components/Lookup
Event: 65.357 Thread 0x0000029863ce4fa0 DEOPT PACKING pc=0x000002987358c114 sp=0x000000d1819fd090
Event: 65.357 Thread 0x0000029863ce4fa0 DEOPT UNPACKING pc=0x0000029872d569a3 sp=0x000000d1819fd048 mode 2
Event: 65.357 Thread 0x0000029863ce4fa0 Uncommon trap: trap_request=0xffffffde fr.pc=0x000002987358c114 relative=0x0000000000000f34
Event: 65.357 Thread 0x0000029863ce4fa0 Uncommon trap: reason=class_check action=maybe_recompile pc=0x000002987358c114 method=org.jetbrains.kotlin.load.java.lazy.descriptors.LazyJavaScope.getContributedVariables(Lorg/jetbrains/kotlin/name/Name;Lorg/jetbrains/kotlin/incremental/components/Lookup
Event: 65.357 Thread 0x0000029863ce4fa0 DEOPT PACKING pc=0x000002987358c114 sp=0x000000d1819fd090
Event: 65.357 Thread 0x0000029863ce4fa0 DEOPT UNPACKING pc=0x0000029872d569a3 sp=0x000000d1819fd048 mode 2
Event: 65.394 Thread 0x0000029863ce4fa0 Uncommon trap: trap_request=0xffffff45 fr.pc=0x00000298736ce0dc relative=0x000000000000061c
Event: 65.395 Thread 0x0000029863ce4fa0 Uncommon trap: reason=unstable_if action=reinterpret pc=0x00000298736ce0dc method=java.lang.String.valueOf(Ljava/lang/Object;)Ljava/lang/String; @ 1 c2
Event: 65.395 Thread 0x0000029863ce4fa0 DEOPT PACKING pc=0x00000298736ce0dc sp=0x000000d1819fc0c0
Event: 65.395 Thread 0x0000029863ce4fa0 DEOPT UNPACKING pc=0x0000029872d569a3 sp=0x000000d1819fc058 mode 2
Event: 65.473 Thread 0x0000029863ce4fa0 Uncommon trap: trap_request=0xffffffde fr.pc=0x000002987370cb64 relative=0x0000000000000fa4
Event: 65.473 Thread 0x0000029863ce4fa0 Uncommon trap: reason=class_check action=maybe_recompile pc=0x000002987370cb64 method=org.jetbrains.kotlin.resolve.MemberComparator.compare(Lorg/jetbrains/kotlin/descriptors/DeclarationDescriptor;Lorg/jetbrains/kotlin/descriptors/DeclarationDescriptor;)I 
Event: 65.474 Thread 0x0000029863ce4fa0 DEOPT PACKING pc=0x000002987370cb64 sp=0x000000d1819fd730
Event: 65.474 Thread 0x0000029863ce4fa0 DEOPT UNPACKING pc=0x0000029872d569a3 sp=0x000000d1819fd678 mode 2
Event: 65.474 Thread 0x0000029863ce4fa0 Uncommon trap: trap_request=0xffffffde fr.pc=0x000002987370cb64 relative=0x0000000000000fa4
Event: 65.474 Thread 0x0000029863ce4fa0 Uncommon trap: reason=class_check action=maybe_recompile pc=0x000002987370cb64 method=org.jetbrains.kotlin.resolve.MemberComparator.compare(Lorg/jetbrains/kotlin/descriptors/DeclarationDescriptor;Lorg/jetbrains/kotlin/descriptors/DeclarationDescriptor;)I 
Event: 65.474 Thread 0x0000029863ce4fa0 DEOPT PACKING pc=0x000002987370cb64 sp=0x000000d1819fd730
Event: 65.474 Thread 0x0000029863ce4fa0 DEOPT UNPACKING pc=0x0000029872d569a3 sp=0x000000d1819fd678 mode 2

Classes unloaded (0 events):
No events

Classes redefined (0 events):
No events

Internal exceptions (20 events):
Event: 32.818 Thread 0x0000029863ce4fa0 Exception <a 'java/lang/NoSuchMethodError'{0x0000000084621048}: 'int java.lang.invoke.DirectMethodHandle$Holder.invokeInterface(java.lang.Object, java.lang.Object)'> (0x0000000084621048) 
thrown [s\src\hotspot\share\interpreter\linkResolver.cpp, line 759]
Event: 38.050 Thread 0x0000029863ce4fa0 Exception <a 'java/lang/NoSuchMethodError'{0x0000000085eaf4f0}: 'java.lang.Object java.lang.invoke.DirectMethodHandle$Holder.newInvokeSpecial(java.lang.Object, java.lang.Object, java.lang.Object, java.lang.Object, java.lang.Object, java.lang.Object, java.lang.Object)'> (0x0000000085eaf4f0) 
thrown [s\src\hotspot\share\interpreter\linkResolver.cpp, line 759]
Event: 38.051 Thread 0x0000029863ce4fa0 Exception <a 'java/lang/NoSuchMethodError'{0x0000000085eb7460}: 'java.lang.Object java.lang.invoke.Invokers$Holder.linkToTargetMethod(java.lang.Object, java.lang.Object, java.lang.Object, java.lang.Object, java.lang.Object, java.lang.Object, java.lang.Object)'> (0x0000000085eb7460) 
thrown [s\src\hotspot\share\interpreter\linkResolver.cpp, line 759]
Event: 38.057 Thread 0x0000029863ce4fa0 Implicit null exception at 0x00000298733457a0 to 0x0000029873345930
Event: 38.057 Thread 0x0000029863ce4fa0 Implicit null exception at 0x0000029873303de0 to 0x0000029873303e7a
Event: 38.337 Thread 0x0000029863ce4fa0 Exception <a 'java/lang/NoSuchMethodError'{0x0000000085b00938}: 'java.lang.Object java.lang.invoke.DirectMethodHandle$Holder.invokeInterface(java.lang.Object, java.lang.Object, java.lang.Object)'> (0x0000000085b00938) 
thrown [s\src\hotspot\share\interpreter\linkResolver.cpp, line 759]
Event: 38.338 Thread 0x0000029863ce4fa0 Exception <a 'java/lang/IncompatibleClassChangeError'{0x0000000085b04550}: Found class java.lang.Object, but interface was expected> (0x0000000085b04550) 
thrown [s\src\hotspot\share\interpreter\linkResolver.cpp, line 826]
Event: 39.265 Thread 0x0000029863ce4fa0 Exception <a 'java/lang/NoSuchMethodError'{0x00000000897f9220}: 'java.lang.Object java.lang.invoke.DirectMethodHandle$Holder.invokeStaticInit(java.lang.Object, java.lang.Object, java.lang.Object)'> (0x00000000897f9220) 
thrown [s\src\hotspot\share\interpreter\linkResolver.cpp, line 759]
Event: 39.306 Thread 0x0000029863ce4fa0 Exception <a 'java/lang/NoSuchMethodError'{0x00000000861108b8}: 'java.lang.Object java.lang.invoke.DirectMethodHandle$Holder.newInvokeSpecial(java.lang.Object, int, java.lang.Object)'> (0x00000000861108b8) 
thrown [s\src\hotspot\share\interpreter\linkResolver.cpp, line 759]
Event: 46.108 Thread 0x0000029863ce4fa0 Implicit null exception at 0x00000298732bb472 to 0x00000298732bba8c
Event: 46.154 Thread 0x0000029863ce4fa0 Implicit null exception at 0x00000298732bc0f2 to 0x00000298732bc70c
Event: 51.007 Thread 0x0000029863ce4fa0 Implicit null exception at 0x0000029873332d0c to 0x0000029873332f98
Event: 51.782 Thread 0x0000029863ce4fa0 Implicit null exception at 0x000002987359b360 to 0x000002987359b634
Event: 52.151 Thread 0x0000029863ce4fa0 Exception <a 'java/lang/NoSuchMethodError'{0x0000000085df2030}: 'java.lang.Object java.lang.invoke.DirectMethodHandle$Holder.invokeStaticInit(java.lang.Object, java.lang.Object, java.lang.Object, java.lang.Object)'> (0x0000000085df2030) 
thrown [s\src\hotspot\share\interpreter\linkResolver.cpp, line 759]
Event: 52.834 Thread 0x0000029863ce4fa0 Exception <a 'java/lang/NoSuchMethodError'{0x00000000868b8160}: 'int java.lang.invoke.DirectMethodHandle$Holder.invokeStaticInit(java.lang.Object, java.lang.Object, java.lang.Object, java.lang.Object)'> (0x00000000868b8160) 
thrown [s\src\hotspot\share\interpreter\linkResolver.cpp, line 759]
Event: 53.433 Thread 0x0000029863ce4fa0 Exception <a 'java/lang/NoSuchMethodError'{0x00000000861200d0}: 'java.lang.Object java.lang.invoke.DirectMethodHandle$Holder.newInvokeSpecial(java.lang.Object, java.lang.Object, java.lang.Object, int, int)'> (0x00000000861200d0) 
thrown [s\src\hotspot\share\interpreter\linkResolver.cpp, line 759]
Event: 53.434 Thread 0x0000029863ce4fa0 Exception <a 'java/lang/NoSuchMethodError'{0x0000000086123f10}: 'java.lang.Object java.lang.invoke.DirectMethodHandle$Holder.invokeSpecial(java.lang.Object, java.lang.Object, java.lang.Object, java.lang.Object, int, int)'> (0x0000000086123f10) 
thrown [s\src\hotspot\share\interpreter\linkResolver.cpp, line 759]
Event: 53.498 Thread 0x0000029863ce4fa0 Implicit null exception at 0x000002987330bf16 to 0x000002987330c21c
Event: 53.613 Thread 0x0000029863ce4fa0 Exception <a 'java/lang/NoSuchMethodError'{0x0000000086044098}: 'java.lang.Object java.lang.invoke.DirectMethodHandle$Holder.invokeSpecial(java.lang.Object, java.lang.Object, int, int, java.lang.Object, java.lang.Object, java.lang.Object, java.lang.Object, java.lang.Object)'> (0x0000000086044098) 
thrown [s\src\hotspot\share\interpreter\linkResolver.cpp, line 759]
Event: 60.225 Thread 0x0000029863ce4fa0 Implicit null exception at 0x0000029873713fb5 to 0x000002987371421a

VM Operations (20 events):
Event: 62.901 Executing VM operation: HandshakeAllThreads
Event: 62.901 Executing VM operation: HandshakeAllThreads done
Event: 62.901 Executing VM operation: HandshakeAllThreads
Event: 62.901 Executing VM operation: HandshakeAllThreads done
Event: 62.930 Executing VM operation: HandshakeAllThreads
Event: 62.930 Executing VM operation: HandshakeAllThreads done
Event: 63.076 Executing VM operation: HandshakeAllThreads
Event: 63.076 Executing VM operation: HandshakeAllThreads done
Event: 63.076 Executing VM operation: HandshakeAllThreads
Event: 63.076 Executing VM operation: HandshakeAllThreads done
Event: 63.116 Executing VM operation: G1CollectForAllocation
Event: 63.123 Executing VM operation: G1CollectForAllocation done
Event: 64.128 Executing VM operation: Cleanup
Event: 64.159 Executing VM operation: Cleanup done
Event: 64.970 Executing VM operation: ICBufferFull
Event: 64.970 Executing VM operation: ICBufferFull done
Event: 65.251 Executing VM operation: HandshakeAllThreads
Event: 65.251 Executing VM operation: HandshakeAllThreads done
Event: 65.361 Executing VM operation: ICBufferFull
Event: 65.361 Executing VM operation: ICBufferFull done

Events (20 events):
Event: 63.101 Thread 0x000002987f7cc200 flushing nmethod 0x000002986d476790
Event: 63.101 Thread 0x000002987f7cc200 flushing nmethod 0x000002986d47af10
Event: 63.101 Thread 0x000002987f7cc200 flushing nmethod 0x000002986d482390
Event: 63.102 Thread 0x000002987f7cc200 flushing nmethod 0x000002986d49e410
Event: 63.102 Thread 0x000002987f7cc200 flushing nmethod 0x000002986d4a0390
Event: 63.102 Thread 0x000002987f7cc200 flushing nmethod 0x000002986d4a0b10
Event: 63.102 Thread 0x000002987f7cc200 flushing nmethod 0x000002986d4ce690
Event: 63.102 Thread 0x000002987f7cc200 flushing nmethod 0x000002986d4e5e10
Event: 63.102 Thread 0x000002987f7cc200 flushing nmethod 0x000002986d4e8390
Event: 63.102 Thread 0x000002987f7cc200 flushing nmethod 0x000002986d4e9590
Event: 63.102 Thread 0x000002987f7cc200 flushing nmethod 0x000002986d519390
Event: 63.102 Thread 0x000002987f7cc200 flushing nmethod 0x000002986d525410
Event: 63.102 Thread 0x000002987f7cc200 flushing nmethod 0x000002986d54f690
Event: 63.102 Thread 0x000002987f7cc200 flushing nmethod 0x000002986d550a10
Event: 63.102 Thread 0x000002987f7cc200 flushing nmethod 0x000002986d55d210
Event: 63.102 Thread 0x000002987f7cc200 flushing nmethod 0x000002986d574990
Event: 63.102 Thread 0x000002987f7cc200 flushing nmethod 0x000002986d5ccc10
Event: 65.402 Thread 0x0000029802b0c6b0 Thread added: 0x0000029802b0c6b0
Event: 65.492 loading class java/io/FileOutputStream$1
Event: 65.492 loading class java/io/FileOutputStream$1 done


Dynamic libraries:
0x00007ff64bf40000 - 0x00007ff64bf4e000 	C:\Program Files\Eclipse Adoptium\jdk-17.0.6.10-hotspot\bin\java.exe
0x00007ffb6d4f0000 - 0x00007ffb6d6e8000 	C:\WINDOWS\SYSTEM32\ntdll.dll
0x00007ffb6b550000 - 0x00007ffb6b60f000 	C:\WINDOWS\System32\KERNEL32.DLL
0x00007ffb6adc0000 - 0x00007ffb6b0b6000 	C:\WINDOWS\System32\KERNELBASE.dll
0x00007ffb6b120000 - 0x00007ffb6b220000 	C:\WINDOWS\System32\ucrtbase.dll
0x00007ffb38450000 - 0x00007ffb38467000 	C:\Program Files\Eclipse Adoptium\jdk-17.0.6.10-hotspot\bin\jli.dll
0x00007ffb6d0a0000 - 0x00007ffb6d23d000 	C:\WINDOWS\System32\USER32.dll
0x00007ffb6b0f0000 - 0x00007ffb6b112000 	C:\WINDOWS\System32\win32u.dll
0x00007ffb6d480000 - 0x00007ffb6d4ac000 	C:\WINDOWS\System32\GDI32.dll
0x00007ffb6b380000 - 0x00007ffb6b495000 	C:\WINDOWS\System32\gdi32full.dll
0x00007ffb6ad20000 - 0x00007ffb6adbd000 	C:\WINDOWS\System32\msvcp_win.dll
0x00007ffb38430000 - 0x00007ffb38449000 	C:\Program Files\Eclipse Adoptium\jdk-17.0.6.10-hotspot\bin\VCRUNTIME140.dll
0x00007ffb54040000 - 0x00007ffb542da000 	C:\WINDOWS\WinSxS\amd64_microsoft.windows.common-controls_6595b64144ccf1df_6.0.19041.1110_none_60b5254171f9507e\COMCTL32.dll
0x00007ffb6d3e0000 - 0x00007ffb6d47e000 	C:\WINDOWS\System32\msvcrt.dll
0x00007ffb6ccb0000 - 0x00007ffb6cce0000 	C:\WINDOWS\System32\IMM32.DLL
0x00007ffb4f0e0000 - 0x00007ffb4f0ec000 	C:\Program Files\Eclipse Adoptium\jdk-17.0.6.10-hotspot\bin\vcruntime140_1.dll
0x00007ffb38390000 - 0x00007ffb38421000 	C:\Program Files\Eclipse Adoptium\jdk-17.0.6.10-hotspot\bin\msvcp140.dll
0x00007ffadfb40000 - 0x00007ffae0787000 	C:\Program Files\Eclipse Adoptium\jdk-17.0.6.10-hotspot\bin\server\jvm.dll
0x00007ffb6b970000 - 0x00007ffb6ba1f000 	C:\WINDOWS\System32\ADVAPI32.dll
0x00007ffb6c2b0000 - 0x00007ffb6c34c000 	C:\WINDOWS\System32\sechost.dll
0x00007ffb6cce0000 - 0x00007ffb6ce06000 	C:\WINDOWS\System32\RPCRT4.dll
0x00007ffb4f210000 - 0x00007ffb4f219000 	C:\WINDOWS\SYSTEM32\WSOCK32.dll
0x00007ffb6ba80000 - 0x00007ffb6baeb000 	C:\WINDOWS\System32\WS2_32.dll
0x00007ffb55250000 - 0x00007ffb55277000 	C:\WINDOWS\SYSTEM32\WINMM.dll
0x00007ffb672e0000 - 0x00007ffb672ea000 	C:\WINDOWS\SYSTEM32\VERSION.dll
0x00007ffb693e0000 - 0x00007ffb693f2000 	C:\WINDOWS\SYSTEM32\kernel.appcore.dll
0x00007ffb38330000 - 0x00007ffb3833a000 	C:\Program Files\Eclipse Adoptium\jdk-17.0.6.10-hotspot\bin\jimage.dll
0x00007ffb68940000 - 0x00007ffb68b24000 	C:\WINDOWS\SYSTEM32\DBGHELP.DLL
0x00007ffb4bd80000 - 0x00007ffb4bdb4000 	C:\WINDOWS\SYSTEM32\dbgcore.DLL
0x00007ffb6ac90000 - 0x00007ffb6ad12000 	C:\WINDOWS\System32\bcryptPrimitives.dll
0x00007ffadf910000 - 0x00007ffadf935000 	C:\Program Files\Eclipse Adoptium\jdk-17.0.6.10-hotspot\bin\java.dll
0x00007ffadfa60000 - 0x00007ffadfb36000 	C:\Program Files\Eclipse Adoptium\jdk-17.0.6.10-hotspot\bin\jsvml.dll
0x00007ffb6c350000 - 0x00007ffb6ca94000 	C:\WINDOWS\System32\SHELL32.dll
0x00007ffb68b30000 - 0x00007ffb692c4000 	C:\WINDOWS\SYSTEM32\windows.storage.dll
0x00007ffb6b610000 - 0x00007ffb6b964000 	C:\WINDOWS\System32\combase.dll
0x00007ffb6a600000 - 0x00007ffb6a62e000 	C:\WINDOWS\SYSTEM32\Wldp.dll
0x00007ffb6d330000 - 0x00007ffb6d3dd000 	C:\WINDOWS\System32\SHCORE.dll
0x00007ffb6cb50000 - 0x00007ffb6cba5000 	C:\WINDOWS\System32\shlwapi.dll
0x00007ffb6ab00000 - 0x00007ffb6ab25000 	C:\WINDOWS\SYSTEM32\profapi.dll
0x00007ffb38370000 - 0x00007ffb38389000 	C:\Program Files\Eclipse Adoptium\jdk-17.0.6.10-hotspot\bin\net.dll
0x00007ffb5acd0000 - 0x00007ffb5adda000 	C:\WINDOWS\SYSTEM32\WINHTTP.dll
0x00007ffb6a360000 - 0x00007ffb6a3ca000 	C:\WINDOWS\system32\mswsock.dll
0x00007ffb38350000 - 0x00007ffb38365000 	C:\Program Files\Eclipse Adoptium\jdk-17.0.6.10-hotspot\bin\nio.dll
0x00007ffb305c0000 - 0x00007ffb305d8000 	C:\Program Files\Eclipse Adoptium\jdk-17.0.6.10-hotspot\bin\zip.dll
0x00007ffb5b080000 - 0x00007ffb5b090000 	C:\Program Files\Eclipse Adoptium\jdk-17.0.6.10-hotspot\bin\verify.dll

dbghelp: loaded successfully - version: 4.0.5 - missing functions: none
symbol engine: initialized successfully - sym options: 0x614 - pdb path: .;C:\Program Files\Eclipse Adoptium\jdk-17.0.6.10-hotspot\bin;C:\WINDOWS\SYSTEM32;C:\WINDOWS\WinSxS\amd64_microsoft.windows.common-controls_6595b64144ccf1df_6.0.19041.1110_none_60b5254171f9507e;C:\Program Files\Eclipse Adoptium\jdk-17.0.6.10-hotspot\bin\server

VM Arguments:
java_command: org.jetbrains.kotlin.cli.jvm.K2JVMCompiler @C:\Users\songe\source\repos\SAMSV2\node_modules\react-native-pager-view\android\build\20230703_13996831091198838710.compiler.options
java_class_path (initial): C:\Users\songe\.gradle\caches\modules-2\files-2.1\org.jetbrains.kotlin\kotlin-compiler-embeddable\1.7.0\4d09852239f61842072b40b524882fa3caaed371\kotlin-compiler-embeddable-1.7.0.jar;C:\Users\songe\.gradle\caches\modules-2\files-2.1\org.jetbrains.kotlin\kotlin-reflect\1.7.0\e660b0079fdaf744dc9cc7f6f3aa3c761ec839b0\kotlin-reflect-1.7.0.jar;C:\Users\songe\.gradle\caches\modules-2\files-2.1\org.jetbrains.kotlin\kotlin-stdlib\1.7.0\a5f42c684ad9003160ef0d0f693ecf0ba7b13549\kotlin-stdlib-1.7.0.jar;C:\Users\songe\.gradle\caches\modules-2\files-2.1\org.jetbrains.kotlin\kotlin-script-runtime\1.7.0\3acea1d447587e61bc3e1b3ed6227d9e9ed4ddf1\kotlin-script-runtime-1.7.0.jar;C:\Users\songe\.gradle\caches\modules-2\files-2.1\org.jetbrains.kotlin\kotlin-daemon-embeddable\1.7.0\fd56798de80825c673ac93808284c5198ffa2b50\kotlin-daemon-embeddable-1.7.0.jar;C:\Users\songe\.gradle\caches\modules-2\files-2.1\org.jetbrains.intellij.deps\trove4j\1.0.20200330\3afb14d5f9ceb459d724e907a21145e8ff394f02\trove4j-1.0.20200330.jar;C:\Users\songe\.gradle\caches\modules-2\files-2.1\net.java.dev.jna\jna\5.6.0\330f2244e9030119ab3030fc3fededc86713d9cc\jna-5.6.0.jar;C:\Users\songe\.gradle\caches\modules-2\files-2.1\org.jetbrains.kotlin\kotlin-stdlib-common\1.7.0\51736992f422993a1e741051bdf3c12801bc1ca1\kotlin-stdlib-common-1.7.0.jar;C:\Users\songe\.gradle\caches\modules-2\files-2.1\org.jetbrains\annotations\13.0\919f0dfe192fb4e063e7dacadee7f8bb9a2672a9\annotations-13.0.jar
Launcher Type: SUN_STANDARD

[Global flags]
     intx CICompilerCount                          = 3                                         {product} {ergonomic}
     uint ConcGCThreads                            = 1                                         {product} {ergonomic}
     uint G1ConcRefinementThreads                  = 4                                         {product} {ergonomic}
   size_t G1HeapRegionSize                         = 1048576                                   {product} {ergonomic}
    uintx GCDrainStackTargetSize                   = 64                                        {product} {ergonomic}
   size_t InitialHeapSize                          = 134217728                                 {product} {ergonomic}
   size_t MarkStackSize                            = 4194304                                   {product} {ergonomic}
   size_t MaxHeapSize                              = 2122317824                                {product} {ergonomic}
   size_t MaxNewSize                               = 1272971264                                {product} {ergonomic}
   size_t MinHeapDeltaBytes                        = 1048576                                   {product} {ergonomic}
   size_t MinHeapSize                              = 8388608                                   {product} {ergonomic}
    uintx NonNMethodCodeHeapSize                   = 5832780                                {pd product} {ergonomic}
    uintx NonProfiledCodeHeapSize                  = 122912730                              {pd product} {ergonomic}
    uintx ProfiledCodeHeapSize                     = 122912730                              {pd product} {ergonomic}
    uintx ReservedCodeCacheSize                    = 251658240                              {pd product} {ergonomic}
     bool SegmentedCodeCache                       = true                                      {product} {ergonomic}
   size_t SoftMaxHeapSize                          = 2122317824                             {manageable} {ergonomic}
     bool UseCompressedClassPointers               = true                           {product lp64_product} {ergonomic}
     bool UseCompressedOops                        = true                           {product lp64_product} {ergonomic}
     bool UseG1GC                                  = true                                      {product} {ergonomic}
     bool UseLargePagesIndividualAllocation        = false                                  {pd product} {ergonomic}

Logging:
Log output configuration:
 #0: stdout all=warning uptime,level,tags
 #1: stderr all=off uptime,level,tags

Environment Variables:
JAVA_HOME=C:\Program Files\Eclipse Adoptium\jdk-17.0.6.10-hotspot
CLASSPATH=C:\Users\songe\source\repos\SAMSV2\android\\gradle\wrapper\gradle-wrapper.jar
PATH=C:\Users\songe\source\repos\SAMSV2\android\node_modules\.bin;C:\Users\songe\source\repos\SAMSV2\node_modules\.bin;C:\Users\songe\source\repos\node_modules\.bin;C:\Users\songe\source\node_modules\.bin;C:\Users\songe\node_modules\.bin;C:\Users\node_modules\.bin;C:\node_modules\.bin;C:\Program Files\nodejs;C:\Users\songe\source\repos\SAMSV2\node_modules\.bin;C:\Users\songe\source\repos\SAMSV2\node_modules\.bin;C:\Users\songe\source\repos\node_modules\.bin;C:\Users\songe\source\node_modules\.bin;C:\Users\songe\node_modules\.bin;C:\Users\node_modules\.bin;C:\node_modules\.bin;C:\Users\songe\source\repos\SAMSV2\node_modules\npm\node_modules\@npmcli\run-script\lib\node-gyp-bin;C:\Users\songe\source\repos\SAMSV2\node_modules\.bin;C:\Users\songe\source\repos\node_modules\.bin;C:\Users\songe\source\node_modules\.bin;C:\Users\songe\node_modules\.bin;C:\Users\node_modules\.bin;C:\node_modules\.bin;C:\Program Files\nodejs;C:\Users\songe\source\repos\SAMSV2\node_modules\.bin;C:\Users\songe\source\repos\node_modules\.bin;C:\Users\songe\source\node_modules\.bin;C:\Users\songe\node_modules\.bin;C:\Users\node_modules\.bin;C:\node_modules\.bin;C:\Program Files\nodejs\node_modules\npm\node_modules\@npmcli\run-script\lib\node-gyp-bin;C:\Users\songe\bin;C:\Program Files\Git\mingw64\bin;C:\Program Files\Git\usr\local\bin;C:\Program Files\Git\usr\bin;C:\Program Files\Git\usr\bin;C:\Program Files\Git\mingw64\bin;C:\Program Files\Git\usr\bin;C:\Users\songe\bin;C:\Program Files\Eclipse Adoptium\jdk-17.0.6.10-hotspot\bin;C:\Program Files (x86)\Intel\Intel(R) Management Engine Components\iCLS;C:\Program Files\Intel\Intel(R) Management Engine Components\iCLS;C:\Windows\system32;C:\Windows;C:\Windows\System32\Wbem;C:\Windows\System32\WindowsPowerShell\v1.0;C:\Program Files (x86)\NVIDIA Corporation\PhysX\Common;C:\Program Files (x86)\Intel\Intel(R) Management Engine Components\DAL;C:\Program Files\Intel\Intel(R) Management Engine Components\DAL;C:\Program Files (x86)\Intel\Intel(R) Management En
USERNAME=songe
SHELL=C:\Program Files\Git\usr\bin\bash.exe
DISPLAY=needs-to-be-defined
LANG=en_US.UTF-8
TERM=xterm-256color
TMPDIR=C:\Users\songe\AppData\Local\Temp
OS=Windows_NT
PROCESSOR_IDENTIFIER=Intel64 Family 6 Model 142 Stepping 9, GenuineIntel
TMP=C:\Users\songe\AppData\Local\Temp
TEMP=C:\Users\songe\AppData\Local\Temp



---------------  S Y S T E M  ---------------

OS:
 Windows 10 , 64 bit Build 19041 (10.0.19041.3155)
OS uptime: 0 days 2:29 hours

CPU: total 4 (initial active 4) (2 cores per cpu, 2 threads per core) family 6 model 142 stepping 9 microcode 0xf0, cx8, cmov, fxsr, ht, mmx, 3dnowpref, sse, sse2, sse3, ssse3, sse4.1, sse4.2, popcnt, lzcnt, tsc, tscinvbit, avx, avx2, aes, erms, clmul, bmi1, bmi2, adx, fma, vzeroupper, clflush, clflushopt

Memory: 4k page, system-wide physical 8089M (448M free)
TotalPageFile size 11089M (AvailPageFile size 4M)
current process WorkingSet (physical memory assigned to process): 322M, peak: 322M
current process commit charge ("private bytes"): 354M, peak: 355M

vm_info: OpenJDK 64-Bit Server VM (17.0.6+10) for windows-amd64 JRE (17.0.6+10), built on Jan 18 2023 10:08:59 by "temurin" with MS VC++ 16.7 (VS2019)

END.
