#
# There is insufficient memory for the Java Runtime Environment to continue.
# Native memory allocation (mmap) failed to map 279969792 bytes for G1 virtual space
# Possible reasons:
#   The system is out of physical RAM or swap space
#   The process is running with CompressedOops enabled, and the Java Heap may be blocking the growth of the native heap
# Possible solutions:
#   Reduce memory load on the system
#   Increase physical memory or swap space
#   Check if swap backing store is full
#   Decrease Java heap size (-Xmx/-Xms)
#   Decrease number of Java threads
#   Decrease Java thread stack sizes (-Xss)
#   Set larger code cache with -XX:ReservedCodeCacheSize=
#   JVM is running with Unscaled Compressed Oops mode in which the Java heap is
#     placed in the first 4GB address space. The Java Heap base address is the
#     maximum limit for the native heap growth. Please use -XX:HeapBaseMinAddress
#     to set the Java Heap base and to place the Java Heap above 4GB virtual address.
# This output file may be truncated or incomplete.
#
#  Out of Memory Error (os_windows.cpp:3557), pid=12996, tid=14832
#
# JRE version: OpenJDK Runtime Environment Temurin-17.0.6+10 (17.0.6+10) (build 17.0.6+10)
# Java VM: OpenJDK 64-Bit Server VM Temurin-17.0.6+10 (17.0.6+10, mixed mode, sharing, tiered, compressed oops, compressed class ptrs, g1 gc, windows-amd64)
# No core dump will be written. Minidumps are not enabled by default on client versions of Windows
#

---------------  S U M M A R Y ------------

Command Line: -XX:MaxMetaspaceSize=512m --add-opens=java.base/java.util=ALL-UNNAMED --add-opens=java.base/java.lang=ALL-UNNAMED --add-opens=java.base/java.lang.invoke=ALL-UNNAMED --add-opens=java.base/java.util=ALL-UNNAMED --add-opens=java.prefs/java.util.prefs=ALL-UNNAMED --add-opens=java.prefs/java.util.prefs=ALL-UNNAMED --add-opens=java.base/java.nio.charset=ALL-UNNAMED --add-opens=java.base/java.net=ALL-UNNAMED --add-opens=java.base/java.util.concurrent.atomic=ALL-UNNAMED -Xmx2048m -Dfile.encoding=windows-1252 -Duser.country=ZA -Duser.language=en -Duser.variant org.gradle.launcher.daemon.bootstrap.GradleDaemon 7.5.1

Host: Intel(R) Core(TM) i7-7500U CPU @ 2.70GHz, 4 cores, 7G,  Windows 10 , 64 bit Build 19041 (10.0.19041.2913)
Time: Thu May 11 10:42:46 2023 South Africa Standard Time elapsed time: 32.583534 seconds (0d 0h 0m 32s)

---------------  T H R E A D  ---------------

Current thread (0x0000023d645ad4a0):  VMThread "VM Thread" [stack: 0x0000008db5600000,0x0000008db5700000] [id=14832]

Stack: [0x0000008db5600000,0x0000008db5700000]
Native frames: (J=compiled Java code, j=interpreted, Vv=VM code, C=native code)
V  [jvm.dll+0x67741a]
V  [jvm.dll+0x834434]
V  [jvm.dll+0x835bde]
V  [jvm.dll+0x836243]
V  [jvm.dll+0x2457b5]
V  [jvm.dll+0x674329]
V  [jvm.dll+0x6689da]
V  [jvm.dll+0x30489b]
V  [jvm.dll+0x30bd96]
V  [jvm.dll+0x35b57e]
V  [jvm.dll+0x35b7af]
V  [jvm.dll+0x2db778]
V  [jvm.dll+0x2d9a2c]
V  [jvm.dll+0x2d8ffc]
V  [jvm.dll+0x31cdcb]
V  [jvm.dll+0x83a6eb]
V  [jvm.dll+0x83b424]
V  [jvm.dll+0x83b93c]
V  [jvm.dll+0x83bd14]
V  [jvm.dll+0x83bde0]
V  [jvm.dll+0x7e483a]
V  [jvm.dll+0x6762c5]
C  [ucrtbase.dll+0x21bb2]
C  [KERNEL32.DLL+0x17614]
C  [ntdll.dll+0x526a1]

VM_Operation (0x0000008db6df8680): G1CollectForAllocation, mode: safepoint, requested by thread 0x0000023d66d67060


---------------  P R O C E S S  ---------------

Threads class SMR info:
_java_thread_list=0x0000023d6952f8d0, length=90, elements={
0x0000023d4495d4d0, 0x0000023d645b3020, 0x0000023d645b4540, 0x0000023d645cdf70,
0x0000023d645d0840, 0x0000023d645d18a0, 0x0000023d645d2900, 0x0000023d645d7240,
0x0000023d645f83a0, 0x0000023d645fbc30, 0x0000023d650e3410, 0x0000023d650f9f60,
0x0000023d66d67ed0, 0x0000023d66d69bb0, 0x0000023d66d67a00, 0x0000023d66d66b90,
0x0000023d66d6a080, 0x0000023d66d666c0, 0x0000023d66d67060, 0x0000023d66d68d40,
0x0000023d66d67530, 0x0000023d66d683a0, 0x0000023d66d68870, 0x0000023d66d69210,
0x0000023d66d696e0, 0x0000023d67867d60, 0x0000023d678690a0, 0x0000023d67869a40,
0x0000023d678656e0, 0x0000023d67864d40, 0x0000023d67863a00, 0x0000023d67868230,
0x0000023d678673c0, 0x0000023d67863530, 0x0000023d67869570, 0x0000023d67869f10,
0x0000023d678643a0, 0x0000023d67864870, 0x0000023d67865210, 0x0000023d67866a20,
0x0000023d67865bb0, 0x0000023d6786a3e0, 0x0000023d67868bd0, 0x0000023d6786a8b0,
0x0000023d67866550, 0x0000023d67863060, 0x0000023d67866ef0, 0x0000023d6500d290,
0x0000023d6500b0e0, 0x0000023d6500c420, 0x0000023d6500c8f0, 0x0000023d6500e100,
0x0000023d650098d0, 0x0000023d6500e5d0, 0x0000023d6500b5b0, 0x0000023d6500a270,
0x0000023d6500a740, 0x0000023d65009da0, 0x0000023d6500d760, 0x0000023d6500ba80,
0x0000023d6500bf50, 0x0000023d6500f440, 0x0000023d6500f910, 0x0000023d65009400,
0x0000023d650080c0, 0x0000023d6500cdc0, 0x0000023d6500ac10, 0x0000023d65008a60,
0x0000023d6500dc30, 0x0000023d6500eaa0, 0x0000023d6500ef70, 0x0000023d65008590,
0x0000023d65008f30, 0x0000023d6562fe10, 0x0000023d6562efa0, 0x0000023d6562dc60,
0x0000023d6562ead0, 0x0000023d65631150, 0x0000023d65631620, 0x0000023d656337d0,
0x0000023d65634640, 0x0000023d6562f940, 0x0000023d65632960, 0x0000023d656302e0,
0x0000023d65634b10, 0x0000023d6562d2c0, 0x0000023d65632490, 0x0000023d65633ca0,
0x0000023d65633300, 0x0000023d65e92750
}

Java Threads: ( => current thread )
  0x0000023d4495d4d0 JavaThread "main" [_thread_blocked, id=14996, stack(0x0000008db5000000,0x0000008db5100000)]
  0x0000023d645b3020 JavaThread "Reference Handler" daemon [_thread_blocked, id=17924, stack(0x0000008db5700000,0x0000008db5800000)]
  0x0000023d645b4540 JavaThread "Finalizer" daemon [_thread_blocked, id=3540, stack(0x0000008db5800000,0x0000008db5900000)]
  0x0000023d645cdf70 JavaThread "Signal Dispatcher" daemon [_thread_blocked, id=17968, stack(0x0000008db5900000,0x0000008db5a00000)]
  0x0000023d645d0840 JavaThread "Attach Listener" daemon [_thread_blocked, id=6464, stack(0x0000008db5a00000,0x0000008db5b00000)]
  0x0000023d645d18a0 JavaThread "Service Thread" daemon [_thread_blocked, id=12320, stack(0x0000008db5b00000,0x0000008db5c00000)]
  0x0000023d645d2900 JavaThread "Monitor Deflation Thread" daemon [_thread_blocked, id=18196, stack(0x0000008db5c00000,0x0000008db5d00000)]
  0x0000023d645d7240 JavaThread "C2 CompilerThread0" daemon [_thread_blocked, id=7976, stack(0x0000008db5d00000,0x0000008db5e00000)]
  0x0000023d645f83a0 JavaThread "C1 CompilerThread0" daemon [_thread_blocked, id=18232, stack(0x0000008db5e00000,0x0000008db5f00000)]
  0x0000023d645fbc30 JavaThread "Sweeper thread" daemon [_thread_blocked, id=1608, stack(0x0000008db5f00000,0x0000008db6000000)]
  0x0000023d650e3410 JavaThread "Common-Cleaner" daemon [_thread_blocked, id=16648, stack(0x0000008db6000000,0x0000008db6100000)]
  0x0000023d650f9f60 JavaThread "Notification Thread" daemon [_thread_blocked, id=2712, stack(0x0000008db6100000,0x0000008db6200000)]
  0x0000023d66d67ed0 JavaThread "Daemon health stats" [_thread_blocked, id=11744, stack(0x0000008db6700000,0x0000008db6800000)]
  0x0000023d66d69bb0 JavaThread "Incoming local TCP Connector on port 57962" [_thread_in_native, id=6796, stack(0x0000008db6800000,0x0000008db6900000)]
  0x0000023d66d67a00 JavaThread "Daemon periodic checks" [_thread_blocked, id=9504, stack(0x0000008db6900000,0x0000008db6a00000)]
  0x0000023d66d66b90 JavaThread "Daemon" [_thread_blocked, id=9244, stack(0x0000008db6a00000,0x0000008db6b00000)]
  0x0000023d66d6a080 JavaThread "Handler for socket connection from /127.0.0.1:57962 to /127.0.0.1:57963" [_thread_in_native, id=10828, stack(0x0000008db6b00000,0x0000008db6c00000)]
  0x0000023d66d666c0 JavaThread "Cancel handler" [_thread_blocked, id=17932, stack(0x0000008db6c00000,0x0000008db6d00000)]
  0x0000023d66d67060 JavaThread "Daemon worker" [_thread_blocked, id=9392, stack(0x0000008db6d00000,0x0000008db6e00000)]
  0x0000023d66d68d40 JavaThread "Asynchronous log dispatcher for DefaultDaemonConnection: socket connection from /127.0.0.1:57962 to /127.0.0.1:57963" [_thread_blocked, id=17768, stack(0x0000008db6e00000,0x0000008db6f00000)]
  0x0000023d66d67530 JavaThread "Stdin handler" [_thread_blocked, id=17680, stack(0x0000008db6f00000,0x0000008db7000000)]
  0x0000023d66d683a0 JavaThread "Daemon client event forwarder" [_thread_blocked, id=6636, stack(0x0000008db7000000,0x0000008db7100000)]
  0x0000023d66d68870 JavaThread "Cache worker for journal cache (C:\Users\songe\.gradle\caches\journal-1)" [_thread_blocked, id=3208, stack(0x0000008db7100000,0x0000008db7200000)]
  0x0000023d66d69210 JavaThread "File lock request listener" [_thread_in_native, id=18064, stack(0x0000008db7200000,0x0000008db7300000)]
  0x0000023d66d696e0 JavaThread "Cache worker for file hash cache (C:\Users\songe\.gradle\caches\7.5.1\fileHashes)" [_thread_blocked, id=7392, stack(0x0000008db6300000,0x0000008db6400000)]
  0x0000023d67867d60 JavaThread "File watcher server" daemon [_thread_in_native, id=11820, stack(0x0000008db7400000,0x0000008db7500000)]
  0x0000023d678690a0 JavaThread "File watcher consumer" daemon [_thread_blocked, id=7252, stack(0x0000008db7500000,0x0000008db7600000)]
  0x0000023d67869a40 JavaThread "Cache worker for checksums cache (C:\Users\songe\Development\react-native\SAMS\android\.gradle\7.5.1\checksums)" [_thread_blocked, id=7300, stack(0x0000008db7600000,0x0000008db7700000)]
  0x0000023d678656e0 JavaThread "Cache worker for cache directory md-rule (C:\Users\songe\.gradle\caches\7.5.1\md-rule)" [_thread_blocked, id=9180, stack(0x0000008db7700000,0x0000008db7800000)]
  0x0000023d67864d40 JavaThread "Cache worker for file content cache (C:\Users\songe\.gradle\caches\7.5.1\fileContent)" [_thread_blocked, id=6904, stack(0x0000008db7800000,0x0000008db7900000)]
  0x0000023d67863a00 JavaThread "Cache worker for file hash cache (C:\Users\songe\Development\react-native\SAMS\android\.gradle\7.5.1\fileHashes)" [_thread_blocked, id=16784, stack(0x0000008db7900000,0x0000008db7a00000)]
  0x0000023d67868230 JavaThread "Cache worker for cache directory md-supplier (C:\Users\songe\.gradle\caches\7.5.1\md-supplier)" [_thread_blocked, id=2112, stack(0x0000008db7a00000,0x0000008db7b00000)]
  0x0000023d678673c0 JavaThread "Cache worker for execution history cache (C:\Users\songe\.gradle\caches\7.5.1\executionHistory)" [_thread_blocked, id=17292, stack(0x0000008db7c00000,0x0000008db7d00000)]
  0x0000023d67863530 JavaThread "jar transforms" [_thread_blocked, id=11796, stack(0x0000008db7d00000,0x0000008db7e00000)]
  0x0000023d67869570 JavaThread "jar transforms Thread 2" [_thread_blocked, id=4216, stack(0x0000008db7e00000,0x0000008db7f00000)]
  0x0000023d67869f10 JavaThread "jar transforms Thread 3" [_thread_blocked, id=13060, stack(0x0000008db7f00000,0x0000008db8000000)]
  0x0000023d678643a0 JavaThread "jar transforms Thread 4" [_thread_blocked, id=18340, stack(0x0000008db8000000,0x0000008db8100000)]
  0x0000023d67864870 JavaThread "File lock release action executor" [_thread_blocked, id=13032, stack(0x0000008db7300000,0x0000008db7400000)]
  0x0000023d67865210 JavaThread "Cache worker for kotlin-dsl (C:\Users\songe\.gradle\caches\7.5.1\kotlin-dsl)" [_thread_blocked, id=8548, stack(0x0000008db8200000,0x0000008db8300000)]
  0x0000023d67866a20 JavaThread "Cache worker for dependencies-accessors (C:\Users\songe\Development\react-native\SAMS\android\.gradle\7.5.1\dependencies-accessors)" [_thread_blocked, id=14944, stack(0x0000008db8300000,0x0000008db8400000)]
  0x0000023d67865bb0 JavaThread "Cache worker for Build Output Cleanup Cache (C:\Users\songe\Development\react-native\SAMS\node_modules\react-native-gradle-plugin\.gradle\buildOutputCleanup)" [_thread_blocked, id=17760, stack(0x0000008db8400000,0x0000008db8500000)]
  0x0000023d6786a3e0 JavaThread "Unconstrained build operations" [_thread_blocked, id=17700, stack(0x0000008db8500000,0x0000008db8600000)]
  0x0000023d67868bd0 JavaThread "Unconstrained build operations Thread 2" [_thread_blocked, id=6764, stack(0x0000008db8600000,0x0000008db8700000)]
  0x0000023d6786a8b0 JavaThread "Unconstrained build operations Thread 3" [_thread_blocked, id=13804, stack(0x0000008db8700000,0x0000008db8800000)]
  0x0000023d67866550 JavaThread "Unconstrained build operations Thread 4" [_thread_blocked, id=9104, stack(0x0000008db8800000,0x0000008db8900000)]
  0x0000023d67863060 JavaThread "Unconstrained build operations Thread 5" [_thread_blocked, id=8476, stack(0x0000008db8900000,0x0000008db8a00000)]
  0x0000023d67866ef0 JavaThread "Unconstrained build operations Thread 6" [_thread_blocked, id=636, stack(0x0000008db8a00000,0x0000008db8b00000)]
  0x0000023d6500d290 JavaThread "Unconstrained build operations Thread 7" [_thread_blocked, id=12704, stack(0x0000008db8b00000,0x0000008db8c00000)]
  0x0000023d6500b0e0 JavaThread "Unconstrained build operations Thread 8" [_thread_blocked, id=8004, stack(0x0000008db8c00000,0x0000008db8d00000)]
  0x0000023d6500c420 JavaThread "Unconstrained build operations Thread 9" [_thread_blocked, id=18108, stack(0x0000008db8d00000,0x0000008db8e00000)]
  0x0000023d6500c8f0 JavaThread "Unconstrained build operations Thread 10" [_thread_blocked, id=17040, stack(0x0000008db8e00000,0x0000008db8f00000)]
  0x0000023d6500e100 JavaThread "Unconstrained build operations Thread 11" [_thread_blocked, id=8088, stack(0x0000008db8f00000,0x0000008db9000000)]
  0x0000023d650098d0 JavaThread "Unconstrained build operations Thread 12" [_thread_blocked, id=17972, stack(0x0000008db9000000,0x0000008db9100000)]
  0x0000023d6500e5d0 JavaThread "Unconstrained build operations Thread 13" [_thread_blocked, id=9120, stack(0x0000008db9100000,0x0000008db9200000)]
  0x0000023d6500b5b0 JavaThread "Unconstrained build operations Thread 14" [_thread_blocked, id=8908, stack(0x0000008db9200000,0x0000008db9300000)]
  0x0000023d6500a270 JavaThread "Unconstrained build operations Thread 15" [_thread_blocked, id=836, stack(0x0000008db9300000,0x0000008db9400000)]
  0x0000023d6500a740 JavaThread "Unconstrained build operations Thread 16" [_thread_blocked, id=2464, stack(0x0000008db9400000,0x0000008db9500000)]
  0x0000023d65009da0 JavaThread "Unconstrained build operations Thread 17" [_thread_blocked, id=13072, stack(0x0000008db9500000,0x0000008db9600000)]
  0x0000023d6500d760 JavaThread "Unconstrained build operations Thread 18" [_thread_blocked, id=17764, stack(0x0000008db9600000,0x0000008db9700000)]
  0x0000023d6500ba80 JavaThread "Unconstrained build operations Thread 19" [_thread_blocked, id=12896, stack(0x0000008db9700000,0x0000008db9800000)]
  0x0000023d6500bf50 JavaThread "Unconstrained build operations Thread 20" [_thread_blocked, id=17028, stack(0x0000008db9800000,0x0000008db9900000)]
  0x0000023d6500f440 JavaThread "Unconstrained build operations Thread 21" [_thread_blocked, id=11496, stack(0x0000008db9900000,0x0000008db9a00000)]
  0x0000023d6500f910 JavaThread "Unconstrained build operations Thread 22" [_thread_blocked, id=16412, stack(0x0000008db9a00000,0x0000008db9b00000)]
  0x0000023d65009400 JavaThread "Unconstrained build operations Thread 23" [_thread_blocked, id=18420, stack(0x0000008db9b00000,0x0000008db9c00000)]
  0x0000023d650080c0 JavaThread "Unconstrained build operations Thread 24" [_thread_blocked, id=3180, stack(0x0000008db9c00000,0x0000008db9d00000)]
  0x0000023d6500cdc0 JavaThread "Unconstrained build operations Thread 25" [_thread_blocked, id=14820, stack(0x0000008db9d00000,0x0000008db9e00000)]
  0x0000023d6500ac10 JavaThread "Unconstrained build operations Thread 26" [_thread_blocked, id=17872, stack(0x0000008db9e00000,0x0000008db9f00000)]
  0x0000023d65008a60 JavaThread "Unconstrained build operations Thread 27" [_thread_blocked, id=17456, stack(0x0000008db9f00000,0x0000008dba000000)]
  0x0000023d6500dc30 JavaThread "Unconstrained build operations Thread 28" [_thread_blocked, id=9004, stack(0x0000008dba000000,0x0000008dba100000)]
  0x0000023d6500eaa0 JavaThread "Unconstrained build operations Thread 29" [_thread_blocked, id=2816, stack(0x0000008dba100000,0x0000008dba200000)]
  0x0000023d6500ef70 JavaThread "Unconstrained build operations Thread 30" [_thread_blocked, id=6576, stack(0x0000008dba200000,0x0000008dba300000)]
  0x0000023d65008590 JavaThread "Unconstrained build operations Thread 31" [_thread_blocked, id=15468, stack(0x0000008dba300000,0x0000008dba400000)]
  0x0000023d65008f30 JavaThread "Unconstrained build operations Thread 32" [_thread_blocked, id=10068, stack(0x0000008dba400000,0x0000008dba500000)]
  0x0000023d6562fe10 JavaThread "Unconstrained build operations Thread 33" [_thread_blocked, id=9232, stack(0x0000008dba500000,0x0000008dba600000)]
  0x0000023d6562efa0 JavaThread "build event listener" [_thread_blocked, id=1692, stack(0x0000008db8100000,0x0000008db8200000)]
  0x0000023d6562dc60 JavaThread "Memory manager" [_thread_blocked, id=17952, stack(0x0000008dba700000,0x0000008dba800000)]
  0x0000023d6562ead0 JavaThread "Cache worker for Build Output Cleanup Cache (C:\Users\songe\Development\react-native\SAMS\android\.gradle\buildOutputCleanup)" [_thread_blocked, id=13680, stack(0x0000008dba800000,0x0000008dba900000)]
  0x0000023d65631150 JavaThread "included builds" [_thread_blocked, id=6932, stack(0x0000008dba900000,0x0000008dbaa00000)]
  0x0000023d65631620 JavaThread "Execution worker" [_thread_blocked, id=2052, stack(0x0000008dbaa00000,0x0000008dbab00000)]
  0x0000023d656337d0 JavaThread "Execution worker Thread 2" [_thread_blocked, id=18012, stack(0x0000008dbab00000,0x0000008dbac00000)]
  0x0000023d65634640 JavaThread "Execution worker Thread 3" [_thread_blocked, id=2892, stack(0x0000008dbac00000,0x0000008dbad00000)]
  0x0000023d6562f940 JavaThread "Cache worker for execution history cache (C:\Users\songe\Development\react-native\SAMS\node_modules\react-native-gradle-plugin\.gradle\7.5.1\executionHistory)" [_thread_blocked, id=18228, stack(0x0000008dbad00000,0x0000008dbae00000)]
  0x0000023d65632960 JavaThread "Unconstrained build operations Thread 34" [_thread_blocked, id=3964, stack(0x0000008dbae00000,0x0000008dbaf00000)]
  0x0000023d656302e0 JavaThread "Unconstrained build operations Thread 35" [_thread_blocked, id=6432, stack(0x0000008dbaf00000,0x0000008dbb000000)]
  0x0000023d65634b10 JavaThread "Unconstrained build operations Thread 36" [_thread_blocked, id=17720, stack(0x0000008dbb000000,0x0000008dbb100000)]
  0x0000023d6562d2c0 JavaThread "Unconstrained build operations Thread 37" [_thread_blocked, id=17928, stack(0x0000008dbb100000,0x0000008dbb200000)]
  0x0000023d65632490 JavaThread "Unconstrained build operations Thread 38" [_thread_blocked, id=9052, stack(0x0000008dbb200000,0x0000008dbb300000)]
  0x0000023d65633ca0 JavaThread "Unconstrained build operations Thread 39" [_thread_blocked, id=10264, stack(0x0000008dbb300000,0x0000008dbb400000)]
  0x0000023d65633300 JavaThread "Unconstrained build operations Thread 40" [_thread_blocked, id=15592, stack(0x0000008dbb400000,0x0000008dbb500000)]
  0x0000023d65e92750 JavaThread "C2 CompilerThread1" daemon [_thread_blocked, id=10340, stack(0x0000008dba600000,0x0000008dba700000)]

Other Threads:
=>0x0000023d645ad4a0 VMThread "VM Thread" [stack: 0x0000008db5600000,0x0000008db5700000] [id=14832]
  0x0000023d650fa430 WatcherThread [stack: 0x0000008db6200000,0x0000008db6300000] [id=11764]
  0x0000023d46a7fa20 GCTaskThread "GC Thread#0" [stack: 0x0000008db5100000,0x0000008db5200000] [id=4972]
  0x0000023d653f85f0 GCTaskThread "GC Thread#1" [stack: 0x0000008db6400000,0x0000008db6500000] [id=17340]
  0x0000023d653f88a0 GCTaskThread "GC Thread#2" [stack: 0x0000008db6500000,0x0000008db6600000] [id=18072]
  0x0000023d65526bf0 GCTaskThread "GC Thread#3" [stack: 0x0000008db6600000,0x0000008db6700000] [id=18076]
  0x0000023d46a90870 ConcurrentGCThread "G1 Main Marker" [stack: 0x0000008db5200000,0x0000008db5300000] [id=16776]
  0x0000023d46a91930 ConcurrentGCThread "G1 Conc#0" [stack: 0x0000008db5300000,0x0000008db5400000] [id=17012]
  0x0000023d644700a0 ConcurrentGCThread "G1 Refine#0" [stack: 0x0000008db5400000,0x0000008db5500000] [id=11248]
  0x0000023d67b52c90 ConcurrentGCThread "G1 Refine#1" [stack: 0x0000008db7b00000,0x0000008db7c00000] [id=17944]
  0x0000023d644709d0 ConcurrentGCThread "G1 Service" [stack: 0x0000008db5500000,0x0000008db5600000] [id=12296]

Threads with active compile tasks:
C2 CompilerThread0    32620 13954       4       org.gradle.api.internal.tasks.FailureCollectingTaskDependencyResolveContext::add (47 bytes)
C1 CompilerThread0    32620 14051       3       org.gradle.api.internal.tasks.properties.DefaultTypeMetadataStore::createTypeMetadata (454 bytes)
C2 CompilerThread1    32620 13998       4       org.gradle.api.internal.artifacts.result.DefaultResolutionResult::eachElement (92 bytes)

VM state: at safepoint (normal execution)

VM Mutex/Monitor currently owned by a thread:  ([mutex/lock_event])
[0x0000023d4495d130] Threads_lock - owner thread: 0x0000023d645ad4a0
[0x0000023d4495cb90] Heap_lock - owner thread: 0x0000023d66d67060

Heap address: 0x0000000080000000, size: 2048 MB, Compressed Oops mode: 32-bit

CDS archive(s) mapped at: [0x0000000800000000-0x0000000800bc0000-0x0000000800bc0000), size 12320768, SharedBaseAddress: 0x0000000800000000, ArchiveRelocationMode: 0.
Compressed class space mapped at: 0x0000000800c00000-0x000000081a800000, reserved size: 432013312
Narrow klass base: 0x0000000800000000, Narrow klass shift: 0, Narrow klass range: 0x100000000

GC Precious Log:
 CPUs: 4 total, 4 available
 Memory: 8089M
 Large Page Support: Disabled
 NUMA Support: Disabled
 Compressed Oops: Enabled (32-bit)
 Heap Region Size: 1M
 Heap Min Capacity: 8M
 Heap Initial Capacity: 128M
 Heap Max Capacity: 2G
 Pre-touch: Disabled
 Parallel Workers: 4
 Concurrent Workers: 1
 Concurrent Refinement Workers: 4
 Periodic GC: Disabled

Heap:
 garbage-first heap   total 273408K, used 151552K [0x0000000080000000, 0x0000000100000000)
  region size 1024K, 1 young (1024K), 1 survivors (1024K)
 Metaspace       used 99396K, committed 100480K, reserved 512000K
  class space    used 13628K, committed 14144K, reserved 421888K

Heap Regions: E=young(eden), S=young(survivor), O=old, HS=humongous(starts), HC=humongous(continues), CS=collection set, F=free, OA=open archive, CA=closed archive, TAMS=top-at-mark-start (previous, next)
|   0|0x0000000080000000, 0x0000000080100000, 0x0000000080100000|100%|HS|  |TAMS 0x0000000080100000, 0x0000000080000000| Complete 
|   1|0x0000000080100000, 0x0000000080200000, 0x0000000080200000|100%|HC|  |TAMS 0x0000000080200000, 0x0000000080100000| Complete 
|   2|0x0000000080200000, 0x0000000080300000, 0x0000000080300000|100%|HC|  |TAMS 0x0000000080300000, 0x0000000080200000| Complete 
|   3|0x0000000080300000, 0x0000000080400000, 0x0000000080400000|100%| O|  |TAMS 0x0000000080400000, 0x0000000080300000| Untracked 
|   4|0x0000000080400000, 0x0000000080500000, 0x0000000080500000|100%| O|  |TAMS 0x0000000080500000, 0x0000000080400000| Untracked 
|   5|0x0000000080500000, 0x0000000080600000, 0x0000000080600000|100%| O|  |TAMS 0x0000000080600000, 0x0000000080500000| Untracked 
|   6|0x0000000080600000, 0x0000000080700000, 0x0000000080700000|100%| O|  |TAMS 0x0000000080700000, 0x0000000080600000| Untracked 
|   7|0x0000000080700000, 0x0000000080800000, 0x0000000080800000|100%| O|  |TAMS 0x0000000080800000, 0x0000000080700000| Untracked 
|   8|0x0000000080800000, 0x0000000080900000, 0x0000000080900000|100%| O|  |TAMS 0x0000000080900000, 0x0000000080800000| Untracked 
|   9|0x0000000080900000, 0x0000000080a00000, 0x0000000080a00000|100%| O|  |TAMS 0x0000000080a00000, 0x0000000080900000| Untracked 
|  10|0x0000000080a00000, 0x0000000080b00000, 0x0000000080b00000|100%| O|  |TAMS 0x0000000080b00000, 0x0000000080a00000| Untracked 
|  11|0x0000000080b00000, 0x0000000080c00000, 0x0000000080c00000|100%| O|  |TAMS 0x0000000080c00000, 0x0000000080b00000| Untracked 
|  12|0x0000000080c00000, 0x0000000080d00000, 0x0000000080d00000|100%| O|  |TAMS 0x0000000080d00000, 0x0000000080c00000| Untracked 
|  13|0x0000000080d00000, 0x0000000080e00000, 0x0000000080e00000|100%| O|  |TAMS 0x0000000080e00000, 0x0000000080d00000| Untracked 
|  14|0x0000000080e00000, 0x0000000080f00000, 0x0000000080f00000|100%| O|  |TAMS 0x0000000080f00000, 0x0000000080e00000| Untracked 
|  15|0x0000000080f00000, 0x0000000081000000, 0x0000000081000000|100%| O|  |TAMS 0x0000000081000000, 0x0000000080f00000| Untracked 
|  16|0x0000000081000000, 0x0000000081100000, 0x0000000081100000|100%| O|  |TAMS 0x0000000081100000, 0x0000000081000000| Untracked 
|  17|0x0000000081100000, 0x0000000081200000, 0x0000000081200000|100%| O|  |TAMS 0x0000000081200000, 0x0000000081100000| Untracked 
|  18|0x0000000081200000, 0x0000000081300000, 0x0000000081300000|100%| O|  |TAMS 0x0000000081300000, 0x0000000081200000| Untracked 
|  19|0x0000000081300000, 0x0000000081400000, 0x0000000081400000|100%| O|  |TAMS 0x0000000081400000, 0x0000000081300000| Untracked 
|  20|0x0000000081400000, 0x0000000081500000, 0x0000000081500000|100%| O|  |TAMS 0x0000000081500000, 0x0000000081400000| Untracked 
|  21|0x0000000081500000, 0x0000000081600000, 0x0000000081600000|100%| O|  |TAMS 0x0000000081600000, 0x0000000081500000| Untracked 
|  22|0x0000000081600000, 0x0000000081700000, 0x0000000081700000|100%| O|  |TAMS 0x0000000081700000, 0x0000000081600000| Untracked 
|  23|0x0000000081700000, 0x0000000081800000, 0x0000000081800000|100%| O|  |TAMS 0x0000000081800000, 0x0000000081700000| Untracked 
|  24|0x0000000081800000, 0x0000000081900000, 0x0000000081900000|100%| O|  |TAMS 0x0000000081900000, 0x0000000081800000| Untracked 
|  25|0x0000000081900000, 0x0000000081a00000, 0x0000000081a00000|100%|HS|  |TAMS 0x0000000081a00000, 0x0000000081900000| Complete 
|  26|0x0000000081a00000, 0x0000000081b00000, 0x0000000081b00000|100%| O|  |TAMS 0x0000000081b00000, 0x0000000081a00000| Untracked 
|  27|0x0000000081b00000, 0x0000000081c00000, 0x0000000081c00000|100%| O|  |TAMS 0x0000000081c00000, 0x0000000081b00000| Untracked 
|  28|0x0000000081c00000, 0x0000000081d00000, 0x0000000081d00000|100%|HS|  |TAMS 0x0000000081d00000, 0x0000000081c00000| Complete 
|  29|0x0000000081d00000, 0x0000000081e00000, 0x0000000081e00000|100%|HC|  |TAMS 0x0000000081e00000, 0x0000000081d00000| Complete 
|  30|0x0000000081e00000, 0x0000000081f00000, 0x0000000081f00000|100%|HC|  |TAMS 0x0000000081f00000, 0x0000000081e00000| Complete 
|  31|0x0000000081f00000, 0x0000000082000000, 0x0000000082000000|100%| O|  |TAMS 0x0000000082000000, 0x0000000081f00000| Untracked 
|  32|0x0000000082000000, 0x0000000082100000, 0x0000000082100000|100%| O|  |TAMS 0x0000000082100000, 0x0000000082000000| Untracked 
|  33|0x0000000082100000, 0x0000000082200000, 0x0000000082200000|100%| O|  |TAMS 0x0000000082200000, 0x0000000082100000| Untracked 
|  34|0x0000000082200000, 0x0000000082300000, 0x0000000082300000|100%| O|  |TAMS 0x0000000082300000, 0x0000000082200000| Untracked 
|  35|0x0000000082300000, 0x0000000082400000, 0x0000000082400000|100%| O|  |TAMS 0x0000000082400000, 0x0000000082300000| Untracked 
|  36|0x0000000082400000, 0x0000000082500000, 0x0000000082500000|100%| O|  |TAMS 0x0000000082500000, 0x0000000082400000| Untracked 
|  37|0x0000000082500000, 0x0000000082600000, 0x0000000082600000|100%| O|  |TAMS 0x0000000082600000, 0x0000000082500000| Untracked 
|  38|0x0000000082600000, 0x0000000082700000, 0x0000000082700000|100%| O|  |TAMS 0x0000000082700000, 0x0000000082600000| Untracked 
|  39|0x0000000082700000, 0x0000000082800000, 0x0000000082800000|100%|HS|  |TAMS 0x0000000082800000, 0x0000000082700000| Complete 
|  40|0x0000000082800000, 0x0000000082900000, 0x0000000082900000|100%| O|  |TAMS 0x0000000082900000, 0x0000000082800000| Untracked 
|  41|0x0000000082900000, 0x0000000082a00000, 0x0000000082a00000|100%| O|  |TAMS 0x0000000082a00000, 0x0000000082900000| Untracked 
|  42|0x0000000082a00000, 0x0000000082b00000, 0x0000000082b00000|100%| O|  |TAMS 0x0000000082b00000, 0x0000000082a00000| Untracked 
|  43|0x0000000082b00000, 0x0000000082c00000, 0x0000000082c00000|100%| O|  |TAMS 0x0000000082c00000, 0x0000000082b00000| Untracked 
|  44|0x0000000082c00000, 0x0000000082d00000, 0x0000000082d00000|100%| O|  |TAMS 0x0000000082d00000, 0x0000000082c00000| Untracked 
|  45|0x0000000082d00000, 0x0000000082e00000, 0x0000000082e00000|100%| O|  |TAMS 0x0000000082e00000, 0x0000000082d00000| Untracked 
|  46|0x0000000082e00000, 0x0000000082f00000, 0x0000000082f00000|100%| O|  |TAMS 0x0000000082f00000, 0x0000000082e00000| Untracked 
|  47|0x0000000082f00000, 0x0000000083000000, 0x0000000083000000|100%| O|  |TAMS 0x0000000083000000, 0x0000000082f00000| Untracked 
|  48|0x0000000083000000, 0x0000000083100000, 0x0000000083100000|100%| O|  |TAMS 0x0000000083100000, 0x0000000083000000| Untracked 
|  49|0x0000000083100000, 0x0000000083200000, 0x0000000083200000|100%| O|  |TAMS 0x0000000083200000, 0x0000000083100000| Untracked 
|  50|0x0000000083200000, 0x0000000083300000, 0x0000000083300000|100%| O|  |TAMS 0x0000000083300000, 0x0000000083200000| Untracked 
|  51|0x0000000083300000, 0x0000000083400000, 0x0000000083400000|100%|HS|  |TAMS 0x0000000083400000, 0x0000000083300000| Complete 
|  52|0x0000000083400000, 0x0000000083500000, 0x0000000083500000|100%| O|  |TAMS 0x0000000083500000, 0x0000000083400000| Untracked 
|  53|0x0000000083500000, 0x0000000083600000, 0x0000000083600000|100%|HS|  |TAMS 0x0000000083600000, 0x0000000083500000| Complete 
|  54|0x0000000083600000, 0x0000000083700000, 0x0000000083700000|100%|HC|  |TAMS 0x0000000083700000, 0x0000000083600000| Complete 
|  55|0x0000000083700000, 0x0000000083800000, 0x0000000083800000|100%| O|  |TAMS 0x0000000083800000, 0x0000000083700000| Untracked 
|  56|0x0000000083800000, 0x0000000083900000, 0x0000000083900000|100%| O|  |TAMS 0x0000000083900000, 0x0000000083800000| Untracked 
|  57|0x0000000083900000, 0x0000000083a00000, 0x0000000083a00000|100%| O|  |TAMS 0x0000000083a00000, 0x0000000083900000| Untracked 
|  58|0x0000000083a00000, 0x0000000083b00000, 0x0000000083b00000|100%| O|  |TAMS 0x0000000083b00000, 0x0000000083a00000| Untracked 
|  59|0x0000000083b00000, 0x0000000083c00000, 0x0000000083c00000|100%| O|  |TAMS 0x0000000083c00000, 0x0000000083b00000| Untracked 
|  60|0x0000000083c00000, 0x0000000083d00000, 0x0000000083d00000|100%| O|  |TAMS 0x0000000083d00000, 0x0000000083c00000| Untracked 
|  61|0x0000000083d00000, 0x0000000083e00000, 0x0000000083e00000|100%| O|  |TAMS 0x0000000083e00000, 0x0000000083d00000| Untracked 
|  62|0x0000000083e00000, 0x0000000083f00000, 0x0000000083f00000|100%| O|  |TAMS 0x0000000083f00000, 0x0000000083e00000| Untracked 
|  63|0x0000000083f00000, 0x0000000084000000, 0x0000000084000000|100%| O|  |TAMS 0x0000000084000000, 0x0000000083f00000| Untracked 
|  64|0x0000000084000000, 0x0000000084100000, 0x0000000084100000|100%| O|  |TAMS 0x0000000084100000, 0x0000000084000000| Untracked 
|  65|0x0000000084100000, 0x0000000084200000, 0x0000000084200000|100%| O|  |TAMS 0x0000000084200000, 0x0000000084100000| Untracked 
|  66|0x0000000084200000, 0x0000000084300000, 0x0000000084300000|100%| O|  |TAMS 0x0000000084300000, 0x0000000084200000| Untracked 
|  67|0x0000000084300000, 0x0000000084400000, 0x0000000084400000|100%| O|  |TAMS 0x0000000084400000, 0x0000000084300000| Untracked 
|  68|0x0000000084400000, 0x0000000084500000, 0x0000000084500000|100%| O|  |TAMS 0x0000000084500000, 0x0000000084400000| Untracked 
|  69|0x0000000084500000, 0x0000000084600000, 0x0000000084600000|100%| O|  |TAMS 0x0000000084600000, 0x0000000084500000| Untracked 
|  70|0x0000000084600000, 0x0000000084700000, 0x0000000084700000|100%| O|  |TAMS 0x0000000084700000, 0x0000000084600000| Untracked 
|  71|0x0000000084700000, 0x0000000084800000, 0x0000000084800000|100%| O|  |TAMS 0x0000000084800000, 0x0000000084700000| Untracked 
|  72|0x0000000084800000, 0x0000000084900000, 0x0000000084900000|100%| O|  |TAMS 0x0000000084900000, 0x0000000084800000| Untracked 
|  73|0x0000000084900000, 0x0000000084a00000, 0x0000000084a00000|100%| O|  |TAMS 0x0000000084a00000, 0x0000000084900000| Untracked 
|  74|0x0000000084a00000, 0x0000000084b00000, 0x0000000084b00000|100%| O|  |TAMS 0x0000000084b00000, 0x0000000084a00000| Untracked 
|  75|0x0000000084b00000, 0x0000000084b00000, 0x0000000084c00000|  0%| F|  |TAMS 0x0000000084b00000, 0x0000000084b00000| Untracked 
|  76|0x0000000084c00000, 0x0000000084d00000, 0x0000000084d00000|100%|HS|  |TAMS 0x0000000084d00000, 0x0000000084c00000| Complete 
|  77|0x0000000084d00000, 0x0000000084e00000, 0x0000000084e00000|100%|HS|  |TAMS 0x0000000084e00000, 0x0000000084d00000| Complete 
|  78|0x0000000084e00000, 0x0000000084f00000, 0x0000000084f00000|100%| O|  |TAMS 0x0000000084f00000, 0x0000000084e00000| Untracked 
|  79|0x0000000084f00000, 0x0000000085000000, 0x0000000085000000|100%| O|  |TAMS 0x0000000085000000, 0x0000000084f00000| Untracked 
|  80|0x0000000085000000, 0x0000000085100000, 0x0000000085100000|100%| O|  |TAMS 0x0000000085100000, 0x0000000085000000| Untracked 
|  81|0x0000000085100000, 0x0000000085200000, 0x0000000085200000|100%| O|  |TAMS 0x0000000085200000, 0x0000000085100000| Untracked 
|  82|0x0000000085200000, 0x0000000085300000, 0x0000000085300000|100%| O|  |TAMS 0x0000000085300000, 0x0000000085200000| Untracked 
|  83|0x0000000085300000, 0x0000000085400000, 0x0000000085400000|100%| O|  |TAMS 0x0000000085400000, 0x0000000085300000| Untracked 
|  84|0x0000000085400000, 0x0000000085500000, 0x0000000085500000|100%| O|  |TAMS 0x0000000085400000, 0x0000000085400000| Untracked 
|  85|0x0000000085500000, 0x0000000085600000, 0x0000000085600000|100%|HS|  |TAMS 0x0000000085600000, 0x0000000085500000| Complete 
|  86|0x0000000085600000, 0x0000000085700000, 0x0000000085700000|100%|HC|  |TAMS 0x0000000085700000, 0x0000000085600000| Complete 
|  87|0x0000000085700000, 0x0000000085800000, 0x0000000085800000|100%|HC|  |TAMS 0x0000000085800000, 0x0000000085700000| Complete 
|  88|0x0000000085800000, 0x0000000085900000, 0x0000000085900000|100%|HS|  |TAMS 0x0000000085900000, 0x0000000085800000| Complete 
|  89|0x0000000085900000, 0x0000000085a00000, 0x0000000085a00000|100%|HS|  |TAMS 0x0000000085a00000, 0x0000000085900000| Complete 
|  90|0x0000000085a00000, 0x0000000085b00000, 0x0000000085b00000|100%|HC|  |TAMS 0x0000000085b00000, 0x0000000085a00000| Complete 
|  91|0x0000000085b00000, 0x0000000085c00000, 0x0000000085c00000|100%|HC|  |TAMS 0x0000000085c00000, 0x0000000085b00000| Complete 
|  92|0x0000000085c00000, 0x0000000085d00000, 0x0000000085d00000|100%| O|  |TAMS 0x0000000085d00000, 0x0000000085c00000| Untracked 
|  93|0x0000000085d00000, 0x0000000085e00000, 0x0000000085e00000|100%| O|  |TAMS 0x0000000085e00000, 0x0000000085d00000| Untracked 
|  94|0x0000000085e00000, 0x0000000085f00000, 0x0000000085f00000|100%| O|  |TAMS 0x0000000085f00000, 0x0000000085e00000| Untracked 
|  95|0x0000000085f00000, 0x0000000086000000, 0x0000000086000000|100%| O|  |TAMS 0x0000000086000000, 0x0000000085f00000| Untracked 
|  96|0x0000000086000000, 0x0000000086100000, 0x0000000086100000|100%| O|  |TAMS 0x0000000086100000, 0x0000000086000000| Untracked 
|  97|0x0000000086100000, 0x0000000086200000, 0x0000000086200000|100%| O|  |TAMS 0x0000000086200000, 0x0000000086100000| Untracked 
|  98|0x0000000086200000, 0x0000000086300000, 0x0000000086300000|100%| O|  |TAMS 0x0000000086300000, 0x0000000086200000| Untracked 
|  99|0x0000000086300000, 0x0000000086400000, 0x0000000086400000|100%| O|  |TAMS 0x0000000086400000, 0x0000000086300000| Untracked 
| 100|0x0000000086400000, 0x0000000086500000, 0x0000000086500000|100%| O|  |TAMS 0x0000000086500000, 0x0000000086400000| Untracked 
| 101|0x0000000086500000, 0x0000000086600000, 0x0000000086600000|100%| O|  |TAMS 0x0000000086600000, 0x0000000086500000| Untracked 
| 102|0x0000000086600000, 0x0000000086700000, 0x0000000086700000|100%| O|  |TAMS 0x0000000086600000, 0x0000000086600000| Untracked 
| 103|0x0000000086700000, 0x0000000086800000, 0x0000000086800000|100%|HS|  |TAMS 0x0000000086800000, 0x0000000086700000| Complete 
| 104|0x0000000086800000, 0x0000000086900000, 0x0000000086900000|100%|HS|  |TAMS 0x0000000086900000, 0x0000000086800000| Complete 
| 105|0x0000000086900000, 0x0000000086a00000, 0x0000000086a00000|100%|HC|  |TAMS 0x0000000086a00000, 0x0000000086900000| Complete 
| 106|0x0000000086a00000, 0x0000000086b00000, 0x0000000086b00000|100%|HC|  |TAMS 0x0000000086b00000, 0x0000000086a00000| Complete 
| 107|0x0000000086b00000, 0x0000000086c00000, 0x0000000086c00000|100%| O|  |TAMS 0x0000000086c00000, 0x0000000086b00000| Untracked 
| 108|0x0000000086c00000, 0x0000000086d00000, 0x0000000086d00000|100%| O|  |TAMS 0x0000000086d00000, 0x0000000086c00000| Untracked 
| 109|0x0000000086d00000, 0x0000000086e00000, 0x0000000086e00000|100%| O|  |TAMS 0x0000000086e00000, 0x0000000086d00000| Untracked 
| 110|0x0000000086e00000, 0x0000000086f00000, 0x0000000086f00000|100%| O|  |TAMS 0x0000000086f00000, 0x0000000086e00000| Untracked 
| 111|0x0000000086f00000, 0x0000000087000000, 0x0000000087000000|100%| O|  |TAMS 0x0000000087000000, 0x0000000086f00000| Untracked 
| 112|0x0000000087000000, 0x0000000087100000, 0x0000000087100000|100%| O|  |TAMS 0x0000000087100000, 0x0000000087000000| Untracked 
| 113|0x0000000087100000, 0x0000000087200000, 0x0000000087200000|100%| O|  |TAMS 0x0000000087200000, 0x0000000087100000| Untracked 
| 114|0x0000000087200000, 0x0000000087300000, 0x0000000087300000|100%| O|  |TAMS 0x0000000087300000, 0x0000000087200000| Untracked 
| 115|0x0000000087300000, 0x0000000087400000, 0x0000000087400000|100%| O|  |TAMS 0x0000000087400000, 0x0000000087300000| Untracked 
| 116|0x0000000087400000, 0x0000000087500000, 0x0000000087500000|100%| O|  |TAMS 0x0000000087500000, 0x0000000087400000| Untracked 
| 117|0x0000000087500000, 0x0000000087600000, 0x0000000087600000|100%| O|  |TAMS 0x0000000087600000, 0x0000000087500000| Untracked 
| 118|0x0000000087600000, 0x0000000087700000, 0x0000000087700000|100%| O|  |TAMS 0x0000000087700000, 0x0000000087600000| Untracked 
| 119|0x0000000087700000, 0x0000000087800000, 0x0000000087800000|100%| O|  |TAMS 0x0000000087800000, 0x0000000087700000| Untracked 
| 120|0x0000000087800000, 0x0000000087900000, 0x0000000087900000|100%| O|  |TAMS 0x0000000087900000, 0x0000000087800000| Untracked 
| 121|0x0000000087900000, 0x0000000087900000, 0x0000000087a00000|  0%| F|  |TAMS 0x0000000087900000, 0x0000000087900000| Untracked 
| 122|0x0000000087a00000, 0x0000000087b00000, 0x0000000087b00000|100%| O|  |TAMS 0x0000000087b00000, 0x0000000087a00000| Untracked 
| 123|0x0000000087b00000, 0x0000000087c00000, 0x0000000087c00000|100%| O|  |TAMS 0x0000000087c00000, 0x0000000087b00000| Untracked 
| 124|0x0000000087c00000, 0x0000000087d00000, 0x0000000087d00000|100%| O|  |TAMS 0x0000000087d00000, 0x0000000087c00000| Untracked 
| 125|0x0000000087d00000, 0x0000000087e00000, 0x0000000087e00000|100%| O|  |TAMS 0x0000000087e00000, 0x0000000087d00000| Untracked 
| 126|0x0000000087e00000, 0x0000000087f00000, 0x0000000087f00000|100%| O|  |TAMS 0x0000000087f00000, 0x0000000087e00000| Untracked 
| 127|0x0000000087f00000, 0x0000000088000000, 0x0000000088000000|100%| O|  |TAMS 0x0000000088000000, 0x0000000087f00000| Untracked 
| 128|0x0000000088000000, 0x0000000088100000, 0x0000000088100000|100%| O|  |TAMS 0x0000000088100000, 0x0000000088000000| Untracked 
| 129|0x0000000088100000, 0x0000000088200000, 0x0000000088200000|100%| O|  |TAMS 0x0000000088200000, 0x0000000088100000| Untracked 
| 130|0x0000000088200000, 0x0000000088300000, 0x0000000088300000|100%| O|  |TAMS 0x0000000088300000, 0x0000000088200000| Untracked 
| 131|0x0000000088300000, 0x0000000088400000, 0x0000000088400000|100%| O|  |TAMS 0x0000000088400000, 0x0000000088300000| Untracked 
| 132|0x0000000088400000, 0x0000000088500000, 0x0000000088500000|100%| O|  |TAMS 0x0000000088500000, 0x0000000088400000| Untracked 
| 133|0x0000000088500000, 0x0000000088600000, 0x0000000088600000|100%| O|  |TAMS 0x0000000088600000, 0x0000000088500000| Untracked 
| 134|0x0000000088600000, 0x0000000088700000, 0x0000000088700000|100%| O|  |TAMS 0x0000000088700000, 0x0000000088600000| Untracked 
| 135|0x0000000088700000, 0x0000000088800000, 0x0000000088800000|100%| O|  |TAMS 0x0000000088800000, 0x0000000088700000| Untracked 
| 136|0x0000000088800000, 0x0000000088900000, 0x0000000088900000|100%| O|  |TAMS 0x0000000088900000, 0x0000000088800000| Untracked 
| 137|0x0000000088900000, 0x0000000088a00000, 0x0000000088a00000|100%| O|  |TAMS 0x0000000088a00000, 0x0000000088900000| Untracked 
| 138|0x0000000088a00000, 0x0000000088b00000, 0x0000000088b00000|100%| O|  |TAMS 0x0000000088a47c00, 0x0000000088a00000| Untracked 
| 139|0x0000000088b00000, 0x0000000088c00000, 0x0000000088c00000|100%| O|  |TAMS 0x0000000088b00000, 0x0000000088b00000| Untracked 
| 140|0x0000000088c00000, 0x0000000088d00000, 0x0000000088d00000|100%| O|  |TAMS 0x0000000088c00000, 0x0000000088c00000| Untracked 
| 141|0x0000000088d00000, 0x0000000088e00000, 0x0000000088e00000|100%| O|  |TAMS 0x0000000088d00000, 0x0000000088d00000| Untracked 
| 142|0x0000000088e00000, 0x0000000088f00000, 0x0000000088f00000|100%| O|  |TAMS 0x0000000088e00000, 0x0000000088e00000| Untracked 
| 143|0x0000000088f00000, 0x0000000089000000, 0x0000000089000000|100%| O|  |TAMS 0x0000000088f00000, 0x0000000088f00000| Untracked 
| 144|0x0000000089000000, 0x0000000089100000, 0x0000000089100000|100%| O|  |TAMS 0x0000000089000000, 0x0000000089000000| Untracked 
| 145|0x0000000089100000, 0x0000000089200000, 0x0000000089200000|100%| O|  |TAMS 0x0000000089100000, 0x0000000089100000| Untracked 
| 146|0x0000000089200000, 0x0000000089300000, 0x0000000089300000|100%| O|  |TAMS 0x0000000089200000, 0x0000000089200000| Untracked 
| 147|0x0000000089300000, 0x0000000089400000, 0x0000000089400000|100%| O|  |TAMS 0x0000000089300000, 0x0000000089300000| Untracked 
| 148|0x0000000089400000, 0x0000000089500000, 0x0000000089500000|100%| O|  |TAMS 0x0000000089400000, 0x0000000089400000| Untracked 
| 149|0x0000000089500000, 0x0000000089500000, 0x0000000089600000|  0%| F|  |TAMS 0x0000000089500000, 0x0000000089500000| Untracked 
| 150|0x0000000089600000, 0x0000000089600000, 0x0000000089700000|  0%| F|  |TAMS 0x0000000089600000, 0x0000000089600000| Untracked 
| 151|0x0000000089700000, 0x0000000089700000, 0x0000000089800000|  0%| F|  |TAMS 0x0000000089700000, 0x0000000089700000| Untracked 
| 152|0x0000000089800000, 0x0000000089800000, 0x0000000089900000|  0%| F|  |TAMS 0x0000000089800000, 0x0000000089800000| Untracked 
| 153|0x0000000089900000, 0x0000000089900000, 0x0000000089a00000|  0%| F|  |TAMS 0x0000000089900000, 0x0000000089900000| Untracked 
| 154|0x0000000089a00000, 0x0000000089a00000, 0x0000000089b00000|  0%| F|  |TAMS 0x0000000089a00000, 0x0000000089a00000| Untracked 
| 155|0x0000000089b00000, 0x0000000089b00000, 0x0000000089c00000|  0%| F|  |TAMS 0x0000000089b00000, 0x0000000089b00000| Untracked 
| 156|0x0000000089c00000, 0x0000000089c00000, 0x0000000089d00000|  0%| F|  |TAMS 0x0000000089c00000, 0x0000000089c00000| Untracked 
| 157|0x0000000089d00000, 0x0000000089d00000, 0x0000000089e00000|  0%| F|  |TAMS 0x0000000089d00000, 0x0000000089d00000| Untracked 
| 158|0x0000000089e00000, 0x0000000089e00000, 0x0000000089f00000|  0%| F|  |TAMS 0x0000000089e00000, 0x0000000089e00000| Untracked 
| 159|0x0000000089f00000, 0x0000000089f00000, 0x000000008a000000|  0%| F|  |TAMS 0x0000000089f00000, 0x0000000089f00000| Untracked 
| 160|0x000000008a000000, 0x000000008a000000, 0x000000008a100000|  0%| F|  |TAMS 0x000000008a000000, 0x000000008a000000| Untracked 
| 161|0x000000008a100000, 0x000000008a100000, 0x000000008a200000|  0%| F|  |TAMS 0x000000008a100000, 0x000000008a100000| Untracked 
| 162|0x000000008a200000, 0x000000008a200000, 0x000000008a300000|  0%| F|  |TAMS 0x000000008a200000, 0x000000008a200000| Untracked 
| 163|0x000000008a300000, 0x000000008a300000, 0x000000008a400000|  0%| F|  |TAMS 0x000000008a300000, 0x000000008a300000| Untracked 
| 164|0x000000008a400000, 0x000000008a400000, 0x000000008a500000|  0%| F|  |TAMS 0x000000008a400000, 0x000000008a400000| Untracked 
| 165|0x000000008a500000, 0x000000008a500000, 0x000000008a600000|  0%| F|  |TAMS 0x000000008a500000, 0x000000008a500000| Untracked 
| 166|0x000000008a600000, 0x000000008a600000, 0x000000008a700000|  0%| F|  |TAMS 0x000000008a600000, 0x000000008a600000| Untracked 
| 167|0x000000008a700000, 0x000000008a700000, 0x000000008a800000|  0%| F|  |TAMS 0x000000008a700000, 0x000000008a700000| Untracked 
| 168|0x000000008a800000, 0x000000008a800000, 0x000000008a900000|  0%| F|  |TAMS 0x000000008a800000, 0x000000008a800000| Untracked 
| 169|0x000000008a900000, 0x000000008a900000, 0x000000008aa00000|  0%| F|  |TAMS 0x000000008a900000, 0x000000008a900000| Untracked 
| 170|0x000000008aa00000, 0x000000008aa00000, 0x000000008ab00000|  0%| F|  |TAMS 0x000000008aa00000, 0x000000008aa00000| Untracked 
| 171|0x000000008ab00000, 0x000000008ab00000, 0x000000008ac00000|  0%| F|  |TAMS 0x000000008ab00000, 0x000000008ab00000| Untracked 
| 172|0x000000008ac00000, 0x000000008ac00000, 0x000000008ad00000|  0%| F|  |TAMS 0x000000008ac00000, 0x000000008ac00000| Untracked 
| 173|0x000000008ad00000, 0x000000008ad00000, 0x000000008ae00000|  0%| F|  |TAMS 0x000000008ad00000, 0x000000008ad00000| Untracked 
| 174|0x000000008ae00000, 0x000000008ae00000, 0x000000008af00000|  0%| F|  |TAMS 0x000000008ae00000, 0x000000008ae00000| Untracked 
| 175|0x000000008af00000, 0x000000008af00000, 0x000000008b000000|  0%| F|  |TAMS 0x000000008af00000, 0x000000008af00000| Untracked 
| 176|0x000000008b000000, 0x000000008b000000, 0x000000008b100000|  0%| F|  |TAMS 0x000000008b000000, 0x000000008b000000| Untracked 
| 177|0x000000008b100000, 0x000000008b100000, 0x000000008b200000|  0%| F|  |TAMS 0x000000008b100000, 0x000000008b100000| Untracked 
| 178|0x000000008b200000, 0x000000008b200000, 0x000000008b300000|  0%| F|  |TAMS 0x000000008b200000, 0x000000008b200000| Untracked 
| 179|0x000000008b300000, 0x000000008b300000, 0x000000008b400000|  0%| F|  |TAMS 0x000000008b300000, 0x000000008b300000| Untracked 
| 180|0x000000008b400000, 0x000000008b400000, 0x000000008b500000|  0%| F|  |TAMS 0x000000008b400000, 0x000000008b400000| Untracked 
| 181|0x000000008b500000, 0x000000008b500000, 0x000000008b600000|  0%| F|  |TAMS 0x000000008b500000, 0x000000008b500000| Untracked 
| 182|0x000000008b600000, 0x000000008b600000, 0x000000008b700000|  0%| F|  |TAMS 0x000000008b600000, 0x000000008b600000| Untracked 
| 183|0x000000008b700000, 0x000000008b700000, 0x000000008b800000|  0%| F|  |TAMS 0x000000008b700000, 0x000000008b700000| Untracked 
| 184|0x000000008b800000, 0x000000008b800000, 0x000000008b900000|  0%| F|  |TAMS 0x000000008b800000, 0x000000008b800000| Untracked 
| 185|0x000000008b900000, 0x000000008b900000, 0x000000008ba00000|  0%| F|  |TAMS 0x000000008b900000, 0x000000008b900000| Untracked 
| 186|0x000000008ba00000, 0x000000008ba00000, 0x000000008bb00000|  0%| F|  |TAMS 0x000000008ba00000, 0x000000008ba00000| Untracked 
| 187|0x000000008bb00000, 0x000000008bb00000, 0x000000008bc00000|  0%| F|  |TAMS 0x000000008bb00000, 0x000000008bb00000| Untracked 
| 188|0x000000008bc00000, 0x000000008bc00000, 0x000000008bd00000|  0%| F|  |TAMS 0x000000008bc00000, 0x000000008bc00000| Untracked 
| 189|0x000000008bd00000, 0x000000008bd00000, 0x000000008be00000|  0%| F|  |TAMS 0x000000008bd00000, 0x000000008bd00000| Untracked 
| 190|0x000000008be00000, 0x000000008be00000, 0x000000008bf00000|  0%| F|  |TAMS 0x000000008be00000, 0x000000008be00000| Untracked 
| 191|0x000000008bf00000, 0x000000008bf00000, 0x000000008c000000|  0%| F|  |TAMS 0x000000008bf00000, 0x000000008bf00000| Untracked 
| 192|0x000000008c000000, 0x000000008c000000, 0x000000008c100000|  0%| F|  |TAMS 0x000000008c000000, 0x000000008c000000| Untracked 
| 193|0x000000008c100000, 0x000000008c100000, 0x000000008c200000|  0%| F|  |TAMS 0x000000008c100000, 0x000000008c100000| Untracked 
| 194|0x000000008c200000, 0x000000008c200000, 0x000000008c300000|  0%| F|  |TAMS 0x000000008c200000, 0x000000008c200000| Untracked 
| 195|0x000000008c300000, 0x000000008c300000, 0x000000008c400000|  0%| F|  |TAMS 0x000000008c300000, 0x000000008c300000| Untracked 
| 196|0x000000008c400000, 0x000000008c400000, 0x000000008c500000|  0%| F|  |TAMS 0x000000008c400000, 0x000000008c400000| Untracked 
| 197|0x000000008c500000, 0x000000008c500000, 0x000000008c600000|  0%| F|  |TAMS 0x000000008c500000, 0x000000008c500000| Untracked 
| 198|0x000000008c600000, 0x000000008c600000, 0x000000008c700000|  0%| F|  |TAMS 0x000000008c600000, 0x000000008c600000| Untracked 
| 199|0x000000008c700000, 0x000000008c700000, 0x000000008c800000|  0%| F|  |TAMS 0x000000008c700000, 0x000000008c700000| Untracked 
| 200|0x000000008c800000, 0x000000008c800000, 0x000000008c900000|  0%| F|  |TAMS 0x000000008c800000, 0x000000008c800000| Untracked 
| 201|0x000000008c900000, 0x000000008c900000, 0x000000008ca00000|  0%| F|  |TAMS 0x000000008c900000, 0x000000008c900000| Untracked 
| 202|0x000000008ca00000, 0x000000008ca00000, 0x000000008cb00000|  0%| F|  |TAMS 0x000000008ca00000, 0x000000008ca00000| Untracked 
| 203|0x000000008cb00000, 0x000000008cb00000, 0x000000008cc00000|  0%| F|  |TAMS 0x000000008cb00000, 0x000000008cb00000| Untracked 
| 204|0x000000008cc00000, 0x000000008cc00000, 0x000000008cd00000|  0%| F|  |TAMS 0x000000008cc00000, 0x000000008cc00000| Untracked 
| 205|0x000000008cd00000, 0x000000008cd00000, 0x000000008ce00000|  0%| F|  |TAMS 0x000000008cd00000, 0x000000008cd00000| Untracked 
| 206|0x000000008ce00000, 0x000000008ce00000, 0x000000008cf00000|  0%| F|  |TAMS 0x000000008ce00000, 0x000000008ce00000| Untracked 
| 207|0x000000008cf00000, 0x000000008cf00000, 0x000000008d000000|  0%| F|  |TAMS 0x000000008cf00000, 0x000000008cf00000| Untracked 
| 208|0x000000008d000000, 0x000000008d000000, 0x000000008d100000|  0%| F|  |TAMS 0x000000008d000000, 0x000000008d000000| Untracked 
| 209|0x000000008d100000, 0x000000008d100000, 0x000000008d200000|  0%| F|  |TAMS 0x000000008d100000, 0x000000008d100000| Untracked 
| 210|0x000000008d200000, 0x000000008d200000, 0x000000008d300000|  0%| F|  |TAMS 0x000000008d200000, 0x000000008d200000| Untracked 
| 211|0x000000008d300000, 0x000000008d300000, 0x000000008d400000|  0%| F|  |TAMS 0x000000008d300000, 0x000000008d300000| Untracked 
| 212|0x000000008d400000, 0x000000008d400000, 0x000000008d500000|  0%| F|  |TAMS 0x000000008d400000, 0x000000008d400000| Untracked 
| 213|0x000000008d500000, 0x000000008d500000, 0x000000008d600000|  0%| F|  |TAMS 0x000000008d500000, 0x000000008d500000| Untracked 
| 214|0x000000008d600000, 0x000000008d600000, 0x000000008d700000|  0%| F|  |TAMS 0x000000008d600000, 0x000000008d600000| Untracked 
| 215|0x000000008d700000, 0x000000008d700000, 0x000000008d800000|  0%| F|  |TAMS 0x000000008d700000, 0x000000008d700000| Untracked 
| 216|0x000000008d800000, 0x000000008d800000, 0x000000008d900000|  0%| F|  |TAMS 0x000000008d800000, 0x000000008d800000| Untracked 
| 217|0x000000008d900000, 0x000000008d900000, 0x000000008da00000|  0%| F|  |TAMS 0x000000008d900000, 0x000000008d900000| Untracked 
| 218|0x000000008da00000, 0x000000008da00000, 0x000000008db00000|  0%| F|  |TAMS 0x000000008da00000, 0x000000008da00000| Untracked 
| 219|0x000000008db00000, 0x000000008db00000, 0x000000008dc00000|  0%| F|  |TAMS 0x000000008db00000, 0x000000008db00000| Untracked 
| 220|0x000000008dc00000, 0x000000008dc00000, 0x000000008dd00000|  0%| F|  |TAMS 0x000000008dc00000, 0x000000008dc00000| Untracked 
| 221|0x000000008dd00000, 0x000000008dd00000, 0x000000008de00000|  0%| F|  |TAMS 0x000000008dd00000, 0x000000008dd00000| Untracked 
| 222|0x000000008de00000, 0x000000008de00000, 0x000000008df00000|  0%| F|  |TAMS 0x000000008de00000, 0x000000008de00000| Untracked 
| 223|0x000000008df00000, 0x000000008df00000, 0x000000008e000000|  0%| F|  |TAMS 0x000000008df00000, 0x000000008df00000| Untracked 
| 224|0x000000008e000000, 0x000000008e000000, 0x000000008e100000|  0%| F|  |TAMS 0x000000008e000000, 0x000000008e000000| Untracked 
| 225|0x000000008e100000, 0x000000008e100000, 0x000000008e200000|  0%| F|  |TAMS 0x000000008e100000, 0x000000008e100000| Untracked 
| 226|0x000000008e200000, 0x000000008e200000, 0x000000008e300000|  0%| F|  |TAMS 0x000000008e200000, 0x000000008e200000| Untracked 
| 227|0x000000008e300000, 0x000000008e300000, 0x000000008e400000|  0%| F|  |TAMS 0x000000008e300000, 0x000000008e300000| Untracked 
| 228|0x000000008e400000, 0x000000008e400000, 0x000000008e500000|  0%| F|  |TAMS 0x000000008e400000, 0x000000008e400000| Untracked 
| 229|0x000000008e500000, 0x000000008e500000, 0x000000008e600000|  0%| F|  |TAMS 0x000000008e500000, 0x000000008e500000| Untracked 
| 230|0x000000008e600000, 0x000000008e600000, 0x000000008e700000|  0%| F|  |TAMS 0x000000008e600000, 0x000000008e600000| Untracked 
| 231|0x000000008e700000, 0x000000008e700000, 0x000000008e800000|  0%| F|  |TAMS 0x000000008e700000, 0x000000008e700000| Untracked 
| 232|0x000000008e800000, 0x000000008e800000, 0x000000008e900000|  0%| F|  |TAMS 0x000000008e800000, 0x000000008e800000| Untracked 
| 233|0x000000008e900000, 0x000000008e900000, 0x000000008ea00000|  0%| F|  |TAMS 0x000000008e900000, 0x000000008e900000| Untracked 
| 234|0x000000008ea00000, 0x000000008ea00000, 0x000000008eb00000|  0%| F|  |TAMS 0x000000008ea00000, 0x000000008ea00000| Untracked 
| 235|0x000000008eb00000, 0x000000008eb00000, 0x000000008ec00000|  0%| F|  |TAMS 0x000000008eb00000, 0x000000008eb00000| Untracked 
| 236|0x000000008ec00000, 0x000000008ec00000, 0x000000008ed00000|  0%| F|  |TAMS 0x000000008ec00000, 0x000000008ec00000| Untracked 
| 237|0x000000008ed00000, 0x000000008ed00000, 0x000000008ee00000|  0%| F|  |TAMS 0x000000008ed00000, 0x000000008ed00000| Untracked 
| 238|0x000000008ee00000, 0x000000008ee00000, 0x000000008ef00000|  0%| F|  |TAMS 0x000000008ee00000, 0x000000008ee00000| Untracked 
| 239|0x000000008ef00000, 0x000000008ef00000, 0x000000008f000000|  0%| F|  |TAMS 0x000000008ef00000, 0x000000008ef00000| Untracked 
| 240|0x000000008f000000, 0x000000008f000000, 0x000000008f100000|  0%| F|  |TAMS 0x000000008f000000, 0x000000008f000000| Untracked 
| 241|0x000000008f100000, 0x000000008f100000, 0x000000008f200000|  0%| F|  |TAMS 0x000000008f100000, 0x000000008f100000| Untracked 
| 242|0x000000008f200000, 0x000000008f200000, 0x000000008f300000|  0%| F|  |TAMS 0x000000008f200000, 0x000000008f200000| Untracked 
| 243|0x000000008f300000, 0x000000008f300000, 0x000000008f400000|  0%| F|  |TAMS 0x000000008f300000, 0x000000008f300000| Untracked 
| 244|0x000000008f400000, 0x000000008f400000, 0x000000008f500000|  0%| F|  |TAMS 0x000000008f400000, 0x000000008f400000| Untracked 
| 245|0x000000008f500000, 0x000000008f500000, 0x000000008f600000|  0%| F|  |TAMS 0x000000008f500000, 0x000000008f500000| Untracked 
| 246|0x000000008f600000, 0x000000008f600000, 0x000000008f700000|  0%| F|  |TAMS 0x000000008f600000, 0x000000008f600000| Untracked 
| 247|0x000000008f700000, 0x000000008f700000, 0x000000008f800000|  0%| F|  |TAMS 0x000000008f700000, 0x000000008f700000| Untracked 
| 248|0x000000008f800000, 0x000000008f800000, 0x000000008f900000|  0%| F|  |TAMS 0x000000008f800000, 0x000000008f800000| Untracked 
| 249|0x000000008f900000, 0x000000008f900000, 0x000000008fa00000|  0%| F|  |TAMS 0x000000008f900000, 0x000000008f900000| Untracked 
| 250|0x000000008fa00000, 0x000000008fa00000, 0x000000008fb00000|  0%| F|  |TAMS 0x000000008fa00000, 0x000000008fa00000| Untracked 
| 251|0x000000008fb00000, 0x000000008fb00000, 0x000000008fc00000|  0%| F|  |TAMS 0x000000008fb00000, 0x000000008fb00000| Untracked 
| 252|0x000000008fc00000, 0x000000008fc00000, 0x000000008fd00000|  0%| F|  |TAMS 0x000000008fc00000, 0x000000008fc00000| Untracked 
| 253|0x000000008fd00000, 0x000000008fd00000, 0x000000008fe00000|  0%| F|  |TAMS 0x000000008fd00000, 0x000000008fd00000| Untracked 
| 254|0x000000008fe00000, 0x000000008fe00000, 0x000000008ff00000|  0%| F|  |TAMS 0x000000008fe00000, 0x000000008fe00000| Untracked 
| 255|0x000000008ff00000, 0x000000008ff00000, 0x0000000090000000|  0%| F|  |TAMS 0x000000008ff00000, 0x000000008ff00000| Untracked 
| 256|0x0000000090000000, 0x0000000090000000, 0x0000000090100000|  0%| F|  |TAMS 0x0000000090000000, 0x0000000090000000| Untracked 
| 257|0x0000000090100000, 0x0000000090100000, 0x0000000090200000|  0%| F|  |TAMS 0x0000000090100000, 0x0000000090100000| Untracked 
| 258|0x0000000090200000, 0x0000000090200000, 0x0000000090300000|  0%| F|  |TAMS 0x0000000090200000, 0x0000000090200000| Untracked 
| 259|0x0000000090300000, 0x0000000090400000, 0x0000000090400000|100%| S|CS|TAMS 0x0000000090300000, 0x0000000090300000| Complete 
| 260|0x0000000090400000, 0x0000000090400000, 0x0000000090500000|  0%| F|  |TAMS 0x0000000090400000, 0x0000000090400000| Untracked 
| 261|0x0000000090500000, 0x0000000090500000, 0x0000000090600000|  0%| F|  |TAMS 0x0000000090500000, 0x0000000090500000| Untracked 
| 262|0x0000000090600000, 0x0000000090600000, 0x0000000090700000|  0%| F|  |TAMS 0x0000000090600000, 0x0000000090600000| Untracked 
| 263|0x0000000090700000, 0x0000000090700000, 0x0000000090800000|  0%| F|  |TAMS 0x0000000090700000, 0x0000000090700000| Untracked 
| 264|0x0000000090800000, 0x0000000090800000, 0x0000000090900000|  0%| F|  |TAMS 0x0000000090800000, 0x0000000090800000| Untracked 
| 265|0x0000000090900000, 0x0000000090900000, 0x0000000090a00000|  0%| F|  |TAMS 0x0000000090900000, 0x0000000090900000| Untracked 
| 266|0x0000000090a00000, 0x0000000090a00000, 0x0000000090b00000|  0%| F|  |TAMS 0x0000000090a00000, 0x0000000090a00000| Untracked 

Card table byte_map: [0x0000023d5d910000,0x0000023d5dd10000] _byte_map_base: 0x0000023d5d510000

Marking Bits (Prev, Next): (CMBitMap*) 0x0000023d46a7ff80, (CMBitMap*) 0x0000023d46a7ff40
 Prev Bits: [0x0000023d60110000, 0x0000023d62110000)
 Next Bits: [0x0000023d5e110000, 0x0000023d60110000)

Polling page: 0x0000023d44970000

Metaspace:

Usage:
  Non-class:     83.76 MB used.
      Class:     13.31 MB used.
       Both:     97.07 MB used.

Virtual space:
  Non-class space:       88.00 MB reserved,      84.31 MB ( 96%) committed,  11 nodes.
      Class space:      412.00 MB reserved,      13.81 MB (  3%) committed,  1 nodes.
             Both:      500.00 MB reserved,      98.12 MB ( 20%) committed. 

Chunk freelists:
   Non-Class:  3.44 MB
       Class:  2.10 MB
        Both:  5.54 MB

MaxMetaspaceSize: 512.00 MB
CompressedClassSpaceSize: 412.00 MB
Initial GC threshold: 21.00 MB
Current GC threshold: 160.88 MB
CDS: on
MetaspaceReclaimPolicy: balanced
 - commit_granule_bytes: 65536.
 - commit_granule_words: 8192.
 - virtual_space_node_default_size: 1048576.
 - enlarge_chunks_in_place: 1.
 - new_chunks_are_fully_committed: 0.
 - uncommit_free_chunks: 1.
 - use_allocation_guard: 0.
 - handle_deallocations: 1.


Internal statistics:

num_allocs_failed_limit: 12.
num_arena_births: 1226.
num_arena_deaths: 0.
num_vsnodes_births: 12.
num_vsnodes_deaths: 0.
num_space_committed: 1570.
num_space_uncommitted: 0.
num_chunks_returned_to_freelist: 12.
num_chunks_taken_from_freelist: 5536.
num_chunk_merges: 9.
num_chunk_splits: 3634.
num_chunks_enlarged: 2380.
num_purges: 0.
num_inconsistent_stats: 0.

CodeHeap 'non-profiled nmethods': size=120000Kb used=7128Kb max_used=7128Kb free=112871Kb
 bounds [0x0000023d55fe0000, 0x0000023d566e0000, 0x0000023d5d510000]
CodeHeap 'profiled nmethods': size=120000Kb used=25319Kb max_used=25319Kb free=94680Kb
 bounds [0x0000023d4e510000, 0x0000023d4fdd0000, 0x0000023d55a40000]
CodeHeap 'non-nmethods': size=5760Kb used=2409Kb max_used=2508Kb free=3351Kb
 bounds [0x0000023d55a40000, 0x0000023d55cd0000, 0x0000023d55fe0000]
 total_blobs=13458 nmethods=12510 adapters=860
 compilation: enabled
              stopped_count=0, restarted_count=0
 full_count=0

Compilation events (20 events):
Event: 32.548 Thread 0x0000023d645f83a0 nmethod 14042 0x0000023d4fdc5c90 code [0x0000023d4fdc5e20, 0x0000023d4fdc5f68]
Event: 32.548 Thread 0x0000023d645f83a0 14043       2       jdk.proxy1.$Proxy65::<init> (6 bytes)
Event: 32.549 Thread 0x0000023d645f83a0 nmethod 14043 0x0000023d4fdc6090 code [0x0000023d4fdc6240, 0x0000023d4fdc6468]
Event: 32.551 Thread 0x0000023d65e92750 nmethod 13997 0x0000023d566d5290 code [0x0000023d566d5420, 0x0000023d566d5c18]
Event: 32.551 Thread 0x0000023d65e92750 13998       4       org.gradle.api.internal.artifacts.result.DefaultResolutionResult::eachElement (92 bytes)
Event: 32.556 Thread 0x0000023d645f83a0 14044       3       org.gradle.api.internal.tasks.DefaultTaskContainer$TaskCreatingProvider::onLazyDomainObjectRealized (15 bytes)
Event: 32.556 Thread 0x0000023d645f83a0 nmethod 14044 0x0000023d4fdc6590 code [0x0000023d4fdc6740, 0x0000023d4fdc69a8]
Event: 32.556 Thread 0x0000023d645f83a0 14045   !   3       org.gradle.api.internal.tasks.TaskStatistics::lazyTaskRealized (104 bytes)
Event: 32.557 Thread 0x0000023d645f83a0 nmethod 14045 0x0000023d4fdc6b10 code [0x0000023d4fdc6d80, 0x0000023d4fdc78d8]
Event: 32.558 Thread 0x0000023d645f83a0 14046       1       org.gradle.api.internal.tasks.properties.annotations.InputFilesPropertyAnnotationHandler::getAnnotationType (3 bytes)
Event: 32.558 Thread 0x0000023d645f83a0 nmethod 14046 0x0000023d566d5d10 code [0x0000023d566d5ea0, 0x0000023d566d5f78]
Event: 32.558 Thread 0x0000023d645f83a0 14047       3       com.google.common.collect.Iterables$5::iterator (17 bytes)
Event: 32.559 Thread 0x0000023d645f83a0 nmethod 14047 0x0000023d4fdc7e10 code [0x0000023d4fdc8020, 0x0000023d4fdc8888]
Event: 32.559 Thread 0x0000023d645f83a0 14048       3       com.google.common.collect.Iterators::transform (15 bytes)
Event: 32.559 Thread 0x0000023d645f83a0 nmethod 14048 0x0000023d4fdc8b10 code [0x0000023d4fdc8d00, 0x0000023d4fdc9418]
Event: 32.559 Thread 0x0000023d645f83a0 14049       3       com.google.common.collect.Iterators$6::<init> (11 bytes)
Event: 32.559 Thread 0x0000023d645f83a0 nmethod 14049 0x0000023d4fdc9690 code [0x0000023d4fdc9860, 0x0000023d4fdc9d68]
Event: 32.559 Thread 0x0000023d645f83a0 14050       1       org.gradle.api.internal.artifacts.ivyservice.resolveengine.artifact.DefaultArtifactSet$MultipleVariantArtifactSet::getVariants (5 bytes)
Event: 32.560 Thread 0x0000023d645f83a0 nmethod 14050 0x0000023d566d6010 code [0x0000023d566d61a0, 0x0000023d566d6278]
Event: 32.571 Thread 0x0000023d645f83a0 14051       3       org.gradle.api.internal.tasks.properties.DefaultTypeMetadataStore::createTypeMetadata (454 bytes)

GC Heap History (20 events):
Event: 25.749 GC heap after
{Heap after GC invocations=29 (full 0):
 garbage-first heap   total 182272K, used 77760K [0x0000000080000000, 0x0000000100000000)
  region size 1024K, 6 young (6144K), 6 survivors (6144K)
 Metaspace       used 74668K, committed 75328K, reserved 487424K
  class space    used 10195K, committed 10496K, reserved 421888K
}
Event: 26.654 GC heap before
{Heap before GC invocations=29 (full 0):
 garbage-first heap   total 182272K, used 142272K [0x0000000080000000, 0x0000000100000000)
  region size 1024K, 69 young (70656K), 6 survivors (6144K)
 Metaspace       used 80442K, committed 81216K, reserved 495616K
  class space    used 11166K, committed 11520K, reserved 421888K
}
Event: 26.671 GC heap after
{Heap after GC invocations=30 (full 0):
 garbage-first heap   total 182272K, used 83968K [0x0000000080000000, 0x0000000100000000)
  region size 1024K, 6 young (6144K), 6 survivors (6144K)
 Metaspace       used 80442K, committed 81216K, reserved 495616K
  class space    used 11166K, committed 11520K, reserved 421888K
}
Event: 27.655 GC heap before
{Heap before GC invocations=30 (full 0):
 garbage-first heap   total 182272K, used 145408K [0x0000000080000000, 0x0000000100000000)
  region size 1024K, 65 young (66560K), 6 survivors (6144K)
 Metaspace       used 82559K, committed 83456K, reserved 495616K
  class space    used 11487K, committed 11904K, reserved 421888K
}
Event: 27.674 GC heap after
{Heap after GC invocations=31 (full 0):
 garbage-first heap   total 182272K, used 96256K [0x0000000080000000, 0x0000000100000000)
  region size 1024K, 9 young (9216K), 9 survivors (9216K)
 Metaspace       used 82559K, committed 83456K, reserved 495616K
  class space    used 11487K, committed 11904K, reserved 421888K
}
Event: 28.431 GC heap before
{Heap before GC invocations=31 (full 0):
 garbage-first heap   total 182272K, used 151552K [0x0000000080000000, 0x0000000100000000)
  region size 1024K, 56 young (57344K), 9 survivors (9216K)
 Metaspace       used 86174K, committed 87168K, reserved 503808K
  class space    used 11959K, committed 12416K, reserved 421888K
}
Event: 28.450 GC heap after
{Heap after GC invocations=32 (full 0):
 garbage-first heap   total 182272K, used 112640K [0x0000000080000000, 0x0000000100000000)
  region size 1024K, 7 young (7168K), 7 survivors (7168K)
 Metaspace       used 86174K, committed 87168K, reserved 503808K
  class space    used 11959K, committed 12416K, reserved 421888K
}
Event: 29.056 GC heap before
{Heap before GC invocations=32 (full 0):
 garbage-first heap   total 182272K, used 150528K [0x0000000080000000, 0x0000000100000000)
  region size 1024K, 41 young (41984K), 7 survivors (7168K)
 Metaspace       used 87306K, committed 88256K, reserved 503808K
  class space    used 12086K, committed 12544K, reserved 421888K
}
Event: 29.072 GC heap after
{Heap after GC invocations=33 (full 0):
 garbage-first heap   total 256000K, used 124323K [0x0000000080000000, 0x0000000100000000)
  region size 1024K, 6 young (6144K), 6 survivors (6144K)
 Metaspace       used 87306K, committed 88256K, reserved 503808K
  class space    used 12086K, committed 12544K, reserved 421888K
}
Event: 29.892 GC heap before
{Heap before GC invocations=33 (full 0):
 garbage-first heap   total 256000K, used 177571K [0x0000000080000000, 0x0000000100000000)
  region size 1024K, 59 young (60416K), 6 survivors (6144K)
 Metaspace       used 92001K, committed 93056K, reserved 503808K
  class space    used 12763K, committed 13312K, reserved 421888K
}
Event: 29.909 GC heap after
{Heap after GC invocations=34 (full 0):
 garbage-first heap   total 256000K, used 131673K [0x0000000080000000, 0x0000000100000000)
  region size 1024K, 7 young (7168K), 7 survivors (7168K)
 Metaspace       used 92001K, committed 93056K, reserved 503808K
  class space    used 12763K, committed 13312K, reserved 421888K
}
Event: 31.216 GC heap before
{Heap before GC invocations=35 (full 0):
 garbage-first heap   total 256000K, used 200281K [0x0000000080000000, 0x0000000100000000)
  region size 1024K, 74 young (75776K), 7 survivors (7168K)
 Metaspace       used 96256K, committed 97280K, reserved 512000K
  class space    used 13284K, committed 13760K, reserved 421888K
}
Event: 31.238 GC heap after
{Heap after GC invocations=36 (full 0):
 garbage-first heap   total 256000K, used 141085K [0x0000000080000000, 0x0000000100000000)
  region size 1024K, 10 young (10240K), 10 survivors (10240K)
 Metaspace       used 96256K, committed 97280K, reserved 512000K
  class space    used 13284K, committed 13760K, reserved 421888K
}
Event: 31.258 GC heap before
{Heap before GC invocations=36 (full 0):
 garbage-first heap   total 256000K, used 143133K [0x0000000080000000, 0x0000000100000000)
  region size 1024K, 12 young (12288K), 10 survivors (10240K)
 Metaspace       used 96325K, committed 97344K, reserved 512000K
  class space    used 13293K, committed 13760K, reserved 421888K
}
Event: 31.272 GC heap after
{Heap after GC invocations=37 (full 0):
 garbage-first heap   total 256000K, used 140975K [0x0000000080000000, 0x0000000100000000)
  region size 1024K, 2 young (2048K), 2 survivors (2048K)
 Metaspace       used 96325K, committed 97344K, reserved 512000K
  class space    used 13293K, committed 13760K, reserved 421888K
}
Event: 31.834 GC heap before
{Heap before GC invocations=37 (full 0):
 garbage-first heap   total 256000K, used 202415K [0x0000000080000000, 0x0000000100000000)
  region size 1024K, 62 young (63488K), 2 survivors (2048K)
 Metaspace       used 97001K, committed 98112K, reserved 512000K
  class space    used 13355K, committed 13824K, reserved 421888K
}
Event: 31.846 GC heap after
{Heap after GC invocations=38 (full 0):
 garbage-first heap   total 256000K, used 146695K [0x0000000080000000, 0x0000000100000000)
  region size 1024K, 7 young (7168K), 7 survivors (7168K)
 Metaspace       used 97001K, committed 98112K, reserved 512000K
  class space    used 13355K, committed 13824K, reserved 421888K
}
Event: 32.519 GC heap before
{Heap before GC invocations=39 (full 0):
 garbage-first heap   total 273408K, used 204039K [0x0000000080000000, 0x0000000100000000)
  region size 1024K, 63 young (64512K), 7 survivors (7168K)
 Metaspace       used 99281K, committed 100352K, reserved 512000K
  class space    used 13613K, committed 14080K, reserved 421888K
}
Event: 32.533 GC heap after
{Heap after GC invocations=40 (full 0):
 garbage-first heap   total 273408K, used 151857K [0x0000000080000000, 0x0000000100000000)
  region size 1024K, 6 young (6144K), 6 survivors (6144K)
 Metaspace       used 99281K, committed 100352K, reserved 512000K
  class space    used 13613K, committed 14080K, reserved 421888K
}
Event: 32.572 GC heap before
{Heap before GC invocations=40 (full 0):
 garbage-first heap   total 273408K, used 158001K [0x0000000080000000, 0x0000000100000000)
  region size 1024K, 13 young (13312K), 6 survivors (6144K)
 Metaspace       used 99396K, committed 100480K, reserved 512000K
  class space    used 13628K, committed 14144K, reserved 421888K
}

Dll operation events (12 events):
Event: 0.007 Loaded shared library C:\Program Files\Eclipse Adoptium\jdk-17.0.6.10-hotspot\bin\java.dll
Event: 0.016 Loaded shared library C:\Program Files\Eclipse Adoptium\jdk-17.0.6.10-hotspot\bin\jsvml.dll
Event: 0.067 Loaded shared library C:\Program Files\Eclipse Adoptium\jdk-17.0.6.10-hotspot\bin\net.dll
Event: 0.069 Loaded shared library C:\Program Files\Eclipse Adoptium\jdk-17.0.6.10-hotspot\bin\nio.dll
Event: 0.074 Loaded shared library C:\Program Files\Eclipse Adoptium\jdk-17.0.6.10-hotspot\bin\zip.dll
Event: 0.278 Loaded shared library C:\Program Files\Eclipse Adoptium\jdk-17.0.6.10-hotspot\bin\jimage.dll
Event: 0.382 Loaded shared library C:\Program Files\Eclipse Adoptium\jdk-17.0.6.10-hotspot\bin\verify.dll
Event: 0.575 Loaded shared library C:\Users\songe\.gradle\native\e1d6ef7f7dcc3fd88c89a11ec53ec762bb8ba0a96d01ffa2cd45eb1d1d8dd5c5\windows-amd64\native-platform.dll
Event: 0.581 Loaded shared library C:\Users\songe\.gradle\native\0d407fdbe67a94daf76414ababcb853783967236a71b16ec16e742cd7a986fd3\windows-amd64\native-platform-file-events.dll
Event: 1.488 Loaded shared library C:\Program Files\Eclipse Adoptium\jdk-17.0.6.10-hotspot\bin\management.dll
Event: 1.491 Loaded shared library C:\Program Files\Eclipse Adoptium\jdk-17.0.6.10-hotspot\bin\management_ext.dll
Event: 1.995 Loaded shared library C:\Program Files\Eclipse Adoptium\jdk-17.0.6.10-hotspot\bin\sunmscapi.dll

Deoptimization events (20 events):
Event: 32.092 Thread 0x0000023d66d67060 Uncommon trap: trap_request=0xffffff45 fr.pc=0x0000023d5669a994 relative=0x00000000000022b4
Event: 32.092 Thread 0x0000023d66d67060 Uncommon trap: reason=unstable_if action=reinterpret pc=0x0000023d5669a994 method=org.gradle.api.internal.file.FileOrUriNotationConverter.convert(Ljava/lang/Object;Lorg/gradle/internal/typeconversion/NotationConvertResult;)V @ 42 c2
Event: 32.092 Thread 0x0000023d66d67060 DEOPT PACKING pc=0x0000023d5669a994 sp=0x0000008db6df8d20
Event: 32.092 Thread 0x0000023d66d67060 DEOPT UNPACKING pc=0x0000023d55a969a3 sp=0x0000008db6df8d00 mode 2
Event: 32.128 Thread 0x0000023d66d67060 Uncommon trap: trap_request=0xffffffc6 fr.pc=0x0000023d565df13c relative=0x0000000000000b5c
Event: 32.129 Thread 0x0000023d66d67060 Uncommon trap: reason=bimorphic_or_optimized_type_check action=maybe_recompile pc=0x0000023d565df13c method=java.util.HashMap.removeNode(ILjava/lang/Object;Ljava/lang/Object;ZZ)Ljava/util/HashMap$Node; @ 143 c2
Event: 32.129 Thread 0x0000023d66d67060 DEOPT PACKING pc=0x0000023d565df13c sp=0x0000008db6dfa800
Event: 32.129 Thread 0x0000023d66d67060 DEOPT UNPACKING pc=0x0000023d55a969a3 sp=0x0000008db6dfa718 mode 2
Event: 32.475 Thread 0x0000023d66d67060 Uncommon trap: trap_request=0xffffffc6 fr.pc=0x0000023d565df13c relative=0x0000000000000b5c
Event: 32.475 Thread 0x0000023d66d67060 Uncommon trap: reason=bimorphic_or_optimized_type_check action=maybe_recompile pc=0x0000023d565df13c method=java.util.HashMap.removeNode(ILjava/lang/Object;Ljava/lang/Object;ZZ)Ljava/util/HashMap$Node; @ 143 c2
Event: 32.475 Thread 0x0000023d66d67060 DEOPT PACKING pc=0x0000023d565df13c sp=0x0000008db6dfa800
Event: 32.475 Thread 0x0000023d66d67060 DEOPT UNPACKING pc=0x0000023d55a969a3 sp=0x0000008db6dfa718 mode 2
Event: 32.475 Thread 0x0000023d66d67060 Uncommon trap: trap_request=0xffffffc6 fr.pc=0x0000023d565df13c relative=0x0000000000000b5c
Event: 32.475 Thread 0x0000023d66d67060 Uncommon trap: reason=bimorphic_or_optimized_type_check action=maybe_recompile pc=0x0000023d565df13c method=java.util.HashMap.removeNode(ILjava/lang/Object;Ljava/lang/Object;ZZ)Ljava/util/HashMap$Node; @ 143 c2
Event: 32.475 Thread 0x0000023d66d67060 DEOPT PACKING pc=0x0000023d565df13c sp=0x0000008db6dfa800
Event: 32.476 Thread 0x0000023d66d67060 DEOPT UNPACKING pc=0x0000023d55a969a3 sp=0x0000008db6dfa718 mode 2
Event: 32.476 Thread 0x0000023d66d67060 Uncommon trap: trap_request=0xffffffc6 fr.pc=0x0000023d565df13c relative=0x0000000000000b5c
Event: 32.476 Thread 0x0000023d66d67060 Uncommon trap: reason=bimorphic_or_optimized_type_check action=maybe_recompile pc=0x0000023d565df13c method=java.util.HashMap.removeNode(ILjava/lang/Object;Ljava/lang/Object;ZZ)Ljava/util/HashMap$Node; @ 143 c2
Event: 32.476 Thread 0x0000023d66d67060 DEOPT PACKING pc=0x0000023d565df13c sp=0x0000008db6dfa800
Event: 32.476 Thread 0x0000023d66d67060 DEOPT UNPACKING pc=0x0000023d55a969a3 sp=0x0000008db6dfa718 mode 2

Classes unloaded (0 events):
No events

Classes redefined (0 events):
No events

Internal exceptions (20 events):
Event: 29.280 Thread 0x0000023d66d67060 Exception <a 'java/lang/ClassNotFoundException'{0x000000008ed600e8}: org/jetbrains/kotlin/gradle/plugin/sources/DefaultKotlinSourceSetCustomizer> (0x000000008ed600e8) 
thrown [s\src\hotspot\share\classfile\systemDictionary.cpp, line 256]
Event: 29.370 Thread 0x0000023d66d67060 Exception <a 'java/lang/NoClassDefFoundError'{0x000000008e8f9688}: org/jetbrains/kotlin/gradle/plugin/KotlinBasePluginWrapper> (0x000000008e8f9688) 
thrown [s\src\hotspot\share\oops\constantPool.cpp, line 835]
Event: 29.429 Thread 0x0000023d66d67060 Exception <a 'java/lang/ClassNotFoundException'{0x000000008e5d9a50}: build_7195qoxgpxz7g3rk1m7psgj6aBeanInfo> (0x000000008e5d9a50) 
thrown [s\src\hotspot\share\classfile\systemDictionary.cpp, line 256]
Event: 29.429 Thread 0x0000023d66d67060 Exception <a 'java/lang/ClassNotFoundException'{0x000000008e5e02d0}: build_7195qoxgpxz7g3rk1m7psgj6aCustomizer> (0x000000008e5e02d0) 
thrown [s\src\hotspot\share\classfile\systemDictionary.cpp, line 256]
Event: 29.439 Thread 0x0000023d66d67060 Exception <a 'java/lang/ClassNotFoundException'{0x000000008e469590}: build_7195qoxgpxz7g3rk1m7psgj6aBeanInfo> (0x000000008e469590) 
thrown [s\src\hotspot\share\classfile\systemDictionary.cpp, line 256]
Event: 29.440 Thread 0x0000023d66d67060 Exception <a 'java/lang/ClassNotFoundException'{0x000000008e46fdb0}: build_7195qoxgpxz7g3rk1m7psgj6aCustomizer> (0x000000008e46fdb0) 
thrown [s\src\hotspot\share\classfile\systemDictionary.cpp, line 256]
Event: 29.466 Thread 0x0000023d66d67060 Exception <a 'java/lang/ClassNotFoundException'{0x000000008e3de928}: build_7195qoxgpxz7g3rk1m7psgj6a$_run_closure1BeanInfo> (0x000000008e3de928) 
thrown [s\src\hotspot\share\classfile\systemDictionary.cpp, line 256]
Event: 29.467 Thread 0x0000023d66d67060 Exception <a 'java/lang/ClassNotFoundException'{0x000000008e3e7840}: build_7195qoxgpxz7g3rk1m7psgj6a$_run_closure1Customizer> (0x000000008e3e7840) 
thrown [s\src\hotspot\share\classfile\systemDictionary.cpp, line 256]
Event: 29.504 Thread 0x0000023d66d67060 Exception <a 'java/lang/NoClassDefFoundError'{0x000000008e056be0}: org/jetbrains/kotlin/gradle/plugin/KotlinBasePluginWrapper> (0x000000008e056be0) 
thrown [s\src\hotspot\share\oops\constantPool.cpp, line 835]
Event: 29.508 Thread 0x0000023d66d67060 Implicit null exception at 0x0000023d563a6ac8 to 0x0000023d563a719c
Event: 29.508 Thread 0x0000023d66d67060 Implicit null exception at 0x0000023d56236660 to 0x0000023d562366f8
Event: 29.725 Thread 0x0000023d66d67060 Exception <a 'sun/nio/fs/WindowsException'{0x000000008d05bae8}> (0x000000008d05bae8) 
thrown [s\src\hotspot\share\prims\jni.cpp, line 516]
Event: 29.837 Thread 0x0000023d66d67060 Exception <a 'java/lang/NullPointerException'{0x000000008c96cce8}> (0x000000008c96cce8) 
thrown [s\src\hotspot\share\interpreter\linkResolver.cpp, line 1433]
Event: 29.974 Thread 0x0000023d66d67060 Implicit null exception at 0x0000023d564696d0 to 0x0000023d5646bc58
Event: 30.338 Thread 0x0000023d66d67060 Exception <a 'sun/nio/fs/WindowsException'{0x000000008ef09390}> (0x000000008ef09390) 
thrown [s\src\hotspot\share\prims\jni.cpp, line 516]
Event: 30.340 Thread 0x0000023d66d67060 Exception <a 'sun/nio/fs/WindowsException'{0x000000008ef0a720}> (0x000000008ef0a720) 
thrown [s\src\hotspot\share\prims\jni.cpp, line 516]
Event: 30.340 Thread 0x0000023d66d67060 Exception <a 'sun/nio/fs/WindowsException'{0x000000008ef0bae8}> (0x000000008ef0bae8) 
thrown [s\src\hotspot\share\prims\jni.cpp, line 516]
Event: 30.340 Thread 0x0000023d66d67060 Exception <a 'sun/nio/fs/WindowsException'{0x000000008ef0ceb0}> (0x000000008ef0ceb0) 
thrown [s\src\hotspot\share\prims\jni.cpp, line 516]
Event: 30.950 Thread 0x0000023d66d67060 Implicit null exception at 0x0000023d563ffc72 to 0x0000023d564003a4
Event: 31.238 Thread 0x0000023d645b4540 Implicit null exception at 0x0000023d56241900 to 0x0000023d56241f7c

VM Operations (20 events):
Event: 31.238 Executing VM operation: G1CollectForAllocation done
Event: 31.258 Executing VM operation: G1CollectForAllocation
Event: 31.272 Executing VM operation: G1CollectForAllocation done
Event: 31.383 Executing VM operation: ICBufferFull
Event: 31.383 Executing VM operation: ICBufferFull done
Event: 31.637 Executing VM operation: ICBufferFull
Event: 31.637 Executing VM operation: ICBufferFull done
Event: 31.747 Executing VM operation: HandshakeAllThreads
Event: 31.747 Executing VM operation: HandshakeAllThreads done
Event: 31.801 Executing VM operation: ICBufferFull
Event: 31.801 Executing VM operation: ICBufferFull done
Event: 31.834 Executing VM operation: G1CollectForAllocation
Event: 31.846 Executing VM operation: G1CollectForAllocation done
Event: 32.138 Executing VM operation: G1Concurrent
Event: 32.145 Executing VM operation: G1Concurrent done
Event: 32.292 Executing VM operation: G1Concurrent
Event: 32.293 Executing VM operation: G1Concurrent done
Event: 32.519 Executing VM operation: G1CollectForAllocation
Event: 32.533 Executing VM operation: G1CollectForAllocation done
Event: 32.572 Executing VM operation: G1CollectForAllocation

Events (20 events):
Event: 30.579 loading class javax/management/InstanceAlreadyExistsException done
Event: 30.579 loading class javax/management/MBeanRegistrationException
Event: 30.579 loading class javax/management/MBeanRegistrationException done
Event: 30.579 loading class javax/management/NotCompliantMBeanException
Event: 30.579 loading class javax/management/NotCompliantMBeanException done
Event: 30.936 Thread 0x0000023d645fbc30 flushing nmethod 0x0000023d4e522f10
Event: 30.936 Thread 0x0000023d645fbc30 flushing nmethod 0x0000023d4e63cf90
Event: 30.938 Thread 0x0000023d645fbc30 flushing nmethod 0x0000023d4e88a390
Event: 30.939 Thread 0x0000023d645fbc30 flushing nmethod 0x0000023d4e94c790
Event: 30.939 Thread 0x0000023d645fbc30 flushing nmethod 0x0000023d4e94ce10
Event: 30.941 Thread 0x0000023d645fbc30 flushing nmethod 0x0000023d4ec03f10
Event: 30.941 Thread 0x0000023d645fbc30 flushing nmethod 0x0000023d4ec76910
Event: 30.941 Thread 0x0000023d645fbc30 flushing nmethod 0x0000023d4ec7e590
Event: 30.941 Thread 0x0000023d645fbc30 flushing nmethod 0x0000023d4ec82490
Event: 30.941 Thread 0x0000023d645fbc30 flushing nmethod 0x0000023d4ed01b10
Event: 30.944 Thread 0x0000023d645fbc30 flushing nmethod 0x0000023d4f0c3810
Event: 30.944 Thread 0x0000023d645fbc30 flushing nmethod 0x0000023d4f14ac90
Event: 30.944 Thread 0x0000023d645fbc30 flushing nmethod 0x0000023d4f14b990
Event: 30.944 Thread 0x0000023d645fbc30 flushing nmethod 0x0000023d4f14ce10
Event: 30.947 Thread 0x0000023d645fbc30 flushing nmethod 0x0000023d4f466990


Dynamic libraries:
0x00007ff639b50000 - 0x00007ff639b5e000 	C:\Program Files\Eclipse Adoptium\jdk-17.0.6.10-hotspot\bin\java.exe
0x00007ffa5d910000 - 0x00007ffa5db08000 	C:\WINDOWS\SYSTEM32\ntdll.dll
0x00007ffa5c930000 - 0x00007ffa5c9ef000 	C:\WINDOWS\System32\KERNEL32.DLL
0x00007ffa5b330000 - 0x00007ffa5b626000 	C:\WINDOWS\System32\KERNELBASE.dll
0x00007ffa5b700000 - 0x00007ffa5b800000 	C:\WINDOWS\System32\ucrtbase.dll
0x00007ffa53d00000 - 0x00007ffa53d17000 	C:\Program Files\Eclipse Adoptium\jdk-17.0.6.10-hotspot\bin\jli.dll
0x00007ffa46250000 - 0x00007ffa46269000 	C:\Program Files\Eclipse Adoptium\jdk-17.0.6.10-hotspot\bin\VCRUNTIME140.dll
0x00007ffa5bad0000 - 0x00007ffa5bc6d000 	C:\WINDOWS\System32\USER32.dll
0x00007ffa5b6d0000 - 0x00007ffa5b6f2000 	C:\WINDOWS\System32\win32u.dll
0x00007ffa5c580000 - 0x00007ffa5c5ac000 	C:\WINDOWS\System32\GDI32.dll
0x00007ffa47e70000 - 0x00007ffa4810a000 	C:\WINDOWS\WinSxS\amd64_microsoft.windows.common-controls_6595b64144ccf1df_6.0.19041.1110_none_60b5254171f9507e\COMCTL32.dll
0x00007ffa5b850000 - 0x00007ffa5b965000 	C:\WINDOWS\System32\gdi32full.dll
0x00007ffa5b200000 - 0x00007ffa5b29d000 	C:\WINDOWS\System32\msvcp_win.dll
0x00007ffa5d830000 - 0x00007ffa5d8ce000 	C:\WINDOWS\System32\msvcrt.dll
0x00007ffa5c7c0000 - 0x00007ffa5c7f0000 	C:\WINDOWS\System32\IMM32.DLL
0x00007ffa462d0000 - 0x00007ffa462dc000 	C:\Program Files\Eclipse Adoptium\jdk-17.0.6.10-hotspot\bin\vcruntime140_1.dll
0x00007ffa3ff20000 - 0x00007ffa3ffb1000 	C:\Program Files\Eclipse Adoptium\jdk-17.0.6.10-hotspot\bin\msvcp140.dll
0x00007ffa1b020000 - 0x00007ffa1bc67000 	C:\Program Files\Eclipse Adoptium\jdk-17.0.6.10-hotspot\bin\server\jvm.dll
0x00007ffa5d140000 - 0x00007ffa5d1ef000 	C:\WINDOWS\System32\ADVAPI32.dll
0x00007ffa5b980000 - 0x00007ffa5ba1c000 	C:\WINDOWS\System32\sechost.dll
0x00007ffa5d700000 - 0x00007ffa5d826000 	C:\WINDOWS\System32\RPCRT4.dll
0x00007ffa47db0000 - 0x00007ffa47dd7000 	C:\WINDOWS\SYSTEM32\WINMM.dll
0x00007ffa47120000 - 0x00007ffa47129000 	C:\WINDOWS\SYSTEM32\WSOCK32.dll
0x00007ffa55750000 - 0x00007ffa5575a000 	C:\WINDOWS\SYSTEM32\VERSION.dll
0x00007ffa5c860000 - 0x00007ffa5c8cb000 	C:\WINDOWS\System32\WS2_32.dll
0x00007ffa59820000 - 0x00007ffa59832000 	C:\WINDOWS\SYSTEM32\kernel.appcore.dll
0x00007ffa45f80000 - 0x00007ffa45f8a000 	C:\Program Files\Eclipse Adoptium\jdk-17.0.6.10-hotspot\bin\jimage.dll
0x00007ffa59530000 - 0x00007ffa59714000 	C:\WINDOWS\SYSTEM32\DBGHELP.DLL
0x00007ffa40fb0000 - 0x00007ffa40fe4000 	C:\WINDOWS\SYSTEM32\dbgcore.DLL
0x00007ffa5b2a0000 - 0x00007ffa5b322000 	C:\WINDOWS\System32\bcryptPrimitives.dll
0x00007ffa40900000 - 0x00007ffa40925000 	C:\Program Files\Eclipse Adoptium\jdk-17.0.6.10-hotspot\bin\java.dll
0x00007ffa2cb00000 - 0x00007ffa2cbd6000 	C:\Program Files\Eclipse Adoptium\jdk-17.0.6.10-hotspot\bin\jsvml.dll
0x00007ffa5c9f0000 - 0x00007ffa5d134000 	C:\WINDOWS\System32\SHELL32.dll
0x00007ffa586b0000 - 0x00007ffa58e43000 	C:\WINDOWS\SYSTEM32\windows.storage.dll
0x00007ffa5d1f0000 - 0x00007ffa5d544000 	C:\WINDOWS\System32\combase.dll
0x00007ffa5aa50000 - 0x00007ffa5aa7e000 	C:\WINDOWS\SYSTEM32\Wldp.dll
0x00007ffa5ba20000 - 0x00007ffa5bacd000 	C:\WINDOWS\System32\SHCORE.dll
0x00007ffa5c680000 - 0x00007ffa5c6d5000 	C:\WINDOWS\System32\shlwapi.dll
0x00007ffa5af30000 - 0x00007ffa5af4f000 	C:\WINDOWS\SYSTEM32\profapi.dll
0x00007ffa3ff00000 - 0x00007ffa3ff19000 	C:\Program Files\Eclipse Adoptium\jdk-17.0.6.10-hotspot\bin\net.dll
0x00007ffa49220000 - 0x00007ffa4932a000 	C:\WINDOWS\SYSTEM32\WINHTTP.dll
0x00007ffa5a7b0000 - 0x00007ffa5a81a000 	C:\WINDOWS\system32\mswsock.dll
0x00007ffa3fee0000 - 0x00007ffa3fef5000 	C:\Program Files\Eclipse Adoptium\jdk-17.0.6.10-hotspot\bin\nio.dll
0x00007ffa3fec0000 - 0x00007ffa3fed8000 	C:\Program Files\Eclipse Adoptium\jdk-17.0.6.10-hotspot\bin\zip.dll
0x00007ffa40cb0000 - 0x00007ffa40cc0000 	C:\Program Files\Eclipse Adoptium\jdk-17.0.6.10-hotspot\bin\verify.dll
0x00007ffa32b90000 - 0x00007ffa32bb7000 	C:\Users\songe\.gradle\native\e1d6ef7f7dcc3fd88c89a11ec53ec762bb8ba0a96d01ffa2cd45eb1d1d8dd5c5\windows-amd64\native-platform.dll
0x00007ffa26980000 - 0x00007ffa26ac4000 	C:\Users\songe\.gradle\native\0d407fdbe67a94daf76414ababcb853783967236a71b16ec16e742cd7a986fd3\windows-amd64\native-platform-file-events.dll
0x00007ffa40b00000 - 0x00007ffa40b09000 	C:\Program Files\Eclipse Adoptium\jdk-17.0.6.10-hotspot\bin\management.dll
0x00007ffa40ad0000 - 0x00007ffa40adb000 	C:\Program Files\Eclipse Adoptium\jdk-17.0.6.10-hotspot\bin\management_ext.dll
0x00007ffa5b970000 - 0x00007ffa5b978000 	C:\WINDOWS\System32\PSAPI.DLL
0x00007ffa5a9a0000 - 0x00007ffa5a9b8000 	C:\WINDOWS\SYSTEM32\CRYPTSP.dll
0x00007ffa5a060000 - 0x00007ffa5a094000 	C:\WINDOWS\system32\rsaenh.dll
0x00007ffa5b630000 - 0x00007ffa5b657000 	C:\WINDOWS\System32\bcrypt.dll
0x00007ffa5aef0000 - 0x00007ffa5af1e000 	C:\WINDOWS\SYSTEM32\USERENV.dll
0x00007ffa5a9c0000 - 0x00007ffa5a9cc000 	C:\WINDOWS\SYSTEM32\CRYPTBASE.dll
0x00007ffa5a450000 - 0x00007ffa5a48c000 	C:\WINDOWS\SYSTEM32\IPHLPAPI.DLL
0x00007ffa5c240000 - 0x00007ffa5c248000 	C:\WINDOWS\System32\NSI.dll
0x00007ffa494d0000 - 0x00007ffa494e7000 	C:\WINDOWS\SYSTEM32\dhcpcsvc6.DLL
0x00007ffa4a680000 - 0x00007ffa4a69d000 	C:\WINDOWS\SYSTEM32\dhcpcsvc.DLL
0x00007ffa5a490000 - 0x00007ffa5a55b000 	C:\WINDOWS\SYSTEM32\DNSAPI.dll
0x00007ffa407f0000 - 0x00007ffa407fe000 	C:\Program Files\Eclipse Adoptium\jdk-17.0.6.10-hotspot\bin\sunmscapi.dll
0x00007ffa5aff0000 - 0x00007ffa5b14e000 	C:\WINDOWS\System32\CRYPT32.dll
0x00007ffa5aac0000 - 0x00007ffa5aae8000 	C:\WINDOWS\SYSTEM32\ncrypt.dll
0x00007ffa5aa80000 - 0x00007ffa5aabb000 	C:\WINDOWS\SYSTEM32\NTASN1.dll
0x00007ffa553d0000 - 0x00007ffa553d7000 	C:\WINDOWS\system32\wshunix.dll

dbghelp: loaded successfully - version: 4.0.5 - missing functions: none
symbol engine: initialized successfully - sym options: 0x614 - pdb path: .;C:\Program Files\Eclipse Adoptium\jdk-17.0.6.10-hotspot\bin;C:\WINDOWS\SYSTEM32;C:\WINDOWS\WinSxS\amd64_microsoft.windows.common-controls_6595b64144ccf1df_6.0.19041.1110_none_60b5254171f9507e;C:\Program Files\Eclipse Adoptium\jdk-17.0.6.10-hotspot\bin\server;C:\Users\songe\.gradle\native\e1d6ef7f7dcc3fd88c89a11ec53ec762bb8ba0a96d01ffa2cd45eb1d1d8dd5c5\windows-amd64;C:\Users\songe\.gradle\native\0d407fdbe67a94daf76414ababcb853783967236a71b16ec16e742cd7a986fd3\windows-amd64

VM Arguments:
jvm_args: -XX:MaxMetaspaceSize=512m --add-opens=java.base/java.util=ALL-UNNAMED --add-opens=java.base/java.lang=ALL-UNNAMED --add-opens=java.base/java.lang.invoke=ALL-UNNAMED --add-opens=java.base/java.util=ALL-UNNAMED --add-opens=java.prefs/java.util.prefs=ALL-UNNAMED --add-opens=java.prefs/java.util.prefs=ALL-UNNAMED --add-opens=java.base/java.nio.charset=ALL-UNNAMED --add-opens=java.base/java.net=ALL-UNNAMED --add-opens=java.base/java.util.concurrent.atomic=ALL-UNNAMED -Xmx2048m -Dfile.encoding=windows-1252 -Duser.country=ZA -Duser.language=en -Duser.variant 
java_command: org.gradle.launcher.daemon.bootstrap.GradleDaemon 7.5.1
java_class_path (initial): C:\Users\songe\.gradle\wrapper\dists\gradle-7.5.1-all\1ehga6e77gqps5uk2kc5kf1vc\gradle-7.5.1\lib\gradle-launcher-7.5.1.jar
Launcher Type: SUN_STANDARD

[Global flags]
     intx CICompilerCount                          = 3                                         {product} {ergonomic}
   size_t CompressedClassSpaceSize                 = 432013312                                 {product} {ergonomic}
     uint ConcGCThreads                            = 1                                         {product} {ergonomic}
     uint G1ConcRefinementThreads                  = 4                                         {product} {ergonomic}
   size_t G1HeapRegionSize                         = 1048576                                   {product} {ergonomic}
    uintx GCDrainStackTargetSize                   = 64                                        {product} {ergonomic}
   size_t InitialHeapSize                          = 134217728                                 {product} {ergonomic}
   size_t MarkStackSize                            = 4194304                                   {product} {ergonomic}
   size_t MaxHeapSize                              = 2147483648                                {product} {command line}
   size_t MaxMetaspaceSize                         = 536870912                                 {product} {command line}
   size_t MaxNewSize                               = 1287651328                                {product} {ergonomic}
   size_t MinHeapDeltaBytes                        = 1048576                                   {product} {ergonomic}
   size_t MinHeapSize                              = 8388608                                   {product} {ergonomic}
    uintx NonNMethodCodeHeapSize                   = 5832780                                {pd product} {ergonomic}
    uintx NonProfiledCodeHeapSize                  = 122912730                              {pd product} {ergonomic}
    uintx ProfiledCodeHeapSize                     = 122912730                              {pd product} {ergonomic}
    uintx ReservedCodeCacheSize                    = 251658240                              {pd product} {ergonomic}
     bool SegmentedCodeCache                       = true                                      {product} {ergonomic}
   size_t SoftMaxHeapSize                          = 2147483648                             {manageable} {ergonomic}
     bool UseCompressedClassPointers               = true                           {product lp64_product} {ergonomic}
     bool UseCompressedOops                        = true                           {product lp64_product} {ergonomic}
     bool UseG1GC                                  = true                                      {product} {ergonomic}
     bool UseLargePagesIndividualAllocation        = false                                  {pd product} {ergonomic}

Logging:
Log output configuration:
 #0: stdout all=warning uptime,level,tags
 #1: stderr all=off uptime,level,tags

Environment Variables:
JAVA_HOME=C:\Program Files\Eclipse Adoptium\jdk-17.0.6.10-hotspot
CLASSPATH=C:\Users\songe\Development\react-native\SAMS\android\\gradle\wrapper\gradle-wrapper.jar
PATH=C:\Users\songe\Development\react-native\SAMS\android\node_modules\.bin;C:\Users\songe\Development\react-native\SAMS\node_modules\.bin;C:\Users\songe\Development\react-native\node_modules\.bin;C:\Users\songe\Development\node_modules\.bin;C:\Users\songe\node_modules\.bin;C:\Users\node_modules\.bin;C:\node_modules\.bin;C:\Program Files\nodejs;C:\Users\songe\Development\react-native\SAMS\node_modules\.bin;C:\Users\songe\Development\react-native\SAMS\node_modules\.bin;C:\Users\songe\Development\react-native\node_modules\.bin;C:\Users\songe\Development\node_modules\.bin;C:\Users\songe\node_modules\.bin;C:\Users\node_modules\.bin;C:\node_modules\.bin;C:\Program Files\nodejs\node_modules\npm\node_modules\@npmcli\run-script\lib\node-gyp-bin;C:\Users\songe\Development\react-native\SAMS\node_modules\.bin;C:\Users\songe\Development\react-native\node_modules\.bin;C:\Users\songe\Development\node_modules\.bin;C:\Users\songe\node_modules\.bin;C:\Users\node_modules\.bin;C:\node_modules\.bin;C:\Program Files\nodejs;C:\Users\songe\Development\react-native\SAMS\node_modules\.bin;C:\Users\songe\Development\react-native\node_modules\.bin;C:\Users\songe\Development\node_modules\.bin;C:\Users\songe\node_modules\.bin;C:\Users\node_modules\.bin;C:\node_modules\.bin;C:\Program Files\nodejs\node_modules\npm\node_modules\@npmcli\run-script\lib\node-gyp-bin;C:\Program Files\Eclipse Adoptium\jdk-17.0.6.10-hotspot\bin;C:\Program Files (x86)\Intel\Intel(R) Management Engine Components\iCLS\;C:\Program Files\Intel\Intel(R) Management Engine Components\iCLS\;C:\Windows\system32;C:\Windows;C:\Windows\System32\Wbem;C:\Windows\System32\WindowsPowerShell\v1.0\;C:\Program Files (x86)\NVIDIA Corporation\PhysX\Common;C:\Program Files (x86)\Intel\Intel(R) Management Engine Components\DAL;C:\Program Files\Intel\Intel(R) Management Engine Components\DAL;C:\Program Files (x86)\Intel\Intel(R) Management Engine Components\IPT;C:\Program Files\Intel\Intel(R) Management Engine Components\IPT;C:\Program Files\Inte
USERNAME=songe
OS=Windows_NT
PROCESSOR_IDENTIFIER=Intel64 Family 6 Model 142 Stepping 9, GenuineIntel
TMP=C:\Users\songe\AppData\Local\Temp
TEMP=C:\Users\songe\AppData\Local\Temp



---------------  S Y S T E M  ---------------

OS:
 Windows 10 , 64 bit Build 19041 (10.0.19041.2913)
OS uptime: 0 days 11:38 hours

CPU: total 4 (initial active 4) (2 cores per cpu, 2 threads per core) family 6 model 142 stepping 9 microcode 0xf0, cx8, cmov, fxsr, ht, mmx, 3dnowpref, sse, sse2, sse3, ssse3, sse4.1, sse4.2, popcnt, lzcnt, tsc, tscinvbit, avx, avx2, aes, erms, clmul, bmi1, bmi2, adx, fma, vzeroupper, clflush, clflushopt

Memory: 4k page, system-wide physical 8089M (611M free)
TotalPageFile size 11089M (AvailPageFile size 128M)
current process WorkingSet (physical memory assigned to process): 555M, peak: 557M
current process commit charge ("private bytes"): 589M, peak: 856M

vm_info: OpenJDK 64-Bit Server VM (17.0.6+10) for windows-amd64 JRE (17.0.6+10), built on Jan 18 2023 10:08:59 by "temurin" with MS VC++ 16.7 (VS2019)

END.
