#
# There is insufficient memory for the Java Runtime Environment to continue.
# Native memory allocation (mmap) failed to map 318767104 bytes for G1 virtual space
# Possible reasons:
#   The system is out of physical RAM or swap space
#   The process is running with CompressedOops enabled, and the Java Heap may be blocking the growth of the native heap
# Possible solutions:
#   Reduce memory load on the system
#   Increase physical memory or swap space
#   Check if swap backing store is full
#   Decrease Java heap size (-Xmx/-Xms)
#   Decrease number of Java threads
#   Decrease Java thread stack sizes (-Xss)
#   Set larger code cache with -XX:ReservedCodeCacheSize=
#   JVM is running with Unscaled Compressed Oops mode in which the Java heap is
#     placed in the first 4GB address space. The Java Heap base address is the
#     maximum limit for the native heap growth. Please use -XX:HeapBaseMinAddress
#     to set the Java Heap base and to place the Java Heap above 4GB virtual address.
# This output file may be truncated or incomplete.
#
#  Out of Memory Error (os_windows.cpp:3557), pid=4904, tid=14312
#
# JRE version: OpenJDK Runtime Environment Temurin-17.0.6+10 (17.0.6+10) (build 17.0.6+10)
# Java VM: OpenJDK 64-Bit Server VM Temurin-17.0.6+10 (17.0.6+10, mixed mode, sharing, tiered, compressed oops, compressed class ptrs, g1 gc, windows-amd64)
# No core dump will be written. Minidumps are not enabled by default on client versions of Windows
#

---------------  S U M M A R Y ------------

Command Line: -XX:MaxMetaspaceSize=512m --add-opens=java.base/java.util=ALL-UNNAMED --add-opens=java.base/java.lang=ALL-UNNAMED --add-opens=java.base/java.lang.invoke=ALL-UNNAMED --add-opens=java.base/java.util=ALL-UNNAMED --add-opens=java.prefs/java.util.prefs=ALL-UNNAMED --add-opens=java.prefs/java.util.prefs=ALL-UNNAMED --add-opens=java.base/java.nio.charset=ALL-UNNAMED --add-opens=java.base/java.net=ALL-UNNAMED --add-opens=java.base/java.util.concurrent.atomic=ALL-UNNAMED -Xmx2048m -Dfile.encoding=windows-1252 -Duser.country=ZA -Duser.language=en -Duser.variant org.gradle.launcher.daemon.bootstrap.GradleDaemon 7.5.1

Host: Intel(R) Core(TM) i7-7500U CPU @ 2.70GHz, 4 cores, 7G,  Windows 10 , 64 bit Build 19041 (10.0.19041.2913)
Time: Thu May 11 18:04:21 2023 South Africa Standard Time elapsed time: 54.427967 seconds (0d 0h 0m 54s)

---------------  T H R E A D  ---------------

Current thread (0x0000015232241070):  VMThread "VM Thread" [stack: 0x0000001d81b00000,0x0000001d81c00000] [id=14312]

Stack: [0x0000001d81b00000,0x0000001d81c00000]
Native frames: (J=compiled Java code, j=interpreted, Vv=VM code, C=native code)
V  [jvm.dll+0x67741a]
V  [jvm.dll+0x834434]
V  [jvm.dll+0x835bde]
V  [jvm.dll+0x836243]
V  [jvm.dll+0x2457b5]
V  [jvm.dll+0x674329]
V  [jvm.dll+0x6689da]
V  [jvm.dll+0x30489b]
V  [jvm.dll+0x30bd96]
V  [jvm.dll+0x35b57e]
V  [jvm.dll+0x35b7af]
V  [jvm.dll+0x2db778]
V  [jvm.dll+0x2d9a2c]
V  [jvm.dll+0x2d8ffc]
V  [jvm.dll+0x31cdcb]
V  [jvm.dll+0x83a6eb]
V  [jvm.dll+0x83b424]
V  [jvm.dll+0x83b93c]
V  [jvm.dll+0x83bd14]
V  [jvm.dll+0x83bde0]
V  [jvm.dll+0x7e483a]
V  [jvm.dll+0x6762c5]
C  [ucrtbase.dll+0x21bb2]
C  [KERNEL32.DLL+0x17614]
C  [ntdll.dll+0x526a1]

VM_Operation (0x0000001d835fe3e0): G1CollectForAllocation, mode: safepoint, requested by thread 0x00000152341314a0


---------------  P R O C E S S  ---------------

Threads class SMR info:
_java_thread_list=0x00000152347da780, length=93, elements={
0x00000152146c1090, 0x0000015232244b80, 0x0000015232245900, 0x0000015232261540,
0x0000015232263e10, 0x00000152322646d0, 0x0000015232264f90, 0x0000015232265c30,
0x0000015232269ae0, 0x0000015232274910, 0x0000015232cebce0, 0x0000015232cf0c10,
0x00000152347c3a50, 0x0000015233739450, 0x0000015233fcb5e0, 0x0000015234ebf110,
0x0000015234ebf5e0, 0x0000015232e75830, 0x00000152346b5720, 0x00000152346b5bf0,
0x0000015234130fd0, 0x0000015234130b00, 0x00000152341314a0, 0x0000015234133ff0,
0x0000015234133b20, 0x0000015234132310, 0x0000015234131970, 0x0000015234131e40,
0x00000152341327e0, 0x0000015234133180, 0x0000015234132cb0, 0x0000015234133650,
0x0000015233e39730, 0x0000015233e383f0, 0x0000015233e370b0, 0x0000015233e39c00,
0x0000015233e3bdb0, 0x0000015233e37580, 0x0000015233e39260, 0x0000015233e37a50,
0x0000015233e37f20, 0x0000015233e3a5a0, 0x0000015233e34f00, 0x0000015233e3aa70,
0x0000015233e3af40, 0x0000015233e3c750, 0x0000015233e3b410, 0x0000015233e353d0,
0x0000015233e3b8e0, 0x0000015238bc3bd0, 0x0000015238bc40a0, 0x0000015238bc23c0,
0x0000015238bc2890, 0x0000015238bbfd40, 0x0000015238bc53e0, 0x0000015238bc4570,
0x0000015238bc1ef0, 0x0000015238bbe530, 0x0000015238bc0210, 0x0000015238bc2d60,
0x0000015238bbf870, 0x0000015238bc4a40, 0x0000015238bc3230, 0x0000015238bc06e0,
0x0000015238bc3700, 0x0000015238bc0bb0, 0x0000015238bc58b0, 0x0000015238bc4f10,
0x0000015238bbe060, 0x0000015238bbea00, 0x0000015238bc1080, 0x0000015238bbeed0,
0x0000015238bbf3a0, 0x0000015238bc1550, 0x0000015238bc1a20, 0x0000015233bd63a0,
0x0000015233bd1b70, 0x0000015233bd29e0, 0x0000015233bd4b90, 0x0000015233bd7210,
0x0000015233bd11d0, 0x0000015233bd6870, 0x0000015233bd2040, 0x0000015233bd6d40,
0x0000015233bd0d00, 0x0000015233bd3380, 0x0000015233bd5a00, 0x0000015233bd3850,
0x0000015233bd3d20, 0x000001523906fc80, 0x0000015239070150, 0x000001523906bdf0,
0x0000015234a15e50
}

Java Threads: ( => current thread )
  0x00000152146c1090 JavaThread "main" [_thread_blocked, id=14736, stack(0x0000001d81500000,0x0000001d81600000)]
  0x0000015232244b80 JavaThread "Reference Handler" daemon [_thread_blocked, id=16100, stack(0x0000001d81c00000,0x0000001d81d00000)]
  0x0000015232245900 JavaThread "Finalizer" daemon [_thread_blocked, id=4052, stack(0x0000001d81d00000,0x0000001d81e00000)]
  0x0000015232261540 JavaThread "Signal Dispatcher" daemon [_thread_blocked, id=16056, stack(0x0000001d81e00000,0x0000001d81f00000)]
  0x0000015232263e10 JavaThread "Attach Listener" daemon [_thread_blocked, id=18052, stack(0x0000001d81f00000,0x0000001d82000000)]
  0x00000152322646d0 JavaThread "Service Thread" daemon [_thread_blocked, id=7080, stack(0x0000001d82000000,0x0000001d82100000)]
  0x0000015232264f90 JavaThread "Monitor Deflation Thread" daemon [_thread_blocked, id=13660, stack(0x0000001d82100000,0x0000001d82200000)]
  0x0000015232265c30 JavaThread "C2 CompilerThread0" daemon [_thread_blocked, id=17808, stack(0x0000001d82200000,0x0000001d82300000)]
  0x0000015232269ae0 JavaThread "C1 CompilerThread0" daemon [_thread_blocked, id=12560, stack(0x0000001d82300000,0x0000001d82400000)]
  0x0000015232274910 JavaThread "Sweeper thread" daemon [_thread_blocked, id=3852, stack(0x0000001d82400000,0x0000001d82500000)]
  0x0000015232cebce0 JavaThread "Common-Cleaner" daemon [_thread_blocked, id=4884, stack(0x0000001d82500000,0x0000001d82600000)]
  0x0000015232cf0c10 JavaThread "Notification Thread" daemon [_thread_blocked, id=9420, stack(0x0000001d82600000,0x0000001d82700000)]
  0x00000152347c3a50 JavaThread "Daemon health stats" [_thread_blocked, id=17928, stack(0x0000001d82c00000,0x0000001d82d00000)]
  0x0000015233739450 JavaThread "Incoming local TCP Connector on port 54835" [_thread_in_native, id=18068, stack(0x0000001d82d00000,0x0000001d82e00000)]
  0x0000015233fcb5e0 JavaThread "Daemon periodic checks" [_thread_blocked, id=18336, stack(0x0000001d82e00000,0x0000001d82f00000)]
  0x0000015234ebf110 JavaThread "Daemon" [_thread_blocked, id=18340, stack(0x0000001d82f00000,0x0000001d83000000)]
  0x0000015234ebf5e0 JavaThread "Handler for socket connection from /127.0.0.1:54835 to /127.0.0.1:54836" [_thread_in_native, id=2244, stack(0x0000001d83000000,0x0000001d83100000)]
  0x0000015232e75830 JavaThread "Cancel handler" [_thread_blocked, id=8592, stack(0x0000001d82800000,0x0000001d82900000)]
  0x00000152346b5720 JavaThread "Daemon worker" [_thread_blocked, id=14296, stack(0x0000001d83100000,0x0000001d83200000)]
  0x00000152346b5bf0 JavaThread "Asynchronous log dispatcher for DefaultDaemonConnection: socket connection from /127.0.0.1:54835 to /127.0.0.1:54836" [_thread_blocked, id=6416, stack(0x0000001d83200000,0x0000001d83300000)]
  0x0000015234130fd0 JavaThread "Stdin handler" [_thread_blocked, id=9764, stack(0x0000001d83300000,0x0000001d83400000)]
  0x0000015234130b00 JavaThread "Daemon client event forwarder" [_thread_blocked, id=14828, stack(0x0000001d83400000,0x0000001d83500000)]
  0x00000152341314a0 JavaThread "Cache worker for journal cache (C:\Users\songe\.gradle\caches\journal-1)" [_thread_blocked, id=2624, stack(0x0000001d83500000,0x0000001d83600000)]
  0x0000015234133ff0 JavaThread "File lock request listener" [_thread_in_native, id=1844, stack(0x0000001d83600000,0x0000001d83700000)]
  0x0000015234133b20 JavaThread "Cache worker for file hash cache (C:\Users\songe\.gradle\caches\7.5.1\fileHashes)" [_thread_blocked, id=3920, stack(0x0000001d83700000,0x0000001d83800000)]
  0x0000015234132310 JavaThread "File watcher server" daemon [_thread_blocked, id=12156, stack(0x0000001d83800000,0x0000001d83900000)]
  0x0000015234131970 JavaThread "File watcher consumer" daemon [_thread_blocked, id=15688, stack(0x0000001d83900000,0x0000001d83a00000)]
  0x0000015234131e40 JavaThread "Cache worker for checksums cache (C:\Users\songe\Development\react-native\SAMS\android\.gradle\7.5.1\checksums)" [_thread_blocked, id=17560, stack(0x0000001d83b00000,0x0000001d83c00000)]
  0x00000152341327e0 JavaThread "Cache worker for cache directory md-rule (C:\Users\songe\.gradle\caches\7.5.1\md-rule)" [_thread_blocked, id=5736, stack(0x0000001d83c00000,0x0000001d83d00000)]
  0x0000015234133180 JavaThread "Cache worker for file content cache (C:\Users\songe\.gradle\caches\7.5.1\fileContent)" [_thread_blocked, id=12884, stack(0x0000001d83d00000,0x0000001d83e00000)]
  0x0000015234132cb0 JavaThread "Cache worker for file hash cache (C:\Users\songe\Development\react-native\SAMS\android\.gradle\7.5.1\fileHashes)" [_thread_blocked, id=13060, stack(0x0000001d83e00000,0x0000001d83f00000)]
  0x0000015234133650 JavaThread "Cache worker for cache directory md-supplier (C:\Users\songe\.gradle\caches\7.5.1\md-supplier)" [_thread_blocked, id=13016, stack(0x0000001d83f00000,0x0000001d84000000)]
  0x0000015233e39730 JavaThread "Cache worker for execution history cache (C:\Users\songe\.gradle\caches\7.5.1\executionHistory)" [_thread_blocked, id=5968, stack(0x0000001d84100000,0x0000001d84200000)]
  0x0000015233e383f0 JavaThread "File lock release action executor" [_thread_blocked, id=4272, stack(0x0000001d84200000,0x0000001d84300000)]
  0x0000015233e370b0 JavaThread "jar transforms" [_thread_blocked, id=17600, stack(0x0000001d84300000,0x0000001d84400000)]
  0x0000015233e39c00 JavaThread "jar transforms Thread 2" [_thread_blocked, id=8244, stack(0x0000001d84400000,0x0000001d84500000)]
  0x0000015233e3bdb0 JavaThread "jar transforms Thread 3" [_thread_blocked, id=13620, stack(0x0000001d83a00000,0x0000001d83b00000)]
  0x0000015233e37580 JavaThread "jar transforms Thread 4" [_thread_blocked, id=12816, stack(0x0000001d84500000,0x0000001d84600000)]
  0x0000015233e39260 JavaThread "Cache worker for kotlin-dsl (C:\Users\songe\.gradle\caches\7.5.1\kotlin-dsl)" [_thread_blocked, id=2712, stack(0x0000001d84700000,0x0000001d84800000)]
  0x0000015233e37a50 JavaThread "Cache worker for dependencies-accessors (C:\Users\songe\Development\react-native\SAMS\android\.gradle\7.5.1\dependencies-accessors)" [_thread_blocked, id=3900, stack(0x0000001d84800000,0x0000001d84900000)]
  0x0000015233e37f20 JavaThread "Cache worker for Build Output Cleanup Cache (C:\Users\songe\Development\react-native\SAMS\node_modules\react-native-gradle-plugin\.gradle\buildOutputCleanup)" [_thread_blocked, id=15716, stack(0x0000001d84900000,0x0000001d84a00000)]
  0x0000015233e3a5a0 JavaThread "Unconstrained build operations" [_thread_blocked, id=13760, stack(0x0000001d84a00000,0x0000001d84b00000)]
  0x0000015233e34f00 JavaThread "Unconstrained build operations Thread 2" [_thread_blocked, id=17840, stack(0x0000001d84b00000,0x0000001d84c00000)]
  0x0000015233e3aa70 JavaThread "Unconstrained build operations Thread 3" [_thread_blocked, id=17932, stack(0x0000001d84c00000,0x0000001d84d00000)]
  0x0000015233e3af40 JavaThread "Unconstrained build operations Thread 4" [_thread_blocked, id=3860, stack(0x0000001d84d00000,0x0000001d84e00000)]
  0x0000015233e3c750 JavaThread "Unconstrained build operations Thread 5" [_thread_blocked, id=6244, stack(0x0000001d84e00000,0x0000001d84f00000)]
  0x0000015233e3b410 JavaThread "Unconstrained build operations Thread 6" [_thread_blocked, id=10648, stack(0x0000001d84f00000,0x0000001d85000000)]
  0x0000015233e353d0 JavaThread "Unconstrained build operations Thread 7" [_thread_blocked, id=15128, stack(0x0000001d85000000,0x0000001d85100000)]
  0x0000015233e3b8e0 JavaThread "Unconstrained build operations Thread 8" [_thread_blocked, id=16972, stack(0x0000001d85100000,0x0000001d85200000)]
  0x0000015238bc3bd0 JavaThread "Unconstrained build operations Thread 9" [_thread_blocked, id=276, stack(0x0000001d85200000,0x0000001d85300000)]
  0x0000015238bc40a0 JavaThread "Unconstrained build operations Thread 10" [_thread_blocked, id=12912, stack(0x0000001d85300000,0x0000001d85400000)]
  0x0000015238bc23c0 JavaThread "Unconstrained build operations Thread 11" [_thread_blocked, id=10196, stack(0x0000001d85400000,0x0000001d85500000)]
  0x0000015238bc2890 JavaThread "Unconstrained build operations Thread 12" [_thread_blocked, id=7292, stack(0x0000001d85500000,0x0000001d85600000)]
  0x0000015238bbfd40 JavaThread "Unconstrained build operations Thread 13" [_thread_blocked, id=12600, stack(0x0000001d85600000,0x0000001d85700000)]
  0x0000015238bc53e0 JavaThread "Unconstrained build operations Thread 14" [_thread_blocked, id=7776, stack(0x0000001d85700000,0x0000001d85800000)]
  0x0000015238bc4570 JavaThread "Unconstrained build operations Thread 15" [_thread_blocked, id=15132, stack(0x0000001d85800000,0x0000001d85900000)]
  0x0000015238bc1ef0 JavaThread "Unconstrained build operations Thread 16" [_thread_blocked, id=10892, stack(0x0000001d85900000,0x0000001d85a00000)]
  0x0000015238bbe530 JavaThread "Unconstrained build operations Thread 17" [_thread_blocked, id=8316, stack(0x0000001d85a00000,0x0000001d85b00000)]
  0x0000015238bc0210 JavaThread "Unconstrained build operations Thread 18" [_thread_blocked, id=14060, stack(0x0000001d85b00000,0x0000001d85c00000)]
  0x0000015238bc2d60 JavaThread "Unconstrained build operations Thread 19" [_thread_blocked, id=12008, stack(0x0000001d85c00000,0x0000001d85d00000)]
  0x0000015238bbf870 JavaThread "Unconstrained build operations Thread 20" [_thread_blocked, id=6872, stack(0x0000001d85d00000,0x0000001d85e00000)]
  0x0000015238bc4a40 JavaThread "Unconstrained build operations Thread 21" [_thread_blocked, id=1628, stack(0x0000001d85e00000,0x0000001d85f00000)]
  0x0000015238bc3230 JavaThread "Unconstrained build operations Thread 22" [_thread_blocked, id=16448, stack(0x0000001d85f00000,0x0000001d86000000)]
  0x0000015238bc06e0 JavaThread "Unconstrained build operations Thread 23" [_thread_blocked, id=17484, stack(0x0000001d86000000,0x0000001d86100000)]
  0x0000015238bc3700 JavaThread "Unconstrained build operations Thread 24" [_thread_blocked, id=5780, stack(0x0000001d86100000,0x0000001d86200000)]
  0x0000015238bc0bb0 JavaThread "Unconstrained build operations Thread 25" [_thread_blocked, id=10604, stack(0x0000001d86200000,0x0000001d86300000)]
  0x0000015238bc58b0 JavaThread "Unconstrained build operations Thread 26" [_thread_blocked, id=5468, stack(0x0000001d86300000,0x0000001d86400000)]
  0x0000015238bc4f10 JavaThread "Unconstrained build operations Thread 27" [_thread_blocked, id=16240, stack(0x0000001d86400000,0x0000001d86500000)]
  0x0000015238bbe060 JavaThread "Unconstrained build operations Thread 28" [_thread_blocked, id=11700, stack(0x0000001d86500000,0x0000001d86600000)]
  0x0000015238bbea00 JavaThread "Unconstrained build operations Thread 29" [_thread_blocked, id=12700, stack(0x0000001d86600000,0x0000001d86700000)]
  0x0000015238bc1080 JavaThread "Unconstrained build operations Thread 30" [_thread_blocked, id=14428, stack(0x0000001d86700000,0x0000001d86800000)]
  0x0000015238bbeed0 JavaThread "Unconstrained build operations Thread 31" [_thread_blocked, id=2104, stack(0x0000001d86800000,0x0000001d86900000)]
  0x0000015238bbf3a0 JavaThread "Unconstrained build operations Thread 32" [_thread_blocked, id=5772, stack(0x0000001d86900000,0x0000001d86a00000)]
  0x0000015238bc1550 JavaThread "Unconstrained build operations Thread 33" [_thread_blocked, id=10192, stack(0x0000001d86a00000,0x0000001d86b00000)]
  0x0000015238bc1a20 JavaThread "build event listener" [_thread_blocked, id=7360, stack(0x0000001d86b00000,0x0000001d86c00000)]
  0x0000015233bd63a0 JavaThread "Memory manager" [_thread_blocked, id=8292, stack(0x0000001d86c00000,0x0000001d86d00000)]
  0x0000015233bd1b70 JavaThread "Cache worker for Build Output Cleanup Cache (C:\Users\songe\Development\react-native\SAMS\android\.gradle\buildOutputCleanup)" [_thread_blocked, id=8852, stack(0x0000001d86d00000,0x0000001d86e00000)]
  0x0000015233bd29e0 JavaThread "included builds" [_thread_blocked, id=12332, stack(0x0000001d86e00000,0x0000001d86f00000)]
  0x0000015233bd4b90 JavaThread "Execution worker" [_thread_blocked, id=2820, stack(0x0000001d86f00000,0x0000001d87000000)]
  0x0000015233bd7210 JavaThread "Execution worker Thread 2" [_thread_blocked, id=920, stack(0x0000001d87000000,0x0000001d87100000)]
  0x0000015233bd11d0 JavaThread "Execution worker Thread 3" [_thread_blocked, id=10424, stack(0x0000001d87100000,0x0000001d87200000)]
  0x0000015233bd6870 JavaThread "Cache worker for execution history cache (C:\Users\songe\Development\react-native\SAMS\node_modules\react-native-gradle-plugin\.gradle\7.5.1\executionHistory)" [_thread_blocked, id=5744, stack(0x0000001d87200000,0x0000001d87300000)]
  0x0000015233bd2040 JavaThread "Unconstrained build operations Thread 34" [_thread_blocked, id=8624, stack(0x0000001d87300000,0x0000001d87400000)]
  0x0000015233bd6d40 JavaThread "Unconstrained build operations Thread 35" [_thread_blocked, id=16600, stack(0x0000001d87400000,0x0000001d87500000)]
  0x0000015233bd0d00 JavaThread "Unconstrained build operations Thread 36" [_thread_blocked, id=18232, stack(0x0000001d87500000,0x0000001d87600000)]
  0x0000015233bd3380 JavaThread "Unconstrained build operations Thread 37" [_thread_blocked, id=7872, stack(0x0000001d87600000,0x0000001d87700000)]
  0x0000015233bd5a00 JavaThread "Unconstrained build operations Thread 38" [_thread_blocked, id=6428, stack(0x0000001d87700000,0x0000001d87800000)]
  0x0000015233bd3850 JavaThread "Unconstrained build operations Thread 39" [_thread_blocked, id=944, stack(0x0000001d87800000,0x0000001d87900000)]
  0x0000015233bd3d20 JavaThread "Unconstrained build operations Thread 40" [_thread_blocked, id=4604, stack(0x0000001d87900000,0x0000001d87a00000)]
  0x000001523906fc80 JavaThread "pool-3-thread-1" [_thread_blocked, id=5044, stack(0x0000001d87c00000,0x0000001d87d00000)]
  0x0000015239070150 JavaThread "build event listener" [_thread_blocked, id=4584, stack(0x0000001d87d00000,0x0000001d87e00000)]
  0x000001523906bdf0 JavaThread "Cache worker for execution history cache (C:\Users\songe\Development\react-native\SAMS\android\.gradle\7.5.1\executionHistory)" [_thread_blocked, id=17168, stack(0x0000001d87e00000,0x0000001d87f00000)]
  0x0000015234a15e50 JavaThread "C2 CompilerThread1" daemon [_thread_blocked, id=13592, stack(0x0000001d87b00000,0x0000001d87c00000)]

Other Threads:
=>0x0000015232241070 VMThread "VM Thread" [stack: 0x0000001d81b00000,0x0000001d81c00000] [id=14312]
  0x0000015232cf10e0 WatcherThread [stack: 0x0000001d82700000,0x0000001d82800000] [id=6504]
  0x000001521471f4c0 GCTaskThread "GC Thread#0" [stack: 0x0000001d81600000,0x0000001d81700000] [id=6056]
  0x00000152334d7580 GCTaskThread "GC Thread#1" [stack: 0x0000001d82900000,0x0000001d82a00000] [id=13900]
  0x00000152334d7830 GCTaskThread "GC Thread#2" [stack: 0x0000001d82a00000,0x0000001d82b00000] [id=5380]
  0x000001523371f810 GCTaskThread "GC Thread#3" [stack: 0x0000001d82b00000,0x0000001d82c00000] [id=8776]
  0x0000015214730310 ConcurrentGCThread "G1 Main Marker" [stack: 0x0000001d81700000,0x0000001d81800000] [id=11644]
  0x00000152147313d0 ConcurrentGCThread "G1 Conc#0" [stack: 0x0000001d81800000,0x0000001d81900000] [id=2848]
  0x00000152321000a0 ConcurrentGCThread "G1 Refine#0" [stack: 0x0000001d81900000,0x0000001d81a00000] [id=2908]
  0x0000015234ff9380 ConcurrentGCThread "G1 Refine#1" [stack: 0x0000001d84000000,0x0000001d84100000] [id=16268]
  0x00000152321009d0 ConcurrentGCThread "G1 Service" [stack: 0x0000001d81a00000,0x0000001d81b00000] [id=9392]

Threads with active compile tasks:
C2 CompilerThread0    54458 16584       4       java.util.Arrays::sort (47 bytes)
C2 CompilerThread1    54458 16501       4       org.gradle.internal.snapshot.impl.AbstractValueProcessor::processValue (745 bytes)

VM state: at safepoint (normal execution)

VM Mutex/Monitor currently owned by a thread:  ([mutex/lock_event])
[0x00000152146bc470] Threads_lock - owner thread: 0x0000015232241070
[0x00000152146bd700] Heap_lock - owner thread: 0x00000152341314a0

Heap address: 0x0000000080000000, size: 2048 MB, Compressed Oops mode: 32-bit

CDS archive(s) mapped at: [0x0000000800000000-0x0000000800bc0000-0x0000000800bc0000), size 12320768, SharedBaseAddress: 0x0000000800000000, ArchiveRelocationMode: 0.
Compressed class space mapped at: 0x0000000800c00000-0x000000081a800000, reserved size: 432013312
Narrow klass base: 0x0000000800000000, Narrow klass shift: 0, Narrow klass range: 0x100000000

GC Precious Log:
 CPUs: 4 total, 4 available
 Memory: 8089M
 Large Page Support: Disabled
 NUMA Support: Disabled
 Compressed Oops: Enabled (32-bit)
 Heap Region Size: 1M
 Heap Min Capacity: 8M
 Heap Initial Capacity: 128M
 Heap Max Capacity: 2G
 Pre-touch: Disabled
 Parallel Workers: 4
 Concurrent Workers: 1
 Concurrent Refinement Workers: 4
 Periodic GC: Disabled

Heap:
 garbage-first heap   total 281600K, used 198388K [0x0000000080000000, 0x0000000100000000)
  region size 1024K, 4 young (4096K), 4 survivors (4096K)
 Metaspace       used 105900K, committed 107264K, reserved 520192K
  class space    used 14341K, committed 14976K, reserved 421888K

Heap Regions: E=young(eden), S=young(survivor), O=old, HS=humongous(starts), HC=humongous(continues), CS=collection set, F=free, OA=open archive, CA=closed archive, TAMS=top-at-mark-start (previous, next)
|   0|0x0000000080000000, 0x0000000080100000, 0x0000000080100000|100%|HS|  |TAMS 0x0000000080100000, 0x0000000080000000| Complete 
|   1|0x0000000080100000, 0x0000000080200000, 0x0000000080200000|100%|HC|  |TAMS 0x0000000080200000, 0x0000000080100000| Complete 
|   2|0x0000000080200000, 0x0000000080300000, 0x0000000080300000|100%|HC|  |TAMS 0x0000000080300000, 0x0000000080200000| Complete 
|   3|0x0000000080300000, 0x0000000080400000, 0x0000000080400000|100%| O|  |TAMS 0x0000000080400000, 0x0000000080300000| Untracked 
|   4|0x0000000080400000, 0x0000000080500000, 0x0000000080500000|100%| O|  |TAMS 0x0000000080500000, 0x0000000080400000| Untracked 
|   5|0x0000000080500000, 0x0000000080600000, 0x0000000080600000|100%| O|  |TAMS 0x0000000080600000, 0x0000000080500000| Untracked 
|   6|0x0000000080600000, 0x0000000080700000, 0x0000000080700000|100%| O|  |TAMS 0x0000000080700000, 0x0000000080600000| Untracked 
|   7|0x0000000080700000, 0x0000000080800000, 0x0000000080800000|100%| O|  |TAMS 0x0000000080800000, 0x0000000080700000| Untracked 
|   8|0x0000000080800000, 0x0000000080900000, 0x0000000080900000|100%| O|  |TAMS 0x0000000080900000, 0x0000000080800000| Untracked 
|   9|0x0000000080900000, 0x0000000080a00000, 0x0000000080a00000|100%| O|  |TAMS 0x0000000080a00000, 0x0000000080900000| Untracked 
|  10|0x0000000080a00000, 0x0000000080b00000, 0x0000000080b00000|100%| O|  |TAMS 0x0000000080b00000, 0x0000000080a00000| Untracked 
|  11|0x0000000080b00000, 0x0000000080c00000, 0x0000000080c00000|100%| O|  |TAMS 0x0000000080c00000, 0x0000000080b00000| Untracked 
|  12|0x0000000080c00000, 0x0000000080d00000, 0x0000000080d00000|100%| O|  |TAMS 0x0000000080d00000, 0x0000000080c00000| Untracked 
|  13|0x0000000080d00000, 0x0000000080e00000, 0x0000000080e00000|100%| O|  |TAMS 0x0000000080e00000, 0x0000000080d00000| Untracked 
|  14|0x0000000080e00000, 0x0000000080f00000, 0x0000000080f00000|100%| O|  |TAMS 0x0000000080f00000, 0x0000000080e00000| Untracked 
|  15|0x0000000080f00000, 0x0000000081000000, 0x0000000081000000|100%| O|  |TAMS 0x0000000081000000, 0x0000000080f00000| Untracked 
|  16|0x0000000081000000, 0x0000000081100000, 0x0000000081100000|100%| O|  |TAMS 0x0000000081100000, 0x0000000081000000| Untracked 
|  17|0x0000000081100000, 0x0000000081200000, 0x0000000081200000|100%| O|  |TAMS 0x0000000081200000, 0x0000000081100000| Untracked 
|  18|0x0000000081200000, 0x00000000812e4800, 0x0000000081300000| 89%| O|  |TAMS 0x00000000812e4800, 0x0000000081200000| Untracked 
|  19|0x0000000081300000, 0x0000000081400000, 0x0000000081400000|100%| O|  |TAMS 0x0000000081400000, 0x0000000081300000| Untracked 
|  20|0x0000000081400000, 0x0000000081500000, 0x0000000081500000|100%| O|  |TAMS 0x0000000081500000, 0x0000000081400000| Untracked 
|  21|0x0000000081500000, 0x0000000081600000, 0x0000000081600000|100%| O|  |TAMS 0x0000000081600000, 0x0000000081500000| Untracked 
|  22|0x0000000081600000, 0x0000000081700000, 0x0000000081700000|100%|HS|  |TAMS 0x0000000081700000, 0x0000000081600000| Complete 
|  23|0x0000000081700000, 0x0000000081800000, 0x0000000081800000|100%| O|  |TAMS 0x0000000081800000, 0x0000000081700000| Untracked 
|  24|0x0000000081800000, 0x0000000081900000, 0x0000000081900000|100%| O|  |TAMS 0x0000000081900000, 0x0000000081800000| Untracked 
|  25|0x0000000081900000, 0x0000000081a00000, 0x0000000081a00000|100%| O|  |TAMS 0x0000000081a00000, 0x0000000081900000| Untracked 
|  26|0x0000000081a00000, 0x0000000081b00000, 0x0000000081b00000|100%| O|  |TAMS 0x0000000081b00000, 0x0000000081a00000| Untracked 
|  27|0x0000000081b00000, 0x0000000081c00000, 0x0000000081c00000|100%| O|  |TAMS 0x0000000081c00000, 0x0000000081b00000| Untracked 
|  28|0x0000000081c00000, 0x0000000081d00000, 0x0000000081d00000|100%| O|  |TAMS 0x0000000081d00000, 0x0000000081c00000| Untracked 
|  29|0x0000000081d00000, 0x0000000081e00000, 0x0000000081e00000|100%| O|  |TAMS 0x0000000081e00000, 0x0000000081d00000| Untracked 
|  30|0x0000000081e00000, 0x0000000081f00000, 0x0000000081f00000|100%| O|  |TAMS 0x0000000081f00000, 0x0000000081e00000| Untracked 
|  31|0x0000000081f00000, 0x0000000082000000, 0x0000000082000000|100%| O|  |TAMS 0x0000000082000000, 0x0000000081f00000| Untracked 
|  32|0x0000000082000000, 0x0000000082100000, 0x0000000082100000|100%| O|  |TAMS 0x0000000082100000, 0x0000000082000000| Untracked 
|  33|0x0000000082100000, 0x0000000082200000, 0x0000000082200000|100%| O|  |TAMS 0x0000000082200000, 0x0000000082100000| Untracked 
|  34|0x0000000082200000, 0x0000000082300000, 0x0000000082300000|100%|HS|  |TAMS 0x0000000082300000, 0x0000000082200000| Complete 
|  35|0x0000000082300000, 0x0000000082400000, 0x0000000082400000|100%|HC|  |TAMS 0x0000000082400000, 0x0000000082300000| Complete 
|  36|0x0000000082400000, 0x0000000082500000, 0x0000000082500000|100%|HC|  |TAMS 0x0000000082500000, 0x0000000082400000| Complete 
|  37|0x0000000082500000, 0x0000000082600000, 0x0000000082600000|100%| O|  |TAMS 0x0000000082600000, 0x0000000082500000| Untracked 
|  38|0x0000000082600000, 0x0000000082700000, 0x0000000082700000|100%| O|  |TAMS 0x0000000082700000, 0x0000000082600000| Untracked 
|  39|0x0000000082700000, 0x0000000082800000, 0x0000000082800000|100%| O|  |TAMS 0x0000000082800000, 0x0000000082700000| Untracked 
|  40|0x0000000082800000, 0x0000000082900000, 0x0000000082900000|100%| O|  |TAMS 0x0000000082900000, 0x0000000082800000| Untracked 
|  41|0x0000000082900000, 0x0000000082a00000, 0x0000000082a00000|100%| O|  |TAMS 0x0000000082a00000, 0x0000000082900000| Untracked 
|  42|0x0000000082a00000, 0x0000000082b00000, 0x0000000082b00000|100%| O|  |TAMS 0x0000000082b00000, 0x0000000082a00000| Untracked 
|  43|0x0000000082b00000, 0x0000000082c00000, 0x0000000082c00000|100%| O|  |TAMS 0x0000000082c00000, 0x0000000082b00000| Untracked 
|  44|0x0000000082c00000, 0x0000000082d00000, 0x0000000082d00000|100%| O|  |TAMS 0x0000000082d00000, 0x0000000082c00000| Untracked 
|  45|0x0000000082d00000, 0x0000000082e00000, 0x0000000082e00000|100%| O|  |TAMS 0x0000000082e00000, 0x0000000082d00000| Untracked 
|  46|0x0000000082e00000, 0x0000000082f00000, 0x0000000082f00000|100%| O|  |TAMS 0x0000000082f00000, 0x0000000082e00000| Untracked 
|  47|0x0000000082f00000, 0x0000000083000000, 0x0000000083000000|100%| O|  |TAMS 0x0000000083000000, 0x0000000082f00000| Untracked 
|  48|0x0000000083000000, 0x0000000083100000, 0x0000000083100000|100%| O|  |TAMS 0x0000000083100000, 0x0000000083000000| Untracked 
|  49|0x0000000083100000, 0x0000000083200000, 0x0000000083200000|100%| O|  |TAMS 0x0000000083200000, 0x0000000083100000| Untracked 
|  50|0x0000000083200000, 0x0000000083300000, 0x0000000083300000|100%| O|  |TAMS 0x0000000083300000, 0x0000000083200000| Untracked 
|  51|0x0000000083300000, 0x0000000083400000, 0x0000000083400000|100%| O|  |TAMS 0x0000000083400000, 0x0000000083300000| Untracked 
|  52|0x0000000083400000, 0x0000000083500000, 0x0000000083500000|100%| O|  |TAMS 0x0000000083500000, 0x0000000083400000| Untracked 
|  53|0x0000000083500000, 0x0000000083600000, 0x0000000083600000|100%| O|  |TAMS 0x0000000083600000, 0x0000000083500000| Untracked 
|  54|0x0000000083600000, 0x0000000083700000, 0x0000000083700000|100%| O|  |TAMS 0x0000000083700000, 0x0000000083600000| Untracked 
|  55|0x0000000083700000, 0x0000000083800000, 0x0000000083800000|100%|HS|  |TAMS 0x0000000083800000, 0x0000000083700000| Complete 
|  56|0x0000000083800000, 0x0000000083900000, 0x0000000083900000|100%|HS|  |TAMS 0x0000000083900000, 0x0000000083800000| Complete 
|  57|0x0000000083900000, 0x0000000083a00000, 0x0000000083a00000|100%| O|  |TAMS 0x0000000083a00000, 0x0000000083900000| Untracked 
|  58|0x0000000083a00000, 0x0000000083b00000, 0x0000000083b00000|100%|HS|  |TAMS 0x0000000083b00000, 0x0000000083a00000| Complete 
|  59|0x0000000083b00000, 0x0000000083c00000, 0x0000000083c00000|100%|HC|  |TAMS 0x0000000083c00000, 0x0000000083b00000| Complete 
|  60|0x0000000083c00000, 0x0000000083d00000, 0x0000000083d00000|100%| O|  |TAMS 0x0000000083d00000, 0x0000000083c00000| Untracked 
|  61|0x0000000083d00000, 0x0000000083e00000, 0x0000000083e00000|100%| O|  |TAMS 0x0000000083e00000, 0x0000000083d00000| Untracked 
|  62|0x0000000083e00000, 0x0000000083f00000, 0x0000000083f00000|100%| O|  |TAMS 0x0000000083f00000, 0x0000000083e00000| Untracked 
|  63|0x0000000083f00000, 0x0000000084000000, 0x0000000084000000|100%| O|  |TAMS 0x0000000084000000, 0x0000000083f00000| Untracked 
|  64|0x0000000084000000, 0x0000000084100000, 0x0000000084100000|100%| O|  |TAMS 0x0000000084100000, 0x0000000084000000| Untracked 
|  65|0x0000000084100000, 0x0000000084200000, 0x0000000084200000|100%| O|  |TAMS 0x0000000084200000, 0x0000000084100000| Untracked 
|  66|0x0000000084200000, 0x0000000084300000, 0x0000000084300000|100%| O|  |TAMS 0x0000000084300000, 0x0000000084200000| Untracked 
|  67|0x0000000084300000, 0x0000000084400000, 0x0000000084400000|100%| O|  |TAMS 0x0000000084400000, 0x0000000084300000| Untracked 
|  68|0x0000000084400000, 0x0000000084500000, 0x0000000084500000|100%| O|  |TAMS 0x0000000084500000, 0x0000000084400000| Untracked 
|  69|0x0000000084500000, 0x0000000084600000, 0x0000000084600000|100%| O|  |TAMS 0x0000000084600000, 0x0000000084500000| Untracked 
|  70|0x0000000084600000, 0x0000000084700000, 0x0000000084700000|100%| O|  |TAMS 0x0000000084700000, 0x0000000084600000| Untracked 
|  71|0x0000000084700000, 0x0000000084800000, 0x0000000084800000|100%| O|  |TAMS 0x0000000084800000, 0x0000000084700000| Untracked 
|  72|0x0000000084800000, 0x0000000084900000, 0x0000000084900000|100%| O|  |TAMS 0x0000000084900000, 0x0000000084800000| Untracked 
|  73|0x0000000084900000, 0x0000000084a00000, 0x0000000084a00000|100%| O|  |TAMS 0x0000000084a00000, 0x0000000084900000| Untracked 
|  74|0x0000000084a00000, 0x0000000084b00000, 0x0000000084b00000|100%| O|  |TAMS 0x0000000084b00000, 0x0000000084a00000| Untracked 
|  75|0x0000000084b00000, 0x0000000084c00000, 0x0000000084c00000|100%| O|  |TAMS 0x0000000084c00000, 0x0000000084b00000| Untracked 
|  76|0x0000000084c00000, 0x0000000084d00000, 0x0000000084d00000|100%| O|  |TAMS 0x0000000084d00000, 0x0000000084c00000| Untracked 
|  77|0x0000000084d00000, 0x0000000084e00000, 0x0000000084e00000|100%| O|  |TAMS 0x0000000084e00000, 0x0000000084d00000| Untracked 
|  78|0x0000000084e00000, 0x0000000084f00000, 0x0000000084f00000|100%| O|  |TAMS 0x0000000084f00000, 0x0000000084e00000| Untracked 
|  79|0x0000000084f00000, 0x0000000085000000, 0x0000000085000000|100%|HS|  |TAMS 0x0000000085000000, 0x0000000084f00000| Complete 
|  80|0x0000000085000000, 0x0000000085100000, 0x0000000085100000|100%|HS|  |TAMS 0x0000000085100000, 0x0000000085000000| Complete 
|  81|0x0000000085100000, 0x0000000085200000, 0x0000000085200000|100%|HS|  |TAMS 0x0000000085200000, 0x0000000085100000| Complete 
|  82|0x0000000085200000, 0x0000000085300000, 0x0000000085300000|100%|HS|  |TAMS 0x0000000085300000, 0x0000000085200000| Complete 
|  83|0x0000000085300000, 0x0000000085400000, 0x0000000085400000|100%|HC|  |TAMS 0x0000000085400000, 0x0000000085300000| Complete 
|  84|0x0000000085400000, 0x0000000085500000, 0x0000000085500000|100%|HC|  |TAMS 0x0000000085500000, 0x0000000085400000| Complete 
|  85|0x0000000085500000, 0x0000000085600000, 0x0000000085600000|100%| O|  |TAMS 0x0000000085600000, 0x0000000085500000| Untracked 
|  86|0x0000000085600000, 0x0000000085700000, 0x0000000085700000|100%| O|  |TAMS 0x0000000085700000, 0x0000000085600000| Untracked 
|  87|0x0000000085700000, 0x0000000085800000, 0x0000000085800000|100%| O|  |TAMS 0x0000000085800000, 0x0000000085700000| Untracked 
|  88|0x0000000085800000, 0x0000000085900000, 0x0000000085900000|100%| O|  |TAMS 0x0000000085900000, 0x0000000085800000| Untracked 
|  89|0x0000000085900000, 0x0000000085a00000, 0x0000000085a00000|100%| O|  |TAMS 0x0000000085a00000, 0x0000000085900000| Untracked 
|  90|0x0000000085a00000, 0x0000000085b00000, 0x0000000085b00000|100%| O|  |TAMS 0x0000000085b00000, 0x0000000085a00000| Untracked 
|  91|0x0000000085b00000, 0x0000000085c00000, 0x0000000085c00000|100%| O|  |TAMS 0x0000000085c00000, 0x0000000085b00000| Untracked 
|  92|0x0000000085c00000, 0x0000000085d00000, 0x0000000085d00000|100%| O|  |TAMS 0x0000000085d00000, 0x0000000085c00000| Untracked 
|  93|0x0000000085d00000, 0x0000000085e00000, 0x0000000085e00000|100%| O|  |TAMS 0x0000000085e00000, 0x0000000085d00000| Untracked 
|  94|0x0000000085e00000, 0x0000000085f00000, 0x0000000085f00000|100%| O|  |TAMS 0x0000000085f00000, 0x0000000085e00000| Untracked 
|  95|0x0000000085f00000, 0x0000000086000000, 0x0000000086000000|100%| O|  |TAMS 0x0000000086000000, 0x0000000085f00000| Untracked 
|  96|0x0000000086000000, 0x0000000086100000, 0x0000000086100000|100%| O|  |TAMS 0x0000000086100000, 0x0000000086000000| Untracked 
|  97|0x0000000086100000, 0x0000000086200000, 0x0000000086200000|100%| O|  |TAMS 0x0000000086100000, 0x0000000086100000| Untracked 
|  98|0x0000000086200000, 0x0000000086300000, 0x0000000086300000|100%|HS|  |TAMS 0x0000000086300000, 0x0000000086200000| Complete 
|  99|0x0000000086300000, 0x0000000086400000, 0x0000000086400000|100%|HS|  |TAMS 0x0000000086400000, 0x0000000086300000| Complete 
| 100|0x0000000086400000, 0x0000000086500000, 0x0000000086500000|100%|HS|  |TAMS 0x0000000086500000, 0x0000000086400000| Complete 
| 101|0x0000000086500000, 0x0000000086600000, 0x0000000086600000|100%|HC|  |TAMS 0x0000000086600000, 0x0000000086500000| Complete 
| 102|0x0000000086600000, 0x0000000086700000, 0x0000000086700000|100%|HC|  |TAMS 0x0000000086700000, 0x0000000086600000| Complete 
| 103|0x0000000086700000, 0x0000000086800000, 0x0000000086800000|100%|HS|  |TAMS 0x0000000086800000, 0x0000000086700000| Complete 
| 104|0x0000000086800000, 0x0000000086900000, 0x0000000086900000|100%|HS|  |TAMS 0x0000000086900000, 0x0000000086800000| Complete 
| 105|0x0000000086900000, 0x0000000086a00000, 0x0000000086a00000|100%|HC|  |TAMS 0x0000000086a00000, 0x0000000086900000| Complete 
| 106|0x0000000086a00000, 0x0000000086b00000, 0x0000000086b00000|100%|HC|  |TAMS 0x0000000086b00000, 0x0000000086a00000| Complete 
| 107|0x0000000086b00000, 0x0000000086c00000, 0x0000000086c00000|100%| O|  |TAMS 0x0000000086c00000, 0x0000000086b00000| Untracked 
| 108|0x0000000086c00000, 0x0000000086d00000, 0x0000000086d00000|100%| O|  |TAMS 0x0000000086d00000, 0x0000000086c00000| Untracked 
| 109|0x0000000086d00000, 0x0000000086e00000, 0x0000000086e00000|100%| O|  |TAMS 0x0000000086e00000, 0x0000000086d00000| Untracked 
| 110|0x0000000086e00000, 0x0000000086f00000, 0x0000000086f00000|100%| O|  |TAMS 0x0000000086f00000, 0x0000000086e00000| Untracked 
| 111|0x0000000086f00000, 0x0000000087000000, 0x0000000087000000|100%| O|  |TAMS 0x0000000087000000, 0x0000000086f00000| Untracked 
| 112|0x0000000087000000, 0x0000000087100000, 0x0000000087100000|100%| O|  |TAMS 0x0000000087100000, 0x0000000087000000| Untracked 
| 113|0x0000000087100000, 0x0000000087200000, 0x0000000087200000|100%| O|  |TAMS 0x0000000087200000, 0x0000000087100000| Untracked 
| 114|0x0000000087200000, 0x0000000087300000, 0x0000000087300000|100%| O|  |TAMS 0x0000000087300000, 0x0000000087200000| Untracked 
| 115|0x0000000087300000, 0x0000000087400000, 0x0000000087400000|100%| O|  |TAMS 0x0000000087400000, 0x0000000087300000| Untracked 
| 116|0x0000000087400000, 0x0000000087500000, 0x0000000087500000|100%| O|  |TAMS 0x0000000087500000, 0x0000000087400000| Untracked 
| 117|0x0000000087500000, 0x0000000087600000, 0x0000000087600000|100%| O|  |TAMS 0x0000000087600000, 0x0000000087500000| Untracked 
| 118|0x0000000087600000, 0x0000000087700000, 0x0000000087700000|100%| O|  |TAMS 0x0000000087600000, 0x0000000087600000| Untracked 
| 119|0x0000000087700000, 0x0000000087800000, 0x0000000087800000|100%| O|  |TAMS 0x0000000087700000, 0x0000000087700000| Untracked 
| 120|0x0000000087800000, 0x0000000087900000, 0x0000000087900000|100%| O|  |TAMS 0x0000000087800000, 0x0000000087800000| Untracked 
| 121|0x0000000087900000, 0x0000000087a00000, 0x0000000087a00000|100%| O|  |TAMS 0x0000000087900000, 0x0000000087900000| Untracked 
| 122|0x0000000087a00000, 0x0000000087b00000, 0x0000000087b00000|100%| O|  |TAMS 0x0000000087a00000, 0x0000000087a00000| Untracked 
| 123|0x0000000087b00000, 0x0000000087c00000, 0x0000000087c00000|100%| O|  |TAMS 0x0000000087b00000, 0x0000000087b00000| Untracked 
| 124|0x0000000087c00000, 0x0000000087d00000, 0x0000000087d00000|100%| O|  |TAMS 0x0000000087c00000, 0x0000000087c00000| Untracked 
| 125|0x0000000087d00000, 0x0000000087e00000, 0x0000000087e00000|100%| O|  |TAMS 0x0000000087d00000, 0x0000000087d00000| Untracked 
| 126|0x0000000087e00000, 0x0000000087f00000, 0x0000000087f00000|100%| O|  |TAMS 0x0000000087e00000, 0x0000000087e00000| Untracked 
| 127|0x0000000087f00000, 0x0000000088000000, 0x0000000088000000|100%| O|  |TAMS 0x0000000087f00000, 0x0000000087f00000| Untracked 
| 128|0x0000000088000000, 0x0000000088100000, 0x0000000088100000|100%| O|  |TAMS 0x0000000088000000, 0x0000000088000000| Untracked 
| 129|0x0000000088100000, 0x0000000088200000, 0x0000000088200000|100%| O|  |TAMS 0x0000000088100000, 0x0000000088100000| Untracked 
| 130|0x0000000088200000, 0x0000000088300000, 0x0000000088300000|100%| O|  |TAMS 0x0000000088200000, 0x0000000088200000| Untracked 
| 131|0x0000000088300000, 0x0000000088400000, 0x0000000088400000|100%| O|  |TAMS 0x0000000088300000, 0x0000000088300000| Untracked 
| 132|0x0000000088400000, 0x0000000088500000, 0x0000000088500000|100%| O|  |TAMS 0x0000000088400000, 0x0000000088400000| Untracked 
| 133|0x0000000088500000, 0x0000000088600000, 0x0000000088600000|100%| O|  |TAMS 0x0000000088500000, 0x0000000088500000| Untracked 
| 134|0x0000000088600000, 0x0000000088700000, 0x0000000088700000|100%| O|  |TAMS 0x0000000088600000, 0x0000000088600000| Untracked 
| 135|0x0000000088700000, 0x0000000088800000, 0x0000000088800000|100%| O|  |TAMS 0x0000000088700000, 0x0000000088700000| Untracked 
| 136|0x0000000088800000, 0x0000000088900000, 0x0000000088900000|100%| O|  |TAMS 0x0000000088800000, 0x0000000088800000| Untracked 
| 137|0x0000000088900000, 0x0000000088a00000, 0x0000000088a00000|100%| O|  |TAMS 0x0000000088900000, 0x0000000088900000| Untracked 
| 138|0x0000000088a00000, 0x0000000088b00000, 0x0000000088b00000|100%| O|  |TAMS 0x0000000088a00000, 0x0000000088a00000| Untracked 
| 139|0x0000000088b00000, 0x0000000088c00000, 0x0000000088c00000|100%| O|  |TAMS 0x0000000088b00000, 0x0000000088b00000| Untracked 
| 140|0x0000000088c00000, 0x0000000088d00000, 0x0000000088d00000|100%| O|  |TAMS 0x0000000088c00000, 0x0000000088c00000| Untracked 
| 141|0x0000000088d00000, 0x0000000088e00000, 0x0000000088e00000|100%| O|  |TAMS 0x0000000088d00000, 0x0000000088d00000| Untracked 
| 142|0x0000000088e00000, 0x0000000088f00000, 0x0000000088f00000|100%| O|  |TAMS 0x0000000088e00000, 0x0000000088e00000| Untracked 
| 143|0x0000000088f00000, 0x0000000089000000, 0x0000000089000000|100%| O|  |TAMS 0x0000000088f00000, 0x0000000088f00000| Untracked 
| 144|0x0000000089000000, 0x0000000089100000, 0x0000000089100000|100%| O|  |TAMS 0x0000000089000000, 0x0000000089000000| Untracked 
| 145|0x0000000089100000, 0x0000000089200000, 0x0000000089200000|100%| O|  |TAMS 0x0000000089100000, 0x0000000089100000| Untracked 
| 146|0x0000000089200000, 0x0000000089300000, 0x0000000089300000|100%| O|  |TAMS 0x0000000089200000, 0x0000000089200000| Untracked 
| 147|0x0000000089300000, 0x0000000089400000, 0x0000000089400000|100%| O|  |TAMS 0x0000000089300000, 0x0000000089300000| Untracked 
| 148|0x0000000089400000, 0x0000000089500000, 0x0000000089500000|100%| O|  |TAMS 0x0000000089400000, 0x0000000089400000| Untracked 
| 149|0x0000000089500000, 0x0000000089600000, 0x0000000089600000|100%| O|  |TAMS 0x0000000089500000, 0x0000000089500000| Untracked 
| 150|0x0000000089600000, 0x0000000089700000, 0x0000000089700000|100%| O|  |TAMS 0x0000000089600000, 0x0000000089600000| Untracked 
| 151|0x0000000089700000, 0x0000000089800000, 0x0000000089800000|100%| O|  |TAMS 0x0000000089700000, 0x0000000089700000| Untracked 
| 152|0x0000000089800000, 0x0000000089900000, 0x0000000089900000|100%| O|  |TAMS 0x0000000089800000, 0x0000000089800000| Untracked 
| 153|0x0000000089900000, 0x0000000089a00000, 0x0000000089a00000|100%| O|  |TAMS 0x0000000089900000, 0x0000000089900000| Untracked 
| 154|0x0000000089a00000, 0x0000000089b00000, 0x0000000089b00000|100%| O|  |TAMS 0x0000000089a00000, 0x0000000089a00000| Untracked 
| 155|0x0000000089b00000, 0x0000000089c00000, 0x0000000089c00000|100%| O|  |TAMS 0x0000000089b00000, 0x0000000089b00000| Untracked 
| 156|0x0000000089c00000, 0x0000000089d00000, 0x0000000089d00000|100%| O|  |TAMS 0x0000000089c00000, 0x0000000089c00000| Untracked 
| 157|0x0000000089d00000, 0x0000000089e00000, 0x0000000089e00000|100%| O|  |TAMS 0x0000000089d00000, 0x0000000089d00000| Untracked 
| 158|0x0000000089e00000, 0x0000000089f00000, 0x0000000089f00000|100%| O|  |TAMS 0x0000000089e00000, 0x0000000089e00000| Untracked 
| 159|0x0000000089f00000, 0x000000008a000000, 0x000000008a000000|100%| O|  |TAMS 0x0000000089f00000, 0x0000000089f00000| Untracked 
| 160|0x000000008a000000, 0x000000008a100000, 0x000000008a100000|100%| O|  |TAMS 0x000000008a000000, 0x000000008a000000| Untracked 
| 161|0x000000008a100000, 0x000000008a200000, 0x000000008a200000|100%| O|  |TAMS 0x000000008a100000, 0x000000008a100000| Untracked 
| 162|0x000000008a200000, 0x000000008a300000, 0x000000008a300000|100%| O|  |TAMS 0x000000008a200000, 0x000000008a200000| Untracked 
| 163|0x000000008a300000, 0x000000008a400000, 0x000000008a400000|100%| O|  |TAMS 0x000000008a300000, 0x000000008a300000| Untracked 
| 164|0x000000008a400000, 0x000000008a500000, 0x000000008a500000|100%| O|  |TAMS 0x000000008a400000, 0x000000008a400000| Untracked 
| 165|0x000000008a500000, 0x000000008a600000, 0x000000008a600000|100%| O|  |TAMS 0x000000008a500000, 0x000000008a500000| Untracked 
| 166|0x000000008a600000, 0x000000008a700000, 0x000000008a700000|100%| O|  |TAMS 0x000000008a600000, 0x000000008a600000| Untracked 
| 167|0x000000008a700000, 0x000000008a800000, 0x000000008a800000|100%| O|  |TAMS 0x000000008a700000, 0x000000008a700000| Untracked 
| 168|0x000000008a800000, 0x000000008a900000, 0x000000008a900000|100%| O|  |TAMS 0x000000008a800000, 0x000000008a800000| Untracked 
| 169|0x000000008a900000, 0x000000008aa00000, 0x000000008aa00000|100%| O|  |TAMS 0x000000008a900000, 0x000000008a900000| Untracked 
| 170|0x000000008aa00000, 0x000000008ab00000, 0x000000008ab00000|100%| O|  |TAMS 0x000000008aa00000, 0x000000008aa00000| Untracked 
| 171|0x000000008ab00000, 0x000000008ac00000, 0x000000008ac00000|100%| O|  |TAMS 0x000000008ab00000, 0x000000008ab00000| Untracked 
| 172|0x000000008ac00000, 0x000000008ad00000, 0x000000008ad00000|100%| O|  |TAMS 0x000000008ac00000, 0x000000008ac00000| Untracked 
| 173|0x000000008ad00000, 0x000000008ae00000, 0x000000008ae00000|100%| O|  |TAMS 0x000000008ad00000, 0x000000008ad00000| Untracked 
| 174|0x000000008ae00000, 0x000000008af00000, 0x000000008af00000|100%| O|  |TAMS 0x000000008ae00000, 0x000000008ae00000| Untracked 
| 175|0x000000008af00000, 0x000000008b000000, 0x000000008b000000|100%| O|  |TAMS 0x000000008af00000, 0x000000008af00000| Untracked 
| 176|0x000000008b000000, 0x000000008b100000, 0x000000008b100000|100%| O|  |TAMS 0x000000008b000000, 0x000000008b000000| Untracked 
| 177|0x000000008b100000, 0x000000008b200000, 0x000000008b200000|100%| O|  |TAMS 0x000000008b100000, 0x000000008b100000| Untracked 
| 178|0x000000008b200000, 0x000000008b300000, 0x000000008b300000|100%| O|  |TAMS 0x000000008b200000, 0x000000008b200000| Untracked 
| 179|0x000000008b300000, 0x000000008b400000, 0x000000008b400000|100%| O|  |TAMS 0x000000008b300000, 0x000000008b300000| Untracked 
| 180|0x000000008b400000, 0x000000008b500000, 0x000000008b500000|100%| O|  |TAMS 0x000000008b400000, 0x000000008b400000| Untracked 
| 181|0x000000008b500000, 0x000000008b600000, 0x000000008b600000|100%| O|  |TAMS 0x000000008b500000, 0x000000008b500000| Untracked 
| 182|0x000000008b600000, 0x000000008b700000, 0x000000008b700000|100%| O|  |TAMS 0x000000008b600000, 0x000000008b600000| Untracked 
| 183|0x000000008b700000, 0x000000008b800000, 0x000000008b800000|100%| O|  |TAMS 0x000000008b700000, 0x000000008b700000| Untracked 
| 184|0x000000008b800000, 0x000000008b900000, 0x000000008b900000|100%| O|  |TAMS 0x000000008b800000, 0x000000008b800000| Untracked 
| 185|0x000000008b900000, 0x000000008ba00000, 0x000000008ba00000|100%| O|  |TAMS 0x000000008b900000, 0x000000008b900000| Untracked 
| 186|0x000000008ba00000, 0x000000008ba00000, 0x000000008bb00000|  0%| F|  |TAMS 0x000000008ba00000, 0x000000008ba00000| Untracked 
| 187|0x000000008bb00000, 0x000000008bb00000, 0x000000008bc00000|  0%| F|  |TAMS 0x000000008bb00000, 0x000000008bb00000| Untracked 
| 188|0x000000008bc00000, 0x000000008bc00000, 0x000000008bd00000|  0%| F|  |TAMS 0x000000008bc00000, 0x000000008bc00000| Untracked 
| 189|0x000000008bd00000, 0x000000008bd00000, 0x000000008be00000|  0%| F|  |TAMS 0x000000008bd00000, 0x000000008bd00000| Untracked 
| 190|0x000000008be00000, 0x000000008be00000, 0x000000008bf00000|  0%| F|  |TAMS 0x000000008be00000, 0x000000008be00000| Untracked 
| 191|0x000000008bf00000, 0x000000008bf00000, 0x000000008c000000|  0%| F|  |TAMS 0x000000008bf00000, 0x000000008bf00000| Untracked 
| 192|0x000000008c000000, 0x000000008c000000, 0x000000008c100000|  0%| F|  |TAMS 0x000000008c000000, 0x000000008c000000| Untracked 
| 193|0x000000008c100000, 0x000000008c100000, 0x000000008c200000|  0%| F|  |TAMS 0x000000008c100000, 0x000000008c100000| Untracked 
| 194|0x000000008c200000, 0x000000008c300000, 0x000000008c300000|100%| O|  |TAMS 0x000000008c200000, 0x000000008c200000| Untracked 
| 195|0x000000008c300000, 0x000000008c400000, 0x000000008c400000|100%| O|  |TAMS 0x000000008c300000, 0x000000008c300000| Untracked 
| 196|0x000000008c400000, 0x000000008c500000, 0x000000008c500000|100%| O|  |TAMS 0x000000008c400000, 0x000000008c400000| Untracked 
| 197|0x000000008c500000, 0x000000008c600000, 0x000000008c600000|100%| O|  |TAMS 0x000000008c500000, 0x000000008c500000| Untracked 
| 198|0x000000008c600000, 0x000000008c600000, 0x000000008c700000|  0%| F|  |TAMS 0x000000008c600000, 0x000000008c600000| Untracked 
| 199|0x000000008c700000, 0x000000008c700000, 0x000000008c800000|  0%| F|  |TAMS 0x000000008c700000, 0x000000008c700000| Untracked 
| 200|0x000000008c800000, 0x000000008c800000, 0x000000008c900000|  0%| F|  |TAMS 0x000000008c800000, 0x000000008c800000| Untracked 
| 201|0x000000008c900000, 0x000000008c900000, 0x000000008ca00000|  0%| F|  |TAMS 0x000000008c900000, 0x000000008c900000| Untracked 
| 202|0x000000008ca00000, 0x000000008ca00000, 0x000000008cb00000|  0%| F|  |TAMS 0x000000008ca00000, 0x000000008ca00000| Untracked 
| 203|0x000000008cb00000, 0x000000008cb00000, 0x000000008cc00000|  0%| F|  |TAMS 0x000000008cb00000, 0x000000008cb00000| Untracked 
| 204|0x000000008cc00000, 0x000000008cc00000, 0x000000008cd00000|  0%| F|  |TAMS 0x000000008cc00000, 0x000000008cc00000| Untracked 
| 205|0x000000008cd00000, 0x000000008cd00000, 0x000000008ce00000|  0%| F|  |TAMS 0x000000008cd00000, 0x000000008cd00000| Untracked 
| 206|0x000000008ce00000, 0x000000008ce00000, 0x000000008cf00000|  0%| F|  |TAMS 0x000000008ce00000, 0x000000008ce00000| Untracked 
| 207|0x000000008cf00000, 0x000000008cf00000, 0x000000008d000000|  0%| F|  |TAMS 0x000000008cf00000, 0x000000008cf00000| Untracked 
| 208|0x000000008d000000, 0x000000008d000000, 0x000000008d100000|  0%| F|  |TAMS 0x000000008d000000, 0x000000008d000000| Untracked 
| 209|0x000000008d100000, 0x000000008d100000, 0x000000008d200000|  0%| F|  |TAMS 0x000000008d100000, 0x000000008d100000| Untracked 
| 210|0x000000008d200000, 0x000000008d200000, 0x000000008d300000|  0%| F|  |TAMS 0x000000008d200000, 0x000000008d200000| Untracked 
| 211|0x000000008d300000, 0x000000008d300000, 0x000000008d400000|  0%| F|  |TAMS 0x000000008d300000, 0x000000008d300000| Untracked 
| 212|0x000000008d400000, 0x000000008d400000, 0x000000008d500000|  0%| F|  |TAMS 0x000000008d400000, 0x000000008d400000| Untracked 
| 213|0x000000008d500000, 0x000000008d500000, 0x000000008d600000|  0%| F|  |TAMS 0x000000008d500000, 0x000000008d500000| Untracked 
| 214|0x000000008d600000, 0x000000008d600000, 0x000000008d700000|  0%| F|  |TAMS 0x000000008d600000, 0x000000008d600000| Untracked 
| 215|0x000000008d700000, 0x000000008d700000, 0x000000008d800000|  0%| F|  |TAMS 0x000000008d700000, 0x000000008d700000| Untracked 
| 216|0x000000008d800000, 0x000000008d800000, 0x000000008d900000|  0%| F|  |TAMS 0x000000008d800000, 0x000000008d800000| Untracked 
| 217|0x000000008d900000, 0x000000008d900000, 0x000000008da00000|  0%| F|  |TAMS 0x000000008d900000, 0x000000008d900000| Untracked 
| 218|0x000000008da00000, 0x000000008da00000, 0x000000008db00000|  0%| F|  |TAMS 0x000000008da00000, 0x000000008da00000| Untracked 
| 219|0x000000008db00000, 0x000000008db00000, 0x000000008dc00000|  0%| F|  |TAMS 0x000000008db00000, 0x000000008db00000| Untracked 
| 220|0x000000008dc00000, 0x000000008dc00000, 0x000000008dd00000|  0%| F|  |TAMS 0x000000008dc00000, 0x000000008dc00000| Untracked 
| 221|0x000000008dd00000, 0x000000008dd00000, 0x000000008de00000|  0%| F|  |TAMS 0x000000008dd00000, 0x000000008dd00000| Untracked 
| 222|0x000000008de00000, 0x000000008de00000, 0x000000008df00000|  0%| F|  |TAMS 0x000000008de00000, 0x000000008de00000| Untracked 
| 223|0x000000008df00000, 0x000000008df00000, 0x000000008e000000|  0%| F|  |TAMS 0x000000008df00000, 0x000000008df00000| Untracked 
| 224|0x000000008e000000, 0x000000008e0d8820, 0x000000008e100000| 84%| S|CS|TAMS 0x000000008e000000, 0x000000008e000000| Complete 
| 225|0x000000008e100000, 0x000000008e100000, 0x000000008e200000|  0%| F|  |TAMS 0x000000008e100000, 0x000000008e100000| Untracked 
| 226|0x000000008e200000, 0x000000008e200000, 0x000000008e300000|  0%| F|  |TAMS 0x000000008e200000, 0x000000008e200000| Untracked 
| 227|0x000000008e300000, 0x000000008e300000, 0x000000008e400000|  0%| F|  |TAMS 0x000000008e300000, 0x000000008e300000| Untracked 
| 228|0x000000008e400000, 0x000000008e400000, 0x000000008e500000|  0%| F|  |TAMS 0x000000008e400000, 0x000000008e400000| Untracked 
| 229|0x000000008e500000, 0x000000008e600000, 0x000000008e600000|100%| S|CS|TAMS 0x000000008e500000, 0x000000008e500000| Complete 
| 230|0x000000008e600000, 0x000000008e700000, 0x000000008e700000|100%| S|CS|TAMS 0x000000008e600000, 0x000000008e600000| Complete 
| 231|0x000000008e700000, 0x000000008e800000, 0x000000008e800000|100%| S|CS|TAMS 0x000000008e700000, 0x000000008e700000| Complete 
| 232|0x000000008e800000, 0x000000008e800000, 0x000000008e900000|  0%| F|  |TAMS 0x000000008e800000, 0x000000008e800000| Untracked 
| 233|0x000000008e900000, 0x000000008e900000, 0x000000008ea00000|  0%| F|  |TAMS 0x000000008e900000, 0x000000008e900000| Untracked 
| 234|0x000000008ea00000, 0x000000008ea00000, 0x000000008eb00000|  0%| F|  |TAMS 0x000000008ea00000, 0x000000008ea00000| Untracked 
| 235|0x000000008eb00000, 0x000000008eb00000, 0x000000008ec00000|  0%| F|  |TAMS 0x000000008eb00000, 0x000000008eb00000| Untracked 
| 236|0x000000008ec00000, 0x000000008ec00000, 0x000000008ed00000|  0%| F|  |TAMS 0x000000008ec00000, 0x000000008ec00000| Untracked 
| 237|0x000000008ed00000, 0x000000008ed00000, 0x000000008ee00000|  0%| F|  |TAMS 0x000000008ed00000, 0x000000008ed00000| Untracked 
| 238|0x000000008ee00000, 0x000000008ee00000, 0x000000008ef00000|  0%| F|  |TAMS 0x000000008ee00000, 0x000000008ee00000| Untracked 
| 239|0x000000008ef00000, 0x000000008ef00000, 0x000000008f000000|  0%| F|  |TAMS 0x000000008ef00000, 0x000000008ef00000| Untracked 
| 240|0x000000008f000000, 0x000000008f000000, 0x000000008f100000|  0%| F|  |TAMS 0x000000008f000000, 0x000000008f000000| Untracked 
| 241|0x000000008f100000, 0x000000008f100000, 0x000000008f200000|  0%| F|  |TAMS 0x000000008f100000, 0x000000008f100000| Untracked 
| 242|0x000000008f200000, 0x000000008f200000, 0x000000008f300000|  0%| F|  |TAMS 0x000000008f200000, 0x000000008f200000| Untracked 
| 243|0x000000008f300000, 0x000000008f300000, 0x000000008f400000|  0%| F|  |TAMS 0x000000008f300000, 0x000000008f300000| Untracked 
| 244|0x000000008f400000, 0x000000008f400000, 0x000000008f500000|  0%| F|  |TAMS 0x000000008f400000, 0x000000008f400000| Untracked 
| 245|0x000000008f500000, 0x000000008f500000, 0x000000008f600000|  0%| F|  |TAMS 0x000000008f500000, 0x000000008f500000| Untracked 
| 246|0x000000008f600000, 0x000000008f600000, 0x000000008f700000|  0%| F|  |TAMS 0x000000008f600000, 0x000000008f600000| Untracked 
| 247|0x000000008f700000, 0x000000008f700000, 0x000000008f800000|  0%| F|  |TAMS 0x000000008f700000, 0x000000008f700000| Untracked 
| 248|0x000000008f800000, 0x000000008f800000, 0x000000008f900000|  0%| F|  |TAMS 0x000000008f800000, 0x000000008f800000| Untracked 
| 249|0x000000008f900000, 0x000000008f900000, 0x000000008fa00000|  0%| F|  |TAMS 0x000000008f900000, 0x000000008f900000| Untracked 
| 250|0x000000008fa00000, 0x000000008fa00000, 0x000000008fb00000|  0%| F|  |TAMS 0x000000008fa00000, 0x000000008fa00000| Untracked 
| 251|0x000000008fb00000, 0x000000008fb00000, 0x000000008fc00000|  0%| F|  |TAMS 0x000000008fb00000, 0x000000008fb00000| Untracked 
| 252|0x000000008fc00000, 0x000000008fc00000, 0x000000008fd00000|  0%| F|  |TAMS 0x000000008fc00000, 0x000000008fc00000| Untracked 
| 253|0x000000008fd00000, 0x000000008fd00000, 0x000000008fe00000|  0%| F|  |TAMS 0x000000008fd00000, 0x000000008fd00000| Untracked 
| 254|0x000000008fe00000, 0x000000008fe00000, 0x000000008ff00000|  0%| F|  |TAMS 0x000000008fe00000, 0x000000008fe00000| Untracked 
| 255|0x000000008ff00000, 0x000000008ff00000, 0x0000000090000000|  0%| F|  |TAMS 0x000000008ff00000, 0x000000008ff00000| Untracked 
| 256|0x0000000090000000, 0x0000000090000000, 0x0000000090100000|  0%| F|  |TAMS 0x0000000090000000, 0x0000000090000000| Untracked 
| 257|0x0000000090100000, 0x0000000090100000, 0x0000000090200000|  0%| F|  |TAMS 0x0000000090100000, 0x0000000090100000| Untracked 
| 258|0x0000000090200000, 0x0000000090200000, 0x0000000090300000|  0%| F|  |TAMS 0x0000000090200000, 0x0000000090200000| Untracked 
| 259|0x0000000090300000, 0x0000000090300000, 0x0000000090400000|  0%| F|  |TAMS 0x0000000090300000, 0x0000000090300000| Untracked 
| 260|0x0000000090400000, 0x0000000090400000, 0x0000000090500000|  0%| F|  |TAMS 0x0000000090400000, 0x0000000090400000| Untracked 
| 261|0x0000000090500000, 0x0000000090500000, 0x0000000090600000|  0%| F|  |TAMS 0x0000000090500000, 0x0000000090500000| Untracked 
| 262|0x0000000090600000, 0x0000000090600000, 0x0000000090700000|  0%| F|  |TAMS 0x0000000090600000, 0x0000000090600000| Untracked 
| 263|0x0000000090700000, 0x0000000090700000, 0x0000000090800000|  0%| F|  |TAMS 0x0000000090700000, 0x0000000090700000| Untracked 
| 264|0x0000000090800000, 0x0000000090800000, 0x0000000090900000|  0%| F|  |TAMS 0x0000000090800000, 0x0000000090800000| Untracked 
| 265|0x0000000090900000, 0x0000000090900000, 0x0000000090a00000|  0%| F|  |TAMS 0x0000000090900000, 0x0000000090900000| Untracked 
| 266|0x0000000090a00000, 0x0000000090a00000, 0x0000000090b00000|  0%| F|  |TAMS 0x0000000090a00000, 0x0000000090a00000| Untracked 
| 267|0x0000000090b00000, 0x0000000090b00000, 0x0000000090c00000|  0%| F|  |TAMS 0x0000000090b00000, 0x0000000090b00000| Untracked 
| 268|0x0000000090c00000, 0x0000000090c00000, 0x0000000090d00000|  0%| F|  |TAMS 0x0000000090c00000, 0x0000000090c00000| Untracked 
| 269|0x0000000090d00000, 0x0000000090d00000, 0x0000000090e00000|  0%| F|  |TAMS 0x0000000090d00000, 0x0000000090d00000| Untracked 
| 270|0x0000000090e00000, 0x0000000090e00000, 0x0000000090f00000|  0%| F|  |TAMS 0x0000000090e00000, 0x0000000090e00000| Untracked 
| 271|0x0000000090f00000, 0x0000000090f00000, 0x0000000091000000|  0%| F|  |TAMS 0x0000000090f00000, 0x0000000090f00000| Untracked 
| 272|0x0000000091000000, 0x0000000091000000, 0x0000000091100000|  0%| F|  |TAMS 0x0000000091000000, 0x0000000091000000| Untracked 
| 273|0x0000000091100000, 0x0000000091100000, 0x0000000091200000|  0%| F|  |TAMS 0x0000000091100000, 0x0000000091100000| Untracked 
| 274|0x0000000091200000, 0x0000000091200000, 0x0000000091300000|  0%| F|  |TAMS 0x0000000091200000, 0x0000000091200000| Untracked 

Card table byte_map: [0x000001522b5b0000,0x000001522b9b0000] _byte_map_base: 0x000001522b1b0000

Marking Bits (Prev, Next): (CMBitMap*) 0x000001521471f9e0, (CMBitMap*) 0x000001521471fa20
 Prev Bits: [0x000001522bdb0000, 0x000001522ddb0000)
 Next Bits: [0x000001522ddb0000, 0x000001522fdb0000)

Polling page: 0x00000152125b0000

Metaspace:

Usage:
  Non-class:     89.41 MB used.
      Class:     14.01 MB used.
       Both:    103.42 MB used.

Virtual space:
  Non-class space:       96.00 MB reserved,      90.12 MB ( 94%) committed,  12 nodes.
      Class space:      412.00 MB reserved,      14.62 MB (  4%) committed,  1 nodes.
             Both:      508.00 MB reserved,     104.75 MB ( 21%) committed. 

Chunk freelists:
   Non-Class:  1.22 MB
       Class:  1.33 MB
        Both:  2.55 MB

MaxMetaspaceSize: 512.00 MB
CompressedClassSpaceSize: 412.00 MB
Initial GC threshold: 21.00 MB
Current GC threshold: 150.31 MB
CDS: on
MetaspaceReclaimPolicy: balanced
 - commit_granule_bytes: 65536.
 - commit_granule_words: 8192.
 - virtual_space_node_default_size: 1048576.
 - enlarge_chunks_in_place: 1.
 - new_chunks_are_fully_committed: 0.
 - uncommit_free_chunks: 1.
 - use_allocation_guard: 0.
 - handle_deallocations: 1.


Internal statistics:

num_allocs_failed_limit: 6.
num_arena_births: 1624.
num_arena_deaths: 0.
num_vsnodes_births: 13.
num_vsnodes_deaths: 0.
num_space_committed: 1676.
num_space_uncommitted: 0.
num_chunks_returned_to_freelist: 6.
num_chunks_taken_from_freelist: 6303.
num_chunk_merges: 6.
num_chunk_splits: 4037.
num_chunks_enlarged: 2508.
num_purges: 0.
num_inconsistent_stats: 0.

CodeHeap 'non-profiled nmethods': size=120000Kb used=9590Kb max_used=9590Kb free=110409Kb
 bounds [0x0000015223c80000, 0x00000152245e0000, 0x000001522b1b0000]
CodeHeap 'profiled nmethods': size=120000Kb used=27926Kb max_used=27926Kb free=92073Kb
 bounds [0x000001521c1b0000, 0x000001521dd00000, 0x00000152236e0000]
CodeHeap 'non-nmethods': size=5760Kb used=2408Kb max_used=2507Kb free=3351Kb
 bounds [0x00000152236e0000, 0x0000015223980000, 0x0000015223c80000]
 total_blobs=15195 nmethods=14247 adapters=859
 compilation: enabled
              stopped_count=0, restarted_count=0
 full_count=0

Compilation events (20 events):
Event: 54.314 Thread 0x0000015232269ae0 16605       3       org.gradle.internal.Try$Success::tryMap (11 bytes)
Event: 54.315 Thread 0x0000015232269ae0 nmethod 16605 0x000001521dcf0a10 code [0x000001521dcf0c80, 0x000001521dcf1768]
Event: 54.315 Thread 0x0000015232269ae0 16606       3       org.gradle.internal.Try$Success$$Lambda$1326/0x0000000801a86890::<init> (15 bytes)
Event: 54.315 Thread 0x0000015232269ae0 nmethod 16606 0x000001521dcf1b90 code [0x000001521dcf1d40, 0x000001521dcf1f58]
Event: 54.315 Thread 0x0000015232269ae0 16607       3       org.gradle.internal.Try$Success$$Lambda$1326/0x0000000801a86890::call (12 bytes)
Event: 54.315 Thread 0x0000015232269ae0 nmethod 16607 0x000001521dcf2010 code [0x000001521dcf21c0, 0x000001521dcf2408]
Event: 54.315 Thread 0x0000015232269ae0 16609       3       java.nio.file.Files::newByteChannel (36 bytes)
Event: 54.316 Thread 0x0000015232269ae0 nmethod 16609 0x000001521dcf2510 code [0x000001521dcf2740, 0x000001521dcf30d8]
Event: 54.318 Thread 0x0000015232269ae0 16610   !   3       sun.nio.fs.WindowsFileSystemProvider::newByteChannel (71 bytes)
Event: 54.319 Thread 0x0000015232269ae0 nmethod 16610 0x000001521dcf3410 code [0x000001521dcf3680, 0x000001521dcf4128]
Event: 54.319 Thread 0x0000015232269ae0 16611       3       java.util.concurrent.ConcurrentHashMap::addCount (280 bytes)
Event: 54.320 Thread 0x0000015232269ae0 nmethod 16611 0x000001521dcf4690 code [0x000001521dcf48e0, 0x000001521dcf5298]
Event: 54.348 Thread 0x0000015232265c30 nmethod 16572% 0x00000152245da890 code [0x00000152245dab00, 0x00000152245dcb98]
Event: 54.349 Thread 0x0000015232265c30 16584       4       java.util.Arrays::sort (47 bytes)
Event: 54.363 Thread 0x0000015232269ae0 16612       3       org.gradle.internal.execution.steps.IdentityCacheStep::lambda$executeDeferred$1 (20 bytes)
Event: 54.364 Thread 0x0000015232269ae0 nmethod 16612 0x000001521dcf5590 code [0x000001521dcf57a0, 0x000001521dcf5fd8]
Event: 54.392 Thread 0x0000015232269ae0 16613       3       org.gradle.internal.io.StreamByteBuffer$StreamByteBufferInputStream::readImpl (150 bytes)
Event: 54.393 Thread 0x0000015232269ae0 nmethod 16613 0x000001521dcf6290 code [0x000001521dcf64c0, 0x000001521dcf6c88]
Event: 54.410 Thread 0x0000015232269ae0 16615   !   3       java.nio.ByteBuffer::putBuffer (142 bytes)
Event: 54.412 Thread 0x0000015232269ae0 nmethod 16615 0x000001521dcf6f90 code [0x000001521dcf7240, 0x000001521dcf8078]

GC Heap History (20 events):
Event: 43.626 GC heap after
{Heap after GC invocations=48 (full 0):
 garbage-first heap   total 281600K, used 137618K [0x0000000080000000, 0x0000000100000000)
  region size 1024K, 6 young (6144K), 6 survivors (6144K)
 Metaspace       used 90512K, committed 91584K, reserved 503808K
  class space    used 12495K, committed 12992K, reserved 421888K
}
Event: 45.185 GC heap before
{Heap before GC invocations=49 (full 0):
 garbage-first heap   total 281600K, used 219538K [0x0000000080000000, 0x0000000100000000)
  region size 1024K, 86 young (88064K), 6 survivors (6144K)
 Metaspace       used 97952K, committed 99136K, reserved 512000K
  class space    used 13526K, committed 14080K, reserved 421888K
}
Event: 45.201 GC heap after
{Heap after GC invocations=50 (full 0):
 garbage-first heap   total 281600K, used 146728K [0x0000000080000000, 0x0000000100000000)
  region size 1024K, 11 young (11264K), 11 survivors (11264K)
 Metaspace       used 97952K, committed 99136K, reserved 512000K
  class space    used 13526K, committed 14080K, reserved 421888K
}
Event: 45.221 GC heap before
{Heap before GC invocations=50 (full 0):
 garbage-first heap   total 281600K, used 148776K [0x0000000080000000, 0x0000000100000000)
  region size 1024K, 13 young (13312K), 11 survivors (11264K)
 Metaspace       used 98044K, committed 99200K, reserved 512000K
  class space    used 13540K, committed 14080K, reserved 421888K
}
Event: 45.243 GC heap after
{Heap after GC invocations=51 (full 0):
 garbage-first heap   total 281600K, used 146949K [0x0000000080000000, 0x0000000100000000)
  region size 1024K, 2 young (2048K), 2 survivors (2048K)
 Metaspace       used 98044K, committed 99200K, reserved 512000K
  class space    used 13540K, committed 14080K, reserved 421888K
}
Event: 46.336 GC heap before
{Heap before GC invocations=51 (full 0):
 garbage-first heap   total 281600K, used 221701K [0x0000000080000000, 0x0000000100000000)
  region size 1024K, 75 young (76800K), 2 survivors (2048K)
 Metaspace       used 99219K, committed 100416K, reserved 512000K
  class space    used 13663K, committed 14208K, reserved 421888K
}
Event: 46.359 GC heap after
{Heap after GC invocations=52 (full 0):
 garbage-first heap   total 281600K, used 159028K [0x0000000080000000, 0x0000000100000000)
  region size 1024K, 10 young (10240K), 10 survivors (10240K)
 Metaspace       used 99219K, committed 100416K, reserved 512000K
  class space    used 13663K, committed 14208K, reserved 421888K
}
Event: 47.034 GC heap before
{Heap before GC invocations=52 (full 0):
 garbage-first heap   total 281600K, used 223540K [0x0000000080000000, 0x0000000100000000)
  region size 1024K, 73 young (74752K), 10 survivors (10240K)
 Metaspace       used 101599K, committed 102848K, reserved 512000K
  class space    used 13930K, committed 14528K, reserved 421888K
}
Event: 47.055 GC heap after
{Heap after GC invocations=53 (full 0):
 garbage-first heap   total 281600K, used 166768K [0x0000000080000000, 0x0000000100000000)
  region size 1024K, 8 young (8192K), 8 survivors (8192K)
 Metaspace       used 101599K, committed 102848K, reserved 512000K
  class space    used 13930K, committed 14528K, reserved 421888K
}
Event: 47.668 GC heap before
{Heap before GC invocations=53 (full 0):
 garbage-first heap   total 281600K, used 226160K [0x0000000080000000, 0x0000000100000000)
  region size 1024K, 67 young (68608K), 8 survivors (8192K)
 Metaspace       used 103847K, committed 105088K, reserved 520192K
  class space    used 14152K, committed 14784K, reserved 421888K
}
Event: 47.691 GC heap after
{Heap after GC invocations=54 (full 0):
 garbage-first heap   total 281600K, used 174392K [0x0000000080000000, 0x0000000100000000)
  region size 1024K, 8 young (8192K), 8 survivors (8192K)
 Metaspace       used 103847K, committed 105088K, reserved 520192K
  class space    used 14152K, committed 14784K, reserved 421888K
}
Event: 48.749 GC heap before
{Heap before GC invocations=54 (full 0):
 garbage-first heap   total 281600K, used 229688K [0x0000000080000000, 0x0000000100000000)
  region size 1024K, 63 young (64512K), 8 survivors (8192K)
 Metaspace       used 105328K, committed 106624K, reserved 520192K
  class space    used 14294K, committed 14912K, reserved 421888K
}
Event: 48.771 GC heap after
{Heap after GC invocations=55 (full 0):
 garbage-first heap   total 281600K, used 177440K [0x0000000080000000, 0x0000000100000000)
  region size 1024K, 4 young (4096K), 4 survivors (4096K)
 Metaspace       used 105328K, committed 106624K, reserved 520192K
  class space    used 14294K, committed 14912K, reserved 421888K
}
Event: 51.612 GC heap before
{Heap before GC invocations=55 (full 0):
 garbage-first heap   total 281600K, used 231712K [0x0000000080000000, 0x0000000100000000)
  region size 1024K, 58 young (59392K), 4 survivors (4096K)
 Metaspace       used 105413K, committed 106688K, reserved 520192K
  class space    used 14301K, committed 14912K, reserved 421888K
}
Event: 51.626 GC heap after
{Heap after GC invocations=56 (full 0):
 garbage-first heap   total 281600K, used 184210K [0x0000000080000000, 0x0000000100000000)
  region size 1024K, 8 young (8192K), 8 survivors (8192K)
 Metaspace       used 105413K, committed 106688K, reserved 520192K
  class space    used 14301K, committed 14912K, reserved 421888K
}
Event: 53.324 GC heap before
{Heap before GC invocations=56 (full 0):
 garbage-first heap   total 281600K, used 234386K [0x0000000080000000, 0x0000000100000000)
  region size 1024K, 58 young (59392K), 8 survivors (8192K)
 Metaspace       used 105649K, committed 107008K, reserved 520192K
  class space    used 14317K, committed 14976K, reserved 421888K
}
Event: 53.343 GC heap after
{Heap after GC invocations=57 (full 0):
 garbage-first heap   total 281600K, used 190314K [0x0000000080000000, 0x0000000100000000)
  region size 1024K, 6 young (6144K), 6 survivors (6144K)
 Metaspace       used 105649K, committed 107008K, reserved 520192K
  class space    used 14317K, committed 14976K, reserved 421888K
}
Event: 53.818 GC heap before
{Heap before GC invocations=57 (full 0):
 garbage-first heap   total 281600K, used 236394K [0x0000000080000000, 0x0000000100000000)
  region size 1024K, 52 young (53248K), 6 survivors (6144K)
 Metaspace       used 105652K, committed 107008K, reserved 520192K
  class space    used 14317K, committed 14976K, reserved 421888K
}
Event: 53.829 GC heap after
{Heap after GC invocations=58 (full 0):
 garbage-first heap   total 281600K, used 194369K [0x0000000080000000, 0x0000000100000000)
  region size 1024K, 5 young (5120K), 5 survivors (5120K)
 Metaspace       used 105652K, committed 107008K, reserved 520192K
  class space    used 14317K, committed 14976K, reserved 421888K
}
Event: 54.413 GC heap before
{Heap before GC invocations=58 (full 0):
 garbage-first heap   total 281600K, used 245569K [0x0000000080000000, 0x0000000100000000)
  region size 1024K, 48 young (49152K), 5 survivors (5120K)
 Metaspace       used 105900K, committed 107264K, reserved 520192K
  class space    used 14341K, committed 14976K, reserved 421888K
}

Dll operation events (12 events):
Event: 0.010 Loaded shared library C:\Program Files\Eclipse Adoptium\jdk-17.0.6.10-hotspot\bin\java.dll
Event: 0.019 Loaded shared library C:\Program Files\Eclipse Adoptium\jdk-17.0.6.10-hotspot\bin\jsvml.dll
Event: 0.089 Loaded shared library C:\Program Files\Eclipse Adoptium\jdk-17.0.6.10-hotspot\bin\net.dll
Event: 0.092 Loaded shared library C:\Program Files\Eclipse Adoptium\jdk-17.0.6.10-hotspot\bin\nio.dll
Event: 0.099 Loaded shared library C:\Program Files\Eclipse Adoptium\jdk-17.0.6.10-hotspot\bin\zip.dll
Event: 0.452 Loaded shared library C:\Program Files\Eclipse Adoptium\jdk-17.0.6.10-hotspot\bin\jimage.dll
Event: 0.622 Loaded shared library C:\Program Files\Eclipse Adoptium\jdk-17.0.6.10-hotspot\bin\verify.dll
Event: 0.953 Loaded shared library C:\Users\songe\.gradle\native\e1d6ef7f7dcc3fd88c89a11ec53ec762bb8ba0a96d01ffa2cd45eb1d1d8dd5c5\windows-amd64\native-platform.dll
Event: 0.971 Loaded shared library C:\Users\songe\.gradle\native\0d407fdbe67a94daf76414ababcb853783967236a71b16ec16e742cd7a986fd3\windows-amd64\native-platform-file-events.dll
Event: 2.227 Loaded shared library C:\Program Files\Eclipse Adoptium\jdk-17.0.6.10-hotspot\bin\management.dll
Event: 2.231 Loaded shared library C:\Program Files\Eclipse Adoptium\jdk-17.0.6.10-hotspot\bin\management_ext.dll
Event: 2.868 Loaded shared library C:\Program Files\Eclipse Adoptium\jdk-17.0.6.10-hotspot\bin\sunmscapi.dll

Deoptimization events (20 events):
Event: 54.267 Thread 0x0000015233bd4b90 Uncommon trap: trap_request=0xffffffc6 fr.pc=0x0000015223d083e4 relative=0x00000000000000c4
Event: 54.267 Thread 0x0000015233bd4b90 Uncommon trap: reason=bimorphic_or_optimized_type_check action=maybe_recompile pc=0x0000015223d083e4 method=com.google.common.collect.RegularImmutableMap.checkNoConflictInKeyBucket(Ljava/lang/Object;Ljava/util/Map$Entry;Lcom/google/common/collect/Immutabl
Event: 54.267 Thread 0x0000015233bd4b90 DEOPT PACKING pc=0x0000015223d083e4 sp=0x0000001d86ffd290
Event: 54.267 Thread 0x0000015233bd4b90 DEOPT UNPACKING pc=0x00000152237369a3 sp=0x0000001d86ffd238 mode 2
Event: 54.314 Thread 0x0000015238bbeed0 Uncommon trap: trap_request=0xffffff45 fr.pc=0x00000152241f817c relative=0x000000000000033c
Event: 54.314 Thread 0x0000015238bbeed0 Uncommon trap: reason=unstable_if action=reinterpret pc=0x00000152241f817c method=java.util.concurrent.ConcurrentHashMap.addCount(JI)V @ 171 c2
Event: 54.314 Thread 0x0000015238bbeed0 DEOPT PACKING pc=0x00000152241f817c sp=0x0000001d868fe590
Event: 54.314 Thread 0x0000015238bbeed0 DEOPT UNPACKING pc=0x00000152237369a3 sp=0x0000001d868fe4d0 mode 2
Event: 54.314 Thread 0x0000015238bbeed0 Uncommon trap: trap_request=0xffffff45 fr.pc=0x0000015223d475f4 relative=0x0000000000001494
Event: 54.314 Thread 0x0000015238bbeed0 Uncommon trap: reason=unstable_if action=reinterpret pc=0x0000015223d475f4 method=java.util.concurrent.ConcurrentHashMap.transfer([Ljava/util/concurrent/ConcurrentHashMap$Node;[Ljava/util/concurrent/ConcurrentHashMap$Node;)V @ 34 c2
Event: 54.314 Thread 0x0000015238bbeed0 DEOPT PACKING pc=0x0000015223d475f4 sp=0x0000001d868fe3e0
Event: 54.314 Thread 0x0000015238bbeed0 DEOPT UNPACKING pc=0x00000152237369a3 sp=0x0000001d868fe390 mode 2
Event: 54.388 Thread 0x0000015233e39730 Uncommon trap: trap_request=0xffffff45 fr.pc=0x0000015223f1c464 relative=0x00000000000046a4
Event: 54.388 Thread 0x0000015233e39730 Uncommon trap: reason=unstable_if action=reinterpret pc=0x0000015223f1c464 method=org.gradle.internal.io.StreamByteBuffer.allocateSpace()I @ 9 c2
Event: 54.389 Thread 0x0000015233e39730 DEOPT PACKING pc=0x0000015223f1c464 sp=0x0000001d841feaf0
Event: 54.389 Thread 0x0000015233e39730 DEOPT UNPACKING pc=0x00000152237369a3 sp=0x0000001d841fe868 mode 2
Event: 54.391 Thread 0x0000015233e39730 Uncommon trap: trap_request=0xffffff45 fr.pc=0x0000015224589358 relative=0x0000000000000538
Event: 54.391 Thread 0x0000015233e39730 Uncommon trap: reason=unstable_if action=reinterpret pc=0x0000015224589358 method=org.gradle.internal.io.StreamByteBuffer.prepareRead()I @ 30 c2
Event: 54.391 Thread 0x0000015233e39730 DEOPT PACKING pc=0x0000015224589358 sp=0x0000001d841fe9c0
Event: 54.391 Thread 0x0000015233e39730 DEOPT UNPACKING pc=0x00000152237369a3 sp=0x0000001d841fe900 mode 2

Classes unloaded (0 events):
No events

Classes redefined (0 events):
No events

Internal exceptions (20 events):
Event: 48.723 Thread 0x0000015233bd11d0 Exception <a 'java/lang/ClassNotFoundException'{0x000000008ddec400}: org/gradle/api/internal/file/collections/DefaultConfigurableFileTreeCustomizer> (0x000000008ddec400) 
thrown [s\src\hotspot\share\classfile\systemDictionary.cpp, line 256]
Event: 48.740 Thread 0x0000015233bd11d0 Exception <a 'java/lang/ClassNotFoundException'{0x000000008dcb1460}: org/gradle/api/internal/file/DefaultFileVisitDetailsBeanInfo> (0x000000008dcb1460) 
thrown [s\src\hotspot\share\classfile\systemDictionary.cpp, line 256]
Event: 48.747 Thread 0x0000015233bd11d0 Exception <a 'java/lang/ClassNotFoundException'{0x000000008dccbea8}: org/gradle/api/internal/file/DefaultFileTreeElementBeanInfo> (0x000000008dccbea8) 
thrown [s\src\hotspot\share\classfile\systemDictionary.cpp, line 256]
Event: 48.749 Thread 0x0000015233bd11d0 Exception <a 'java/lang/ClassNotFoundException'{0x000000008dce7570}: org/gradle/api/internal/file/AbstractFileTreeElementBeanInfo> (0x000000008dce7570) 
thrown [s\src\hotspot\share\classfile\systemDictionary.cpp, line 256]
Event: 48.772 Thread 0x0000015233bd11d0 Exception <a 'java/lang/ClassNotFoundException'{0x0000000091201a78}: org/gradle/api/internal/file/AbstractFileTreeElementCustomizer> (0x0000000091201a78) 
thrown [s\src\hotspot\share\classfile\systemDictionary.cpp, line 256]
Event: 48.778 Thread 0x0000015233bd11d0 Exception <a 'java/lang/ClassNotFoundException'{0x000000009121d010}: org/gradle/api/internal/file/DefaultFileTreeElementCustomizer> (0x000000009121d010) 
thrown [s\src\hotspot\share\classfile\systemDictionary.cpp, line 256]
Event: 48.780 Thread 0x0000015233bd11d0 Exception <a 'java/lang/ClassNotFoundException'{0x000000009123bc78}: org/gradle/api/internal/file/DefaultFileVisitDetailsCustomizer> (0x000000009123bc78) 
thrown [s\src\hotspot\share\classfile\systemDictionary.cpp, line 256]
Event: 48.784 Thread 0x0000015233bd11d0 Exception <a 'java/lang/ClassNotFoundException'{0x00000000912777a8}: java/nio/file/FilesBeanInfo> (0x00000000912777a8) 
thrown [s\src\hotspot\share\classfile\systemDictionary.cpp, line 256]
Event: 48.785 Thread 0x0000015233bd11d0 Exception <a 'java/lang/ClassNotFoundException'{0x00000000912811d0}: java/nio/file/FilesCustomizer> (0x00000000912811d0) 
thrown [s\src\hotspot\share\classfile\systemDictionary.cpp, line 256]
Event: 52.261 Thread 0x0000015233bd11d0 Exception <a 'java/lang/ClassNotFoundException'{0x000000009040fd28}: org/gradle/api/internal/file/AttributeBasedFileVisitDetailsBeanInfo> (0x000000009040fd28) 
thrown [s\src\hotspot\share\classfile\systemDictionary.cpp, line 256]
Event: 52.261 Thread 0x0000015233bd11d0 Exception <a 'java/lang/ClassNotFoundException'{0x0000000090424ec8}: org/gradle/api/internal/file/AttributeBasedFileVisitDetailsCustomizer> (0x0000000090424ec8) 
thrown [s\src\hotspot\share\classfile\systemDictionary.cpp, line 256]
Event: 52.811 Thread 0x0000015233bd11d0 Implicit null exception at 0x000001522452f768 to 0x000001522453039c
Event: 52.813 Thread 0x0000015233bd11d0 Exception <a 'java/lang/ClassNotFoundException'{0x000000008f8700d8}: java/util/LinkedHashSetBeanInfo> (0x000000008f8700d8) 
thrown [s\src\hotspot\share\classfile\systemDictionary.cpp, line 256]
Event: 52.813 Thread 0x0000015233bd11d0 Exception <a 'java/lang/ClassNotFoundException'{0x000000008f877350}: java/util/HashSetBeanInfo> (0x000000008f877350) 
thrown [s\src\hotspot\share\classfile\systemDictionary.cpp, line 256]
Event: 52.813 Thread 0x0000015233bd11d0 Exception <a 'java/lang/ClassNotFoundException'{0x000000008f87e5a8}: java/util/HashSetCustomizer> (0x000000008f87e5a8) 
thrown [s\src\hotspot\share\classfile\systemDictionary.cpp, line 256]
Event: 52.814 Thread 0x0000015233bd11d0 Exception <a 'java/lang/ClassNotFoundException'{0x000000008f88f800}: java/util/LinkedHashSetCustomizer> (0x000000008f88f800) 
thrown [s\src\hotspot\share\classfile\systemDictionary.cpp, line 256]
Event: 52.818 Thread 0x0000015233bd11d0 Implicit null exception at 0x00000152244f06d7 to 0x00000152244f0b28
Event: 52.888 Thread 0x0000015233bd11d0 Exception <a 'java/lang/NoSuchMethodError'{0x000000008f650af8}: static Lcom/android/build/api/variant/BuildConfigField;.<clinit>()V> (0x000000008f650af8) 
thrown [s\src\hotspot\share\prims\jni.cpp, line 1107]
Event: 54.107 Thread 0x0000015233bd11d0 Exception <a 'java/lang/NoSuchMethodError'{0x000000008fae2a58}: static Lcom/android/build/api/variant/impl/ResValueKeyImpl;.<clinit>()V> (0x000000008fae2a58) 
thrown [s\src\hotspot\share\prims\jni.cpp, line 1107]
Event: 54.109 Thread 0x0000015233bd11d0 Exception <a 'java/lang/NoSuchMethodError'{0x000000008faef5a0}: static Lcom/android/build/api/variant/ResValue;.<clinit>()V> (0x000000008faef5a0) 
thrown [s\src\hotspot\share\prims\jni.cpp, line 1107]

VM Operations (20 events):
Event: 50.786 Executing VM operation: Cleanup done
Event: 51.612 Executing VM operation: G1CollectForAllocation
Event: 51.626 Executing VM operation: G1CollectForAllocation done
Event: 52.636 Executing VM operation: Cleanup
Event: 52.636 Executing VM operation: Cleanup done
Event: 52.944 Executing VM operation: ICBufferFull
Event: 52.945 Executing VM operation: ICBufferFull done
Event: 53.324 Executing VM operation: G1CollectForAllocation
Event: 53.343 Executing VM operation: G1CollectForAllocation done
Event: 53.818 Executing VM operation: G1CollectForAllocation
Event: 53.829 Executing VM operation: G1CollectForAllocation done
Event: 54.127 Executing VM operation: HandshakeAllThreads
Event: 54.127 Executing VM operation: HandshakeAllThreads done
Event: 54.168 Executing VM operation: HandshakeAllThreads
Event: 54.169 Executing VM operation: HandshakeAllThreads done
Event: 54.174 Executing VM operation: ICBufferFull
Event: 54.174 Executing VM operation: ICBufferFull done
Event: 54.198 Executing VM operation: ICBufferFull
Event: 54.198 Executing VM operation: ICBufferFull done
Event: 54.413 Executing VM operation: G1CollectForAllocation

Events (20 events):
Event: 54.130 loading class com/sun/org/apache/xerces/internal/util/URI
Event: 54.130 loading class com/sun/org/apache/xerces/internal/util/URI done
Event: 54.131 loading class java/net/HttpURLConnection
Event: 54.131 loading class java/net/HttpURLConnection done
Event: 54.131 loading class sun/net/ProgressMonitor
Event: 54.132 loading class sun/net/ProgressMonitor done
Event: 54.132 loading class sun/net/DefaultProgressMeteringPolicy
Event: 54.132 loading class sun/net/ProgressMeteringPolicy
Event: 54.132 loading class sun/net/ProgressMeteringPolicy done
Event: 54.132 loading class sun/net/DefaultProgressMeteringPolicy done
Event: 54.169 Thread 0x0000015232274910 flushing nmethod 0x0000015223cd8c10
Event: 54.169 Thread 0x0000015232274910 flushing nmethod 0x0000015223df1310
Event: 54.181 Thread 0x0000015232274910 flushing nmethod 0x000001521c98da90
Event: 54.182 Thread 0x0000015232274910 flushing nmethod 0x000001521ca7a990
Event: 54.185 Thread 0x0000015232274910 flushing nmethod 0x000001521cdb6810
Event: 54.186 Thread 0x0000015232274910 flushing nmethod 0x000001521cfcc090
Event: 54.190 Thread 0x0000015232274910 flushing nmethod 0x000001521d45fe10
Event: 54.190 Thread 0x0000015232274910 flushing nmethod 0x000001521d48cb90
Event: 54.191 Thread 0x0000015232274910 flushing nmethod 0x000001521d523810
Event: 54.195 Thread 0x0000015232274910 flushing nmethod 0x000001521da31f90


Dynamic libraries:
0x00007ff6c2660000 - 0x00007ff6c266e000 	C:\Program Files\Eclipse Adoptium\jdk-17.0.6.10-hotspot\bin\java.exe
0x00007ff8d7db0000 - 0x00007ff8d7fa8000 	C:\WINDOWS\SYSTEM32\ntdll.dll
0x00007ff8d6ce0000 - 0x00007ff8d6d9f000 	C:\WINDOWS\System32\KERNEL32.DLL
0x00007ff8d5820000 - 0x00007ff8d5b16000 	C:\WINDOWS\System32\KERNELBASE.dll
0x00007ff8d5490000 - 0x00007ff8d5590000 	C:\WINDOWS\System32\ucrtbase.dll
0x00007ff8d1c00000 - 0x00007ff8d1c19000 	C:\Program Files\Eclipse Adoptium\jdk-17.0.6.10-hotspot\bin\VCRUNTIME140.dll
0x00007ff8d0d90000 - 0x00007ff8d0da7000 	C:\Program Files\Eclipse Adoptium\jdk-17.0.6.10-hotspot\bin\jli.dll
0x00007ff8d6da0000 - 0x00007ff8d6f3d000 	C:\WINDOWS\System32\USER32.dll
0x00007ff8d5de0000 - 0x00007ff8d5e02000 	C:\WINDOWS\System32\win32u.dll
0x00007ff8c24f0000 - 0x00007ff8c278a000 	C:\WINDOWS\WinSxS\amd64_microsoft.windows.common-controls_6595b64144ccf1df_6.0.19041.1110_none_60b5254171f9507e\COMCTL32.dll
0x00007ff8d6aa0000 - 0x00007ff8d6acc000 	C:\WINDOWS\System32\GDI32.dll
0x00007ff8d6240000 - 0x00007ff8d62de000 	C:\WINDOWS\System32\msvcrt.dll
0x00007ff8d5cc0000 - 0x00007ff8d5dd5000 	C:\WINDOWS\System32\gdi32full.dll
0x00007ff8d5590000 - 0x00007ff8d562d000 	C:\WINDOWS\System32\msvcp_win.dll
0x00007ff8d5fa0000 - 0x00007ff8d5fd0000 	C:\WINDOWS\System32\IMM32.DLL
0x00007ff8d1ca0000 - 0x00007ff8d1cac000 	C:\Program Files\Eclipse Adoptium\jdk-17.0.6.10-hotspot\bin\vcruntime140_1.dll
0x00007ff89c6b0000 - 0x00007ff89c741000 	C:\Program Files\Eclipse Adoptium\jdk-17.0.6.10-hotspot\bin\msvcp140.dll
0x00007ff896cc0000 - 0x00007ff897907000 	C:\Program Files\Eclipse Adoptium\jdk-17.0.6.10-hotspot\bin\server\jvm.dll
0x00007ff8d5ef0000 - 0x00007ff8d5f9f000 	C:\WINDOWS\System32\ADVAPI32.dll
0x00007ff8d72a0000 - 0x00007ff8d733c000 	C:\WINDOWS\System32\sechost.dll
0x00007ff8d7620000 - 0x00007ff8d7746000 	C:\WINDOWS\System32\RPCRT4.dll
0x00007ff8bf290000 - 0x00007ff8bf299000 	C:\WINDOWS\SYSTEM32\WSOCK32.dll
0x00007ff8d62e0000 - 0x00007ff8d634b000 	C:\WINDOWS\System32\WS2_32.dll
0x00007ff8c2480000 - 0x00007ff8c24a7000 	C:\WINDOWS\SYSTEM32\WINMM.dll
0x00007ff8d1bc0000 - 0x00007ff8d1bca000 	C:\WINDOWS\SYSTEM32\VERSION.dll
0x00007ff8d3cf0000 - 0x00007ff8d3d02000 	C:\WINDOWS\SYSTEM32\kernel.appcore.dll
0x00007ff8d0e80000 - 0x00007ff8d0e8a000 	C:\Program Files\Eclipse Adoptium\jdk-17.0.6.10-hotspot\bin\jimage.dll
0x00007ff8d39d0000 - 0x00007ff8d3bb4000 	C:\WINDOWS\SYSTEM32\DBGHELP.DLL
0x00007ff8bb660000 - 0x00007ff8bb694000 	C:\WINDOWS\SYSTEM32\dbgcore.DLL
0x00007ff8d5790000 - 0x00007ff8d5812000 	C:\WINDOWS\System32\bcryptPrimitives.dll
0x00007ff8b1ed0000 - 0x00007ff8b1ef5000 	C:\Program Files\Eclipse Adoptium\jdk-17.0.6.10-hotspot\bin\java.dll
0x00007ff89b420000 - 0x00007ff89b4f6000 	C:\Program Files\Eclipse Adoptium\jdk-17.0.6.10-hotspot\bin\jsvml.dll
0x00007ff8d6350000 - 0x00007ff8d6a94000 	C:\WINDOWS\System32\SHELL32.dll
0x00007ff8d3160000 - 0x00007ff8d38f3000 	C:\WINDOWS\SYSTEM32\windows.storage.dll
0x00007ff8d6f40000 - 0x00007ff8d7294000 	C:\WINDOWS\System32\combase.dll
0x00007ff8d4ef0000 - 0x00007ff8d4f1e000 	C:\WINDOWS\SYSTEM32\Wldp.dll
0x00007ff8d6ad0000 - 0x00007ff8d6b7d000 	C:\WINDOWS\System32\SHCORE.dll
0x00007ff8d6170000 - 0x00007ff8d61c5000 	C:\WINDOWS\System32\shlwapi.dll
0x00007ff8d53d0000 - 0x00007ff8d53ef000 	C:\WINDOWS\SYSTEM32\profapi.dll
0x00007ff8ccb90000 - 0x00007ff8ccba9000 	C:\Program Files\Eclipse Adoptium\jdk-17.0.6.10-hotspot\bin\net.dll
0x00007ff8c9210000 - 0x00007ff8c931a000 	C:\WINDOWS\SYSTEM32\WINHTTP.dll
0x00007ff8d4c50000 - 0x00007ff8d4cba000 	C:\WINDOWS\system32\mswsock.dll
0x00007ff8cbca0000 - 0x00007ff8cbcb5000 	C:\Program Files\Eclipse Adoptium\jdk-17.0.6.10-hotspot\bin\nio.dll
0x00007ff8cbb30000 - 0x00007ff8cbb48000 	C:\Program Files\Eclipse Adoptium\jdk-17.0.6.10-hotspot\bin\zip.dll
0x00007ff8d0e50000 - 0x00007ff8d0e60000 	C:\Program Files\Eclipse Adoptium\jdk-17.0.6.10-hotspot\bin\verify.dll
0x00007ff8b5040000 - 0x00007ff8b5067000 	C:\Users\songe\.gradle\native\e1d6ef7f7dcc3fd88c89a11ec53ec762bb8ba0a96d01ffa2cd45eb1d1d8dd5c5\windows-amd64\native-platform.dll
0x00007ff89c460000 - 0x00007ff89c5a4000 	C:\Users\songe\.gradle\native\0d407fdbe67a94daf76414ababcb853783967236a71b16ec16e742cd7a986fd3\windows-amd64\native-platform-file-events.dll
0x00007ff8cccc0000 - 0x00007ff8cccc9000 	C:\Program Files\Eclipse Adoptium\jdk-17.0.6.10-hotspot\bin\management.dll
0x00007ff8c1c40000 - 0x00007ff8c1c4b000 	C:\Program Files\Eclipse Adoptium\jdk-17.0.6.10-hotspot\bin\management_ext.dll
0x00007ff8d5ec0000 - 0x00007ff8d5ec8000 	C:\WINDOWS\System32\PSAPI.DLL
0x00007ff8d4e50000 - 0x00007ff8d4e68000 	C:\WINDOWS\SYSTEM32\CRYPTSP.dll
0x00007ff8d4500000 - 0x00007ff8d4534000 	C:\WINDOWS\system32\rsaenh.dll
0x00007ff8d5b90000 - 0x00007ff8d5bb7000 	C:\WINDOWS\System32\bcrypt.dll
0x00007ff8d5390000 - 0x00007ff8d53be000 	C:\WINDOWS\SYSTEM32\USERENV.dll
0x00007ff8d4e40000 - 0x00007ff8d4e4c000 	C:\WINDOWS\SYSTEM32\CRYPTBASE.dll
0x00007ff8d48f0000 - 0x00007ff8d492c000 	C:\WINDOWS\SYSTEM32\IPHLPAPI.DLL
0x00007ff8d61d0000 - 0x00007ff8d61d8000 	C:\WINDOWS\System32\NSI.dll
0x00007ff8cb250000 - 0x00007ff8cb267000 	C:\WINDOWS\SYSTEM32\dhcpcsvc6.DLL
0x00007ff8cb130000 - 0x00007ff8cb14d000 	C:\WINDOWS\SYSTEM32\dhcpcsvc.DLL
0x00007ff8d4940000 - 0x00007ff8d4a0b000 	C:\WINDOWS\SYSTEM32\DNSAPI.dll
0x00007ff8c1bc0000 - 0x00007ff8c1bce000 	C:\Program Files\Eclipse Adoptium\jdk-17.0.6.10-hotspot\bin\sunmscapi.dll
0x00007ff8d5630000 - 0x00007ff8d578e000 	C:\WINDOWS\System32\CRYPT32.dll
0x00007ff8d4f60000 - 0x00007ff8d4f88000 	C:\WINDOWS\SYSTEM32\ncrypt.dll
0x00007ff8d4f20000 - 0x00007ff8d4f5b000 	C:\WINDOWS\SYSTEM32\NTASN1.dll
0x00007ff8c1bb0000 - 0x00007ff8c1bb7000 	C:\WINDOWS\system32\wshunix.dll

dbghelp: loaded successfully - version: 4.0.5 - missing functions: none
symbol engine: initialized successfully - sym options: 0x614 - pdb path: .;C:\Program Files\Eclipse Adoptium\jdk-17.0.6.10-hotspot\bin;C:\WINDOWS\SYSTEM32;C:\WINDOWS\WinSxS\amd64_microsoft.windows.common-controls_6595b64144ccf1df_6.0.19041.1110_none_60b5254171f9507e;C:\Program Files\Eclipse Adoptium\jdk-17.0.6.10-hotspot\bin\server;C:\Users\songe\.gradle\native\e1d6ef7f7dcc3fd88c89a11ec53ec762bb8ba0a96d01ffa2cd45eb1d1d8dd5c5\windows-amd64;C:\Users\songe\.gradle\native\0d407fdbe67a94daf76414ababcb853783967236a71b16ec16e742cd7a986fd3\windows-amd64

VM Arguments:
jvm_args: -XX:MaxMetaspaceSize=512m --add-opens=java.base/java.util=ALL-UNNAMED --add-opens=java.base/java.lang=ALL-UNNAMED --add-opens=java.base/java.lang.invoke=ALL-UNNAMED --add-opens=java.base/java.util=ALL-UNNAMED --add-opens=java.prefs/java.util.prefs=ALL-UNNAMED --add-opens=java.prefs/java.util.prefs=ALL-UNNAMED --add-opens=java.base/java.nio.charset=ALL-UNNAMED --add-opens=java.base/java.net=ALL-UNNAMED --add-opens=java.base/java.util.concurrent.atomic=ALL-UNNAMED -Xmx2048m -Dfile.encoding=windows-1252 -Duser.country=ZA -Duser.language=en -Duser.variant 
java_command: org.gradle.launcher.daemon.bootstrap.GradleDaemon 7.5.1
java_class_path (initial): C:\Users\songe\.gradle\wrapper\dists\gradle-7.5.1-all\1ehga6e77gqps5uk2kc5kf1vc\gradle-7.5.1\lib\gradle-launcher-7.5.1.jar
Launcher Type: SUN_STANDARD

[Global flags]
     intx CICompilerCount                          = 3                                         {product} {ergonomic}
   size_t CompressedClassSpaceSize                 = 432013312                                 {product} {ergonomic}
     uint ConcGCThreads                            = 1                                         {product} {ergonomic}
     uint G1ConcRefinementThreads                  = 4                                         {product} {ergonomic}
   size_t G1HeapRegionSize                         = 1048576                                   {product} {ergonomic}
    uintx GCDrainStackTargetSize                   = 64                                        {product} {ergonomic}
   size_t InitialHeapSize                          = 134217728                                 {product} {ergonomic}
   size_t MarkStackSize                            = 4194304                                   {product} {ergonomic}
   size_t MaxHeapSize                              = 2147483648                                {product} {command line}
   size_t MaxMetaspaceSize                         = 536870912                                 {product} {command line}
   size_t MaxNewSize                               = 1287651328                                {product} {ergonomic}
   size_t MinHeapDeltaBytes                        = 1048576                                   {product} {ergonomic}
   size_t MinHeapSize                              = 8388608                                   {product} {ergonomic}
    uintx NonNMethodCodeHeapSize                   = 5832780                                {pd product} {ergonomic}
    uintx NonProfiledCodeHeapSize                  = 122912730                              {pd product} {ergonomic}
    uintx ProfiledCodeHeapSize                     = 122912730                              {pd product} {ergonomic}
    uintx ReservedCodeCacheSize                    = 251658240                              {pd product} {ergonomic}
     bool SegmentedCodeCache                       = true                                      {product} {ergonomic}
   size_t SoftMaxHeapSize                          = 2147483648                             {manageable} {ergonomic}
     bool UseCompressedClassPointers               = true                           {product lp64_product} {ergonomic}
     bool UseCompressedOops                        = true                           {product lp64_product} {ergonomic}
     bool UseG1GC                                  = true                                      {product} {ergonomic}
     bool UseLargePagesIndividualAllocation        = false                                  {pd product} {ergonomic}

Logging:
Log output configuration:
 #0: stdout all=warning uptime,level,tags
 #1: stderr all=off uptime,level,tags

Environment Variables:
JAVA_HOME=C:\Program Files\Eclipse Adoptium\jdk-17.0.6.10-hotspot
CLASSPATH=C:\Users\songe\Development\react-native\SAMS\android\\gradle\wrapper\gradle-wrapper.jar
PATH=C:\Users\songe\Development\react-native\SAMS\android\node_modules\.bin;C:\Users\songe\Development\react-native\SAMS\node_modules\.bin;C:\Users\songe\Development\react-native\node_modules\.bin;C:\Users\songe\Development\node_modules\.bin;C:\Users\songe\node_modules\.bin;C:\Users\node_modules\.bin;C:\node_modules\.bin;C:\Program Files\nodejs;C:\Users\songe\Development\react-native\SAMS\node_modules\.bin;C:\Users\songe\Development\react-native\SAMS\node_modules\.bin;C:\Users\songe\Development\react-native\node_modules\.bin;C:\Users\songe\Development\node_modules\.bin;C:\Users\songe\node_modules\.bin;C:\Users\node_modules\.bin;C:\node_modules\.bin;C:\Program Files\nodejs\node_modules\npm\node_modules\@npmcli\run-script\lib\node-gyp-bin;C:\Users\songe\Development\react-native\SAMS\node_modules\.bin;C:\Users\songe\Development\react-native\node_modules\.bin;C:\Users\songe\Development\node_modules\.bin;C:\Users\songe\node_modules\.bin;C:\Users\node_modules\.bin;C:\node_modules\.bin;C:\Program Files\nodejs;C:\Users\songe\Development\react-native\SAMS\node_modules\.bin;C:\Users\songe\Development\react-native\node_modules\.bin;C:\Users\songe\Development\node_modules\.bin;C:\Users\songe\node_modules\.bin;C:\Users\node_modules\.bin;C:\node_modules\.bin;C:\Program Files\nodejs\node_modules\npm\node_modules\@npmcli\run-script\lib\node-gyp-bin;C:\Program Files\Eclipse Adoptium\jdk-17.0.6.10-hotspot\bin;C:\Program Files (x86)\Intel\Intel(R) Management Engine Components\iCLS\;C:\Program Files\Intel\Intel(R) Management Engine Components\iCLS\;C:\Windows\system32;C:\Windows;C:\Windows\System32\Wbem;C:\Windows\System32\WindowsPowerShell\v1.0\;C:\Program Files (x86)\NVIDIA Corporation\PhysX\Common;C:\Program Files (x86)\Intel\Intel(R) Management Engine Components\DAL;C:\Program Files\Intel\Intel(R) Management Engine Components\DAL;C:\Program Files (x86)\Intel\Intel(R) Management Engine Components\IPT;C:\Program Files\Intel\Intel(R) Management Engine Components\IPT;C:\Program Files\Inte
USERNAME=songe
OS=Windows_NT
PROCESSOR_IDENTIFIER=Intel64 Family 6 Model 142 Stepping 9, GenuineIntel
TMP=C:\Users\songe\AppData\Local\Temp
TEMP=C:\Users\songe\AppData\Local\Temp



---------------  S Y S T E M  ---------------

OS:
 Windows 10 , 64 bit Build 19041 (10.0.19041.2913)
OS uptime: 0 days 6:35 hours

CPU: total 4 (initial active 4) (2 cores per cpu, 2 threads per core) family 6 model 142 stepping 9 microcode 0xf0, cx8, cmov, fxsr, ht, mmx, 3dnowpref, sse, sse2, sse3, ssse3, sse4.1, sse4.2, popcnt, lzcnt, tsc, tscinvbit, avx, avx2, aes, erms, clmul, bmi1, bmi2, adx, fma, vzeroupper, clflush, clflushopt

Memory: 4k page, system-wide physical 8089M (1417M free)
TotalPageFile size 11089M (AvailPageFile size 183M)
current process WorkingSet (physical memory assigned to process): 579M, peak: 590M
current process commit charge ("private bytes"): 623M, peak: 927M

vm_info: OpenJDK 64-Bit Server VM (17.0.6+10) for windows-amd64 JRE (17.0.6+10), built on Jan 18 2023 10:08:59 by "temurin" with MS VC++ 16.7 (VS2019)

END.
