#
# There is insufficient memory for the Java Runtime Environment to continue.
# Native memory allocation (mmap) failed to map 28311552 bytes for G1 virtual space
# Possible reasons:
#   The system is out of physical RAM or swap space
#   The process is running with CompressedOops enabled, and the Java Heap may be blocking the growth of the native heap
# Possible solutions:
#   Reduce memory load on the system
#   Increase physical memory or swap space
#   Check if swap backing store is full
#   Decrease Java heap size (-Xmx/-Xms)
#   Decrease number of Java threads
#   Decrease Java thread stack sizes (-Xss)
#   Set larger code cache with -XX:ReservedCodeCacheSize=
#   JVM is running with Unscaled Compressed Oops mode in which the Java heap is
#     placed in the first 4GB address space. The Java Heap base address is the
#     maximum limit for the native heap growth. Please use -XX:HeapBaseMinAddress
#     to set the Java Heap base and to place the Java Heap above 4GB virtual address.
# This output file may be truncated or incomplete.
#
#  Out of Memory Error (os_windows.cpp:3557), pid=16804, tid=6700
#
# JRE version: OpenJDK Runtime Environment Temurin-17.0.6+10 (17.0.6+10) (build 17.0.6+10)
# Java VM: OpenJDK 64-Bit Server VM Temurin-17.0.6+10 (17.0.6+10, mixed mode, sharing, tiered, compressed oops, compressed class ptrs, g1 gc, windows-amd64)
# No core dump will be written. Minidumps are not enabled by default on client versions of Windows
#

---------------  S U M M A R Y ------------

Command Line: -XX:MaxMetaspaceSize=512m --add-opens=java.base/java.util=ALL-UNNAMED --add-opens=java.base/java.lang=ALL-UNNAMED --add-opens=java.base/java.lang.invoke=ALL-UNNAMED --add-opens=java.base/java.util=ALL-UNNAMED --add-opens=java.prefs/java.util.prefs=ALL-UNNAMED --add-opens=java.prefs/java.util.prefs=ALL-UNNAMED --add-opens=java.base/java.nio.charset=ALL-UNNAMED --add-opens=java.base/java.net=ALL-UNNAMED --add-opens=java.base/java.util.concurrent.atomic=ALL-UNNAMED -Xmx2048m -Dfile.encoding=windows-1252 -Duser.country=ZA -Duser.language=en -Duser.variant org.gradle.launcher.daemon.bootstrap.GradleDaemon 7.5.1

Host: Intel(R) Core(TM) i7-7500U CPU @ 2.70GHz, 4 cores, 7G,  Windows 10 , 64 bit Build 19041 (10.0.19041.3155)
Time: Mon Jul  3 19:39:29 2023 South Africa Standard Time elapsed time: 31.666350 seconds (0d 0h 0m 31s)

---------------  T H R E A D  ---------------

Current thread (0x0000021520ea6350):  VMThread "VM Thread" [stack: 0x00000067f4300000,0x00000067f4400000] [id=6700]

Stack: [0x00000067f4300000,0x00000067f4400000]
Native frames: (J=compiled Java code, j=interpreted, Vv=VM code, C=native code)
V  [jvm.dll+0x67741a]
V  [jvm.dll+0x834434]
V  [jvm.dll+0x835bde]
V  [jvm.dll+0x836243]
V  [jvm.dll+0x2457b5]
V  [jvm.dll+0x674329]
V  [jvm.dll+0x6689da]
V  [jvm.dll+0x30489b]
V  [jvm.dll+0x30bd96]
V  [jvm.dll+0x35b57e]
V  [jvm.dll+0x35b7af]
V  [jvm.dll+0x2db778]
V  [jvm.dll+0x2d9a2c]
V  [jvm.dll+0x2d8ffc]
V  [jvm.dll+0x31cdcb]
V  [jvm.dll+0x83a6eb]
V  [jvm.dll+0x83b424]
V  [jvm.dll+0x83b93c]
V  [jvm.dll+0x83bd14]
V  [jvm.dll+0x83bde0]
V  [jvm.dll+0x7e483a]
V  [jvm.dll+0x6762c5]
C  [ucrtbase.dll+0x21bb2]
C  [KERNEL32.DLL+0x17614]
C  [ntdll.dll+0x526b1]

VM_Operation (0x00000067f81fc4c0): G1CollectForAllocation, mode: safepoint, requested by thread 0x0000021521d9ffd0


---------------  P R O C E S S  ---------------

Threads class SMR info:
_java_thread_list=0x0000021526af0da0, length=90, elements={
0x0000021503326f70, 0x0000021520eabf70, 0x0000021520eacde0, 0x0000021520ec1cf0,
0x0000021520ec46b0, 0x0000021520ec5060, 0x0000021520ec7a20, 0x0000021520ed07c0,
0x0000021520efdf50, 0x0000021520f11940, 0x00000215219eaeb0, 0x00000215219ee5e0,
0x0000021522e579d0, 0x0000021522e596b0, 0x0000021522e58370, 0x0000021522e56690,
0x0000021522e56b60, 0x0000021522e58840, 0x0000021522e59b80, 0x0000021522e57030,
0x0000021522e561c0, 0x0000021522e57500, 0x0000021522e58d10, 0x0000021522e591e0,
0x00000215237c6850, 0x00000215237c24f0, 0x00000215237c0ce0, 0x00000215237c46a0,
0x00000215237bf9a0, 0x00000215237c0340, 0x00000215237c11b0, 0x00000215237c29c0,
0x00000215237c41d0, 0x00000215237c4b70, 0x00000215237c0810, 0x00000215237c1680,
0x00000215237c3360, 0x00000215237bf4d0, 0x00000215237c6d20, 0x000002152611ddb0,
0x000002152611f0f0, 0x000002152611ec20, 0x000002152611ca70, 0x000002152611e280,
0x000002152611b730, 0x000002152611bc00, 0x000002152611c5a0, 0x000002152611c0d0,
0x000002152611d410, 0x0000021521da2650, 0x0000021521d9f160, 0x0000021521d9f630,
0x0000021521d9c610, 0x0000021521d9fb00, 0x0000021521da2180, 0x0000021521d9ec90,
0x0000021521d9cae0, 0x0000021521d9ffd0, 0x0000021521d9cfb0, 0x0000021521d9d480,
0x0000021521da04a0, 0x0000021521d9bc70, 0x0000021521d9c140, 0x0000021521d9d950,
0x0000021521d9de20, 0x0000021521da1310, 0x0000021521da0970, 0x0000021521da0e40,
0x0000021521da17e0, 0x0000021521d9b2d0, 0x0000021521d9e2f0, 0x0000021521da1cb0,
0x0000021521d9e7c0, 0x0000021521da2b20, 0x0000021521d9b7a0, 0x0000021525c52280,
0x0000021525c4e8c0, 0x0000021525c50f40, 0x0000021525c518e0, 0x0000021525c52750,
0x0000021525c500d0, 0x0000021525c505a0, 0x0000021525c52c20, 0x0000021525c535c0,
0x0000021525c50a70, 0x0000021525c53a90, 0x0000021525c53f60, 0x0000021525c54430,
0x0000021525c54dd0, 0x0000021525c552a0
}

Java Threads: ( => current thread )
  0x0000021503326f70 JavaThread "main" [_thread_blocked, id=13144, stack(0x00000067f3d00000,0x00000067f3e00000)]
  0x0000021520eabf70 JavaThread "Reference Handler" daemon [_thread_blocked, id=8348, stack(0x00000067f4400000,0x00000067f4500000)]
  0x0000021520eacde0 JavaThread "Finalizer" daemon [_thread_blocked, id=6652, stack(0x00000067f4500000,0x00000067f4600000)]
  0x0000021520ec1cf0 JavaThread "Signal Dispatcher" daemon [_thread_blocked, id=7240, stack(0x00000067f4600000,0x00000067f4700000)]
  0x0000021520ec46b0 JavaThread "Attach Listener" daemon [_thread_blocked, id=12188, stack(0x00000067f4700000,0x00000067f4800000)]
  0x0000021520ec5060 JavaThread "Service Thread" daemon [_thread_blocked, id=12176, stack(0x00000067f4800000,0x00000067f4900000)]
  0x0000021520ec7a20 JavaThread "Monitor Deflation Thread" daemon [_thread_blocked, id=8096, stack(0x00000067f4900000,0x00000067f4a00000)]
  0x0000021520ed07c0 JavaThread "C2 CompilerThread0" daemon [_thread_blocked, id=6680, stack(0x00000067f4a00000,0x00000067f4b00000)]
  0x0000021520efdf50 JavaThread "C1 CompilerThread0" daemon [_thread_blocked, id=6112, stack(0x00000067f4b00000,0x00000067f4c00000)]
  0x0000021520f11940 JavaThread "Sweeper thread" daemon [_thread_blocked, id=7192, stack(0x00000067f4c00000,0x00000067f4d00000)]
  0x00000215219eaeb0 JavaThread "Common-Cleaner" daemon [_thread_blocked, id=12572, stack(0x00000067f4d00000,0x00000067f4e00000)]
  0x00000215219ee5e0 JavaThread "Notification Thread" daemon [_thread_blocked, id=17888, stack(0x00000067f4e00000,0x00000067f4f00000)]
  0x0000021522e579d0 JavaThread "Daemon health stats" [_thread_blocked, id=13772, stack(0x00000067f5400000,0x00000067f5500000)]
  0x0000021522e596b0 JavaThread "Incoming local TCP Connector on port 51268" [_thread_in_native, id=17536, stack(0x00000067f5500000,0x00000067f5600000)]
  0x0000021522e58370 JavaThread "Daemon periodic checks" [_thread_blocked, id=16096, stack(0x00000067f5600000,0x00000067f5700000)]
  0x0000021522e56690 JavaThread "Daemon" [_thread_blocked, id=16184, stack(0x00000067f5700000,0x00000067f5800000)]
  0x0000021522e56b60 JavaThread "Handler for socket connection from /127.0.0.1:51268 to /127.0.0.1:51269" [_thread_in_native, id=3864, stack(0x00000067f5800000,0x00000067f5900000)]
  0x0000021522e58840 JavaThread "Cancel handler" [_thread_blocked, id=2572, stack(0x00000067f5900000,0x00000067f5a00000)]
  0x0000021522e59b80 JavaThread "Daemon worker" [_thread_blocked, id=10636, stack(0x00000067f5a00000,0x00000067f5b00000)]
  0x0000021522e57030 JavaThread "Asynchronous log dispatcher for DefaultDaemonConnection: socket connection from /127.0.0.1:51268 to /127.0.0.1:51269" [_thread_blocked, id=5884, stack(0x00000067f5b00000,0x00000067f5c00000)]
  0x0000021522e561c0 JavaThread "Stdin handler" [_thread_blocked, id=1192, stack(0x00000067f5c00000,0x00000067f5d00000)]
  0x0000021522e57500 JavaThread "Daemon client event forwarder" [_thread_blocked, id=3544, stack(0x00000067f5d00000,0x00000067f5e00000)]
  0x0000021522e58d10 JavaThread "Cache worker for journal cache (C:\Users\songe\.gradle\caches\journal-1)" [_thread_blocked, id=17256, stack(0x00000067f5e00000,0x00000067f5f00000)]
  0x0000021522e591e0 JavaThread "File lock request listener" [_thread_in_native, id=804, stack(0x00000067f5f00000,0x00000067f6000000)]
  0x00000215237c6850 JavaThread "Cache worker for file hash cache (C:\Users\songe\.gradle\caches\7.5.1\fileHashes)" [_thread_blocked, id=5656, stack(0x00000067f6000000,0x00000067f6100000)]
  0x00000215237c24f0 JavaThread "File watcher server" daemon [_thread_in_native, id=2364, stack(0x00000067f6100000,0x00000067f6200000)]
  0x00000215237c0ce0 JavaThread "File watcher consumer" daemon [_thread_blocked, id=1596, stack(0x00000067f6200000,0x00000067f6300000)]
  0x00000215237c46a0 JavaThread "Cache worker for checksums cache (C:\Users\songe\source\repos\SAMSV2\android\.gradle\7.5.1\checksums)" [_thread_blocked, id=16152, stack(0x00000067f6300000,0x00000067f6400000)]
  0x00000215237bf9a0 JavaThread "File lock release action executor" [_thread_blocked, id=13716, stack(0x00000067f6400000,0x00000067f6500000)]
  0x00000215237c0340 JavaThread "Cache worker for cache directory md-rule (C:\Users\songe\.gradle\caches\7.5.1\md-rule)" [_thread_blocked, id=6348, stack(0x00000067f6500000,0x00000067f6600000)]
  0x00000215237c11b0 JavaThread "Cache worker for file content cache (C:\Users\songe\.gradle\caches\7.5.1\fileContent)" [_thread_blocked, id=1140, stack(0x00000067f6600000,0x00000067f6700000)]
  0x00000215237c29c0 JavaThread "Cache worker for file hash cache (C:\Users\songe\source\repos\SAMSV2\android\.gradle\7.5.1\fileHashes)" [_thread_blocked, id=15652, stack(0x00000067f5200000,0x00000067f5300000)]
  0x00000215237c41d0 JavaThread "Cache worker for cache directory md-supplier (C:\Users\songe\.gradle\caches\7.5.1\md-supplier)" [_thread_blocked, id=1732, stack(0x00000067f6700000,0x00000067f6800000)]
  0x00000215237c4b70 JavaThread "Cache worker for execution history cache (C:\Users\songe\.gradle\caches\7.5.1\executionHistory)" [_thread_blocked, id=3624, stack(0x00000067f6900000,0x00000067f6a00000)]
  0x00000215237c0810 JavaThread "jar transforms" [_thread_blocked, id=6628, stack(0x00000067f6b00000,0x00000067f6c00000)]
  0x00000215237c1680 JavaThread "jar transforms Thread 2" [_thread_blocked, id=8880, stack(0x00000067f6c00000,0x00000067f6d00000)]
  0x00000215237c3360 JavaThread "jar transforms Thread 3" [_thread_blocked, id=16316, stack(0x00000067f6d00000,0x00000067f6e00000)]
  0x00000215237bf4d0 JavaThread "jar transforms Thread 4" [_thread_blocked, id=2164, stack(0x00000067f6e00000,0x00000067f6f00000)]
  0x00000215237c6d20 JavaThread "Cache worker for kotlin-dsl (C:\Users\songe\.gradle\caches\7.5.1\kotlin-dsl)" [_thread_blocked, id=9640, stack(0x00000067f6f00000,0x00000067f7000000)]
  0x000002152611ddb0 JavaThread "Cache worker for dependencies-accessors (C:\Users\songe\source\repos\SAMSV2\android\.gradle\7.5.1\dependencies-accessors)" [_thread_blocked, id=2284, stack(0x00000067f6a00000,0x00000067f6b00000)]
  0x000002152611f0f0 JavaThread "Cache worker for Build Output Cleanup Cache (C:\Users\songe\source\repos\SAMSV2\node_modules\react-native-gradle-plugin\.gradle\buildOutputCleanup)" [_thread_blocked, id=18384, stack(0x00000067f7000000,0x00000067f7100000)]
  0x000002152611ec20 JavaThread "Unconstrained build operations" [_thread_blocked, id=15776, stack(0x00000067f7100000,0x00000067f7200000)]
  0x000002152611ca70 JavaThread "Unconstrained build operations Thread 2" [_thread_blocked, id=16836, stack(0x00000067f7200000,0x00000067f7300000)]
  0x000002152611e280 JavaThread "Unconstrained build operations Thread 3" [_thread_blocked, id=18172, stack(0x00000067f7300000,0x00000067f7400000)]
  0x000002152611b730 JavaThread "Unconstrained build operations Thread 4" [_thread_blocked, id=12128, stack(0x00000067f7400000,0x00000067f7500000)]
  0x000002152611bc00 JavaThread "Unconstrained build operations Thread 5" [_thread_blocked, id=13152, stack(0x00000067f7500000,0x00000067f7600000)]
  0x000002152611c5a0 JavaThread "Unconstrained build operations Thread 6" [_thread_blocked, id=13500, stack(0x00000067f7600000,0x00000067f7700000)]
  0x000002152611c0d0 JavaThread "Unconstrained build operations Thread 7" [_thread_blocked, id=17820, stack(0x00000067f7700000,0x00000067f7800000)]
  0x000002152611d410 JavaThread "Unconstrained build operations Thread 8" [_thread_blocked, id=12044, stack(0x00000067f7800000,0x00000067f7900000)]
  0x0000021521da2650 JavaThread "Unconstrained build operations Thread 9" [_thread_blocked, id=4416, stack(0x00000067f7900000,0x00000067f7a00000)]
  0x0000021521d9f160 JavaThread "Unconstrained build operations Thread 10" [_thread_blocked, id=7736, stack(0x00000067f7a00000,0x00000067f7b00000)]
  0x0000021521d9f630 JavaThread "Unconstrained build operations Thread 11" [_thread_blocked, id=16176, stack(0x00000067f7b00000,0x00000067f7c00000)]
  0x0000021521d9c610 JavaThread "Unconstrained build operations Thread 12" [_thread_blocked, id=9112, stack(0x00000067f7c00000,0x00000067f7d00000)]
  0x0000021521d9fb00 JavaThread "Unconstrained build operations Thread 13" [_thread_blocked, id=16772, stack(0x00000067f7d00000,0x00000067f7e00000)]
  0x0000021521da2180 JavaThread "Unconstrained build operations Thread 14" [_thread_blocked, id=3432, stack(0x00000067f7e00000,0x00000067f7f00000)]
  0x0000021521d9ec90 JavaThread "Unconstrained build operations Thread 15" [_thread_blocked, id=5164, stack(0x00000067f7f00000,0x00000067f8000000)]
  0x0000021521d9cae0 JavaThread "Unconstrained build operations Thread 16" [_thread_blocked, id=10452, stack(0x00000067f8000000,0x00000067f8100000)]
  0x0000021521d9ffd0 JavaThread "Unconstrained build operations Thread 17" [_thread_blocked, id=12180, stack(0x00000067f8100000,0x00000067f8200000)]
  0x0000021521d9cfb0 JavaThread "Unconstrained build operations Thread 18" [_thread_blocked, id=15708, stack(0x00000067f8200000,0x00000067f8300000)]
  0x0000021521d9d480 JavaThread "Unconstrained build operations Thread 19" [_thread_blocked, id=13816, stack(0x00000067f8300000,0x00000067f8400000)]
  0x0000021521da04a0 JavaThread "Unconstrained build operations Thread 20" [_thread_blocked, id=10060, stack(0x00000067f8400000,0x00000067f8500000)]
  0x0000021521d9bc70 JavaThread "Unconstrained build operations Thread 21" [_thread_blocked, id=1964, stack(0x00000067f8500000,0x00000067f8600000)]
  0x0000021521d9c140 JavaThread "Unconstrained build operations Thread 22" [_thread_blocked, id=7264, stack(0x00000067f8600000,0x00000067f8700000)]
  0x0000021521d9d950 JavaThread "Unconstrained build operations Thread 23" [_thread_blocked, id=11080, stack(0x00000067f8700000,0x00000067f8800000)]
  0x0000021521d9de20 JavaThread "Unconstrained build operations Thread 24" [_thread_blocked, id=1980, stack(0x00000067f8800000,0x00000067f8900000)]
  0x0000021521da1310 JavaThread "Unconstrained build operations Thread 25" [_thread_blocked, id=8120, stack(0x00000067f8900000,0x00000067f8a00000)]
  0x0000021521da0970 JavaThread "Unconstrained build operations Thread 26" [_thread_blocked, id=16516, stack(0x00000067f8a00000,0x00000067f8b00000)]
  0x0000021521da0e40 JavaThread "Unconstrained build operations Thread 27" [_thread_blocked, id=784, stack(0x00000067f8b00000,0x00000067f8c00000)]
  0x0000021521da17e0 JavaThread "Unconstrained build operations Thread 28" [_thread_blocked, id=10492, stack(0x00000067f8c00000,0x00000067f8d00000)]
  0x0000021521d9b2d0 JavaThread "Unconstrained build operations Thread 29" [_thread_blocked, id=14944, stack(0x00000067f8d00000,0x00000067f8e00000)]
  0x0000021521d9e2f0 JavaThread "Unconstrained build operations Thread 30" [_thread_blocked, id=14392, stack(0x00000067f8e00000,0x00000067f8f00000)]
  0x0000021521da1cb0 JavaThread "Unconstrained build operations Thread 31" [_thread_blocked, id=11068, stack(0x00000067f8f00000,0x00000067f9000000)]
  0x0000021521d9e7c0 JavaThread "Unconstrained build operations Thread 32" [_thread_blocked, id=12808, stack(0x00000067f9000000,0x00000067f9100000)]
  0x0000021521da2b20 JavaThread "Unconstrained build operations Thread 33" [_thread_blocked, id=13592, stack(0x00000067f9100000,0x00000067f9200000)]
  0x0000021521d9b7a0 JavaThread "build event listener" [_thread_blocked, id=2804, stack(0x00000067f9200000,0x00000067f9300000)]
  0x0000021525c52280 JavaThread "Memory manager" [_thread_blocked, id=7272, stack(0x00000067f9400000,0x00000067f9500000)]
  0x0000021525c4e8c0 JavaThread "File lock release action executor Thread 2" [_thread_blocked, id=10156, stack(0x00000067f9500000,0x00000067f9600000)]
  0x0000021525c50f40 JavaThread "Cache worker for Build Output Cleanup Cache (C:\Users\songe\source\repos\SAMSV2\android\.gradle\buildOutputCleanup)" [_thread_blocked, id=16576, stack(0x00000067f9600000,0x00000067f9700000)]
  0x0000021525c518e0 JavaThread "included builds" [_thread_blocked, id=17348, stack(0x00000067f9700000,0x00000067f9800000)]
  0x0000021525c52750 JavaThread "Execution worker" [_thread_blocked, id=16500, stack(0x00000067f9800000,0x00000067f9900000)]
  0x0000021525c500d0 JavaThread "Execution worker Thread 2" [_thread_blocked, id=18252, stack(0x00000067f9900000,0x00000067f9a00000)]
  0x0000021525c505a0 JavaThread "Execution worker Thread 3" [_thread_blocked, id=15732, stack(0x00000067f9a00000,0x00000067f9b00000)]
  0x0000021525c52c20 JavaThread "Cache worker for execution history cache (C:\Users\songe\source\repos\SAMSV2\node_modules\react-native-gradle-plugin\.gradle\7.5.1\executionHistory)" [_thread_blocked, id=9760, stack(0x00000067f9b00000,0x00000067f9c00000)]
  0x0000021525c535c0 JavaThread "Unconstrained build operations Thread 34" [_thread_blocked, id=2288, stack(0x00000067f9c00000,0x00000067f9d00000)]
  0x0000021525c50a70 JavaThread "Unconstrained build operations Thread 35" [_thread_blocked, id=2456, stack(0x00000067f9d00000,0x00000067f9e00000)]
  0x0000021525c53a90 JavaThread "Unconstrained build operations Thread 36" [_thread_blocked, id=17244, stack(0x00000067f9e00000,0x00000067f9f00000)]
  0x0000021525c53f60 JavaThread "Unconstrained build operations Thread 37" [_thread_blocked, id=17084, stack(0x00000067f9f00000,0x00000067fa000000)]
  0x0000021525c54430 JavaThread "Unconstrained build operations Thread 38" [_thread_blocked, id=10196, stack(0x00000067fa000000,0x00000067fa100000)]
  0x0000021525c54dd0 JavaThread "Unconstrained build operations Thread 39" [_thread_blocked, id=12704, stack(0x00000067fa100000,0x00000067fa200000)]
  0x0000021525c552a0 JavaThread "Unconstrained build operations Thread 40" [_thread_blocked, id=16008, stack(0x00000067fa200000,0x00000067fa300000)]

Other Threads:
=>0x0000021520ea6350 VMThread "VM Thread" [stack: 0x00000067f4300000,0x00000067f4400000] [id=6700]
  0x00000215219eeab0 WatcherThread [stack: 0x00000067f4f00000,0x00000067f5000000] [id=6732]
  0x0000021503383190 GCTaskThread "GC Thread#0" [stack: 0x00000067f3e00000,0x00000067f3f00000] [id=4788]
  0x0000021521eb1050 GCTaskThread "GC Thread#1" [stack: 0x00000067f5000000,0x00000067f5100000] [id=6480]
  0x0000021521fca540 GCTaskThread "GC Thread#2" [stack: 0x00000067f5100000,0x00000067f5200000] [id=18428]
  0x0000021522665810 GCTaskThread "GC Thread#3" [stack: 0x00000067f5300000,0x00000067f5400000] [id=8812]
  0x0000021503394870 ConcurrentGCThread "G1 Main Marker" [stack: 0x00000067f3f00000,0x00000067f4000000] [id=14740]
  0x0000021503395280 ConcurrentGCThread "G1 Conc#0" [stack: 0x00000067f4000000,0x00000067f4100000] [id=13056]
  0x00000215033ee180 ConcurrentGCThread "G1 Refine#0" [stack: 0x00000067f4100000,0x00000067f4200000] [id=9100]
  0x00000215232b5c80 ConcurrentGCThread "G1 Refine#1" [stack: 0x00000067f6800000,0x00000067f6900000] [id=1976]
  0x00000215033eeba0 ConcurrentGCThread "G1 Service" [stack: 0x00000067f4200000,0x00000067f4300000] [id=15988]

Threads with active compile tasks:
C2 CompilerThread0    31717 8132       4       sun.invoke.util.VerifyAccess::isClassAccessible (230 bytes)
C1 CompilerThread0    31717 8148       3       org.gradle.internal.concurrent.ManagedExecutorImpl::trackedCommand (10 bytes)

VM state: at safepoint (normal execution)

VM Mutex/Monitor currently owned by a thread:  ([mutex/lock_event])
[0x0000021503323bd0] Threads_lock - owner thread: 0x0000021520ea6350
[0x0000021503324320] Heap_lock - owner thread: 0x0000021521d9ffd0

Heap address: 0x0000000080000000, size: 2048 MB, Compressed Oops mode: 32-bit

CDS archive(s) mapped at: [0x0000000800000000-0x0000000800bc0000-0x0000000800bc0000), size 12320768, SharedBaseAddress: 0x0000000800000000, ArchiveRelocationMode: 0.
Compressed class space mapped at: 0x0000000800c00000-0x000000081a800000, reserved size: 432013312
Narrow klass base: 0x0000000800000000, Narrow klass shift: 0, Narrow klass range: 0x100000000

GC Precious Log:
 CPUs: 4 total, 4 available
 Memory: 8089M
 Large Page Support: Disabled
 NUMA Support: Disabled
 Compressed Oops: Enabled (32-bit)
 Heap Region Size: 1M
 Heap Min Capacity: 8M
 Heap Initial Capacity: 128M
 Heap Max Capacity: 2G
 Pre-touch: Disabled
 Parallel Workers: 4
 Concurrent Workers: 1
 Concurrent Refinement Workers: 4
 Periodic GC: Disabled

Heap:
 garbage-first heap   total 103424K, used 56993K [0x0000000080000000, 0x0000000100000000)
  region size 1024K, 3 young (3072K), 3 survivors (3072K)
 Metaspace       used 60119K, committed 60736K, reserved 479232K
  class space    used 8414K, committed 8704K, reserved 421888K

Heap Regions: E=young(eden), S=young(survivor), O=old, HS=humongous(starts), HC=humongous(continues), CS=collection set, F=free, OA=open archive, CA=closed archive, TAMS=top-at-mark-start (previous, next)
|   0|0x0000000080000000, 0x0000000080100000, 0x0000000080100000|100%|HS|  |TAMS 0x0000000080100000, 0x0000000080100000| Complete 
|   1|0x0000000080100000, 0x0000000080200000, 0x0000000080200000|100%|HC|  |TAMS 0x0000000080200000, 0x0000000080200000| Complete 
|   2|0x0000000080200000, 0x0000000080300000, 0x0000000080300000|100%|HC|  |TAMS 0x0000000080300000, 0x0000000080300000| Complete 
|   3|0x0000000080300000, 0x0000000080400000, 0x0000000080400000|100%| O|  |TAMS 0x0000000080400000, 0x0000000080400000| Untracked 
|   4|0x0000000080400000, 0x0000000080500000, 0x0000000080500000|100%| O|  |TAMS 0x0000000080500000, 0x0000000080500000| Untracked 
|   5|0x0000000080500000, 0x0000000080600000, 0x0000000080600000|100%| O|  |TAMS 0x0000000080600000, 0x0000000080600000| Untracked 
|   6|0x0000000080600000, 0x0000000080700000, 0x0000000080700000|100%| O|  |TAMS 0x0000000080700000, 0x0000000080700000| Untracked 
|   7|0x0000000080700000, 0x0000000080800000, 0x0000000080800000|100%| O|  |TAMS 0x0000000080800000, 0x0000000080800000| Untracked 
|   8|0x0000000080800000, 0x0000000080900000, 0x0000000080900000|100%| O|  |TAMS 0x0000000080900000, 0x0000000080900000| Untracked 
|   9|0x0000000080900000, 0x0000000080a00000, 0x0000000080a00000|100%| O|  |TAMS 0x0000000080a00000, 0x0000000080a00000| Untracked 
|  10|0x0000000080a00000, 0x0000000080b00000, 0x0000000080b00000|100%| O|  |TAMS 0x0000000080b00000, 0x0000000080b00000| Untracked 
|  11|0x0000000080b00000, 0x0000000080c00000, 0x0000000080c00000|100%| O|  |TAMS 0x0000000080c00000, 0x0000000080c00000| Untracked 
|  12|0x0000000080c00000, 0x0000000080d00000, 0x0000000080d00000|100%| O|  |TAMS 0x0000000080d00000, 0x0000000080d00000| Untracked 
|  13|0x0000000080d00000, 0x0000000080e00000, 0x0000000080e00000|100%| O|  |TAMS 0x0000000080e00000, 0x0000000080e00000| Untracked 
|  14|0x0000000080e00000, 0x0000000080f00000, 0x0000000080f00000|100%| O|  |TAMS 0x0000000080f00000, 0x0000000080f00000| Untracked 
|  15|0x0000000080f00000, 0x0000000081000000, 0x0000000081000000|100%| O|  |TAMS 0x0000000081000000, 0x0000000081000000| Untracked 
|  16|0x0000000081000000, 0x0000000081100000, 0x0000000081100000|100%| O|  |TAMS 0x0000000081100000, 0x0000000081100000| Untracked 
|  17|0x0000000081100000, 0x0000000081200000, 0x0000000081200000|100%| O|  |TAMS 0x0000000081200000, 0x0000000081200000| Untracked 
|  18|0x0000000081200000, 0x0000000081300000, 0x0000000081300000|100%| O|  |TAMS 0x0000000081300000, 0x0000000081300000| Untracked 
|  19|0x0000000081300000, 0x0000000081400000, 0x0000000081400000|100%| O|  |TAMS 0x0000000081400000, 0x0000000081400000| Untracked 
|  20|0x0000000081400000, 0x0000000081500000, 0x0000000081500000|100%| O|  |TAMS 0x0000000081500000, 0x0000000081500000| Untracked 
|  21|0x0000000081500000, 0x0000000081600000, 0x0000000081600000|100%| O|  |TAMS 0x0000000081600000, 0x0000000081600000| Untracked 
|  22|0x0000000081600000, 0x0000000081700000, 0x0000000081700000|100%| O|  |TAMS 0x0000000081700000, 0x0000000081700000| Untracked 
|  23|0x0000000081700000, 0x0000000081800000, 0x0000000081800000|100%| O|  |TAMS 0x0000000081800000, 0x0000000081800000| Untracked 
|  24|0x0000000081800000, 0x0000000081900000, 0x0000000081900000|100%| O|  |TAMS 0x0000000081900000, 0x0000000081900000| Untracked 
|  25|0x0000000081900000, 0x0000000081a00000, 0x0000000081a00000|100%| O|  |TAMS 0x0000000081a00000, 0x0000000081a00000| Untracked 
|  26|0x0000000081a00000, 0x0000000081b00000, 0x0000000081b00000|100%|HS|  |TAMS 0x0000000081b00000, 0x0000000081b00000| Complete 
|  27|0x0000000081b00000, 0x0000000081c00000, 0x0000000081c00000|100%| O|  |TAMS 0x0000000081c00000, 0x0000000081c00000| Untracked 
|  28|0x0000000081c00000, 0x0000000081d00000, 0x0000000081d00000|100%| O|  |TAMS 0x0000000081d00000, 0x0000000081d00000| Untracked 
|  29|0x0000000081d00000, 0x0000000081e00000, 0x0000000081e00000|100%| O|  |TAMS 0x0000000081e00000, 0x0000000081e00000| Untracked 
|  30|0x0000000081e00000, 0x0000000081f00000, 0x0000000081f00000|100%| O|  |TAMS 0x0000000081f00000, 0x0000000081f00000| Untracked 
|  31|0x0000000081f00000, 0x0000000082000000, 0x0000000082000000|100%| O|  |TAMS 0x0000000082000000, 0x0000000082000000| Untracked 
|  32|0x0000000082000000, 0x0000000082100000, 0x0000000082100000|100%| O|  |TAMS 0x0000000082100000, 0x0000000082100000| Untracked 
|  33|0x0000000082100000, 0x0000000082200000, 0x0000000082200000|100%| O|  |TAMS 0x0000000082200000, 0x0000000082200000| Untracked 
|  34|0x0000000082200000, 0x0000000082300000, 0x0000000082300000|100%| O|  |TAMS 0x0000000082300000, 0x0000000082300000| Untracked 
|  35|0x0000000082300000, 0x0000000082400000, 0x0000000082400000|100%| O|  |TAMS 0x0000000082400000, 0x0000000082400000| Untracked 
|  36|0x0000000082400000, 0x0000000082500000, 0x0000000082500000|100%| O|  |TAMS 0x0000000082500000, 0x0000000082500000| Untracked 
|  37|0x0000000082500000, 0x0000000082600000, 0x0000000082600000|100%| O|  |TAMS 0x0000000082550400, 0x0000000082600000| Untracked 
|  38|0x0000000082600000, 0x0000000082700000, 0x0000000082700000|100%| O|  |TAMS 0x0000000082700000, 0x0000000082700000| Untracked 
|  39|0x0000000082700000, 0x0000000082800000, 0x0000000082800000|100%|HS|  |TAMS 0x0000000082800000, 0x0000000082800000| Complete 
|  40|0x0000000082800000, 0x0000000082900000, 0x0000000082900000|100%|HC|  |TAMS 0x0000000082900000, 0x0000000082900000| Complete 
|  41|0x0000000082900000, 0x0000000082a00000, 0x0000000082a00000|100%|HC|  |TAMS 0x0000000082a00000, 0x0000000082a00000| Complete 
|  42|0x0000000082a00000, 0x0000000082b00000, 0x0000000082b00000|100%| O|  |TAMS 0x0000000082b00000, 0x0000000082b00000| Untracked 
|  43|0x0000000082b00000, 0x0000000082c00000, 0x0000000082c00000|100%| O|  |TAMS 0x0000000082c00000, 0x0000000082c00000| Untracked 
|  44|0x0000000082c00000, 0x0000000082d00000, 0x0000000082d00000|100%| O|  |TAMS 0x0000000082d00000, 0x0000000082d00000| Untracked 
|  45|0x0000000082d00000, 0x0000000082e00000, 0x0000000082e00000|100%| O|  |TAMS 0x0000000082e00000, 0x0000000082e00000| Untracked 
|  46|0x0000000082e00000, 0x0000000082f00000, 0x0000000082f00000|100%| O|  |TAMS 0x0000000082f00000, 0x0000000082f00000| Untracked 
|  47|0x0000000082f00000, 0x0000000083000000, 0x0000000083000000|100%| O|  |TAMS 0x0000000082f00000, 0x0000000083000000| Untracked 
|  48|0x0000000083000000, 0x0000000083100000, 0x0000000083100000|100%| O|  |TAMS 0x0000000083000000, 0x0000000083100000| Untracked 
|  49|0x0000000083100000, 0x0000000083200000, 0x0000000083200000|100%| O|  |TAMS 0x0000000083100000, 0x0000000083200000| Untracked 
|  50|0x0000000083200000, 0x0000000083300000, 0x0000000083300000|100%| O|  |TAMS 0x0000000083200000, 0x00000000832b3600| Untracked 
|  51|0x0000000083300000, 0x0000000083400000, 0x0000000083400000|100%| O|  |TAMS 0x0000000083300000, 0x0000000083300000| Untracked 
|  52|0x0000000083400000, 0x0000000083500000, 0x0000000083500000|100%| O|  |TAMS 0x0000000083400000, 0x0000000083400000| Untracked 
|  53|0x0000000083500000, 0x000000008356b200, 0x0000000083600000| 41%| O|  |TAMS 0x0000000083500000, 0x0000000083500000| Untracked 
|  54|0x0000000083600000, 0x0000000083600000, 0x0000000083700000|  0%| F|  |TAMS 0x0000000083600000, 0x0000000083600000| Untracked 
|  55|0x0000000083700000, 0x0000000083700000, 0x0000000083800000|  0%| F|  |TAMS 0x0000000083700000, 0x0000000083700000| Untracked 
|  56|0x0000000083800000, 0x0000000083800000, 0x0000000083900000|  0%| F|  |TAMS 0x0000000083800000, 0x0000000083800000| Untracked 
|  57|0x0000000083900000, 0x0000000083900000, 0x0000000083a00000|  0%| F|  |TAMS 0x0000000083900000, 0x0000000083900000| Untracked 
|  58|0x0000000083a00000, 0x0000000083a00000, 0x0000000083b00000|  0%| F|  |TAMS 0x0000000083a00000, 0x0000000083a00000| Untracked 
|  59|0x0000000083b00000, 0x0000000083b00000, 0x0000000083c00000|  0%| F|  |TAMS 0x0000000083b00000, 0x0000000083b00000| Untracked 
|  60|0x0000000083c00000, 0x0000000083c00000, 0x0000000083d00000|  0%| F|  |TAMS 0x0000000083c00000, 0x0000000083c00000| Untracked 
|  61|0x0000000083d00000, 0x0000000083d00000, 0x0000000083e00000|  0%| F|  |TAMS 0x0000000083d00000, 0x0000000083d00000| Untracked 
|  62|0x0000000083e00000, 0x0000000083e00000, 0x0000000083f00000|  0%| F|  |TAMS 0x0000000083e00000, 0x0000000083e00000| Untracked 
|  63|0x0000000083f00000, 0x0000000083f00000, 0x0000000084000000|  0%| F|  |TAMS 0x0000000083f00000, 0x0000000083f00000| Untracked 
|  64|0x0000000084000000, 0x000000008403d520, 0x0000000084100000| 23%| S|CS|TAMS 0x0000000084000000, 0x0000000084000000| Complete 
|  65|0x0000000084100000, 0x0000000084200000, 0x0000000084200000|100%| S|CS|TAMS 0x0000000084100000, 0x0000000084100000| Complete 
|  66|0x0000000084200000, 0x0000000084200000, 0x0000000084300000|  0%| F|  |TAMS 0x0000000084200000, 0x0000000084200000| Untracked 
|  67|0x0000000084300000, 0x0000000084300000, 0x0000000084400000|  0%| F|  |TAMS 0x0000000084300000, 0x0000000084300000| Untracked 
|  68|0x0000000084400000, 0x0000000084400000, 0x0000000084500000|  0%| F|  |TAMS 0x0000000084400000, 0x0000000084400000| Untracked 
|  69|0x0000000084500000, 0x0000000084600000, 0x0000000084600000|100%| S|CS|TAMS 0x0000000084500000, 0x0000000084500000| Complete 
|  70|0x0000000084600000, 0x0000000084600000, 0x0000000084700000|  0%| F|  |TAMS 0x0000000084600000, 0x0000000084600000| Untracked 
|  71|0x0000000084700000, 0x0000000084700000, 0x0000000084800000|  0%| F|  |TAMS 0x0000000084700000, 0x0000000084700000| Untracked 
|  72|0x0000000084800000, 0x0000000084800000, 0x0000000084900000|  0%| F|  |TAMS 0x0000000084800000, 0x0000000084800000| Untracked 
|  73|0x0000000084900000, 0x0000000084900000, 0x0000000084a00000|  0%| F|  |TAMS 0x0000000084900000, 0x0000000084900000| Untracked 
|  74|0x0000000084a00000, 0x0000000084a00000, 0x0000000084b00000|  0%| F|  |TAMS 0x0000000084a00000, 0x0000000084a00000| Untracked 
|  75|0x0000000084b00000, 0x0000000084b00000, 0x0000000084c00000|  0%| F|  |TAMS 0x0000000084b00000, 0x0000000084b00000| Untracked 
|  76|0x0000000084c00000, 0x0000000084c00000, 0x0000000084d00000|  0%| F|  |TAMS 0x0000000084c00000, 0x0000000084c00000| Untracked 
|  77|0x0000000084d00000, 0x0000000084d00000, 0x0000000084e00000|  0%| F|  |TAMS 0x0000000084d00000, 0x0000000084d00000| Untracked 
|  78|0x0000000084e00000, 0x0000000084e00000, 0x0000000084f00000|  0%| F|  |TAMS 0x0000000084e00000, 0x0000000084e00000| Untracked 
|  79|0x0000000084f00000, 0x0000000084f00000, 0x0000000085000000|  0%| F|  |TAMS 0x0000000084f00000, 0x0000000084f00000| Untracked 
|  80|0x0000000085000000, 0x0000000085000000, 0x0000000085100000|  0%| F|  |TAMS 0x0000000085000000, 0x0000000085000000| Untracked 
|  81|0x0000000085100000, 0x0000000085100000, 0x0000000085200000|  0%| F|  |TAMS 0x0000000085100000, 0x0000000085100000| Untracked 
|  82|0x0000000085200000, 0x0000000085200000, 0x0000000085300000|  0%| F|  |TAMS 0x0000000085200000, 0x0000000085200000| Untracked 
|  83|0x0000000085300000, 0x0000000085300000, 0x0000000085400000|  0%| F|  |TAMS 0x0000000085300000, 0x0000000085300000| Untracked 
|  84|0x0000000085400000, 0x0000000085400000, 0x0000000085500000|  0%| F|  |TAMS 0x0000000085400000, 0x0000000085400000| Untracked 
|  85|0x0000000085500000, 0x0000000085500000, 0x0000000085600000|  0%| F|  |TAMS 0x0000000085500000, 0x0000000085500000| Untracked 
|  86|0x0000000085600000, 0x0000000085600000, 0x0000000085700000|  0%| F|  |TAMS 0x0000000085600000, 0x0000000085600000| Untracked 
|  87|0x0000000085700000, 0x0000000085700000, 0x0000000085800000|  0%| F|  |TAMS 0x0000000085700000, 0x0000000085700000| Untracked 
|  88|0x0000000085800000, 0x0000000085800000, 0x0000000085900000|  0%| F|  |TAMS 0x0000000085800000, 0x0000000085800000| Untracked 
|  89|0x0000000085900000, 0x0000000085900000, 0x0000000085a00000|  0%| F|  |TAMS 0x0000000085900000, 0x0000000085900000| Untracked 
|  90|0x0000000085a00000, 0x0000000085a00000, 0x0000000085b00000|  0%| F|  |TAMS 0x0000000085a00000, 0x0000000085a00000| Untracked 
|  91|0x0000000085b00000, 0x0000000085b00000, 0x0000000085c00000|  0%| F|  |TAMS 0x0000000085b00000, 0x0000000085b00000| Untracked 
|  92|0x0000000085c00000, 0x0000000085c00000, 0x0000000085d00000|  0%| F|  |TAMS 0x0000000085c00000, 0x0000000085c00000| Untracked 
|  93|0x0000000085d00000, 0x0000000085d00000, 0x0000000085e00000|  0%| F|  |TAMS 0x0000000085d00000, 0x0000000085d00000| Untracked 
|  94|0x0000000085e00000, 0x0000000085e00000, 0x0000000085f00000|  0%| F|  |TAMS 0x0000000085e00000, 0x0000000085e00000| Untracked 
|  95|0x0000000085f00000, 0x0000000085f00000, 0x0000000086000000|  0%| F|  |TAMS 0x0000000085f00000, 0x0000000085f00000| Untracked 
|  96|0x0000000086000000, 0x0000000086000000, 0x0000000086100000|  0%| F|  |TAMS 0x0000000086000000, 0x0000000086000000| Untracked 
|  97|0x0000000086100000, 0x0000000086100000, 0x0000000086200000|  0%| F|  |TAMS 0x0000000086100000, 0x0000000086100000| Untracked 
|  98|0x0000000086200000, 0x0000000086200000, 0x0000000086300000|  0%| F|  |TAMS 0x0000000086200000, 0x0000000086200000| Untracked 
|  99|0x0000000086300000, 0x0000000086300000, 0x0000000086400000|  0%| F|  |TAMS 0x0000000086300000, 0x0000000086300000| Untracked 
| 127|0x0000000087f00000, 0x0000000087f00000, 0x0000000088000000|  0%| F|  |TAMS 0x0000000087f00000, 0x0000000087f00000| Untracked 

Card table byte_map: [0x000002151a210000,0x000002151a610000] _byte_map_base: 0x0000021519e10000

Marking Bits (Prev, Next): (CMBitMap*) 0x00000215033837e0, (CMBitMap*) 0x00000215033837a0
 Prev Bits: [0x000002151ca10000, 0x000002151ea10000)
 Next Bits: [0x000002151aa10000, 0x000002151ca10000)

Polling page: 0x0000021502af0000

Metaspace:

Usage:
  Non-class:     50.49 MB used.
      Class:      8.22 MB used.
       Both:     58.71 MB used.

Virtual space:
  Non-class space:       56.00 MB reserved,      50.81 MB ( 91%) committed,  7 nodes.
      Class space:      412.00 MB reserved,       8.50 MB (  2%) committed,  1 nodes.
             Both:      468.00 MB reserved,      59.31 MB ( 13%) committed. 

Chunk freelists:
   Non-Class:  1.14 MB
       Class:  3.48 MB
        Both:  4.62 MB

MaxMetaspaceSize: 512.00 MB
CompressedClassSpaceSize: 412.00 MB
Initial GC threshold: 21.00 MB
Current GC threshold: 92.81 MB
CDS: on
MetaspaceReclaimPolicy: balanced
 - commit_granule_bytes: 65536.
 - commit_granule_words: 8192.
 - virtual_space_node_default_size: 1048576.
 - enlarge_chunks_in_place: 1.
 - new_chunks_are_fully_committed: 0.
 - uncommit_free_chunks: 1.
 - use_allocation_guard: 0.
 - handle_deallocations: 1.


Internal statistics:

num_allocs_failed_limit: 6.
num_arena_births: 732.
num_arena_deaths: 0.
num_vsnodes_births: 8.
num_vsnodes_deaths: 0.
num_space_committed: 949.
num_space_uncommitted: 0.
num_chunks_returned_to_freelist: 6.
num_chunks_taken_from_freelist: 3168.
num_chunk_merges: 6.
num_chunk_splits: 2099.
num_chunks_enlarged: 1395.
num_purges: 0.
num_inconsistent_stats: 0.

CodeHeap 'non-profiled nmethods': size=120000Kb used=3987Kb max_used=3987Kb free=116012Kb
 bounds [0x00000215128e0000, 0x0000021512cd0000, 0x0000021519e10000]
CodeHeap 'profiled nmethods': size=120000Kb used=14608Kb max_used=14608Kb free=105392Kb
 bounds [0x000002150ae10000, 0x000002150bc60000, 0x0000021512340000]
CodeHeap 'non-nmethods': size=5760Kb used=2367Kb max_used=2446Kb free=3392Kb
 bounds [0x0000021512340000, 0x00000215125b0000, 0x00000215128e0000]
 total_blobs=8230 nmethods=7336 adapters=805
 compilation: enabled
              stopped_count=0, restarted_count=0
 full_count=0

Compilation events (20 events):
Event: 31.634 Thread 0x0000021520efdf50 nmethod 8136 0x000002150bc4b410 code [0x000002150bc4b5e0, 0x000002150bc4b8b8]
Event: 31.634 Thread 0x0000021520efdf50 8137       3       org.gradle.api.internal.artifacts.ivyservice.resolveengine.artifact.ArtifactBackedResolvedVariant::getArtifacts (13 bytes)
Event: 31.635 Thread 0x0000021520efdf50 nmethod 8137 0x000002150bc4ba10 code [0x000002150bc4bbc0, 0x000002150bc4bea8]
Event: 31.635 Thread 0x0000021520efdf50 8141       3       com.google.common.collect.ImmutableList::contains (14 bytes)
Event: 31.635 Thread 0x0000021520efdf50 nmethod 8141 0x000002150bc4bf90 code [0x000002150bc4c140, 0x000002150bc4c368]
Event: 31.635 Thread 0x0000021520efdf50 8143       3       org.gradle.internal.resources.AbstractTrackedResourceLock::isLockedByCurrentThread (9 bytes)
Event: 31.635 Thread 0x0000021520efdf50 nmethod 8143 0x000002150bc4c410 code [0x000002150bc4c5e0, 0x000002150bc4c9c8]
Event: 31.635 Thread 0x0000021520efdf50 8142       3       com.google.common.collect.ImmutableList::indexOf (14 bytes)
Event: 31.636 Thread 0x0000021520efdf50 nmethod 8142 0x000002150bc4cb90 code [0x000002150bc4cd40, 0x000002150bc4cec8]
Event: 31.636 Thread 0x0000021520efdf50 8144       3       org.gradle.api.internal.artifacts.ivyservice.resolveengine.artifact.ParallelResolveArtifactSet$VisitingSet$StartVisitAction::visitArtifacts (31 bytes)
Event: 31.636 Thread 0x0000021520efdf50 nmethod 8144 0x000002150bc4cf90 code [0x000002150bc4d160, 0x000002150bc4d558]
Event: 31.636 Thread 0x0000021520efdf50 8146       3       java.util.concurrent.ThreadPoolExecutor::isRunning (10 bytes)
Event: 31.636 Thread 0x0000021520efdf50 nmethod 8146 0x000002150bc4d710 code [0x000002150bc4d8a0, 0x000002150bc4d9f8]
Event: 31.636 Thread 0x0000021520efdf50 8147       3       sun.nio.fs.WindowsPath::compareTo (118 bytes)
Event: 31.638 Thread 0x0000021520efdf50 nmethod 8147 0x000002150bc4da90 code [0x000002150bc4ddc0, 0x000002150bc4f2c8]
Event: 31.638 Thread 0x0000021520efdf50 8149       3       java.lang.ThreadLocal$ThreadLocalMap::set (133 bytes)
Event: 31.639 Thread 0x0000021520efdf50 nmethod 8149 0x000002150bc4fc90 code [0x000002150bc4ff20, 0x000002150bc50c28]
Event: 31.639 Thread 0x0000021520efdf50 8156       3       org.gradle.internal.logging.sink.OutputEventTransformer::onOutput (399 bytes)
Event: 31.640 Thread 0x0000021520efdf50 nmethod 8156 0x000002150bc51090 code [0x000002150bc514a0, 0x000002150bc539f8]
Event: 31.640 Thread 0x0000021520efdf50 8148       3       org.gradle.internal.concurrent.ManagedExecutorImpl::trackedCommand (10 bytes)

GC Heap History (20 events):
Event: 25.953 GC heap after
{Heap after GC invocations=17 (full 0):
 garbage-first heap   total 78848K, used 44622K [0x0000000080000000, 0x0000000100000000)
  region size 1024K, 3 young (3072K), 3 survivors (3072K)
 Metaspace       used 43973K, committed 44480K, reserved 462848K
  class space    used 6119K, committed 6336K, reserved 421888K
}
Event: 27.467 GC heap before
{Heap before GC invocations=17 (full 0):
 garbage-first heap   total 78848K, used 61006K [0x0000000080000000, 0x0000000100000000)
  region size 1024K, 19 young (19456K), 3 survivors (3072K)
 Metaspace       used 45951K, committed 46592K, reserved 462848K
  class space    used 6437K, committed 6720K, reserved 421888K
}
Event: 27.472 GC heap after
{Heap after GC invocations=18 (full 0):
 garbage-first heap   total 78848K, used 45440K [0x0000000080000000, 0x0000000100000000)
  region size 1024K, 1 young (1024K), 1 survivors (1024K)
 Metaspace       used 45951K, committed 46592K, reserved 462848K
  class space    used 6437K, committed 6720K, reserved 421888K
}
Event: 28.266 GC heap before
{Heap before GC invocations=19 (full 0):
 garbage-first heap   total 80896K, used 61824K [0x0000000080000000, 0x0000000100000000)
  region size 1024K, 17 young (17408K), 1 survivors (1024K)
 Metaspace       used 47833K, committed 48384K, reserved 471040K
  class space    used 6712K, committed 6976K, reserved 421888K
}
Event: 28.269 GC heap after
{Heap after GC invocations=20 (full 0):
 garbage-first heap   total 80896K, used 46171K [0x0000000080000000, 0x0000000100000000)
  region size 1024K, 2 young (2048K), 2 survivors (2048K)
 Metaspace       used 47833K, committed 48384K, reserved 471040K
  class space    used 6712K, committed 6976K, reserved 421888K
}
Event: 28.285 GC heap before
{Heap before GC invocations=20 (full 0):
 garbage-first heap   total 80896K, used 47195K [0x0000000080000000, 0x0000000100000000)
  region size 1024K, 3 young (3072K), 2 survivors (2048K)
 Metaspace       used 47981K, committed 48512K, reserved 471040K
  class space    used 6727K, committed 6976K, reserved 421888K
}
Event: 28.288 GC heap after
{Heap after GC invocations=21 (full 0):
 garbage-first heap   total 80896K, used 44608K [0x0000000080000000, 0x0000000100000000)
  region size 1024K, 1 young (1024K), 1 survivors (1024K)
 Metaspace       used 47981K, committed 48512K, reserved 471040K
  class space    used 6727K, committed 6976K, reserved 421888K
}
Event: 28.615 GC heap before
{Heap before GC invocations=21 (full 0):
 garbage-first heap   total 80896K, used 63040K [0x0000000080000000, 0x0000000100000000)
  region size 1024K, 19 young (19456K), 1 survivors (1024K)
 Metaspace       used 50178K, committed 50752K, reserved 471040K
  class space    used 7049K, committed 7296K, reserved 421888K
}
Event: 28.617 GC heap after
{Heap after GC invocations=22 (full 0):
 garbage-first heap   total 80896K, used 45292K [0x0000000080000000, 0x0000000100000000)
  region size 1024K, 1 young (1024K), 1 survivors (1024K)
 Metaspace       used 50178K, committed 50752K, reserved 471040K
  class space    used 7049K, committed 7296K, reserved 421888K
}
Event: 29.010 GC heap before
{Heap before GC invocations=23 (full 0):
 garbage-first heap   total 83968K, used 63724K [0x0000000080000000, 0x0000000100000000)
  region size 1024K, 19 young (19456K), 1 survivors (1024K)
 Metaspace       used 52167K, committed 52800K, reserved 471040K
  class space    used 7288K, committed 7552K, reserved 421888K
}
Event: 29.016 GC heap after
{Heap after GC invocations=24 (full 0):
 garbage-first heap   total 83968K, used 47470K [0x0000000080000000, 0x0000000100000000)
  region size 1024K, 3 young (3072K), 3 survivors (3072K)
 Metaspace       used 52167K, committed 52800K, reserved 471040K
  class space    used 7288K, committed 7552K, reserved 421888K
}
Event: 29.599 GC heap before
{Heap before GC invocations=24 (full 0):
 garbage-first heap   total 83968K, used 66926K [0x0000000080000000, 0x0000000100000000)
  region size 1024K, 22 young (22528K), 3 survivors (3072K)
 Metaspace       used 53746K, committed 54336K, reserved 471040K
  class space    used 7508K, committed 7808K, reserved 421888K
}
Event: 29.605 GC heap after
{Heap after GC invocations=25 (full 0):
 garbage-first heap   total 83968K, used 48811K [0x0000000080000000, 0x0000000100000000)
  region size 1024K, 2 young (2048K), 2 survivors (2048K)
 Metaspace       used 53746K, committed 54336K, reserved 471040K
  class space    used 7508K, committed 7808K, reserved 421888K
}
Event: 29.927 GC heap before
{Heap before GC invocations=26 (full 0):
 garbage-first heap   total 89088K, used 67243K [0x0000000080000000, 0x0000000100000000)
  region size 1024K, 20 young (20480K), 2 survivors (2048K)
 Metaspace       used 54866K, committed 55424K, reserved 471040K
  class space    used 7688K, committed 7936K, reserved 421888K
}
Event: 29.932 GC heap after
{Heap after GC invocations=27 (full 0):
 garbage-first heap   total 89088K, used 50428K [0x0000000080000000, 0x0000000100000000)
  region size 1024K, 3 young (3072K), 3 survivors (3072K)
 Metaspace       used 54866K, committed 55424K, reserved 471040K
  class space    used 7688K, committed 7936K, reserved 421888K
}
Event: 30.536 GC heap before
{Heap before GC invocations=27 (full 0):
 garbage-first heap   total 89088K, used 71932K [0x0000000080000000, 0x0000000100000000)
  region size 1024K, 24 young (24576K), 3 survivors (3072K)
 Metaspace       used 56299K, committed 56896K, reserved 471040K
  class space    used 7876K, committed 8128K, reserved 421888K
}
Event: 30.542 GC heap after
{Heap after GC invocations=28 (full 0):
 garbage-first heap   total 89088K, used 51833K [0x0000000080000000, 0x0000000100000000)
  region size 1024K, 2 young (2048K), 2 survivors (2048K)
 Metaspace       used 56299K, committed 56896K, reserved 471040K
  class space    used 7876K, committed 8128K, reserved 421888K
}
Event: 31.103 GC heap before
{Heap before GC invocations=29 (full 0):
 garbage-first heap   total 91136K, used 71289K [0x0000000080000000, 0x0000000100000000)
  region size 1024K, 22 young (22528K), 2 survivors (2048K)
 Metaspace       used 58068K, committed 58752K, reserved 479232K
  class space    used 8151K, committed 8448K, reserved 421888K
}
Event: 31.111 GC heap after
{Heap after GC invocations=30 (full 0):
 garbage-first heap   total 91136K, used 54798K [0x0000000080000000, 0x0000000100000000)
  region size 1024K, 3 young (3072K), 3 survivors (3072K)
 Metaspace       used 58068K, committed 58752K, reserved 479232K
  class space    used 8151K, committed 8448K, reserved 421888K
}
Event: 31.655 GC heap before
{Heap before GC invocations=30 (full 0):
 garbage-first heap   total 91136K, used 73230K [0x0000000080000000, 0x0000000100000000)
  region size 1024K, 22 young (22528K), 3 survivors (3072K)
 Metaspace       used 60119K, committed 60736K, reserved 479232K
  class space    used 8414K, committed 8704K, reserved 421888K
}

Dll operation events (12 events):
Event: 0.009 Loaded shared library C:\Program Files\Eclipse Adoptium\jdk-17.0.6.10-hotspot\bin\java.dll
Event: 0.020 Loaded shared library C:\Program Files\Eclipse Adoptium\jdk-17.0.6.10-hotspot\bin\jsvml.dll
Event: 0.090 Loaded shared library C:\Program Files\Eclipse Adoptium\jdk-17.0.6.10-hotspot\bin\net.dll
Event: 0.092 Loaded shared library C:\Program Files\Eclipse Adoptium\jdk-17.0.6.10-hotspot\bin\nio.dll
Event: 0.097 Loaded shared library C:\Program Files\Eclipse Adoptium\jdk-17.0.6.10-hotspot\bin\zip.dll
Event: 0.374 Loaded shared library C:\Program Files\Eclipse Adoptium\jdk-17.0.6.10-hotspot\bin\jimage.dll
Event: 0.630 Loaded shared library C:\Program Files\Eclipse Adoptium\jdk-17.0.6.10-hotspot\bin\verify.dll
Event: 0.905 Loaded shared library C:\Users\songe\.gradle\native\e1d6ef7f7dcc3fd88c89a11ec53ec762bb8ba0a96d01ffa2cd45eb1d1d8dd5c5\windows-amd64\native-platform.dll
Event: 0.911 Loaded shared library C:\Users\songe\.gradle\native\0d407fdbe67a94daf76414ababcb853783967236a71b16ec16e742cd7a986fd3\windows-amd64\native-platform-file-events.dll
Event: 2.012 Loaded shared library C:\Program Files\Eclipse Adoptium\jdk-17.0.6.10-hotspot\bin\management.dll
Event: 2.015 Loaded shared library C:\Program Files\Eclipse Adoptium\jdk-17.0.6.10-hotspot\bin\management_ext.dll
Event: 2.704 Loaded shared library C:\Program Files\Eclipse Adoptium\jdk-17.0.6.10-hotspot\bin\sunmscapi.dll

Deoptimization events (20 events):
Event: 31.588 Thread 0x0000021525c505a0 DEOPT PACKING pc=0x0000021512a047a0 sp=0x00000067f9afe250
Event: 31.588 Thread 0x0000021525c505a0 DEOPT UNPACKING pc=0x00000215123969a3 sp=0x00000067f9afe218 mode 2
Event: 31.588 Thread 0x0000021525c505a0 Uncommon trap: trap_request=0xffffffde fr.pc=0x0000021512b0a9e8 relative=0x0000000000000248
Event: 31.588 Thread 0x0000021525c505a0 Uncommon trap: reason=class_check action=maybe_recompile pc=0x0000021512b0a9e8 method=java.util.stream.StreamOpFlag.fromCharacteristics(Ljava/util/Spliterator;)I @ 14 c2
Event: 31.588 Thread 0x0000021525c505a0 DEOPT PACKING pc=0x0000021512b0a9e8 sp=0x00000067f9afe150
Event: 31.588 Thread 0x0000021525c505a0 DEOPT UNPACKING pc=0x00000215123969a3 sp=0x00000067f9afe0a0 mode 2
Event: 31.594 Thread 0x0000021525c52c20 Uncommon trap: trap_request=0xffffffc6 fr.pc=0x0000021512b54a48 relative=0x0000000000000928
Event: 31.594 Thread 0x0000021525c52c20 Uncommon trap: reason=bimorphic_or_optimized_type_check action=maybe_recompile pc=0x0000021512b54a48 method=java.io.BufferedInputStream.read1([BII)I @ 39 c2
Event: 31.594 Thread 0x0000021525c52c20 DEOPT PACKING pc=0x0000021512b54a48 sp=0x00000067f9bfe440
Event: 31.594 Thread 0x0000021525c52c20 DEOPT UNPACKING pc=0x00000215123969a3 sp=0x00000067f9bfe358 mode 2
Event: 31.637 Thread 0x0000021521d9cae0 DEOPT PACKING pc=0x000002150b1b9cdc sp=0x00000067f80fd990
Event: 31.637 Thread 0x0000021521d9cae0 DEOPT UNPACKING pc=0x0000021512397143 sp=0x00000067f80fcf10 mode 0
Event: 31.640 Thread 0x0000021522e59b80 Uncommon trap: trap_request=0xffffff45 fr.pc=0x0000021512936b48 relative=0x0000000000000fa8
Event: 31.640 Thread 0x0000021522e59b80 Uncommon trap: reason=unstable_if action=reinterpret pc=0x0000021512936b48 method=java.util.concurrent.ConcurrentHashMap.addCount(JI)V @ 34 c2
Event: 31.640 Thread 0x0000021522e59b80 DEOPT PACKING pc=0x0000021512936b48 sp=0x00000067f5af8990
Event: 31.640 Thread 0x0000021522e59b80 DEOPT UNPACKING pc=0x00000215123969a3 sp=0x00000067f5af8860 mode 2
Event: 31.641 Thread 0x0000021521d9cfb0 Uncommon trap: trap_request=0xffffff45 fr.pc=0x00000215129d2ccc relative=0x000000000000012c
Event: 31.641 Thread 0x0000021521d9cfb0 Uncommon trap: reason=unstable_if action=reinterpret pc=0x00000215129d2ccc method=java.util.concurrent.ConcurrentHashMap.addCount(JI)V @ 7 c2
Event: 31.641 Thread 0x0000021521d9cfb0 DEOPT PACKING pc=0x00000215129d2ccc sp=0x00000067f82fe290
Event: 31.641 Thread 0x0000021521d9cfb0 DEOPT UNPACKING pc=0x00000215123969a3 sp=0x00000067f82fe1d0 mode 2

Classes unloaded (0 events):
No events

Classes redefined (0 events):
No events

Internal exceptions (20 events):
Event: 29.783 Thread 0x0000021522e59b80 Exception <a 'java/lang/ClassNotFoundException'{0x0000000084e0ed98}: org/gradle/api/internal/artifacts/dsl/DefaultRepositoryHandlerBeanInfo> (0x0000000084e0ed98) 
thrown [s\src\hotspot\share\classfile\systemDictionary.cpp, line 256]
Event: 29.784 Thread 0x0000021522e59b80 Exception <a 'java/lang/ClassNotFoundException'{0x0000000084e24fa8}: org/gradle/api/internal/artifacts/DefaultArtifactRepositoryContainerBeanInfo> (0x0000000084e24fa8) 
thrown [s\src\hotspot\share\classfile\systemDictionary.cpp, line 256]
Event: 29.785 Thread 0x0000021522e59b80 Exception <a 'java/lang/ClassNotFoundException'{0x0000000084e387f8}: org/gradle/api/internal/DefaultNamedDomainObjectListBeanInfo> (0x0000000084e387f8) 
thrown [s\src\hotspot\share\classfile\systemDictionary.cpp, line 256]
Event: 29.786 Thread 0x0000021522e59b80 Exception <a 'java/lang/ClassNotFoundException'{0x0000000084e4c150}: org/gradle/api/internal/DefaultNamedDomainObjectCollectionBeanInfo> (0x0000000084e4c150) 
thrown [s\src\hotspot\share\classfile\systemDictionary.cpp, line 256]
Event: 29.787 Thread 0x0000021522e59b80 Exception <a 'java/lang/ClassNotFoundException'{0x0000000084e5fec0}: org/gradle/api/internal/DefaultDomainObjectCollectionBeanInfo> (0x0000000084e5fec0) 
thrown [s\src\hotspot\share\classfile\systemDictionary.cpp, line 256]
Event: 29.788 Thread 0x0000021522e59b80 Exception <a 'java/lang/ClassNotFoundException'{0x0000000084e73a38}: org/gradle/api/internal/DefaultDomainObjectCollectionCustomizer> (0x0000000084e73a38) 
thrown [s\src\hotspot\share\classfile\systemDictionary.cpp, line 256]
Event: 29.791 Thread 0x0000021522e59b80 Exception <a 'java/lang/ClassNotFoundException'{0x0000000084ea7c30}: org/gradle/api/internal/DefaultNamedDomainObjectCollectionCustomizer> (0x0000000084ea7c30) 
thrown [s\src\hotspot\share\classfile\systemDictionary.cpp, line 256]
Event: 29.794 Thread 0x0000021522e59b80 Exception <a 'java/lang/ClassNotFoundException'{0x0000000084ee2ec0}: org/gradle/api/internal/DefaultNamedDomainObjectListCustomizer> (0x0000000084ee2ec0) 
thrown [s\src\hotspot\share\classfile\systemDictionary.cpp, line 256]
Event: 29.797 Thread 0x0000021522e59b80 Exception <a 'java/lang/ClassNotFoundException'{0x0000000084d133a8}: org/gradle/api/internal/artifacts/DefaultArtifactRepositoryContainerCustomizer> (0x0000000084d133a8) 
thrown [s\src\hotspot\share\classfile\systemDictionary.cpp, line 256]
Event: 29.798 Thread 0x0000021522e59b80 Exception <a 'java/lang/ClassNotFoundException'{0x0000000084d3abd0}: org/gradle/api/internal/artifacts/dsl/DefaultRepositoryHandlerCustomizer> (0x0000000084d3abd0) 
thrown [s\src\hotspot\share\classfile\systemDictionary.cpp, line 256]
Event: 29.800 Thread 0x0000021522e59b80 Exception <a 'java/lang/ClassNotFoundException'{0x0000000084d700d0}: org/gradle/api/internal/artifacts/dsl/DefaultRepositoryHandler_DecoratedCustomizer> (0x0000000084d700d0) 
thrown [s\src\hotspot\share\classfile\systemDictionary.cpp, line 256]
Event: 29.810 Thread 0x0000021522e59b80 Exception <a 'java/lang/ClassNotFoundException'{0x0000000084c04360}: org/gradle/api/internal/artifacts/dsl/dependencies/DefaultDependencyHandler_DecoratedBeanInfo> (0x0000000084c04360) 
thrown [s\src\hotspot\share\classfile\systemDictionary.cpp, line 256]
Event: 29.811 Thread 0x0000021522e59b80 Exception <a 'java/lang/ClassNotFoundException'{0x0000000084c193e8}: org/gradle/api/internal/artifacts/dsl/dependencies/DefaultDependencyHandlerBeanInfo> (0x0000000084c193e8) 
thrown [s\src\hotspot\share\classfile\systemDictionary.cpp, line 256]
Event: 29.812 Thread 0x0000021522e59b80 Exception <a 'java/lang/ClassNotFoundException'{0x0000000084c2e430}: org/gradle/api/internal/artifacts/dsl/dependencies/DefaultDependencyHandlerCustomizer> (0x0000000084c2e430) 
thrown [s\src\hotspot\share\classfile\systemDictionary.cpp, line 256]
Event: 29.814 Thread 0x0000021522e59b80 Exception <a 'java/lang/ClassNotFoundException'{0x0000000084c6c1f8}: org/gradle/api/internal/artifacts/dsl/dependencies/DefaultDependencyHandler_DecoratedCustomizer> (0x0000000084c6c1f8) 
thrown [s\src\hotspot\share\classfile\systemDictionary.cpp, line 256]
Event: 29.897 Thread 0x0000021522e59b80 Exception <a 'java/lang/NoSuchMethodError'{0x0000000084794350}: 'java.lang.Object java.lang.invoke.DirectMethodHandle$Holder.newInvokeSpecial(java.lang.Object, java.lang.Object, int)'> (0x0000000084794350) 
thrown [s\src\hotspot\share\interpreter\linkResolver.cpp, line 759]
Event: 30.798 Thread 0x0000021525c518e0 Exception <a 'java/lang/NoSuchMethodError'{0x00000000851bb1f0}: 'java.lang.Object java.lang.invoke.Invokers$Holder.linkToTargetMethod(java.lang.Object, java.lang.Object, java.lang.Object, int, java.lang.Object, java.lang.Object)'> (0x00000000851bb1f0) 
thrown [s\src\hotspot\share\interpreter\linkResolver.cpp, line 759]
Event: 30.887 Thread 0x0000021525c518e0 Implicit null exception at 0x000002151292e457 to 0x000002151292e5fc
Event: 30.896 Thread 0x0000021525c518e0 Exception <a 'java/lang/NoSuchMethodError'{0x0000000084e81590}: 'int java.lang.invoke.DirectMethodHandle$Holder.invokeSpecial(java.lang.Object, java.lang.Object, java.lang.Object, java.lang.Object, java.lang.Object)'> (0x0000000084e81590) 
thrown [s\src\hotspot\share\interpreter\linkResolver.cpp, line 759]
Event: 31.586 Thread 0x0000021525c505a0 Exception <a 'java/lang/NoSuchMethodError'{0x0000000084769ee8}: 'void java.lang.invoke.DirectMethodHandle$Holder.invokeInterface(java.lang.Object, java.lang.Object, java.lang.Object, java.lang.Object)'> (0x0000000084769ee8) 
thrown [s\src\hotspot\share\interpreter\linkResolver.cpp, line 759]

VM Operations (20 events):
Event: 30.542 Executing VM operation: G1CollectForAllocation done
Event: 30.643 Executing VM operation: G1Concurrent
Event: 30.646 Executing VM operation: G1Concurrent done
Event: 30.698 Executing VM operation: G1Concurrent
Event: 30.698 Executing VM operation: G1Concurrent done
Event: 30.810 Executing VM operation: HandshakeAllThreads
Event: 30.810 Executing VM operation: HandshakeAllThreads done
Event: 30.839 Executing VM operation: HandshakeAllThreads
Event: 30.839 Executing VM operation: HandshakeAllThreads done
Event: 30.894 Executing VM operation: HandshakeAllThreads
Event: 30.894 Executing VM operation: HandshakeAllThreads done
Event: 31.103 Executing VM operation: G1CollectForAllocation
Event: 31.111 Executing VM operation: G1CollectForAllocation done
Event: 31.343 Executing VM operation: HandshakeAllThreads
Event: 31.343 Executing VM operation: HandshakeAllThreads done
Event: 31.524 Executing VM operation: ICBufferFull
Event: 31.525 Executing VM operation: ICBufferFull done
Event: 31.553 Executing VM operation: HandshakeAllThreads
Event: 31.553 Executing VM operation: HandshakeAllThreads done
Event: 31.641 Executing VM operation: G1CollectForAllocation

Events (20 events):
Event: 30.814 Thread 0x0000021525c52c20 Thread added: 0x0000021525c52c20
Event: 30.835 loading class java/util/TreeMap$KeySpliterator
Event: 30.835 loading class java/util/TreeMap$TreeMapSpliterator
Event: 30.836 loading class java/util/TreeMap$TreeMapSpliterator done
Event: 30.836 loading class java/util/TreeMap$KeySpliterator done
Event: 30.950 Thread 0x0000021525c535c0 Thread added: 0x0000021525c535c0
Event: 30.950 Thread 0x0000021525c50a70 Thread added: 0x0000021525c50a70
Event: 30.950 Thread 0x0000021525c53a90 Thread added: 0x0000021525c53a90
Event: 30.950 Thread 0x0000021525c53f60 Thread added: 0x0000021525c53f60
Event: 30.976 Thread 0x0000021525c54430 Thread added: 0x0000021525c54430
Event: 30.976 Thread 0x0000021525c54dd0 Thread added: 0x0000021525c54dd0
Event: 30.976 Thread 0x0000021525c552a0 Thread added: 0x0000021525c552a0
Event: 31.183 Thread 0x00000215238a0280 Thread exited: 0x00000215238a0280
Event: 31.228 loading class java/io/NotSerializableException
Event: 31.228 loading class java/io/NotSerializableException done
Event: 31.284 Thread 0x0000021525ccb030 Thread added: 0x0000021525ccb030
Event: 31.348 Thread 0x0000021520f11940 flushing nmethod 0x000002150b21b610
Event: 31.443 Thread 0x0000021525ccb030 Thread exited: 0x0000021525ccb030
Event: 31.632 loading class java/util/concurrent/ConcurrentLinkedQueue$Itr
Event: 31.632 loading class java/util/concurrent/ConcurrentLinkedQueue$Itr done


Dynamic libraries:
0x00007ff64bf40000 - 0x00007ff64bf4e000 	C:\Program Files\Eclipse Adoptium\jdk-17.0.6.10-hotspot\bin\java.exe
0x00007ffb6d4f0000 - 0x00007ffb6d6e8000 	C:\WINDOWS\SYSTEM32\ntdll.dll
0x00007ffb6b550000 - 0x00007ffb6b60f000 	C:\WINDOWS\System32\KERNEL32.DLL
0x00007ffb6adc0000 - 0x00007ffb6b0b6000 	C:\WINDOWS\System32\KERNELBASE.dll
0x00007ffb6b120000 - 0x00007ffb6b220000 	C:\WINDOWS\System32\ucrtbase.dll
0x00007ffb38450000 - 0x00007ffb38467000 	C:\Program Files\Eclipse Adoptium\jdk-17.0.6.10-hotspot\bin\jli.dll
0x00007ffb38430000 - 0x00007ffb38449000 	C:\Program Files\Eclipse Adoptium\jdk-17.0.6.10-hotspot\bin\VCRUNTIME140.dll
0x00007ffb6d0a0000 - 0x00007ffb6d23d000 	C:\WINDOWS\System32\USER32.dll
0x00007ffb6b0f0000 - 0x00007ffb6b112000 	C:\WINDOWS\System32\win32u.dll
0x00007ffb6d480000 - 0x00007ffb6d4ac000 	C:\WINDOWS\System32\GDI32.dll
0x00007ffb6b380000 - 0x00007ffb6b495000 	C:\WINDOWS\System32\gdi32full.dll
0x00007ffb6ad20000 - 0x00007ffb6adbd000 	C:\WINDOWS\System32\msvcp_win.dll
0x00007ffb54040000 - 0x00007ffb542da000 	C:\WINDOWS\WinSxS\amd64_microsoft.windows.common-controls_6595b64144ccf1df_6.0.19041.1110_none_60b5254171f9507e\COMCTL32.dll
0x00007ffb6d3e0000 - 0x00007ffb6d47e000 	C:\WINDOWS\System32\msvcrt.dll
0x00007ffb6ccb0000 - 0x00007ffb6cce0000 	C:\WINDOWS\System32\IMM32.DLL
0x00007ffb4f0e0000 - 0x00007ffb4f0ec000 	C:\Program Files\Eclipse Adoptium\jdk-17.0.6.10-hotspot\bin\vcruntime140_1.dll
0x00007ffb38390000 - 0x00007ffb38421000 	C:\Program Files\Eclipse Adoptium\jdk-17.0.6.10-hotspot\bin\msvcp140.dll
0x00007ffadfb40000 - 0x00007ffae0787000 	C:\Program Files\Eclipse Adoptium\jdk-17.0.6.10-hotspot\bin\server\jvm.dll
0x00007ffb6b970000 - 0x00007ffb6ba1f000 	C:\WINDOWS\System32\ADVAPI32.dll
0x00007ffb6c2b0000 - 0x00007ffb6c34c000 	C:\WINDOWS\System32\sechost.dll
0x00007ffb6cce0000 - 0x00007ffb6ce06000 	C:\WINDOWS\System32\RPCRT4.dll
0x00007ffb4f210000 - 0x00007ffb4f219000 	C:\WINDOWS\SYSTEM32\WSOCK32.dll
0x00007ffb55250000 - 0x00007ffb55277000 	C:\WINDOWS\SYSTEM32\WINMM.dll
0x00007ffb6ba80000 - 0x00007ffb6baeb000 	C:\WINDOWS\System32\WS2_32.dll
0x00007ffb672e0000 - 0x00007ffb672ea000 	C:\WINDOWS\SYSTEM32\VERSION.dll
0x00007ffb693e0000 - 0x00007ffb693f2000 	C:\WINDOWS\SYSTEM32\kernel.appcore.dll
0x00007ffb38330000 - 0x00007ffb3833a000 	C:\Program Files\Eclipse Adoptium\jdk-17.0.6.10-hotspot\bin\jimage.dll
0x00007ffb68940000 - 0x00007ffb68b24000 	C:\WINDOWS\SYSTEM32\DBGHELP.DLL
0x00007ffb4bd80000 - 0x00007ffb4bdb4000 	C:\WINDOWS\SYSTEM32\dbgcore.DLL
0x00007ffb6ac90000 - 0x00007ffb6ad12000 	C:\WINDOWS\System32\bcryptPrimitives.dll
0x00007ffadf910000 - 0x00007ffadf935000 	C:\Program Files\Eclipse Adoptium\jdk-17.0.6.10-hotspot\bin\java.dll
0x00007ffadfa60000 - 0x00007ffadfb36000 	C:\Program Files\Eclipse Adoptium\jdk-17.0.6.10-hotspot\bin\jsvml.dll
0x00007ffb6c350000 - 0x00007ffb6ca94000 	C:\WINDOWS\System32\SHELL32.dll
0x00007ffb68b30000 - 0x00007ffb692c4000 	C:\WINDOWS\SYSTEM32\windows.storage.dll
0x00007ffb6b610000 - 0x00007ffb6b964000 	C:\WINDOWS\System32\combase.dll
0x00007ffb6a600000 - 0x00007ffb6a62e000 	C:\WINDOWS\SYSTEM32\Wldp.dll
0x00007ffb6d330000 - 0x00007ffb6d3dd000 	C:\WINDOWS\System32\SHCORE.dll
0x00007ffb6cb50000 - 0x00007ffb6cba5000 	C:\WINDOWS\System32\shlwapi.dll
0x00007ffb6ab00000 - 0x00007ffb6ab25000 	C:\WINDOWS\SYSTEM32\profapi.dll
0x00007ffb38370000 - 0x00007ffb38389000 	C:\Program Files\Eclipse Adoptium\jdk-17.0.6.10-hotspot\bin\net.dll
0x00007ffb5acd0000 - 0x00007ffb5adda000 	C:\WINDOWS\SYSTEM32\WINHTTP.dll
0x00007ffb6a360000 - 0x00007ffb6a3ca000 	C:\WINDOWS\system32\mswsock.dll
0x00007ffb38350000 - 0x00007ffb38365000 	C:\Program Files\Eclipse Adoptium\jdk-17.0.6.10-hotspot\bin\nio.dll
0x00007ffb305c0000 - 0x00007ffb305d8000 	C:\Program Files\Eclipse Adoptium\jdk-17.0.6.10-hotspot\bin\zip.dll
0x00007ffb5b080000 - 0x00007ffb5b090000 	C:\Program Files\Eclipse Adoptium\jdk-17.0.6.10-hotspot\bin\verify.dll
0x00007ffb5b050000 - 0x00007ffb5b077000 	C:\Users\songe\.gradle\native\e1d6ef7f7dcc3fd88c89a11ec53ec762bb8ba0a96d01ffa2cd45eb1d1d8dd5c5\windows-amd64\native-platform.dll
0x00007ffb27b40000 - 0x00007ffb27c84000 	C:\Users\songe\.gradle\native\0d407fdbe67a94daf76414ababcb853783967236a71b16ec16e742cd7a986fd3\windows-amd64\native-platform-file-events.dll
0x00007ffb38990000 - 0x00007ffb38999000 	C:\Program Files\Eclipse Adoptium\jdk-17.0.6.10-hotspot\bin\management.dll
0x00007ffb38980000 - 0x00007ffb3898b000 	C:\Program Files\Eclipse Adoptium\jdk-17.0.6.10-hotspot\bin\management_ext.dll
0x00007ffb6cbb0000 - 0x00007ffb6cbb8000 	C:\WINDOWS\System32\PSAPI.DLL
0x00007ffb6a560000 - 0x00007ffb6a578000 	C:\WINDOWS\SYSTEM32\CRYPTSP.dll
0x00007ffb69c10000 - 0x00007ffb69c44000 	C:\WINDOWS\system32\rsaenh.dll
0x00007ffb6b0c0000 - 0x00007ffb6b0e7000 	C:\WINDOWS\System32\bcrypt.dll
0x00007ffb6aa80000 - 0x00007ffb6aaae000 	C:\WINDOWS\SYSTEM32\USERENV.dll
0x00007ffb6a550000 - 0x00007ffb6a55c000 	C:\WINDOWS\SYSTEM32\CRYPTBASE.dll
0x00007ffb6a000000 - 0x00007ffb6a03c000 	C:\WINDOWS\SYSTEM32\IPHLPAPI.DLL
0x00007ffb6d030000 - 0x00007ffb6d038000 	C:\WINDOWS\System32\NSI.dll
0x00007ffb5b440000 - 0x00007ffb5b457000 	C:\WINDOWS\SYSTEM32\dhcpcsvc6.DLL
0x00007ffb5fb60000 - 0x00007ffb5fb7d000 	C:\WINDOWS\SYSTEM32\dhcpcsvc.DLL
0x00007ffb6a040000 - 0x00007ffb6a10a000 	C:\WINDOWS\SYSTEM32\DNSAPI.dll
0x00007ffb38970000 - 0x00007ffb3897e000 	C:\Program Files\Eclipse Adoptium\jdk-17.0.6.10-hotspot\bin\sunmscapi.dll
0x00007ffb6b220000 - 0x00007ffb6b37e000 	C:\WINDOWS\System32\CRYPT32.dll
0x00007ffb6a670000 - 0x00007ffb6a698000 	C:\WINDOWS\SYSTEM32\ncrypt.dll
0x00007ffb6a630000 - 0x00007ffb6a66b000 	C:\WINDOWS\SYSTEM32\NTASN1.dll
0x00007ffb38960000 - 0x00007ffb38967000 	C:\WINDOWS\system32\wshunix.dll

dbghelp: loaded successfully - version: 4.0.5 - missing functions: none
symbol engine: initialized successfully - sym options: 0x614 - pdb path: .;C:\Program Files\Eclipse Adoptium\jdk-17.0.6.10-hotspot\bin;C:\WINDOWS\SYSTEM32;C:\WINDOWS\WinSxS\amd64_microsoft.windows.common-controls_6595b64144ccf1df_6.0.19041.1110_none_60b5254171f9507e;C:\Program Files\Eclipse Adoptium\jdk-17.0.6.10-hotspot\bin\server;C:\Users\songe\.gradle\native\e1d6ef7f7dcc3fd88c89a11ec53ec762bb8ba0a96d01ffa2cd45eb1d1d8dd5c5\windows-amd64;C:\Users\songe\.gradle\native\0d407fdbe67a94daf76414ababcb853783967236a71b16ec16e742cd7a986fd3\windows-amd64

VM Arguments:
jvm_args: -XX:MaxMetaspaceSize=512m --add-opens=java.base/java.util=ALL-UNNAMED --add-opens=java.base/java.lang=ALL-UNNAMED --add-opens=java.base/java.lang.invoke=ALL-UNNAMED --add-opens=java.base/java.util=ALL-UNNAMED --add-opens=java.prefs/java.util.prefs=ALL-UNNAMED --add-opens=java.prefs/java.util.prefs=ALL-UNNAMED --add-opens=java.base/java.nio.charset=ALL-UNNAMED --add-opens=java.base/java.net=ALL-UNNAMED --add-opens=java.base/java.util.concurrent.atomic=ALL-UNNAMED -Xmx2048m -Dfile.encoding=windows-1252 -Duser.country=ZA -Duser.language=en -Duser.variant 
java_command: org.gradle.launcher.daemon.bootstrap.GradleDaemon 7.5.1
java_class_path (initial): C:\Users\songe\.gradle\wrapper\dists\gradle-7.5.1-all\1ehga6e77gqps5uk2kc5kf1vc\gradle-7.5.1\lib\gradle-launcher-7.5.1.jar
Launcher Type: SUN_STANDARD

[Global flags]
     intx CICompilerCount                          = 3                                         {product} {ergonomic}
   size_t CompressedClassSpaceSize                 = 432013312                                 {product} {ergonomic}
     uint ConcGCThreads                            = 1                                         {product} {ergonomic}
     uint G1ConcRefinementThreads                  = 4                                         {product} {ergonomic}
   size_t G1HeapRegionSize                         = 1048576                                   {product} {ergonomic}
    uintx GCDrainStackTargetSize                   = 64                                        {product} {ergonomic}
   size_t InitialHeapSize                          = 134217728                                 {product} {ergonomic}
   size_t MarkStackSize                            = 4194304                                   {product} {ergonomic}
   size_t MaxHeapSize                              = 2147483648                                {product} {command line}
   size_t MaxMetaspaceSize                         = 536870912                                 {product} {command line}
   size_t MaxNewSize                               = 1287651328                                {product} {ergonomic}
   size_t MinHeapDeltaBytes                        = 1048576                                   {product} {ergonomic}
   size_t MinHeapSize                              = 8388608                                   {product} {ergonomic}
    uintx NonNMethodCodeHeapSize                   = 5832780                                {pd product} {ergonomic}
    uintx NonProfiledCodeHeapSize                  = 122912730                              {pd product} {ergonomic}
    uintx ProfiledCodeHeapSize                     = 122912730                              {pd product} {ergonomic}
    uintx ReservedCodeCacheSize                    = 251658240                              {pd product} {ergonomic}
     bool SegmentedCodeCache                       = true                                      {product} {ergonomic}
   size_t SoftMaxHeapSize                          = 2147483648                             {manageable} {ergonomic}
     bool UseCompressedClassPointers               = true                           {product lp64_product} {ergonomic}
     bool UseCompressedOops                        = true                           {product lp64_product} {ergonomic}
     bool UseG1GC                                  = true                                      {product} {ergonomic}
     bool UseLargePagesIndividualAllocation        = false                                  {pd product} {ergonomic}

Logging:
Log output configuration:
 #0: stdout all=warning uptime,level,tags
 #1: stderr all=off uptime,level,tags

Environment Variables:
JAVA_HOME=C:\Program Files\Eclipse Adoptium\jdk-17.0.6.10-hotspot
CLASSPATH=C:\Users\songe\source\repos\SAMSV2\android\\gradle\wrapper\gradle-wrapper.jar
PATH=C:\Users\songe\source\repos\SAMSV2\android\node_modules\.bin;C:\Users\songe\source\repos\SAMSV2\node_modules\.bin;C:\Users\songe\source\repos\node_modules\.bin;C:\Users\songe\source\node_modules\.bin;C:\Users\songe\node_modules\.bin;C:\Users\node_modules\.bin;C:\node_modules\.bin;C:\Program Files\nodejs;C:\Users\songe\source\repos\SAMSV2\node_modules\.bin;C:\Users\songe\source\repos\SAMSV2\node_modules\.bin;C:\Users\songe\source\repos\node_modules\.bin;C:\Users\songe\source\node_modules\.bin;C:\Users\songe\node_modules\.bin;C:\Users\node_modules\.bin;C:\node_modules\.bin;C:\Users\songe\source\repos\SAMSV2\node_modules\npm\node_modules\@npmcli\run-script\lib\node-gyp-bin;C:\Users\songe\source\repos\SAMSV2\node_modules\.bin;C:\Users\songe\source\repos\node_modules\.bin;C:\Users\songe\source\node_modules\.bin;C:\Users\songe\node_modules\.bin;C:\Users\node_modules\.bin;C:\node_modules\.bin;C:\Program Files\nodejs;C:\Users\songe\source\repos\SAMSV2\node_modules\react-native\scripts\node_modules\.bin;C:\Users\songe\source\repos\SAMSV2\node_modules\react-native\node_modules\.bin;C:\Users\songe\source\repos\SAMSV2\node_modules\node_modules\.bin;C:\Users\songe\source\repos\SAMSV2\node_modules\.bin;C:\Users\songe\source\repos\node_modules\.bin;C:\Users\songe\source\node_modules\.bin;C:\Users\songe\node_modules\.bin;C:\Users\node_modules\.bin;C:\node_modules\.bin;C:\Program Files\nodejs;C:\Users\songe\source\repos\SAMSV2\node_modules\.bin;C:\Users\songe\source\repos\node_modules\.bin;C:\Users\songe\source\node_modules\.bin;C:\Users\songe\node_modules\.bin;C:\Users\node_modules\.bin;C:\node_modules\.bin;C:\Program Files\nodejs\node_modules\npm\node_modules\@npmcli\run-script\lib\node-gyp-bin;C:\Users\songe\bin;C:\Program Files\Git\mingw64\bin;C:\Program Files\Git\usr\local\bin;C:\Program Files\Git\usr\bin;C:\Program Files\Git\usr\bin;C:\Program Files\Git\mingw64\bin;C:\Program Files\Git\usr\bin;C:\Users\songe\bin;C:\Program Files\Eclipse Adoptium\jdk-17.0.6.10-hotspot\bin;C:\
USERNAME=songe
SHELL=C:\Program Files\Git\usr\bin\bash.exe
DISPLAY=needs-to-be-defined
LANG=en_US.UTF-8
TERM=xterm-256color
TMPDIR=C:\Users\songe\AppData\Local\Temp
OS=Windows_NT
PROCESSOR_IDENTIFIER=Intel64 Family 6 Model 142 Stepping 9, GenuineIntel
TMP=C:\Users\songe\AppData\Local\Temp
TEMP=C:\Users\songe\AppData\Local\Temp



---------------  S Y S T E M  ---------------

OS:
 Windows 10 , 64 bit Build 19041 (10.0.19041.3155)
OS uptime: 0 days 1:34 hours

CPU: total 4 (initial active 4) (2 cores per cpu, 2 threads per core) family 6 model 142 stepping 9 microcode 0xf0, cx8, cmov, fxsr, ht, mmx, 3dnowpref, sse, sse2, sse3, ssse3, sse4.1, sse4.2, popcnt, lzcnt, tsc, tscinvbit, avx, avx2, aes, erms, clmul, bmi1, bmi2, adx, fma, vzeroupper, clflush, clflushopt

Memory: 4k page, system-wide physical 8089M (1016M free)
TotalPageFile size 11089M (AvailPageFile size 19M)
current process WorkingSet (physical memory assigned to process): 278M, peak: 278M
current process commit charge ("private bytes"): 323M, peak: 350M

vm_info: OpenJDK 64-Bit Server VM (17.0.6+10) for windows-amd64 JRE (17.0.6+10), built on Jan 18 2023 10:08:59 by "temurin" with MS VC++ 16.7 (VS2019)

END.
